Audit Success	9/17/2023 1:54:16 PM	Microsoft-Windows-Security-Auditing	4624	Logon	"An account was successfully logged on.

Subject:
	Security ID:		SYSTEM
	Account Name:		WIN-0PV7L6HD3OR$
	Account Domain:		WORKGROUP
	Logon ID:		0x3E7

Logon Information:
	Logon Type:		5
	Restricted Admin Mode:	-
	Virtual Account:		No
	Elevated Token:		Yes

Impersonation Level:		Impersonation

New Logon:
	Security ID:		SYSTEM
	Account Name:		SYSTEM
	Account Domain:		NT AUTHORITY
	Logon ID:		0x3E7
	Linked Logon ID:		0x0
	Network Account Name:	-
	Network Account Domain:	-
	Logon GUID:		{00000000-0000-0000-0000-000000000000}

Process Information:
	Process ID:		0x278
	Process Name:		C:\Windows\System32\services.exe

Network Information:
	Workstation Name:	-
	Source Network Address:	-
	Source Port:		-

Detailed Authentication Information:
	Logon Process:		Advapi  
	Authentication Package:	Negotiate
	Transited Services:	-
	Package Name (NTLM only):	-
	Key Length:		0

This event is generated when a logon session is created. It is generated on the computer that was accessed.

The subject fields indicate the account on the local system which requested the logon. This is most commonly a service such as the Server service, or a local process such as Winlogon.exe or Services.exe.

The logon type field indicates the kind of logon that occurred. The most common types are 2 (interactive) and 3 (network).

The New Logon fields indicate the account for whom the new logon was created, i.e. the account that was logged on.

The network fields indicate where a remote logon request originated. Workstation name is not always available and may be left blank in some cases.

The impersonation level field indicates the extent to which a process in the logon session can impersonate.

The authentication information fields provide detailed information about this specific logon request.
	- Logon GUID is a unique identifier that can be used to correlate this event with a KDC event.
	- Transited services indicate which intermediate services have participated in this logon request.
	- Package name indicates which sub-protocol was used among the NTLM protocols.
	- Key length indicates the length of the generated session key. This will be 0 if no session key was requested."
Audit Success	9/17/2023 1:54:15 PM	Microsoft-Windows-Security-Auditing	4907	Audit Policy Change	"Auditing settings on object were changed.

Subject:
	Security ID:		SYSTEM
	Account Name:		WIN-0PV7L6HD3OR$
	Account Domain:		WORKGROUP
	Logon ID:		0x3E7

Object:
	Object Server:	Security
	Object Type:	File
	Object Name:	C:\Windows\SysWOW64\WindowsPowerShell\v1.0\Modules\DnsServer\PS_DnsServerZoneUnsign_v1.0.0.cdxml
	Handle ID:	0x9a8

Process Information:
	Process ID:	0xb0
	Process Name:	C:\Windows\WinSxS\amd64_microsoft-windows-servicingstack_31bf3856ad364e35_10.0.20348.557_none_f1edaeb8515fa10d\TiWorker.exe

Auditing Settings:
	Original Security Descriptor:	
	New Security Descriptor:		S:ARAI(AU;SAFA;DCLCRPCRSDWDWO;;;WD)"
Audit Success	9/17/2023 1:54:15 PM	Microsoft-Windows-Security-Auditing	4907	Audit Policy Change	"Auditing settings on object were changed.

Subject:
	Security ID:		SYSTEM
	Account Name:		WIN-0PV7L6HD3OR$
	Account Domain:		WORKGROUP
	Logon ID:		0x3E7

Object:
	Object Server:	Security
	Object Type:	File
	Object Name:	C:\Windows\SysWOW64\WindowsPowerShell\v1.0\Modules\DnsServer\PS_DnsServerZoneTransferPolicy_v1.0.0.cdxml
	Handle ID:	0x99c

Process Information:
	Process ID:	0xb0
	Process Name:	C:\Windows\WinSxS\amd64_microsoft-windows-servicingstack_31bf3856ad364e35_10.0.20348.557_none_f1edaeb8515fa10d\TiWorker.exe

Auditing Settings:
	Original Security Descriptor:	
	New Security Descriptor:		S:ARAI(AU;SAFA;DCLCRPCRSDWDWO;;;WD)"
Audit Success	9/17/2023 1:54:15 PM	Microsoft-Windows-Security-Auditing	4907	Audit Policy Change	"Auditing settings on object were changed.

Subject:
	Security ID:		SYSTEM
	Account Name:		WIN-0PV7L6HD3OR$
	Account Domain:		WORKGROUP
	Logon ID:		0x3E7

Object:
	Object Server:	Security
	Object Type:	File
	Object Name:	C:\Windows\SysWOW64\WindowsPowerShell\v1.0\Modules\DnsServer\PS_DnsServerZoneTransfer_v1.0.0.cdxml
	Handle ID:	0x960

Process Information:
	Process ID:	0xb0
	Process Name:	C:\Windows\WinSxS\amd64_microsoft-windows-servicingstack_31bf3856ad364e35_10.0.20348.557_none_f1edaeb8515fa10d\TiWorker.exe

Auditing Settings:
	Original Security Descriptor:	
	New Security Descriptor:		S:ARAI(AU;SAFA;DCLCRPCRSDWDWO;;;WD)"
Audit Success	9/17/2023 1:54:15 PM	Microsoft-Windows-Security-Auditing	4907	Audit Policy Change	"Auditing settings on object were changed.

Subject:
	Security ID:		SYSTEM
	Account Name:		WIN-0PV7L6HD3OR$
	Account Domain:		WORKGROUP
	Logon ID:		0x3E7

Object:
	Object Server:	Security
	Object Type:	File
	Object Name:	C:\Windows\SysWOW64\WindowsPowerShell\v1.0\Modules\DnsServer\PS_DnsServerZoneSign_v1.0.0.cdxml
	Handle ID:	0x994

Process Information:
	Process ID:	0xb0
	Process Name:	C:\Windows\WinSxS\amd64_microsoft-windows-servicingstack_31bf3856ad364e35_10.0.20348.557_none_f1edaeb8515fa10d\TiWorker.exe

Auditing Settings:
	Original Security Descriptor:	
	New Security Descriptor:		S:ARAI(AU;SAFA;DCLCRPCRSDWDWO;;;WD)"
Audit Success	9/17/2023 1:54:15 PM	Microsoft-Windows-Security-Auditing	4907	Audit Policy Change	"Auditing settings on object were changed.

Subject:
	Security ID:		SYSTEM
	Account Name:		WIN-0PV7L6HD3OR$
	Account Domain:		WORKGROUP
	Logon ID:		0x3E7

Object:
	Object Server:	Security
	Object Type:	File
	Object Name:	C:\Windows\SysWOW64\WindowsPowerShell\v1.0\Modules\DnsServer\PS_DnsServerZoneScope_v1.0.0.cdxml
	Handle ID:	0x99c

Process Information:
	Process ID:	0xb0
	Process Name:	C:\Windows\WinSxS\amd64_microsoft-windows-servicingstack_31bf3856ad364e35_10.0.20348.557_none_f1edaeb8515fa10d\TiWorker.exe

Auditing Settings:
	Original Security Descriptor:	
	New Security Descriptor:		S:ARAI(AU;SAFA;DCLCRPCRSDWDWO;;;WD)"
Audit Success	9/17/2023 1:54:15 PM	Microsoft-Windows-Security-Auditing	4907	Audit Policy Change	"Auditing settings on object were changed.

Subject:
	Security ID:		SYSTEM
	Account Name:		WIN-0PV7L6HD3OR$
	Account Domain:		WORKGROUP
	Logon ID:		0x3E7

Object:
	Object Server:	Security
	Object Type:	File
	Object Name:	C:\Windows\SysWOW64\WindowsPowerShell\v1.0\Modules\DnsServer\PS_DnsServerZoneKeyMasterRole_v1.0.0.cdxml
	Handle ID:	0x960

Process Information:
	Process ID:	0xb0
	Process Name:	C:\Windows\WinSxS\amd64_microsoft-windows-servicingstack_31bf3856ad364e35_10.0.20348.557_none_f1edaeb8515fa10d\TiWorker.exe

Auditing Settings:
	Original Security Descriptor:	
	New Security Descriptor:		S:ARAI(AU;SAFA;DCLCRPCRSDWDWO;;;WD)"
Audit Success	9/17/2023 1:54:15 PM	Microsoft-Windows-Security-Auditing	4907	Audit Policy Change	"Auditing settings on object were changed.

Subject:
	Security ID:		SYSTEM
	Account Name:		WIN-0PV7L6HD3OR$
	Account Domain:		WORKGROUP
	Logon ID:		0x3E7

Object:
	Object Server:	Security
	Object Type:	File
	Object Name:	C:\Windows\SysWOW64\WindowsPowerShell\v1.0\Modules\DnsServer\PS_DnsServerZoneDelegation_v1.0.0.cdxml
	Handle ID:	0x964

Process Information:
	Process ID:	0xb0
	Process Name:	C:\Windows\WinSxS\amd64_microsoft-windows-servicingstack_31bf3856ad364e35_10.0.20348.557_none_f1edaeb8515fa10d\TiWorker.exe

Auditing Settings:
	Original Security Descriptor:	
	New Security Descriptor:		S:ARAI(AU;SAFA;DCLCRPCRSDWDWO;;;WD)"
Audit Success	9/17/2023 1:54:15 PM	Microsoft-Windows-Security-Auditing	4907	Audit Policy Change	"Auditing settings on object were changed.

Subject:
	Security ID:		SYSTEM
	Account Name:		WIN-0PV7L6HD3OR$
	Account Domain:		WORKGROUP
	Logon ID:		0x3E7

Object:
	Object Server:	Security
	Object Type:	File
	Object Name:	C:\Windows\SysWOW64\WindowsPowerShell\v1.0\Modules\DnsServer\PS_DnsServerZoneAging_v1.0.0.cdxml
	Handle ID:	0x994

Process Information:
	Process ID:	0xb0
	Process Name:	C:\Windows\WinSxS\amd64_microsoft-windows-servicingstack_31bf3856ad364e35_10.0.20348.557_none_f1edaeb8515fa10d\TiWorker.exe

Auditing Settings:
	Original Security Descriptor:	
	New Security Descriptor:		S:ARAI(AU;SAFA;DCLCRPCRSDWDWO;;;WD)"
Audit Success	9/17/2023 1:54:15 PM	Microsoft-Windows-Security-Auditing	4907	Audit Policy Change	"Auditing settings on object were changed.

Subject:
	Security ID:		SYSTEM
	Account Name:		WIN-0PV7L6HD3OR$
	Account Domain:		WORKGROUP
	Logon ID:		0x3E7

Object:
	Object Server:	Security
	Object Type:	File
	Object Name:	C:\Windows\SysWOW64\WindowsPowerShell\v1.0\Modules\DnsServer\PS_DnsServerZone_v1.0.0.cdxml
	Handle ID:	0x99c

Process Information:
	Process ID:	0xb0
	Process Name:	C:\Windows\WinSxS\amd64_microsoft-windows-servicingstack_31bf3856ad364e35_10.0.20348.557_none_f1edaeb8515fa10d\TiWorker.exe

Auditing Settings:
	Original Security Descriptor:	
	New Security Descriptor:		S:ARAI(AU;SAFA;DCLCRPCRSDWDWO;;;WD)"
Audit Success	9/17/2023 1:54:15 PM	Microsoft-Windows-Security-Auditing	4907	Audit Policy Change	"Auditing settings on object were changed.

Subject:
	Security ID:		SYSTEM
	Account Name:		WIN-0PV7L6HD3OR$
	Account Domain:		WORKGROUP
	Logon ID:		0x3E7

Object:
	Object Server:	Security
	Object Type:	File
	Object Name:	C:\Windows\SysWOW64\WindowsPowerShell\v1.0\Modules\DnsServer\PS_DnsServerVirtualizationInstance_v1.0.0.cdxml
	Handle ID:	0x9a8

Process Information:
	Process ID:	0xb0
	Process Name:	C:\Windows\WinSxS\amd64_microsoft-windows-servicingstack_31bf3856ad364e35_10.0.20348.557_none_f1edaeb8515fa10d\TiWorker.exe

Auditing Settings:
	Original Security Descriptor:	
	New Security Descriptor:		S:ARAI(AU;SAFA;DCLCRPCRSDWDWO;;;WD)"
Audit Success	9/17/2023 1:54:15 PM	Microsoft-Windows-Security-Auditing	4907	Audit Policy Change	"Auditing settings on object were changed.

Subject:
	Security ID:		SYSTEM
	Account Name:		WIN-0PV7L6HD3OR$
	Account Domain:		WORKGROUP
	Logon ID:		0x3E7

Object:
	Object Server:	Security
	Object Type:	File
	Object Name:	C:\Windows\SysWOW64\WindowsPowerShell\v1.0\Modules\DnsServer\PS_DnsServerTrustPoint_v1.0.0.cdxml
	Handle ID:	0x964

Process Information:
	Process ID:	0xb0
	Process Name:	C:\Windows\WinSxS\amd64_microsoft-windows-servicingstack_31bf3856ad364e35_10.0.20348.557_none_f1edaeb8515fa10d\TiWorker.exe

Auditing Settings:
	Original Security Descriptor:	
	New Security Descriptor:		S:ARAI(AU;SAFA;DCLCRPCRSDWDWO;;;WD)"
Audit Success	9/17/2023 1:54:15 PM	Microsoft-Windows-Security-Auditing	4907	Audit Policy Change	"Auditing settings on object were changed.

Subject:
	Security ID:		SYSTEM
	Account Name:		WIN-0PV7L6HD3OR$
	Account Domain:		WORKGROUP
	Logon ID:		0x3E7

Object:
	Object Server:	Security
	Object Type:	File
	Object Name:	C:\Windows\SysWOW64\WindowsPowerShell\v1.0\Modules\DnsServer\PS_DnsServerTrustAnchor_v1.0.0.cdxml
	Handle ID:	0x99c

Process Information:
	Process ID:	0xb0
	Process Name:	C:\Windows\WinSxS\amd64_microsoft-windows-servicingstack_31bf3856ad364e35_10.0.20348.557_none_f1edaeb8515fa10d\TiWorker.exe

Auditing Settings:
	Original Security Descriptor:	
	New Security Descriptor:		S:ARAI(AU;SAFA;DCLCRPCRSDWDWO;;;WD)"
Audit Success	9/17/2023 1:54:15 PM	Microsoft-Windows-Security-Auditing	4907	Audit Policy Change	"Auditing settings on object were changed.

Subject:
	Security ID:		SYSTEM
	Account Name:		WIN-0PV7L6HD3OR$
	Account Domain:		WORKGROUP
	Logon ID:		0x3E7

Object:
	Object Server:	Security
	Object Type:	File
	Object Name:	C:\Windows\SysWOW64\WindowsPowerShell\v1.0\Modules\DnsServer\PS_DnsServerStubZone_v1.0.0.cdxml
	Handle ID:	0x9a8

Process Information:
	Process ID:	0xb0
	Process Name:	C:\Windows\WinSxS\amd64_microsoft-windows-servicingstack_31bf3856ad364e35_10.0.20348.557_none_f1edaeb8515fa10d\TiWorker.exe

Auditing Settings:
	Original Security Descriptor:	
	New Security Descriptor:		S:ARAI(AU;SAFA;DCLCRPCRSDWDWO;;;WD)"
Audit Success	9/17/2023 1:54:15 PM	Microsoft-Windows-Security-Auditing	4907	Audit Policy Change	"Auditing settings on object were changed.

Subject:
	Security ID:		SYSTEM
	Account Name:		WIN-0PV7L6HD3OR$
	Account Domain:		WORKGROUP
	Logon ID:		0x3E7

Object:
	Object Server:	Security
	Object Type:	File
	Object Name:	C:\Windows\SysWOW64\WindowsPowerShell\v1.0\Modules\DnsServer\PS_DnsServerStatistics_v1.0.0.cdxml
	Handle ID:	0x964

Process Information:
	Process ID:	0xb0
	Process Name:	C:\Windows\WinSxS\amd64_microsoft-windows-servicingstack_31bf3856ad364e35_10.0.20348.557_none_f1edaeb8515fa10d\TiWorker.exe

Auditing Settings:
	Original Security Descriptor:	
	New Security Descriptor:		S:ARAI(AU;SAFA;DCLCRPCRSDWDWO;;;WD)"
Audit Success	9/17/2023 1:54:15 PM	Microsoft-Windows-Security-Auditing	4907	Audit Policy Change	"Auditing settings on object were changed.

Subject:
	Security ID:		SYSTEM
	Account Name:		WIN-0PV7L6HD3OR$
	Account Domain:		WORKGROUP
	Logon ID:		0x3E7

Object:
	Object Server:	Security
	Object Type:	File
	Object Name:	C:\Windows\SysWOW64\WindowsPowerShell\v1.0\Modules\DnsServer\PS_DnsServerSigningKeyRollover_v1.0.0.cdxml
	Handle ID:	0x99c

Process Information:
	Process ID:	0xb0
	Process Name:	C:\Windows\WinSxS\amd64_microsoft-windows-servicingstack_31bf3856ad364e35_10.0.20348.557_none_f1edaeb8515fa10d\TiWorker.exe

Auditing Settings:
	Original Security Descriptor:	
	New Security Descriptor:		S:ARAI(AU;SAFA;DCLCRPCRSDWDWO;;;WD)"
Audit Success	9/17/2023 1:54:15 PM	Microsoft-Windows-Security-Auditing	4907	Audit Policy Change	"Auditing settings on object were changed.

Subject:
	Security ID:		SYSTEM
	Account Name:		WIN-0PV7L6HD3OR$
	Account Domain:		WORKGROUP
	Logon ID:		0x3E7

Object:
	Object Server:	Security
	Object Type:	File
	Object Name:	C:\Windows\SysWOW64\WindowsPowerShell\v1.0\Modules\DnsServer\PS_DnsServerSigningKey_v1.0.0.cdxml
	Handle ID:	0x9a8

Process Information:
	Process ID:	0xb0
	Process Name:	C:\Windows\WinSxS\amd64_microsoft-windows-servicingstack_31bf3856ad364e35_10.0.20348.557_none_f1edaeb8515fa10d\TiWorker.exe

Auditing Settings:
	Original Security Descriptor:	
	New Security Descriptor:		S:ARAI(AU;SAFA;DCLCRPCRSDWDWO;;;WD)"
Audit Success	9/17/2023 1:54:15 PM	Microsoft-Windows-Security-Auditing	4907	Audit Policy Change	"Auditing settings on object were changed.

Subject:
	Security ID:		SYSTEM
	Account Name:		WIN-0PV7L6HD3OR$
	Account Domain:		WORKGROUP
	Logon ID:		0x3E7

Object:
	Object Server:	Security
	Object Type:	File
	Object Name:	C:\Windows\SysWOW64\WindowsPowerShell\v1.0\Modules\DnsServer\PS_DnsServerSetting_v1.0.0.cdxml
	Handle ID:	0x964

Process Information:
	Process ID:	0xb0
	Process Name:	C:\Windows\WinSxS\amd64_microsoft-windows-servicingstack_31bf3856ad364e35_10.0.20348.557_none_f1edaeb8515fa10d\TiWorker.exe

Auditing Settings:
	Original Security Descriptor:	
	New Security Descriptor:		S:ARAI(AU;SAFA;DCLCRPCRSDWDWO;;;WD)"
Audit Success	9/17/2023 1:54:15 PM	Microsoft-Windows-Security-Auditing	4907	Audit Policy Change	"Auditing settings on object were changed.

Subject:
	Security ID:		SYSTEM
	Account Name:		WIN-0PV7L6HD3OR$
	Account Domain:		WORKGROUP
	Logon ID:		0x3E7

Object:
	Object Server:	Security
	Object Type:	File
	Object Name:	C:\Windows\SysWOW64\WindowsPowerShell\v1.0\Modules\DnsServer\PS_DnsServerSecondaryZone_v1.0.0.cdxml
	Handle ID:	0x960

Process Information:
	Process ID:	0xb0
	Process Name:	C:\Windows\WinSxS\amd64_microsoft-windows-servicingstack_31bf3856ad364e35_10.0.20348.557_none_f1edaeb8515fa10d\TiWorker.exe

Auditing Settings:
	Original Security Descriptor:	
	New Security Descriptor:		S:ARAI(AU;SAFA;DCLCRPCRSDWDWO;;;WD)"
Audit Success	9/17/2023 1:54:15 PM	Microsoft-Windows-Security-Auditing	4907	Audit Policy Change	"Auditing settings on object were changed.

Subject:
	Security ID:		SYSTEM
	Account Name:		WIN-0PV7L6HD3OR$
	Account Domain:		WORKGROUP
	Logon ID:		0x3E7

Object:
	Object Server:	Security
	Object Type:	File
	Object Name:	C:\Windows\SysWOW64\WindowsPowerShell\v1.0\Modules\DnsServer\PS_DnsServerScavenging_v1.0.0.cdxml
	Handle ID:	0x9a8

Process Information:
	Process ID:	0xb0
	Process Name:	C:\Windows\WinSxS\amd64_microsoft-windows-servicingstack_31bf3856ad364e35_10.0.20348.557_none_f1edaeb8515fa10d\TiWorker.exe

Auditing Settings:
	Original Security Descriptor:	
	New Security Descriptor:		S:ARAI(AU;SAFA;DCLCRPCRSDWDWO;;;WD)"
Audit Success	9/17/2023 1:54:15 PM	Microsoft-Windows-Security-Auditing	4907	Audit Policy Change	"Auditing settings on object were changed.

Subject:
	Security ID:		SYSTEM
	Account Name:		WIN-0PV7L6HD3OR$
	Account Domain:		WORKGROUP
	Logon ID:		0x3E7

Object:
	Object Server:	Security
	Object Type:	File
	Object Name:	C:\Windows\SysWOW64\WindowsPowerShell\v1.0\Modules\DnsServer\PS_DnsServerRootHint_v1.0.0.cdxml
	Handle ID:	0x9a8

Process Information:
	Process ID:	0xb0
	Process Name:	C:\Windows\WinSxS\amd64_microsoft-windows-servicingstack_31bf3856ad364e35_10.0.20348.557_none_f1edaeb8515fa10d\TiWorker.exe

Auditing Settings:
	Original Security Descriptor:	
	New Security Descriptor:		S:ARAI(AU;SAFA;DCLCRPCRSDWDWO;;;WD)"
Audit Success	9/17/2023 1:54:15 PM	Microsoft-Windows-Security-Auditing	4907	Audit Policy Change	"Auditing settings on object were changed.

Subject:
	Security ID:		SYSTEM
	Account Name:		WIN-0PV7L6HD3OR$
	Account Domain:		WORKGROUP
	Logon ID:		0x3E7

Object:
	Object Server:	Security
	Object Type:	File
	Object Name:	C:\Windows\SysWOW64\WindowsPowerShell\v1.0\Modules\DnsServer\PS_DnsServerResponseRateLimitingExceptionlist_v1.0.0.cdxml
	Handle ID:	0x9a4

Process Information:
	Process ID:	0xb0
	Process Name:	C:\Windows\WinSxS\amd64_microsoft-windows-servicingstack_31bf3856ad364e35_10.0.20348.557_none_f1edaeb8515fa10d\TiWorker.exe

Auditing Settings:
	Original Security Descriptor:	
	New Security Descriptor:		S:ARAI(AU;SAFA;DCLCRPCRSDWDWO;;;WD)"
Audit Success	9/17/2023 1:54:15 PM	Microsoft-Windows-Security-Auditing	4907	Audit Policy Change	"Auditing settings on object were changed.

Subject:
	Security ID:		SYSTEM
	Account Name:		WIN-0PV7L6HD3OR$
	Account Domain:		WORKGROUP
	Logon ID:		0x3E7

Object:
	Object Server:	Security
	Object Type:	File
	Object Name:	C:\Windows\SysWOW64\WindowsPowerShell\v1.0\Modules\DnsServer\PS_DnsServerResponseRateLimiting_v1.0.0.cdxml
	Handle ID:	0x994

Process Information:
	Process ID:	0xb0
	Process Name:	C:\Windows\WinSxS\amd64_microsoft-windows-servicingstack_31bf3856ad364e35_10.0.20348.557_none_f1edaeb8515fa10d\TiWorker.exe

Auditing Settings:
	Original Security Descriptor:	
	New Security Descriptor:		S:ARAI(AU;SAFA;DCLCRPCRSDWDWO;;;WD)"
Audit Success	9/17/2023 1:54:15 PM	Microsoft-Windows-Security-Auditing	4907	Audit Policy Change	"Auditing settings on object were changed.

Subject:
	Security ID:		SYSTEM
	Account Name:		WIN-0PV7L6HD3OR$
	Account Domain:		WORKGROUP
	Logon ID:		0x3E7

Object:
	Object Server:	Security
	Object Type:	File
	Object Name:	C:\Windows\SysWOW64\WindowsPowerShell\v1.0\Modules\DnsServer\PS_DnsServerResourceRecordPTR_v1.0.0.cdxml
	Handle ID:	0x96c

Process Information:
	Process ID:	0xb0
	Process Name:	C:\Windows\WinSxS\amd64_microsoft-windows-servicingstack_31bf3856ad364e35_10.0.20348.557_none_f1edaeb8515fa10d\TiWorker.exe

Auditing Settings:
	Original Security Descriptor:	
	New Security Descriptor:		S:ARAI(AU;SAFA;DCLCRPCRSDWDWO;;;WD)"
Audit Success	9/17/2023 1:54:15 PM	Microsoft-Windows-Security-Auditing	4907	Audit Policy Change	"Auditing settings on object were changed.

Subject:
	Security ID:		SYSTEM
	Account Name:		WIN-0PV7L6HD3OR$
	Account Domain:		WORKGROUP
	Logon ID:		0x3E7

Object:
	Object Server:	Security
	Object Type:	File
	Object Name:	C:\Windows\SysWOW64\WindowsPowerShell\v1.0\Modules\DnsServer\PS_DnsServerResourceRecordMX_v1.0.0.cdxml
	Handle ID:	0x964

Process Information:
	Process ID:	0xb0
	Process Name:	C:\Windows\WinSxS\amd64_microsoft-windows-servicingstack_31bf3856ad364e35_10.0.20348.557_none_f1edaeb8515fa10d\TiWorker.exe

Auditing Settings:
	Original Security Descriptor:	
	New Security Descriptor:		S:ARAI(AU;SAFA;DCLCRPCRSDWDWO;;;WD)"
Audit Success	9/17/2023 1:54:15 PM	Microsoft-Windows-Security-Auditing	4907	Audit Policy Change	"Auditing settings on object were changed.

Subject:
	Security ID:		SYSTEM
	Account Name:		WIN-0PV7L6HD3OR$
	Account Domain:		WORKGROUP
	Logon ID:		0x3E7

Object:
	Object Server:	Security
	Object Type:	File
	Object Name:	C:\Windows\SysWOW64\WindowsPowerShell\v1.0\Modules\DnsServer\PS_DnsServerResourceRecordDS_v1.0.0.cdxml
	Handle ID:	0x9a4

Process Information:
	Process ID:	0xb0
	Process Name:	C:\Windows\WinSxS\amd64_microsoft-windows-servicingstack_31bf3856ad364e35_10.0.20348.557_none_f1edaeb8515fa10d\TiWorker.exe

Auditing Settings:
	Original Security Descriptor:	
	New Security Descriptor:		S:ARAI(AU;SAFA;DCLCRPCRSDWDWO;;;WD)"
Audit Success	9/17/2023 1:54:15 PM	Microsoft-Windows-Security-Auditing	4907	Audit Policy Change	"Auditing settings on object were changed.

Subject:
	Security ID:		SYSTEM
	Account Name:		WIN-0PV7L6HD3OR$
	Account Domain:		WORKGROUP
	Logon ID:		0x3E7

Object:
	Object Server:	Security
	Object Type:	File
	Object Name:	C:\Windows\SysWOW64\WindowsPowerShell\v1.0\Modules\DnsServer\PS_DnsServerResourceRecordDnsKey_v1.0.0.cdxml
	Handle ID:	0x99c

Process Information:
	Process ID:	0xb0
	Process Name:	C:\Windows\WinSxS\amd64_microsoft-windows-servicingstack_31bf3856ad364e35_10.0.20348.557_none_f1edaeb8515fa10d\TiWorker.exe

Auditing Settings:
	Original Security Descriptor:	
	New Security Descriptor:		S:ARAI(AU;SAFA;DCLCRPCRSDWDWO;;;WD)"
Audit Success	9/17/2023 1:54:15 PM	Microsoft-Windows-Security-Auditing	4907	Audit Policy Change	"Auditing settings on object were changed.

Subject:
	Security ID:		SYSTEM
	Account Name:		WIN-0PV7L6HD3OR$
	Account Domain:		WORKGROUP
	Logon ID:		0x3E7

Object:
	Object Server:	Security
	Object Type:	File
	Object Name:	C:\Windows\SysWOW64\WindowsPowerShell\v1.0\Modules\DnsServer\PS_DnsServerResourceRecordCNAME_v1.0.0.cdxml
	Handle ID:	0x964

Process Information:
	Process ID:	0xb0
	Process Name:	C:\Windows\WinSxS\amd64_microsoft-windows-servicingstack_31bf3856ad364e35_10.0.20348.557_none_f1edaeb8515fa10d\TiWorker.exe

Auditing Settings:
	Original Security Descriptor:	
	New Security Descriptor:		S:ARAI(AU;SAFA;DCLCRPCRSDWDWO;;;WD)"
Audit Success	9/17/2023 1:54:15 PM	Microsoft-Windows-Security-Auditing	4907	Audit Policy Change	"Auditing settings on object were changed.

Subject:
	Security ID:		SYSTEM
	Account Name:		WIN-0PV7L6HD3OR$
	Account Domain:		WORKGROUP
	Logon ID:		0x3E7

Object:
	Object Server:	Security
	Object Type:	File
	Object Name:	C:\Windows\SysWOW64\WindowsPowerShell\v1.0\Modules\DnsServer\PS_DnsServerResourceRecordAging_v1.0.0.cdxml
	Handle ID:	0x96c

Process Information:
	Process ID:	0xb0
	Process Name:	C:\Windows\WinSxS\amd64_microsoft-windows-servicingstack_31bf3856ad364e35_10.0.20348.557_none_f1edaeb8515fa10d\TiWorker.exe

Auditing Settings:
	Original Security Descriptor:	
	New Security Descriptor:		S:ARAI(AU;SAFA;DCLCRPCRSDWDWO;;;WD)"
Audit Success	9/17/2023 1:54:15 PM	Microsoft-Windows-Security-Auditing	4907	Audit Policy Change	"Auditing settings on object were changed.

Subject:
	Security ID:		SYSTEM
	Account Name:		WIN-0PV7L6HD3OR$
	Account Domain:		WORKGROUP
	Logon ID:		0x3E7

Object:
	Object Server:	Security
	Object Type:	File
	Object Name:	C:\Windows\SysWOW64\WindowsPowerShell\v1.0\Modules\DnsServer\PS_DnsServerResourceRecordAAAA_v1.0.0.cdxml
	Handle ID:	0x994

Process Information:
	Process ID:	0xb0
	Process Name:	C:\Windows\WinSxS\amd64_microsoft-windows-servicingstack_31bf3856ad364e35_10.0.20348.557_none_f1edaeb8515fa10d\TiWorker.exe

Auditing Settings:
	Original Security Descriptor:	
	New Security Descriptor:		S:ARAI(AU;SAFA;DCLCRPCRSDWDWO;;;WD)"
Audit Success	9/17/2023 1:54:15 PM	Microsoft-Windows-Security-Auditing	4907	Audit Policy Change	"Auditing settings on object were changed.

Subject:
	Security ID:		SYSTEM
	Account Name:		WIN-0PV7L6HD3OR$
	Account Domain:		WORKGROUP
	Logon ID:		0x3E7

Object:
	Object Server:	Security
	Object Type:	File
	Object Name:	C:\Windows\SysWOW64\WindowsPowerShell\v1.0\Modules\DnsServer\PS_DnsServerResourceRecordA_v1.0.0.cdxml
	Handle ID:	0x964

Process Information:
	Process ID:	0xb0
	Process Name:	C:\Windows\WinSxS\amd64_microsoft-windows-servicingstack_31bf3856ad364e35_10.0.20348.557_none_f1edaeb8515fa10d\TiWorker.exe

Auditing Settings:
	Original Security Descriptor:	
	New Security Descriptor:		S:ARAI(AU;SAFA;DCLCRPCRSDWDWO;;;WD)"
Audit Success	9/17/2023 1:54:15 PM	Microsoft-Windows-Security-Auditing	4907	Audit Policy Change	"Auditing settings on object were changed.

Subject:
	Security ID:		SYSTEM
	Account Name:		WIN-0PV7L6HD3OR$
	Account Domain:		WORKGROUP
	Logon ID:		0x3E7

Object:
	Object Server:	Security
	Object Type:	File
	Object Name:	C:\Windows\SysWOW64\WindowsPowerShell\v1.0\Modules\DnsServer\PS_DnsServerResourceRecord_v1.0.0.cdxml
	Handle ID:	0x978

Process Information:
	Process ID:	0xb0
	Process Name:	C:\Windows\WinSxS\amd64_microsoft-windows-servicingstack_31bf3856ad364e35_10.0.20348.557_none_f1edaeb8515fa10d\TiWorker.exe

Auditing Settings:
	Original Security Descriptor:	
	New Security Descriptor:		S:ARAI(AU;SAFA;DCLCRPCRSDWDWO;;;WD)"
Audit Success	9/17/2023 1:54:15 PM	Microsoft-Windows-Security-Auditing	4907	Audit Policy Change	"Auditing settings on object were changed.

Subject:
	Security ID:		SYSTEM
	Account Name:		WIN-0PV7L6HD3OR$
	Account Domain:		WORKGROUP
	Logon ID:		0x3E7

Object:
	Object Server:	Security
	Object Type:	File
	Object Name:	C:\Windows\SysWOW64\WindowsPowerShell\v1.0\Modules\DnsServer\PS_DnsServerRecursionScope_v1.0.0.cdxml
	Handle ID:	0x994

Process Information:
	Process ID:	0xb0
	Process Name:	C:\Windows\WinSxS\amd64_microsoft-windows-servicingstack_31bf3856ad364e35_10.0.20348.557_none_f1edaeb8515fa10d\TiWorker.exe

Auditing Settings:
	Original Security Descriptor:	
	New Security Descriptor:		S:ARAI(AU;SAFA;DCLCRPCRSDWDWO;;;WD)"
Audit Success	9/17/2023 1:54:15 PM	Microsoft-Windows-Security-Auditing	4907	Audit Policy Change	"Auditing settings on object were changed.

Subject:
	Security ID:		SYSTEM
	Account Name:		WIN-0PV7L6HD3OR$
	Account Domain:		WORKGROUP
	Logon ID:		0x3E7

Object:
	Object Server:	Security
	Object Type:	File
	Object Name:	C:\Windows\SysWOW64\WindowsPowerShell\v1.0\Modules\DnsServer\PS_DnsServerRecursion_v1.0.0.cdxml
	Handle ID:	0x964

Process Information:
	Process ID:	0xb0
	Process Name:	C:\Windows\WinSxS\amd64_microsoft-windows-servicingstack_31bf3856ad364e35_10.0.20348.557_none_f1edaeb8515fa10d\TiWorker.exe

Auditing Settings:
	Original Security Descriptor:	
	New Security Descriptor:		S:ARAI(AU;SAFA;DCLCRPCRSDWDWO;;;WD)"
Audit Success	9/17/2023 1:54:15 PM	Microsoft-Windows-Security-Auditing	4907	Audit Policy Change	"Auditing settings on object were changed.

Subject:
	Security ID:		SYSTEM
	Account Name:		WIN-0PV7L6HD3OR$
	Account Domain:		WORKGROUP
	Logon ID:		0x3E7

Object:
	Object Server:	Security
	Object Type:	File
	Object Name:	C:\Windows\SysWOW64\WindowsPowerShell\v1.0\Modules\DnsServer\PS_DnsServerQueryResolutionPolicy_v1.0.0.cdxml
	Handle ID:	0x978

Process Information:
	Process ID:	0xb0
	Process Name:	C:\Windows\WinSxS\amd64_microsoft-windows-servicingstack_31bf3856ad364e35_10.0.20348.557_none_f1edaeb8515fa10d\TiWorker.exe

Auditing Settings:
	Original Security Descriptor:	
	New Security Descriptor:		S:ARAI(AU;SAFA;DCLCRPCRSDWDWO;;;WD)"
Audit Success	9/17/2023 1:54:15 PM	Microsoft-Windows-Security-Auditing	4907	Audit Policy Change	"Auditing settings on object were changed.

Subject:
	Security ID:		SYSTEM
	Account Name:		WIN-0PV7L6HD3OR$
	Account Domain:		WORKGROUP
	Logon ID:		0x3E7

Object:
	Object Server:	Security
	Object Type:	File
	Object Name:	C:\Windows\SysWOW64\WindowsPowerShell\v1.0\Modules\DnsServer\PS_DnsServerPrimaryZone_v1.0.0.cdxml
	Handle ID:	0x994

Process Information:
	Process ID:	0xb0
	Process Name:	C:\Windows\WinSxS\amd64_microsoft-windows-servicingstack_31bf3856ad364e35_10.0.20348.557_none_f1edaeb8515fa10d\TiWorker.exe

Auditing Settings:
	Original Security Descriptor:	
	New Security Descriptor:		S:ARAI(AU;SAFA;DCLCRPCRSDWDWO;;;WD)"
Audit Success	9/17/2023 1:54:15 PM	Microsoft-Windows-Security-Auditing	4907	Audit Policy Change	"Auditing settings on object were changed.

Subject:
	Security ID:		SYSTEM
	Account Name:		WIN-0PV7L6HD3OR$
	Account Domain:		WORKGROUP
	Logon ID:		0x3E7

Object:
	Object Server:	Security
	Object Type:	File
	Object Name:	C:\Windows\SysWOW64\WindowsPowerShell\v1.0\Modules\DnsServer\PS_DnsServerPolicy_v1.0.0.cdxml
	Handle ID:	0x964

Process Information:
	Process ID:	0xb0
	Process Name:	C:\Windows\WinSxS\amd64_microsoft-windows-servicingstack_31bf3856ad364e35_10.0.20348.557_none_f1edaeb8515fa10d\TiWorker.exe

Auditing Settings:
	Original Security Descriptor:	
	New Security Descriptor:		S:ARAI(AU;SAFA;DCLCRPCRSDWDWO;;;WD)"
Audit Success	9/17/2023 1:54:15 PM	Microsoft-Windows-Security-Auditing	4907	Audit Policy Change	"Auditing settings on object were changed.

Subject:
	Security ID:		SYSTEM
	Account Name:		WIN-0PV7L6HD3OR$
	Account Domain:		WORKGROUP
	Logon ID:		0x3E7

Object:
	Object Server:	Security
	Object Type:	File
	Object Name:	C:\Windows\SysWOW64\WindowsPowerShell\v1.0\Modules\DnsServer\PS_DnsServerKeyStorageProvider_v1.0.0.cdxml
	Handle ID:	0x978

Process Information:
	Process ID:	0xb0
	Process Name:	C:\Windows\WinSxS\amd64_microsoft-windows-servicingstack_31bf3856ad364e35_10.0.20348.557_none_f1edaeb8515fa10d\TiWorker.exe

Auditing Settings:
	Original Security Descriptor:	
	New Security Descriptor:		S:ARAI(AU;SAFA;DCLCRPCRSDWDWO;;;WD)"
Audit Success	9/17/2023 1:54:15 PM	Microsoft-Windows-Security-Auditing	4907	Audit Policy Change	"Auditing settings on object were changed.

Subject:
	Security ID:		SYSTEM
	Account Name:		WIN-0PV7L6HD3OR$
	Account Domain:		WORKGROUP
	Logon ID:		0x3E7

Object:
	Object Server:	Security
	Object Type:	File
	Object Name:	C:\Windows\SysWOW64\WindowsPowerShell\v1.0\Modules\DnsServer\PS_DnsServerGlobalQueryBlockList_v1.0.0.cdxml
	Handle ID:	0x974

Process Information:
	Process ID:	0xb0
	Process Name:	C:\Windows\WinSxS\amd64_microsoft-windows-servicingstack_31bf3856ad364e35_10.0.20348.557_none_f1edaeb8515fa10d\TiWorker.exe

Auditing Settings:
	Original Security Descriptor:	
	New Security Descriptor:		S:ARAI(AU;SAFA;DCLCRPCRSDWDWO;;;WD)"
Audit Success	9/17/2023 1:54:15 PM	Microsoft-Windows-Security-Auditing	4907	Audit Policy Change	"Auditing settings on object were changed.

Subject:
	Security ID:		SYSTEM
	Account Name:		WIN-0PV7L6HD3OR$
	Account Domain:		WORKGROUP
	Logon ID:		0x3E7

Object:
	Object Server:	Security
	Object Type:	File
	Object Name:	C:\Windows\SysWOW64\WindowsPowerShell\v1.0\Modules\DnsServer\PS_DnsServerGlobalNameZone_v1.0.0.cdxml
	Handle ID:	0x97c

Process Information:
	Process ID:	0xb0
	Process Name:	C:\Windows\WinSxS\amd64_microsoft-windows-servicingstack_31bf3856ad364e35_10.0.20348.557_none_f1edaeb8515fa10d\TiWorker.exe

Auditing Settings:
	Original Security Descriptor:	
	New Security Descriptor:		S:ARAI(AU;SAFA;DCLCRPCRSDWDWO;;;WD)"
Audit Success	9/17/2023 1:54:15 PM	Microsoft-Windows-Security-Auditing	4907	Audit Policy Change	"Auditing settings on object were changed.

Subject:
	Security ID:		SYSTEM
	Account Name:		WIN-0PV7L6HD3OR$
	Account Domain:		WORKGROUP
	Logon ID:		0x3E7

Object:
	Object Server:	Security
	Object Type:	File
	Object Name:	C:\Windows\SysWOW64\WindowsPowerShell\v1.0\Modules\DnsServer\PS_DnsServerForwarder_v1.0.0.cdxml
	Handle ID:	0x994

Process Information:
	Process ID:	0xb0
	Process Name:	C:\Windows\WinSxS\amd64_microsoft-windows-servicingstack_31bf3856ad364e35_10.0.20348.557_none_f1edaeb8515fa10d\TiWorker.exe

Auditing Settings:
	Original Security Descriptor:	
	New Security Descriptor:		S:ARAI(AU;SAFA;DCLCRPCRSDWDWO;;;WD)"
Audit Success	9/17/2023 1:54:15 PM	Microsoft-Windows-Security-Auditing	4907	Audit Policy Change	"Auditing settings on object were changed.

Subject:
	Security ID:		SYSTEM
	Account Name:		WIN-0PV7L6HD3OR$
	Account Domain:		WORKGROUP
	Logon ID:		0x3E7

Object:
	Object Server:	Security
	Object Type:	File
	Object Name:	C:\Windows\SysWOW64\WindowsPowerShell\v1.0\Modules\DnsServer\PS_DnsServerEdns_v1.0.0.cdxml
	Handle ID:	0x964

Process Information:
	Process ID:	0xb0
	Process Name:	C:\Windows\WinSxS\amd64_microsoft-windows-servicingstack_31bf3856ad364e35_10.0.20348.557_none_f1edaeb8515fa10d\TiWorker.exe

Auditing Settings:
	Original Security Descriptor:	
	New Security Descriptor:		S:ARAI(AU;SAFA;DCLCRPCRSDWDWO;;;WD)"
Audit Success	9/17/2023 1:54:15 PM	Microsoft-Windows-Security-Auditing	4907	Audit Policy Change	"Auditing settings on object were changed.

Subject:
	Security ID:		SYSTEM
	Account Name:		WIN-0PV7L6HD3OR$
	Account Domain:		WORKGROUP
	Logon ID:		0x3E7

Object:
	Object Server:	Security
	Object Type:	File
	Object Name:	C:\Windows\SysWOW64\WindowsPowerShell\v1.0\Modules\DnsServer\PS_DnsServerDsSetting_v1.0.0.cdxml
	Handle ID:	0x97c

Process Information:
	Process ID:	0xb0
	Process Name:	C:\Windows\WinSxS\amd64_microsoft-windows-servicingstack_31bf3856ad364e35_10.0.20348.557_none_f1edaeb8515fa10d\TiWorker.exe

Auditing Settings:
	Original Security Descriptor:	
	New Security Descriptor:		S:ARAI(AU;SAFA;DCLCRPCRSDWDWO;;;WD)"
Audit Success	9/17/2023 1:54:15 PM	Microsoft-Windows-Security-Auditing	4907	Audit Policy Change	"Auditing settings on object were changed.

Subject:
	Security ID:		SYSTEM
	Account Name:		WIN-0PV7L6HD3OR$
	Account Domain:		WORKGROUP
	Logon ID:		0x3E7

Object:
	Object Server:	Security
	Object Type:	File
	Object Name:	C:\Windows\SysWOW64\WindowsPowerShell\v1.0\Modules\DnsServer\PS_DnsServerDnsSecZoneSetting_v1.0.0.cdxml
	Handle ID:	0x978

Process Information:
	Process ID:	0xb0
	Process Name:	C:\Windows\WinSxS\amd64_microsoft-windows-servicingstack_31bf3856ad364e35_10.0.20348.557_none_f1edaeb8515fa10d\TiWorker.exe

Auditing Settings:
	Original Security Descriptor:	
	New Security Descriptor:		S:ARAI(AU;SAFA;DCLCRPCRSDWDWO;;;WD)"
Audit Success	9/17/2023 1:54:15 PM	Microsoft-Windows-Security-Auditing	4907	Audit Policy Change	"Auditing settings on object were changed.

Subject:
	Security ID:		SYSTEM
	Account Name:		WIN-0PV7L6HD3OR$
	Account Domain:		WORKGROUP
	Logon ID:		0x3E7

Object:
	Object Server:	Security
	Object Type:	File
	Object Name:	C:\Windows\SysWOW64\WindowsPowerShell\v1.0\Modules\DnsServer\PS_DnsServerDnsSecPublicKey_v1.0.0.cdxml
	Handle ID:	0x994

Process Information:
	Process ID:	0xb0
	Process Name:	C:\Windows\WinSxS\amd64_microsoft-windows-servicingstack_31bf3856ad364e35_10.0.20348.557_none_f1edaeb8515fa10d\TiWorker.exe

Auditing Settings:
	Original Security Descriptor:	
	New Security Descriptor:		S:ARAI(AU;SAFA;DCLCRPCRSDWDWO;;;WD)"
Audit Success	9/17/2023 1:54:15 PM	Microsoft-Windows-Security-Auditing	4907	Audit Policy Change	"Auditing settings on object were changed.

Subject:
	Security ID:		SYSTEM
	Account Name:		WIN-0PV7L6HD3OR$
	Account Domain:		WORKGROUP
	Logon ID:		0x3E7

Object:
	Object Server:	Security
	Object Type:	File
	Object Name:	C:\Windows\SysWOW64\WindowsPowerShell\v1.0\Modules\DnsServer\PS_DnsServerDirectoryPartition_v1.0.0.cdxml
	Handle ID:	0x964

Process Information:
	Process ID:	0xb0
	Process Name:	C:\Windows\WinSxS\amd64_microsoft-windows-servicingstack_31bf3856ad364e35_10.0.20348.557_none_f1edaeb8515fa10d\TiWorker.exe

Auditing Settings:
	Original Security Descriptor:	
	New Security Descriptor:		S:ARAI(AU;SAFA;DCLCRPCRSDWDWO;;;WD)"
Audit Success	9/17/2023 1:54:15 PM	Microsoft-Windows-Security-Auditing	4907	Audit Policy Change	"Auditing settings on object were changed.

Subject:
	Security ID:		SYSTEM
	Account Name:		WIN-0PV7L6HD3OR$
	Account Domain:		WORKGROUP
	Logon ID:		0x3E7

Object:
	Object Server:	Security
	Object Type:	File
	Object Name:	C:\Windows\SysWOW64\WindowsPowerShell\v1.0\Modules\DnsServer\PS_DnsServerDiagnostics_v1.0.0.cdxml
	Handle ID:	0x978

Process Information:
	Process ID:	0xb0
	Process Name:	C:\Windows\WinSxS\amd64_microsoft-windows-servicingstack_31bf3856ad364e35_10.0.20348.557_none_f1edaeb8515fa10d\TiWorker.exe

Auditing Settings:
	Original Security Descriptor:	
	New Security Descriptor:		S:ARAI(AU;SAFA;DCLCRPCRSDWDWO;;;WD)"
Audit Success	9/17/2023 1:54:15 PM	Microsoft-Windows-Security-Auditing	4907	Audit Policy Change	"Auditing settings on object were changed.

Subject:
	Security ID:		SYSTEM
	Account Name:		WIN-0PV7L6HD3OR$
	Account Domain:		WORKGROUP
	Logon ID:		0x3E7

Object:
	Object Server:	Security
	Object Type:	File
	Object Name:	C:\Windows\SysWOW64\WindowsPowerShell\v1.0\Modules\DnsServer\PS_DnsServerConditionalForwarder_v1.0.0.cdxml
	Handle ID:	0x994

Process Information:
	Process ID:	0xb0
	Process Name:	C:\Windows\WinSxS\amd64_microsoft-windows-servicingstack_31bf3856ad364e35_10.0.20348.557_none_f1edaeb8515fa10d\TiWorker.exe

Auditing Settings:
	Original Security Descriptor:	
	New Security Descriptor:		S:ARAI(AU;SAFA;DCLCRPCRSDWDWO;;;WD)"
Audit Success	9/17/2023 1:54:15 PM	Microsoft-Windows-Security-Auditing	4907	Audit Policy Change	"Auditing settings on object were changed.

Subject:
	Security ID:		SYSTEM
	Account Name:		WIN-0PV7L6HD3OR$
	Account Domain:		WORKGROUP
	Logon ID:		0x3E7

Object:
	Object Server:	Security
	Object Type:	File
	Object Name:	C:\Windows\SysWOW64\WindowsPowerShell\v1.0\Modules\DnsServer\PS_DnsServerClientSubnet_v1.0.0.cdxml
	Handle ID:	0x964

Process Information:
	Process ID:	0xb0
	Process Name:	C:\Windows\WinSxS\amd64_microsoft-windows-servicingstack_31bf3856ad364e35_10.0.20348.557_none_f1edaeb8515fa10d\TiWorker.exe

Auditing Settings:
	Original Security Descriptor:	
	New Security Descriptor:		S:ARAI(AU;SAFA;DCLCRPCRSDWDWO;;;WD)"
Audit Success	9/17/2023 1:54:15 PM	Microsoft-Windows-Security-Auditing	4907	Audit Policy Change	"Auditing settings on object were changed.

Subject:
	Security ID:		SYSTEM
	Account Name:		WIN-0PV7L6HD3OR$
	Account Domain:		WORKGROUP
	Logon ID:		0x3E7

Object:
	Object Server:	Security
	Object Type:	File
	Object Name:	C:\Windows\SysWOW64\WindowsPowerShell\v1.0\Modules\DnsServer\PS_DnsServerCache_v1.0.0.cdxml
	Handle ID:	0x978

Process Information:
	Process ID:	0xb0
	Process Name:	C:\Windows\WinSxS\amd64_microsoft-windows-servicingstack_31bf3856ad364e35_10.0.20348.557_none_f1edaeb8515fa10d\TiWorker.exe

Auditing Settings:
	Original Security Descriptor:	
	New Security Descriptor:		S:ARAI(AU;SAFA;DCLCRPCRSDWDWO;;;WD)"
Audit Success	9/17/2023 1:54:15 PM	Microsoft-Windows-Security-Auditing	4907	Audit Policy Change	"Auditing settings on object were changed.

Subject:
	Security ID:		SYSTEM
	Account Name:		WIN-0PV7L6HD3OR$
	Account Domain:		WORKGROUP
	Logon ID:		0x3E7

Object:
	Object Server:	Security
	Object Type:	File
	Object Name:	C:\Windows\SysWOW64\WindowsPowerShell\v1.0\Modules\DnsServer\PS_DnsServer_v1.0.0.cdxml
	Handle ID:	0x994

Process Information:
	Process ID:	0xb0
	Process Name:	C:\Windows\WinSxS\amd64_microsoft-windows-servicingstack_31bf3856ad364e35_10.0.20348.557_none_f1edaeb8515fa10d\TiWorker.exe

Auditing Settings:
	Original Security Descriptor:	
	New Security Descriptor:		S:ARAI(AU;SAFA;DCLCRPCRSDWDWO;;;WD)"
Audit Success	9/17/2023 1:54:15 PM	Microsoft-Windows-Security-Auditing	4907	Audit Policy Change	"Auditing settings on object were changed.

Subject:
	Security ID:		SYSTEM
	Account Name:		WIN-0PV7L6HD3OR$
	Account Domain:		WORKGROUP
	Logon ID:		0x3E7

Object:
	Object Server:	Security
	Object Type:	File
	Object Name:	C:\Windows\SysWOW64\WindowsPowerShell\v1.0\Modules\DnsServer\DnsServerPsProvider.Types.ps1xml
	Handle ID:	0x964

Process Information:
	Process ID:	0xb0
	Process Name:	C:\Windows\WinSxS\amd64_microsoft-windows-servicingstack_31bf3856ad364e35_10.0.20348.557_none_f1edaeb8515fa10d\TiWorker.exe

Auditing Settings:
	Original Security Descriptor:	
	New Security Descriptor:		S:ARAI(AU;SAFA;DCLCRPCRSDWDWO;;;WD)"
Audit Success	9/17/2023 1:54:15 PM	Microsoft-Windows-Security-Auditing	4907	Audit Policy Change	"Auditing settings on object were changed.

Subject:
	Security ID:		SYSTEM
	Account Name:		WIN-0PV7L6HD3OR$
	Account Domain:		WORKGROUP
	Logon ID:		0x3E7

Object:
	Object Server:	Security
	Object Type:	File
	Object Name:	C:\Windows\SysWOW64\WindowsPowerShell\v1.0\Modules\DnsServer\DnsServerPsProvider.Format.ps1xml
	Handle ID:	0x974

Process Information:
	Process ID:	0xb0
	Process Name:	C:\Windows\WinSxS\amd64_microsoft-windows-servicingstack_31bf3856ad364e35_10.0.20348.557_none_f1edaeb8515fa10d\TiWorker.exe

Auditing Settings:
	Original Security Descriptor:	
	New Security Descriptor:		S:ARAI(AU;SAFA;DCLCRPCRSDWDWO;;;WD)"
Audit Success	9/17/2023 1:54:15 PM	Microsoft-Windows-Security-Auditing	4907	Audit Policy Change	"Auditing settings on object were changed.

Subject:
	Security ID:		SYSTEM
	Account Name:		WIN-0PV7L6HD3OR$
	Account Domain:		WORKGROUP
	Logon ID:		0x3E7

Object:
	Object Server:	Security
	Object Type:	File
	Object Name:	C:\Windows\SysWOW64\WindowsPowerShell\v1.0\Modules\DnsServer\DnsServer.psd1
	Handle ID:	0x994

Process Information:
	Process ID:	0xb0
	Process Name:	C:\Windows\WinSxS\amd64_microsoft-windows-servicingstack_31bf3856ad364e35_10.0.20348.557_none_f1edaeb8515fa10d\TiWorker.exe

Auditing Settings:
	Original Security Descriptor:	
	New Security Descriptor:		S:ARAI(AU;SAFA;DCLCRPCRSDWDWO;;;WD)"
Audit Success	9/17/2023 1:54:15 PM	Microsoft-Windows-Security-Auditing	4907	Audit Policy Change	"Auditing settings on object were changed.

Subject:
	Security ID:		SYSTEM
	Account Name:		WIN-0PV7L6HD3OR$
	Account Domain:		WORKGROUP
	Logon ID:		0x3E7

Object:
	Object Server:	Security
	Object Type:	File
	Object Name:	C:\Windows\SysWOW64\dnsperf.dll
	Handle ID:	0x974

Process Information:
	Process ID:	0xb0
	Process Name:	C:\Windows\WinSxS\amd64_microsoft-windows-servicingstack_31bf3856ad364e35_10.0.20348.557_none_f1edaeb8515fa10d\TiWorker.exe

Auditing Settings:
	Original Security Descriptor:	
	New Security Descriptor:		S:ARAI(AU;SAFA;DCLCRPCRSDWDWO;;;WD)"
Audit Success	9/17/2023 1:54:15 PM	Microsoft-Windows-Security-Auditing	4907	Audit Policy Change	"Auditing settings on object were changed.

Subject:
	Security ID:		SYSTEM
	Account Name:		WIN-0PV7L6HD3OR$
	Account Domain:		WORKGROUP
	Logon ID:		0x3E7

Object:
	Object Server:	Security
	Object Type:	File
	Object Name:	C:\Windows\System32\WindowsPowerShell\v1.0\Modules\DnsServer\PS_DnsServerZoneUnsign_v1.0.0.cdxml
	Handle ID:	0x97c

Process Information:
	Process ID:	0xb0
	Process Name:	C:\Windows\WinSxS\amd64_microsoft-windows-servicingstack_31bf3856ad364e35_10.0.20348.557_none_f1edaeb8515fa10d\TiWorker.exe

Auditing Settings:
	Original Security Descriptor:	
	New Security Descriptor:		S:ARAI(AU;SAFA;DCLCRPCRSDWDWO;;;WD)"
Audit Success	9/17/2023 1:54:15 PM	Microsoft-Windows-Security-Auditing	4907	Audit Policy Change	"Auditing settings on object were changed.

Subject:
	Security ID:		SYSTEM
	Account Name:		WIN-0PV7L6HD3OR$
	Account Domain:		WORKGROUP
	Logon ID:		0x3E7

Object:
	Object Server:	Security
	Object Type:	File
	Object Name:	C:\Windows\System32\WindowsPowerShell\v1.0\Modules\DnsServer\PS_DnsServerZoneTransferPolicy_v1.0.0.cdxml
	Handle ID:	0x994

Process Information:
	Process ID:	0xb0
	Process Name:	C:\Windows\WinSxS\amd64_microsoft-windows-servicingstack_31bf3856ad364e35_10.0.20348.557_none_f1edaeb8515fa10d\TiWorker.exe

Auditing Settings:
	Original Security Descriptor:	
	New Security Descriptor:		S:ARAI(AU;SAFA;DCLCRPCRSDWDWO;;;WD)"
Audit Success	9/17/2023 1:54:15 PM	Microsoft-Windows-Security-Auditing	4907	Audit Policy Change	"Auditing settings on object were changed.

Subject:
	Security ID:		SYSTEM
	Account Name:		WIN-0PV7L6HD3OR$
	Account Domain:		WORKGROUP
	Logon ID:		0x3E7

Object:
	Object Server:	Security
	Object Type:	File
	Object Name:	C:\Windows\System32\WindowsPowerShell\v1.0\Modules\DnsServer\PS_DnsServerZoneTransfer_v1.0.0.cdxml
	Handle ID:	0x978

Process Information:
	Process ID:	0xb0
	Process Name:	C:\Windows\WinSxS\amd64_microsoft-windows-servicingstack_31bf3856ad364e35_10.0.20348.557_none_f1edaeb8515fa10d\TiWorker.exe

Auditing Settings:
	Original Security Descriptor:	
	New Security Descriptor:		S:ARAI(AU;SAFA;DCLCRPCRSDWDWO;;;WD)"
Audit Success	9/17/2023 1:54:15 PM	Microsoft-Windows-Security-Auditing	4907	Audit Policy Change	"Auditing settings on object were changed.

Subject:
	Security ID:		SYSTEM
	Account Name:		WIN-0PV7L6HD3OR$
	Account Domain:		WORKGROUP
	Logon ID:		0x3E7

Object:
	Object Server:	Security
	Object Type:	File
	Object Name:	C:\Windows\System32\WindowsPowerShell\v1.0\Modules\DnsServer\PS_DnsServerZoneSign_v1.0.0.cdxml
	Handle ID:	0x974

Process Information:
	Process ID:	0xb0
	Process Name:	C:\Windows\WinSxS\amd64_microsoft-windows-servicingstack_31bf3856ad364e35_10.0.20348.557_none_f1edaeb8515fa10d\TiWorker.exe

Auditing Settings:
	Original Security Descriptor:	
	New Security Descriptor:		S:ARAI(AU;SAFA;DCLCRPCRSDWDWO;;;WD)"
Audit Success	9/17/2023 1:54:15 PM	Microsoft-Windows-Security-Auditing	4907	Audit Policy Change	"Auditing settings on object were changed.

Subject:
	Security ID:		SYSTEM
	Account Name:		WIN-0PV7L6HD3OR$
	Account Domain:		WORKGROUP
	Logon ID:		0x3E7

Object:
	Object Server:	Security
	Object Type:	File
	Object Name:	C:\Windows\System32\WindowsPowerShell\v1.0\Modules\DnsServer\PS_DnsServerZoneScope_v1.0.0.cdxml
	Handle ID:	0x994

Process Information:
	Process ID:	0xb0
	Process Name:	C:\Windows\WinSxS\amd64_microsoft-windows-servicingstack_31bf3856ad364e35_10.0.20348.557_none_f1edaeb8515fa10d\TiWorker.exe

Auditing Settings:
	Original Security Descriptor:	
	New Security Descriptor:		S:ARAI(AU;SAFA;DCLCRPCRSDWDWO;;;WD)"
Audit Success	9/17/2023 1:54:15 PM	Microsoft-Windows-Security-Auditing	4907	Audit Policy Change	"Auditing settings on object were changed.

Subject:
	Security ID:		SYSTEM
	Account Name:		WIN-0PV7L6HD3OR$
	Account Domain:		WORKGROUP
	Logon ID:		0x3E7

Object:
	Object Server:	Security
	Object Type:	File
	Object Name:	C:\Windows\System32\WindowsPowerShell\v1.0\Modules\DnsServer\PS_DnsServerZoneKeyMasterRole_v1.0.0.cdxml
	Handle ID:	0x99c

Process Information:
	Process ID:	0xb0
	Process Name:	C:\Windows\WinSxS\amd64_microsoft-windows-servicingstack_31bf3856ad364e35_10.0.20348.557_none_f1edaeb8515fa10d\TiWorker.exe

Auditing Settings:
	Original Security Descriptor:	
	New Security Descriptor:		S:ARAI(AU;SAFA;DCLCRPCRSDWDWO;;;WD)"
Audit Success	9/17/2023 1:54:15 PM	Microsoft-Windows-Security-Auditing	4907	Audit Policy Change	"Auditing settings on object were changed.

Subject:
	Security ID:		SYSTEM
	Account Name:		WIN-0PV7L6HD3OR$
	Account Domain:		WORKGROUP
	Logon ID:		0x3E7

Object:
	Object Server:	Security
	Object Type:	File
	Object Name:	C:\Windows\System32\WindowsPowerShell\v1.0\Modules\DnsServer\PS_DnsServerZoneDelegation_v1.0.0.cdxml
	Handle ID:	0x978

Process Information:
	Process ID:	0xb0
	Process Name:	C:\Windows\WinSxS\amd64_microsoft-windows-servicingstack_31bf3856ad364e35_10.0.20348.557_none_f1edaeb8515fa10d\TiWorker.exe

Auditing Settings:
	Original Security Descriptor:	
	New Security Descriptor:		S:ARAI(AU;SAFA;DCLCRPCRSDWDWO;;;WD)"
Audit Success	9/17/2023 1:54:15 PM	Microsoft-Windows-Security-Auditing	4907	Audit Policy Change	"Auditing settings on object were changed.

Subject:
	Security ID:		SYSTEM
	Account Name:		WIN-0PV7L6HD3OR$
	Account Domain:		WORKGROUP
	Logon ID:		0x3E7

Object:
	Object Server:	Security
	Object Type:	File
	Object Name:	C:\Windows\System32\WindowsPowerShell\v1.0\Modules\DnsServer\PS_DnsServerZoneAging_v1.0.0.cdxml
	Handle ID:	0x994

Process Information:
	Process ID:	0xb0
	Process Name:	C:\Windows\WinSxS\amd64_microsoft-windows-servicingstack_31bf3856ad364e35_10.0.20348.557_none_f1edaeb8515fa10d\TiWorker.exe

Auditing Settings:
	Original Security Descriptor:	
	New Security Descriptor:		S:ARAI(AU;SAFA;DCLCRPCRSDWDWO;;;WD)"
Audit Success	9/17/2023 1:54:15 PM	Microsoft-Windows-Security-Auditing	4907	Audit Policy Change	"Auditing settings on object were changed.

Subject:
	Security ID:		SYSTEM
	Account Name:		WIN-0PV7L6HD3OR$
	Account Domain:		WORKGROUP
	Logon ID:		0x3E7

Object:
	Object Server:	Security
	Object Type:	File
	Object Name:	C:\Windows\System32\WindowsPowerShell\v1.0\Modules\DnsServer\PS_DnsServerZone_v1.0.0.cdxml
	Handle ID:	0x978

Process Information:
	Process ID:	0xb0
	Process Name:	C:\Windows\WinSxS\amd64_microsoft-windows-servicingstack_31bf3856ad364e35_10.0.20348.557_none_f1edaeb8515fa10d\TiWorker.exe

Auditing Settings:
	Original Security Descriptor:	
	New Security Descriptor:		S:ARAI(AU;SAFA;DCLCRPCRSDWDWO;;;WD)"
