Audit Success	9/17/2023 1:55:13 PM	Microsoft-Windows-Security-Auditing	4737	Security Group Management	"A security-enabled global group was changed.

Subject:
	Security ID:		ANONYMOUS LOGON
	Account Name:		ANONYMOUS LOGON
	Account Domain:		NT AUTHORITY
	Logon ID:		0x3E6

Group:
	Security ID:		GMCYBER\Read-only Domain Controllers
	Group Name:		Read-only Domain Controllers
	Group Domain:		GMCYBER

Changed Attributes:
	SAM Account Name:	-
	SID History:		-

Additional Information:
	Privileges:		-"
Audit Success	9/17/2023 1:55:13 PM	Microsoft-Windows-Security-Auditing	4727	Security Group Management	"A security-enabled global group was created.

Subject:
	Security ID:		ANONYMOUS LOGON
	Account Name:		ANONYMOUS LOGON
	Account Domain:		NT AUTHORITY
	Logon ID:		0x3E6

New Group:
	Security ID:		GMCYBER\Read-only Domain Controllers
	Group Name:		Read-only Domain Controllers
	Group Domain:		GMCYBER

Attributes:
	SAM Account Name:	Read-only Domain Controllers
	SID History:		-

Additional Information:
	Privileges:		-"
Audit Success	9/17/2023 1:55:13 PM	Microsoft-Windows-Security-Auditing	4735	Security Group Management	"A security-enabled local group was changed.

Subject:
	Security ID:		ANONYMOUS LOGON
	Account Name:		ANONYMOUS LOGON
	Account Domain:		NT AUTHORITY
	Logon ID:		0x3E6

Group:
	Security ID:		GMCYBER\Denied RODC Password Replication Group
	Group Name:		Denied RODC Password Replication Group
	Group Domain:		GMCYBER

Changed Attributes:
	SAM Account Name:	-
	SID History:		-

Additional Information:
	Privileges:		-"
Audit Success	9/17/2023 1:55:13 PM	Microsoft-Windows-Security-Auditing	4732	Security Group Management	"A member was added to a security-enabled local group.

Subject:
	Security ID:		ANONYMOUS LOGON
	Account Name:		ANONYMOUS LOGON
	Account Domain:		NT AUTHORITY
	Logon ID:		0x3E6

Member:
	Security ID:		GMCYBER\krbtgt
	Account Name:		CN=krbtgt,CN=Users,DC=GMCyber,DC=net

Group:
	Security ID:		GMCYBER\Denied RODC Password Replication Group
	Group Name:		Denied RODC Password Replication Group
	Group Domain:		GMCYBER

Additional Information:
	Privileges:		-"
Audit Success	9/17/2023 1:55:13 PM	Microsoft-Windows-Security-Auditing	4735	Security Group Management	"A security-enabled local group was changed.

Subject:
	Security ID:		ANONYMOUS LOGON
	Account Name:		ANONYMOUS LOGON
	Account Domain:		NT AUTHORITY
	Logon ID:		0x3E6

Group:
	Security ID:		GMCYBER\Denied RODC Password Replication Group
	Group Name:		Denied RODC Password Replication Group
	Group Domain:		GMCYBER

Changed Attributes:
	SAM Account Name:	-
	SID History:		-

Additional Information:
	Privileges:		-"
Audit Success	9/17/2023 1:55:13 PM	Microsoft-Windows-Security-Auditing	4732	Security Group Management	"A member was added to a security-enabled local group.

Subject:
	Security ID:		ANONYMOUS LOGON
	Account Name:		ANONYMOUS LOGON
	Account Domain:		NT AUTHORITY
	Logon ID:		0x3E6

Member:
	Security ID:		GMCYBER\Domain Controllers
	Account Name:		CN=Domain Controllers,CN=Users,DC=GMCyber,DC=net

Group:
	Security ID:		GMCYBER\Denied RODC Password Replication Group
	Group Name:		Denied RODC Password Replication Group
	Group Domain:		GMCYBER

Additional Information:
	Privileges:		-"
Audit Success	9/17/2023 1:55:13 PM	Microsoft-Windows-Security-Auditing	4735	Security Group Management	"A security-enabled local group was changed.

Subject:
	Security ID:		ANONYMOUS LOGON
	Account Name:		ANONYMOUS LOGON
	Account Domain:		NT AUTHORITY
	Logon ID:		0x3E6

Group:
	Security ID:		GMCYBER\Denied RODC Password Replication Group
	Group Name:		Denied RODC Password Replication Group
	Group Domain:		GMCYBER

Changed Attributes:
	SAM Account Name:	-
	SID History:		-

Additional Information:
	Privileges:		-"
Audit Success	9/17/2023 1:55:13 PM	Microsoft-Windows-Security-Auditing	4732	Security Group Management	"A member was added to a security-enabled local group.

Subject:
	Security ID:		ANONYMOUS LOGON
	Account Name:		ANONYMOUS LOGON
	Account Domain:		NT AUTHORITY
	Logon ID:		0x3E6

Member:
	Security ID:		GMCYBER\Cert Publishers
	Account Name:		CN=Cert Publishers,CN=Users,DC=GMCyber,DC=net

Group:
	Security ID:		GMCYBER\Denied RODC Password Replication Group
	Group Name:		Denied RODC Password Replication Group
	Group Domain:		GMCYBER

Additional Information:
	Privileges:		-"
Audit Success	9/17/2023 1:55:13 PM	Microsoft-Windows-Security-Auditing	4735	Security Group Management	"A security-enabled local group was changed.

Subject:
	Security ID:		ANONYMOUS LOGON
	Account Name:		ANONYMOUS LOGON
	Account Domain:		NT AUTHORITY
	Logon ID:		0x3E6

Group:
	Security ID:		GMCYBER\Denied RODC Password Replication Group
	Group Name:		Denied RODC Password Replication Group
	Group Domain:		GMCYBER

Changed Attributes:
	SAM Account Name:	-
	SID History:		-

Additional Information:
	Privileges:		-"
Audit Success	9/17/2023 1:55:13 PM	Microsoft-Windows-Security-Auditing	4732	Security Group Management	"A member was added to a security-enabled local group.

Subject:
	Security ID:		ANONYMOUS LOGON
	Account Name:		ANONYMOUS LOGON
	Account Domain:		NT AUTHORITY
	Logon ID:		0x3E6

Member:
	Security ID:		GMCYBER\Domain Admins
	Account Name:		CN=Domain Admins,CN=Users,DC=GMCyber,DC=net

Group:
	Security ID:		GMCYBER\Denied RODC Password Replication Group
	Group Name:		Denied RODC Password Replication Group
	Group Domain:		GMCYBER

Additional Information:
	Privileges:		-"
Audit Success	9/17/2023 1:55:13 PM	Microsoft-Windows-Security-Auditing	4735	Security Group Management	"A security-enabled local group was changed.

Subject:
	Security ID:		ANONYMOUS LOGON
	Account Name:		ANONYMOUS LOGON
	Account Domain:		NT AUTHORITY
	Logon ID:		0x3E6

Group:
	Security ID:		GMCYBER\Denied RODC Password Replication Group
	Group Name:		Denied RODC Password Replication Group
	Group Domain:		GMCYBER

Changed Attributes:
	SAM Account Name:	-
	SID History:		-

Additional Information:
	Privileges:		-"
Audit Success	9/17/2023 1:55:13 PM	Microsoft-Windows-Security-Auditing	4732	Security Group Management	"A member was added to a security-enabled local group.

Subject:
	Security ID:		ANONYMOUS LOGON
	Account Name:		ANONYMOUS LOGON
	Account Domain:		NT AUTHORITY
	Logon ID:		0x3E6

Member:
	Security ID:		GMCYBER\Group Policy Creator Owners
	Account Name:		CN=Group Policy Creator Owners,CN=Users,DC=GMCyber,DC=net

Group:
	Security ID:		GMCYBER\Denied RODC Password Replication Group
	Group Name:		Denied RODC Password Replication Group
	Group Domain:		GMCYBER

Additional Information:
	Privileges:		-"
Audit Success	9/17/2023 1:55:13 PM	Microsoft-Windows-Security-Auditing	4735	Security Group Management	"A security-enabled local group was changed.

Subject:
	Security ID:		ANONYMOUS LOGON
	Account Name:		ANONYMOUS LOGON
	Account Domain:		NT AUTHORITY
	Logon ID:		0x3E6

Group:
	Security ID:		GMCYBER\Denied RODC Password Replication Group
	Group Name:		Denied RODC Password Replication Group
	Group Domain:		GMCYBER

Changed Attributes:
	SAM Account Name:	-
	SID History:		-

Additional Information:
	Privileges:		-"
Audit Success	9/17/2023 1:55:13 PM	Microsoft-Windows-Security-Auditing	4731	Security Group Management	"A security-enabled local group was created.

Subject:
	Security ID:		ANONYMOUS LOGON
	Account Name:		ANONYMOUS LOGON
	Account Domain:		NT AUTHORITY
	Logon ID:		0x3E6

New Group:
	Security ID:		GMCYBER\Denied RODC Password Replication Group
	Group Name:		Denied RODC Password Replication Group
	Group Domain:		GMCYBER

Attributes:
	SAM Account Name:	Denied RODC Password Replication Group
	SID History:		-

Additional Information:
	Privileges:		-"
Audit Success	9/17/2023 1:55:13 PM	Microsoft-Windows-Security-Auditing	4735	Security Group Management	"A security-enabled local group was changed.

Subject:
	Security ID:		ANONYMOUS LOGON
	Account Name:		ANONYMOUS LOGON
	Account Domain:		NT AUTHORITY
	Logon ID:		0x3E6

Group:
	Security ID:		GMCYBER\Allowed RODC Password Replication Group
	Group Name:		Allowed RODC Password Replication Group
	Group Domain:		GMCYBER

Changed Attributes:
	SAM Account Name:	-
	SID History:		-

Additional Information:
	Privileges:		-"
Audit Success	9/17/2023 1:55:13 PM	Microsoft-Windows-Security-Auditing	4731	Security Group Management	"A security-enabled local group was created.

Subject:
	Security ID:		ANONYMOUS LOGON
	Account Name:		ANONYMOUS LOGON
	Account Domain:		NT AUTHORITY
	Logon ID:		0x3E6

New Group:
	Security ID:		GMCYBER\Allowed RODC Password Replication Group
	Group Name:		Allowed RODC Password Replication Group
	Group Domain:		GMCYBER

Attributes:
	SAM Account Name:	Allowed RODC Password Replication Group
	SID History:		-

Additional Information:
	Privileges:		-"
Audit Success	9/17/2023 1:55:13 PM	Microsoft-Windows-Security-Auditing	4738	User Account Management	"A user account was changed.

Subject:
	Security ID:		SYSTEM
	Account Name:		WIN-0PV7L6HD3OR$
	Account Domain:		GMCYBER
	Logon ID:		0x3E7

Target Account:
	Security ID:		WIN-0PV7L6HD3OR\WDAGUtilityAccount
	Account Name:		WDAGUtilityAccount
	Account Domain:		WIN-0PV7L6HD3OR

Changed Attributes:
	SAM Account Name:	-
	Display Name:		-
	User Principal Name:	-
	Home Directory:		-
	Home Drive:		-
	Script Path:		-
	Profile Path:		-
	User Workstations:	-
	Password Last Set:	-
	Account Expires:		-
	Primary Group ID:	-
	AllowedToDelegateTo:	-
	Old UAC Value:		0x15
	New UAC Value:		0x11
	User Account Control:	
		'Password Not Required' - Disabled
	User Parameters:	-
	SID History:		-
	Logon Hours:		-

Additional Information:
	Privileges:		-"
Audit Success	9/17/2023 1:55:13 PM	Microsoft-Windows-Security-Auditing	4720	User Account Management	"A user account was created.

Subject:
	Security ID:		ANONYMOUS LOGON
	Account Name:		ANONYMOUS LOGON
	Account Domain:		NT AUTHORITY
	Logon ID:		0x3E6

New Account:
	Security ID:		WIN-0PV7L6HD3OR\WDAGUtilityAccount
	Account Name:		WDAGUtilityAccount
	Account Domain:		WIN-0PV7L6HD3OR

Attributes:
	SAM Account Name:	WDAGUtilityAccount
	Display Name:		<value not set>
	User Principal Name:	-
	Home Directory:		<value not set>
	Home Drive:		<value not set>
	Script Path:		<value not set>
	Profile Path:		<value not set>
	User Workstations:	<value not set>
	Password Last Set:	<never>
	Account Expires:		<never>
	Primary Group ID:	513
	Allowed To Delegate To:	-
	Old UAC Value:		0x0
	New UAC Value:		0x15
	User Account Control:	
		Account Disabled
		'Password Not Required' - Enabled
		'Normal Account' - Enabled
	User Parameters:	<value not set>
	SID History:		-
	Logon Hours:		All

Additional Information:
	Privileges		-"
Audit Success	9/17/2023 1:55:13 PM	Microsoft-Windows-Security-Auditing	4728	Security Group Management	"A member was added to a security-enabled global group.

Subject:
	Security ID:		ANONYMOUS LOGON
	Account Name:		ANONYMOUS LOGON
	Account Domain:		NT AUTHORITY
	Logon ID:		0x3E6

Member:
	Security ID:		WIN-0PV7L6HD3OR\WDAGUtilityAccount
	Account Name:		-

Group:
	Security ID:		WIN-0PV7L6HD3OR\None
	Group Name:		None
	Group Domain:		WIN-0PV7L6HD3OR

Additional Information:
	Privileges:		-"
Audit Success	9/17/2023 1:55:13 PM	Microsoft-Windows-Security-Auditing	4742	Computer Account Management	"A computer account was changed.

Subject:
	Security ID:		ANONYMOUS LOGON
	Account Name:		ANONYMOUS LOGON
	Account Domain:		NT AUTHORITY
	Logon ID:		0x3E6

Computer Account That Was Changed:
	Security ID:		GMCYBER\WIN-0PV7L6HD3OR$
	Account Name:		WIN-0PV7L6HD3OR$
	Account Domain:		GMCYBER

Changed Attributes:
	SAM Account Name:	-
	Display Name:		-
	User Principal Name:	-
	Home Directory:		-
	Home Drive:		-
	Script Path:		-
	Profile Path:		-
	User Workstations:	-
	Password Last Set:	-
	Account Expires:		-
	Primary Group ID:	-
	AllowedToDelegateTo:	-
	Old UAC Value:		-
	New UAC Value:		-
	User Account Control:	-
	User Parameters:	-
	SID History:		-
	Logon Hours:		-
	DNS Host Name:		-
	Service Principal Names:	-

Additional Information:
	Privileges:		-"
Audit Success	9/17/2023 1:55:13 PM	Microsoft-Windows-Security-Auditing	4735	Security Group Management	"A security-enabled local group was changed.

Subject:
	Security ID:		ANONYMOUS LOGON
	Account Name:		ANONYMOUS LOGON
	Account Domain:		NT AUTHORITY
	Logon ID:		0x3E6

Group:
	Security ID:		BUILTIN\Administrators
	Group Name:		Administrators
	Group Domain:		Builtin

Changed Attributes:
	SAM Account Name:	-
	SID History:		-

Additional Information:
	Privileges:		-"
Audit Success	9/17/2023 1:55:13 PM	Microsoft-Windows-Security-Auditing	4735	Security Group Management	"A security-enabled local group was changed.

Subject:
	Security ID:		ANONYMOUS LOGON
	Account Name:		ANONYMOUS LOGON
	Account Domain:		NT AUTHORITY
	Logon ID:		0x3E6

Group:
	Security ID:		BUILTIN\Windows Authorization Access Group
	Group Name:		Windows Authorization Access Group
	Group Domain:		Builtin

Changed Attributes:
	SAM Account Name:	-
	SID History:		-

Additional Information:
	Privileges:		-"
Audit Success	9/17/2023 1:55:13 PM	Microsoft-Windows-Security-Auditing	4732	Security Group Management	"A member was added to a security-enabled local group.

Subject:
	Security ID:		ANONYMOUS LOGON
	Account Name:		ANONYMOUS LOGON
	Account Domain:		NT AUTHORITY
	Logon ID:		0x3E6

Member:
	Security ID:		NT AUTHORITY\ENTERPRISE DOMAIN CONTROLLERS
	Account Name:		-

Group:
	Security ID:		BUILTIN\Windows Authorization Access Group
	Group Name:		Windows Authorization Access Group
	Group Domain:		Builtin

Additional Information:
	Privileges:		-"
Audit Success	9/17/2023 1:55:13 PM	Microsoft-Windows-Security-Auditing	4735	Security Group Management	"A security-enabled local group was changed.

Subject:
	Security ID:		ANONYMOUS LOGON
	Account Name:		ANONYMOUS LOGON
	Account Domain:		NT AUTHORITY
	Logon ID:		0x3E6

Group:
	Security ID:		BUILTIN\Pre-Windows 2000 Compatible Access
	Group Name:		Pre-Windows 2000 Compatible Access
	Group Domain:		Builtin

Changed Attributes:
	SAM Account Name:	-
	SID History:		-

Additional Information:
	Privileges:		-"
Audit Success	9/17/2023 1:55:13 PM	Microsoft-Windows-Security-Auditing	4732	Security Group Management	"A member was added to a security-enabled local group.

Subject:
	Security ID:		ANONYMOUS LOGON
	Account Name:		ANONYMOUS LOGON
	Account Domain:		NT AUTHORITY
	Logon ID:		0x3E6

Member:
	Security ID:		NT AUTHORITY\Authenticated Users
	Account Name:		-

Group:
	Security ID:		BUILTIN\Pre-Windows 2000 Compatible Access
	Group Name:		Pre-Windows 2000 Compatible Access
	Group Domain:		Builtin

Additional Information:
	Privileges:		-"
Audit Success	9/17/2023 1:55:13 PM	Microsoft-Windows-Security-Auditing	4737	Security Group Management	"A security-enabled global group was changed.

Subject:
	Security ID:		ANONYMOUS LOGON
	Account Name:		ANONYMOUS LOGON
	Account Domain:		NT AUTHORITY
	Logon ID:		0x3E6

Group:
	Security ID:		GMCYBER\Group Policy Creator Owners
	Group Name:		Group Policy Creator Owners
	Group Domain:		GMCYBER

Changed Attributes:
	SAM Account Name:	-
	SID History:		-

Additional Information:
	Privileges:		-"
Audit Success	9/17/2023 1:55:13 PM	Microsoft-Windows-Security-Auditing	4728	Security Group Management	"A member was added to a security-enabled global group.

Subject:
	Security ID:		ANONYMOUS LOGON
	Account Name:		ANONYMOUS LOGON
	Account Domain:		NT AUTHORITY
	Logon ID:		0x3E6

Member:
	Security ID:		GMCYBER\Administrator
	Account Name:		CN=Administrator,CN=Users,DC=GMCyber,DC=net

Group:
	Security ID:		GMCYBER\Group Policy Creator Owners
	Group Name:		Group Policy Creator Owners
	Group Domain:		GMCYBER

Additional Information:
	Privileges:		-"
Audit Success	9/17/2023 1:55:13 PM	Microsoft-Windows-Security-Auditing	4755	Security Group Management	"A security-enabled universal group was changed.

Subject:
	Security ID:		ANONYMOUS LOGON
	Account Name:		ANONYMOUS LOGON
	Account Domain:		NT AUTHORITY
	Logon ID:		0x3E6

Group:
	Security ID:		GMCYBER\Enterprise Admins
	Group Name:		Enterprise Admins
	Group Domain:		GMCYBER

Changed Attributes:
	SAM Account Name:	-
	SID History:		-

Additional Information:
	Privileges:		-"
Audit Success	9/17/2023 1:55:13 PM	Microsoft-Windows-Security-Auditing	4756	Security Group Management	"A member was added to a security-enabled universal group.

Subject:
	Security ID:		ANONYMOUS LOGON
	Account Name:		ANONYMOUS LOGON
	Account Domain:		NT AUTHORITY
	Logon ID:		0x3E6

Member:
	Security ID:		GMCYBER\Administrator
	Account Name:		CN=Administrator,CN=Users,DC=GMCyber,DC=net

Group:
	Security ID:		GMCYBER\Enterprise Admins
	Account Name:		Enterprise Admins
	Account Domain:		GMCYBER

Additional Information:
	Privileges:		-"
Audit Success	9/17/2023 1:55:13 PM	Microsoft-Windows-Security-Auditing	4755	Security Group Management	"A security-enabled universal group was changed.

Subject:
	Security ID:		ANONYMOUS LOGON
	Account Name:		ANONYMOUS LOGON
	Account Domain:		NT AUTHORITY
	Logon ID:		0x3E6

Group:
	Security ID:		GMCYBER\Schema Admins
	Group Name:		Schema Admins
	Group Domain:		GMCYBER

Changed Attributes:
	SAM Account Name:	-
	SID History:		-

Additional Information:
	Privileges:		-"
Audit Success	9/17/2023 1:55:13 PM	Microsoft-Windows-Security-Auditing	4756	Security Group Management	"A member was added to a security-enabled universal group.

Subject:
	Security ID:		ANONYMOUS LOGON
	Account Name:		ANONYMOUS LOGON
	Account Domain:		NT AUTHORITY
	Logon ID:		0x3E6

Member:
	Security ID:		GMCYBER\Administrator
	Account Name:		CN=Administrator,CN=Users,DC=GMCyber,DC=net

Group:
	Security ID:		GMCYBER\Schema Admins
	Account Name:		Schema Admins
	Account Domain:		GMCYBER

Additional Information:
	Privileges:		-"
Audit Success	9/17/2023 1:55:13 PM	Microsoft-Windows-Security-Auditing	4737	Security Group Management	"A security-enabled global group was changed.

Subject:
	Security ID:		ANONYMOUS LOGON
	Account Name:		ANONYMOUS LOGON
	Account Domain:		NT AUTHORITY
	Logon ID:		0x3E6

Group:
	Security ID:		GMCYBER\Domain Admins
	Group Name:		Domain Admins
	Group Domain:		GMCYBER

Changed Attributes:
	SAM Account Name:	-
	SID History:		-

Additional Information:
	Privileges:		-"
Audit Success	9/17/2023 1:55:13 PM	Microsoft-Windows-Security-Auditing	4728	Security Group Management	"A member was added to a security-enabled global group.

Subject:
	Security ID:		ANONYMOUS LOGON
	Account Name:		ANONYMOUS LOGON
	Account Domain:		NT AUTHORITY
	Logon ID:		0x3E6

Member:
	Security ID:		GMCYBER\Administrator
	Account Name:		CN=Administrator,CN=Users,DC=GMCyber,DC=net

Group:
	Security ID:		GMCYBER\Domain Admins
	Group Name:		Domain Admins
	Group Domain:		GMCYBER

Additional Information:
	Privileges:		-"
Audit Success	9/17/2023 1:55:13 PM	Microsoft-Windows-Security-Auditing	4735	Security Group Management	"A security-enabled local group was changed.

Subject:
	Security ID:		ANONYMOUS LOGON
	Account Name:		ANONYMOUS LOGON
	Account Domain:		NT AUTHORITY
	Logon ID:		0x3E6

Group:
	Security ID:		BUILTIN\Guests
	Group Name:		Guests
	Group Domain:		Builtin

Changed Attributes:
	SAM Account Name:	-
	SID History:		-

Additional Information:
	Privileges:		-"
Audit Success	9/17/2023 1:55:13 PM	Microsoft-Windows-Security-Auditing	4732	Security Group Management	"A member was added to a security-enabled local group.

Subject:
	Security ID:		ANONYMOUS LOGON
	Account Name:		ANONYMOUS LOGON
	Account Domain:		NT AUTHORITY
	Logon ID:		0x3E6

Member:
	Security ID:		GMCYBER\Domain Guests
	Account Name:		-

Group:
	Security ID:		BUILTIN\Guests
	Group Name:		Guests
	Group Domain:		Builtin

Additional Information:
	Privileges:		-"
Audit Success	9/17/2023 1:55:13 PM	Microsoft-Windows-Security-Auditing	4735	Security Group Management	"A security-enabled local group was changed.

Subject:
	Security ID:		ANONYMOUS LOGON
	Account Name:		ANONYMOUS LOGON
	Account Domain:		NT AUTHORITY
	Logon ID:		0x3E6

Group:
	Security ID:		BUILTIN\Users
	Group Name:		Users
	Group Domain:		Builtin

Changed Attributes:
	SAM Account Name:	-
	SID History:		-

Additional Information:
	Privileges:		-"
Audit Success	9/17/2023 1:55:13 PM	Microsoft-Windows-Security-Auditing	4732	Security Group Management	"A member was added to a security-enabled local group.

Subject:
	Security ID:		ANONYMOUS LOGON
	Account Name:		ANONYMOUS LOGON
	Account Domain:		NT AUTHORITY
	Logon ID:		0x3E6

Member:
	Security ID:		GMCYBER\Domain Users
	Account Name:		-

Group:
	Security ID:		BUILTIN\Users
	Group Name:		Users
	Group Domain:		Builtin

Additional Information:
	Privileges:		-"
Audit Success	9/17/2023 1:55:13 PM	Microsoft-Windows-Security-Auditing	4735	Security Group Management	"A security-enabled local group was changed.

Subject:
	Security ID:		ANONYMOUS LOGON
	Account Name:		ANONYMOUS LOGON
	Account Domain:		NT AUTHORITY
	Logon ID:		0x3E6

Group:
	Security ID:		BUILTIN\Administrators
	Group Name:		Administrators
	Group Domain:		Builtin

Changed Attributes:
	SAM Account Name:	-
	SID History:		-

Additional Information:
	Privileges:		-"
Audit Success	9/17/2023 1:55:13 PM	Microsoft-Windows-Security-Auditing	4732	Security Group Management	"A member was added to a security-enabled local group.

Subject:
	Security ID:		ANONYMOUS LOGON
	Account Name:		ANONYMOUS LOGON
	Account Domain:		NT AUTHORITY
	Logon ID:		0x3E6

Member:
	Security ID:		GMCYBER\Domain Admins
	Account Name:		-

Group:
	Security ID:		BUILTIN\Administrators
	Group Name:		Administrators
	Group Domain:		Builtin

Additional Information:
	Privileges:		-"
Audit Success	9/17/2023 1:55:13 PM	Microsoft-Windows-Security-Auditing	4735	Security Group Management	"A security-enabled local group was changed.

Subject:
	Security ID:		ANONYMOUS LOGON
	Account Name:		ANONYMOUS LOGON
	Account Domain:		NT AUTHORITY
	Logon ID:		0x3E6

Group:
	Security ID:		BUILTIN\Terminal Server License Servers
	Group Name:		Terminal Server License Servers
	Group Domain:		Builtin

Changed Attributes:
	SAM Account Name:	-
	SID History:		-

Additional Information:
	Privileges:		-"
Audit Success	9/17/2023 1:55:13 PM	Microsoft-Windows-Security-Auditing	4731	Security Group Management	"A security-enabled local group was created.

Subject:
	Security ID:		ANONYMOUS LOGON
	Account Name:		ANONYMOUS LOGON
	Account Domain:		NT AUTHORITY
	Logon ID:		0x3E6

New Group:
	Security ID:		BUILTIN\Terminal Server License Servers
	Group Name:		Terminal Server License Servers
	Group Domain:		Builtin

Attributes:
	SAM Account Name:	Terminal Server License Servers
	SID History:		-

Additional Information:
	Privileges:		-"
Audit Success	9/17/2023 1:55:13 PM	Microsoft-Windows-Security-Auditing	4735	Security Group Management	"A security-enabled local group was changed.

Subject:
	Security ID:		ANONYMOUS LOGON
	Account Name:		ANONYMOUS LOGON
	Account Domain:		NT AUTHORITY
	Logon ID:		0x3E6

Group:
	Security ID:		BUILTIN\Windows Authorization Access Group
	Group Name:		Windows Authorization Access Group
	Group Domain:		Builtin

Changed Attributes:
	SAM Account Name:	-
	SID History:		-

Additional Information:
	Privileges:		-"
Audit Success	9/17/2023 1:55:13 PM	Microsoft-Windows-Security-Auditing	4731	Security Group Management	"A security-enabled local group was created.

Subject:
	Security ID:		ANONYMOUS LOGON
	Account Name:		ANONYMOUS LOGON
	Account Domain:		NT AUTHORITY
	Logon ID:		0x3E6

New Group:
	Security ID:		BUILTIN\Windows Authorization Access Group
	Group Name:		Windows Authorization Access Group
	Group Domain:		Builtin

Attributes:
	SAM Account Name:	Windows Authorization Access Group
	SID History:		-

Additional Information:
	Privileges:		-"
Audit Success	9/17/2023 1:55:13 PM	Microsoft-Windows-Security-Auditing	4735	Security Group Management	"A security-enabled local group was changed.

Subject:
	Security ID:		ANONYMOUS LOGON
	Account Name:		ANONYMOUS LOGON
	Account Domain:		NT AUTHORITY
	Logon ID:		0x3E6

Group:
	Security ID:		BUILTIN\Incoming Forest Trust Builders
	Group Name:		Incoming Forest Trust Builders
	Group Domain:		Builtin

Changed Attributes:
	SAM Account Name:	-
	SID History:		-

Additional Information:
	Privileges:		-"
Audit Success	9/17/2023 1:55:13 PM	Microsoft-Windows-Security-Auditing	4731	Security Group Management	"A security-enabled local group was created.

Subject:
	Security ID:		ANONYMOUS LOGON
	Account Name:		ANONYMOUS LOGON
	Account Domain:		NT AUTHORITY
	Logon ID:		0x3E6

New Group:
	Security ID:		BUILTIN\Incoming Forest Trust Builders
	Group Name:		Incoming Forest Trust Builders
	Group Domain:		Builtin

Attributes:
	SAM Account Name:	Incoming Forest Trust Builders
	SID History:		-

Additional Information:
	Privileges:		-"
Audit Success	9/17/2023 1:55:13 PM	Microsoft-Windows-Security-Auditing	4735	Security Group Management	"A security-enabled local group was changed.

Subject:
	Security ID:		ANONYMOUS LOGON
	Account Name:		ANONYMOUS LOGON
	Account Domain:		NT AUTHORITY
	Logon ID:		0x3E6

Group:
	Security ID:		BUILTIN\Pre-Windows 2000 Compatible Access
	Group Name:		Pre-Windows 2000 Compatible Access
	Group Domain:		Builtin

Changed Attributes:
	SAM Account Name:	-
	SID History:		-

Additional Information:
	Privileges:		-"
Audit Success	9/17/2023 1:55:13 PM	Microsoft-Windows-Security-Auditing	4731	Security Group Management	"A security-enabled local group was created.

Subject:
	Security ID:		ANONYMOUS LOGON
	Account Name:		ANONYMOUS LOGON
	Account Domain:		NT AUTHORITY
	Logon ID:		0x3E6

New Group:
	Security ID:		BUILTIN\Pre-Windows 2000 Compatible Access
	Group Name:		Pre-Windows 2000 Compatible Access
	Group Domain:		Builtin

Attributes:
	SAM Account Name:	Pre-Windows 2000 Compatible Access
	SID History:		-

Additional Information:
	Privileges:		-"
Audit Success	9/17/2023 1:55:13 PM	Microsoft-Windows-Security-Auditing	4735	Security Group Management	"A security-enabled local group was changed.

Subject:
	Security ID:		ANONYMOUS LOGON
	Account Name:		ANONYMOUS LOGON
	Account Domain:		NT AUTHORITY
	Logon ID:		0x3E6

Group:
	Security ID:		BUILTIN\Account Operators
	Group Name:		Account Operators
	Group Domain:		Builtin

Changed Attributes:
	SAM Account Name:	-
	SID History:		-

Additional Information:
	Privileges:		-"
Audit Success	9/17/2023 1:55:13 PM	Microsoft-Windows-Security-Auditing	4731	Security Group Management	"A security-enabled local group was created.

Subject:
	Security ID:		ANONYMOUS LOGON
	Account Name:		ANONYMOUS LOGON
	Account Domain:		NT AUTHORITY
	Logon ID:		0x3E6

New Group:
	Security ID:		BUILTIN\Account Operators
	Group Name:		Account Operators
	Group Domain:		Builtin

Attributes:
	SAM Account Name:	Account Operators
	SID History:		-

Additional Information:
	Privileges:		-"
Audit Success	9/17/2023 1:55:13 PM	Microsoft-Windows-Security-Auditing	4735	Security Group Management	"A security-enabled local group was changed.

Subject:
	Security ID:		ANONYMOUS LOGON
	Account Name:		ANONYMOUS LOGON
	Account Domain:		NT AUTHORITY
	Logon ID:		0x3E6

Group:
	Security ID:		BUILTIN\Server Operators
	Group Name:		Server Operators
	Group Domain:		Builtin

Changed Attributes:
	SAM Account Name:	-
	SID History:		-

Additional Information:
	Privileges:		-"
Audit Success	9/17/2023 1:55:13 PM	Microsoft-Windows-Security-Auditing	4731	Security Group Management	"A security-enabled local group was created.

Subject:
	Security ID:		ANONYMOUS LOGON
	Account Name:		ANONYMOUS LOGON
	Account Domain:		NT AUTHORITY
	Logon ID:		0x3E6

New Group:
	Security ID:		BUILTIN\Server Operators
	Group Name:		Server Operators
	Group Domain:		Builtin

Attributes:
	SAM Account Name:	Server Operators
	SID History:		-

Additional Information:
	Privileges:		-"
Audit Success	9/17/2023 1:55:13 PM	Microsoft-Windows-Security-Auditing	4735	Security Group Management	"A security-enabled local group was changed.

Subject:
	Security ID:		ANONYMOUS LOGON
	Account Name:		ANONYMOUS LOGON
	Account Domain:		NT AUTHORITY
	Logon ID:		0x3E6

Group:
	Security ID:		GMCYBER\RAS and IAS Servers
	Group Name:		RAS and IAS Servers
	Group Domain:		GMCYBER

Changed Attributes:
	SAM Account Name:	-
	SID History:		-

Additional Information:
	Privileges:		-"
Audit Success	9/17/2023 1:55:13 PM	Microsoft-Windows-Security-Auditing	4731	Security Group Management	"A security-enabled local group was created.

Subject:
	Security ID:		ANONYMOUS LOGON
	Account Name:		ANONYMOUS LOGON
	Account Domain:		NT AUTHORITY
	Logon ID:		0x3E6

New Group:
	Security ID:		GMCYBER\RAS and IAS Servers
	Group Name:		RAS and IAS Servers
	Group Domain:		GMCYBER

Attributes:
	SAM Account Name:	RAS and IAS Servers
	SID History:		-

Additional Information:
	Privileges:		-"
Audit Success	9/17/2023 1:55:13 PM	Microsoft-Windows-Security-Auditing	4737	Security Group Management	"A security-enabled global group was changed.

Subject:
	Security ID:		ANONYMOUS LOGON
	Account Name:		ANONYMOUS LOGON
	Account Domain:		NT AUTHORITY
	Logon ID:		0x3E6

Group:
	Security ID:		GMCYBER\Group Policy Creator Owners
	Group Name:		Group Policy Creator Owners
	Group Domain:		GMCYBER

Changed Attributes:
	SAM Account Name:	-
	SID History:		-

Additional Information:
	Privileges:		-"
Audit Success	9/17/2023 1:55:13 PM	Microsoft-Windows-Security-Auditing	4727	Security Group Management	"A security-enabled global group was created.

Subject:
	Security ID:		ANONYMOUS LOGON
	Account Name:		ANONYMOUS LOGON
	Account Domain:		NT AUTHORITY
	Logon ID:		0x3E6

New Group:
	Security ID:		GMCYBER\Group Policy Creator Owners
	Group Name:		Group Policy Creator Owners
	Group Domain:		GMCYBER

Attributes:
	SAM Account Name:	Group Policy Creator Owners
	SID History:		-

Additional Information:
	Privileges:		-"
Audit Success	9/17/2023 1:55:13 PM	Microsoft-Windows-Security-Auditing	4737	Security Group Management	"A security-enabled global group was changed.

Subject:
	Security ID:		ANONYMOUS LOGON
	Account Name:		ANONYMOUS LOGON
	Account Domain:		NT AUTHORITY
	Logon ID:		0x3E6

Group:
	Security ID:		GMCYBER\Domain Guests
	Group Name:		Domain Guests
	Group Domain:		GMCYBER

Changed Attributes:
	SAM Account Name:	-
	SID History:		-

Additional Information:
	Privileges:		-"
Audit Success	9/17/2023 1:55:13 PM	Microsoft-Windows-Security-Auditing	4727	Security Group Management	"A security-enabled global group was created.

Subject:
	Security ID:		ANONYMOUS LOGON
	Account Name:		ANONYMOUS LOGON
	Account Domain:		NT AUTHORITY
	Logon ID:		0x3E6

New Group:
	Security ID:		GMCYBER\Domain Guests
	Group Name:		Domain Guests
	Group Domain:		GMCYBER

Attributes:
	SAM Account Name:	Domain Guests
	SID History:		-

Additional Information:
	Privileges:		-"
Audit Success	9/17/2023 1:55:13 PM	Microsoft-Windows-Security-Auditing	4737	Security Group Management	"A security-enabled global group was changed.

Subject:
	Security ID:		ANONYMOUS LOGON
	Account Name:		ANONYMOUS LOGON
	Account Domain:		NT AUTHORITY
	Logon ID:		0x3E6

Group:
	Security ID:		GMCYBER\Domain Users
	Group Name:		Domain Users
	Group Domain:		GMCYBER

Changed Attributes:
	SAM Account Name:	-
	SID History:		-

Additional Information:
	Privileges:		-"
Audit Success	9/17/2023 1:55:13 PM	Microsoft-Windows-Security-Auditing	4727	Security Group Management	"A security-enabled global group was created.

Subject:
	Security ID:		ANONYMOUS LOGON
	Account Name:		ANONYMOUS LOGON
	Account Domain:		NT AUTHORITY
	Logon ID:		0x3E6

New Group:
	Security ID:		GMCYBER\Domain Users
	Group Name:		Domain Users
	Group Domain:		GMCYBER

Attributes:
	SAM Account Name:	Domain Users
	SID History:		-

Additional Information:
	Privileges:		-"
Audit Success	9/17/2023 1:55:13 PM	Microsoft-Windows-Security-Auditing	4737	Security Group Management	"A security-enabled global group was changed.

Subject:
	Security ID:		ANONYMOUS LOGON
	Account Name:		ANONYMOUS LOGON
	Account Domain:		NT AUTHORITY
	Logon ID:		0x3E6

Group:
	Security ID:		GMCYBER\Domain Admins
	Group Name:		Domain Admins
	Group Domain:		GMCYBER

Changed Attributes:
	SAM Account Name:	-
	SID History:		-

Additional Information:
	Privileges:		-"
Audit Success	9/17/2023 1:55:13 PM	Microsoft-Windows-Security-Auditing	4727	Security Group Management	"A security-enabled global group was created.

Subject:
	Security ID:		ANONYMOUS LOGON
	Account Name:		ANONYMOUS LOGON
	Account Domain:		NT AUTHORITY
	Logon ID:		0x3E6

New Group:
	Security ID:		GMCYBER\Domain Admins
	Group Name:		Domain Admins
	Group Domain:		GMCYBER

Attributes:
	SAM Account Name:	Domain Admins
	SID History:		-

Additional Information:
	Privileges:		-"
Audit Success	9/17/2023 1:55:13 PM	Microsoft-Windows-Security-Auditing	4735	Security Group Management	"A security-enabled local group was changed.

Subject:
	Security ID:		ANONYMOUS LOGON
	Account Name:		ANONYMOUS LOGON
	Account Domain:		NT AUTHORITY
	Logon ID:		0x3E6

Group:
	Security ID:		GMCYBER\Cert Publishers
	Group Name:		Cert Publishers
	Group Domain:		GMCYBER

Changed Attributes:
	SAM Account Name:	-
	SID History:		-

Additional Information:
	Privileges:		-"
Audit Success	9/17/2023 1:55:13 PM	Microsoft-Windows-Security-Auditing	4731	Security Group Management	"A security-enabled local group was created.

Subject:
	Security ID:		ANONYMOUS LOGON
	Account Name:		ANONYMOUS LOGON
	Account Domain:		NT AUTHORITY
	Logon ID:		0x3E6

New Group:
	Security ID:		GMCYBER\Cert Publishers
	Group Name:		Cert Publishers
	Group Domain:		GMCYBER

Attributes:
	SAM Account Name:	Cert Publishers
	SID History:		-

Additional Information:
	Privileges:		-"
Audit Success	9/17/2023 1:55:13 PM	Microsoft-Windows-Security-Auditing	4755	Security Group Management	"A security-enabled universal group was changed.

Subject:
	Security ID:		ANONYMOUS LOGON
	Account Name:		ANONYMOUS LOGON
	Account Domain:		NT AUTHORITY
	Logon ID:		0x3E6

Group:
	Security ID:		GMCYBER\Enterprise Admins
	Group Name:		Enterprise Admins
	Group Domain:		GMCYBER

Changed Attributes:
	SAM Account Name:	-
	SID History:		-

Additional Information:
	Privileges:		-"
Audit Success	9/17/2023 1:55:13 PM	Microsoft-Windows-Security-Auditing	4754	Security Group Management	"A security-enabled universal group was created.

Subject:
	Security ID:		ANONYMOUS LOGON
	Account Name:		ANONYMOUS LOGON
	Account Domain:		NT AUTHORITY
	Logon ID:		0x3E6

Group:
	Security ID:		GMCYBER\Enterprise Admins
	Group Name:		Enterprise Admins
	Group Domain:		GMCYBER

Attributes:
	SAM Account Name:	Enterprise Admins
	SID History:		-

Additional Information:
	Privileges:		-"
Audit Success	9/17/2023 1:55:13 PM	Microsoft-Windows-Security-Auditing	4755	Security Group Management	"A security-enabled universal group was changed.

Subject:
	Security ID:		ANONYMOUS LOGON
	Account Name:		ANONYMOUS LOGON
	Account Domain:		NT AUTHORITY
	Logon ID:		0x3E6

Group:
	Security ID:		GMCYBER\Schema Admins
	Group Name:		Schema Admins
	Group Domain:		GMCYBER

Changed Attributes:
	SAM Account Name:	-
	SID History:		-

Additional Information:
	Privileges:		-"
Audit Success	9/17/2023 1:55:13 PM	Microsoft-Windows-Security-Auditing	4754	Security Group Management	"A security-enabled universal group was created.

Subject:
	Security ID:		ANONYMOUS LOGON
	Account Name:		ANONYMOUS LOGON
	Account Domain:		NT AUTHORITY
	Logon ID:		0x3E6

Group:
	Security ID:		GMCYBER\Schema Admins
	Group Name:		Schema Admins
	Group Domain:		GMCYBER

Attributes:
	SAM Account Name:	Schema Admins
	SID History:		-

Additional Information:
	Privileges:		-"
Audit Success	9/17/2023 1:55:13 PM	Microsoft-Windows-Security-Auditing	4737	Security Group Management	"A security-enabled global group was changed.

Subject:
	Security ID:		ANONYMOUS LOGON
	Account Name:		ANONYMOUS LOGON
	Account Domain:		NT AUTHORITY
	Logon ID:		0x3E6

Group:
	Security ID:		GMCYBER\Domain Controllers
	Group Name:		Domain Controllers
	Group Domain:		GMCYBER

Changed Attributes:
	SAM Account Name:	-
	SID History:		-

Additional Information:
	Privileges:		-"
Audit Success	9/17/2023 1:55:13 PM	Microsoft-Windows-Security-Auditing	4727	Security Group Management	"A security-enabled global group was created.

Subject:
	Security ID:		ANONYMOUS LOGON
	Account Name:		ANONYMOUS LOGON
	Account Domain:		NT AUTHORITY
	Logon ID:		0x3E6

New Group:
	Security ID:		GMCYBER\Domain Controllers
	Group Name:		Domain Controllers
	Group Domain:		GMCYBER

Attributes:
	SAM Account Name:	Domain Controllers
	SID History:		-

Additional Information:
	Privileges:		-"
Audit Success	9/17/2023 1:55:13 PM	Microsoft-Windows-Security-Auditing	4737	Security Group Management	"A security-enabled global group was changed.

Subject:
	Security ID:		ANONYMOUS LOGON
	Account Name:		ANONYMOUS LOGON
	Account Domain:		NT AUTHORITY
	Logon ID:		0x3E6

Group:
	Security ID:		GMCYBER\Domain Computers
	Group Name:		Domain Computers
	Group Domain:		GMCYBER

Changed Attributes:
	SAM Account Name:	-
	SID History:		-

Additional Information:
	Privileges:		-"
Audit Success	9/17/2023 1:55:13 PM	Microsoft-Windows-Security-Auditing	4727	Security Group Management	"A security-enabled global group was created.

Subject:
	Security ID:		ANONYMOUS LOGON
	Account Name:		ANONYMOUS LOGON
	Account Domain:		NT AUTHORITY
	Logon ID:		0x3E6

New Group:
	Security ID:		GMCYBER\Domain Computers
	Group Name:		Domain Computers
	Group Domain:		GMCYBER

Attributes:
	SAM Account Name:	Domain Computers
	SID History:		-

Additional Information:
	Privileges:		-"
Audit Success	9/17/2023 1:55:13 PM	Microsoft-Windows-Security-Auditing	4738	User Account Management	"A user account was changed.

Subject:
	Security ID:		ANONYMOUS LOGON
	Account Name:		ANONYMOUS LOGON
	Account Domain:		NT AUTHORITY
	Logon ID:		0x3E6

Target Account:
	Security ID:		GMCYBER\krbtgt
	Account Name:		krbtgt
	Account Domain:		GMCYBER

Changed Attributes:
	SAM Account Name:	-
	Display Name:		-
	User Principal Name:	-
	Home Directory:		-
	Home Drive:		-
	Script Path:		-
	Profile Path:		-
	User Workstations:	-
	Password Last Set:	-
	Account Expires:		-
	Primary Group ID:	-
	AllowedToDelegateTo:	-
	Old UAC Value:		-
	New UAC Value:		-
	User Account Control:	-
	User Parameters:	-
	SID History:		-
	Logon Hours:		-

Additional Information:
	Privileges:		-"
Audit Success	9/17/2023 1:55:13 PM	Microsoft-Windows-Security-Auditing	4738	User Account Management	"A user account was changed.

Subject:
	Security ID:		ANONYMOUS LOGON
	Account Name:		ANONYMOUS LOGON
	Account Domain:		NT AUTHORITY
	Logon ID:		0x3E6

Target Account:
	Security ID:		GMCYBER\krbtgt
	Account Name:		krbtgt
	Account Domain:		GMCYBER

Changed Attributes:
	SAM Account Name:	-
	Display Name:		-
	User Principal Name:	-
	Home Directory:		-
	Home Drive:		-
	Script Path:		-
	Profile Path:		-
	User Workstations:	-
	Password Last Set:	9/17/2023 1:55:13 PM
	Account Expires:		-
	Primary Group ID:	-
	AllowedToDelegateTo:	-
	Old UAC Value:		-
	New UAC Value:		-
	User Account Control:	-
	User Parameters:	-
	SID History:		-
	Logon Hours:		-

Additional Information:
	Privileges:		-"
Audit Success	9/17/2023 1:55:13 PM	Microsoft-Windows-Security-Auditing	4738	User Account Management	"A user account was changed.

Subject:
	Security ID:		ANONYMOUS LOGON
	Account Name:		ANONYMOUS LOGON
	Account Domain:		NT AUTHORITY
	Logon ID:		0x3E6

Target Account:
	Security ID:		GMCYBER\krbtgt
	Account Name:		krbtgt
	Account Domain:		GMCYBER

Changed Attributes:
	SAM Account Name:	-
	Display Name:		-
	User Principal Name:	-
	Home Directory:		-
	Home Drive:		-
	Script Path:		-
	Profile Path:		-
	User Workstations:	-
	Password Last Set:	-
	Account Expires:		-
	Primary Group ID:	-
	AllowedToDelegateTo:	-
	Old UAC Value:		0x15
	New UAC Value:		0x11
	User Account Control:	
		'Password Not Required' - Disabled
	User Parameters:	-
	SID History:		-
	Logon Hours:		-

Additional Information:
	Privileges:		-"
Audit Success	9/17/2023 1:55:13 PM	Microsoft-Windows-Security-Auditing	4720	User Account Management	"A user account was created.

Subject:
	Security ID:		ANONYMOUS LOGON
	Account Name:		ANONYMOUS LOGON
	Account Domain:		NT AUTHORITY
	Logon ID:		0x3E6

New Account:
	Security ID:		GMCYBER\krbtgt
	Account Name:		krbtgt
	Account Domain:		GMCYBER

Attributes:
	SAM Account Name:	krbtgt
	Display Name:		<value not set>
	User Principal Name:	-
	Home Directory:		<value not set>
	Home Drive:		<value not set>
	Script Path:		<value not set>
	Profile Path:		<value not set>
	User Workstations:	<value not set>
	Password Last Set:	<never>
	Account Expires:		<never>
	Primary Group ID:	513
	Allowed To Delegate To:	-
	Old UAC Value:		0x0
	New UAC Value:		0x15
	User Account Control:	
		Account Disabled
		'Password Not Required' - Enabled
		'Normal Account' - Enabled
	User Parameters:	<value changed, but not displayed>
	SID History:		-
	Logon Hours:		<value not set>

Additional Information:
	Privileges		-"
Audit Success	9/17/2023 1:55:13 PM	Microsoft-Windows-Security-Auditing	4742	Computer Account Management	"A computer account was changed.

Subject:
	Security ID:		ANONYMOUS LOGON
	Account Name:		ANONYMOUS LOGON
	Account Domain:		NT AUTHORITY
	Logon ID:		0x3E6

Computer Account That Was Changed:
	Security ID:		GMCYBER\WIN-0PV7L6HD3OR$
	Account Name:		WIN-0PV7L6HD3OR$
	Account Domain:		GMCYBER

Changed Attributes:
	SAM Account Name:	-
	Display Name:		-
	User Principal Name:	-
	Home Directory:		-
	Home Drive:		-
	Script Path:		-
	Profile Path:		-
	User Workstations:	-
	Password Last Set:	9/17/2023 1:55:13 PM
	Account Expires:		-
	Primary Group ID:	-
	AllowedToDelegateTo:	-
	Old UAC Value:		-
	New UAC Value:		-
	User Account Control:	-
	User Parameters:	-
	SID History:		-
	Logon Hours:		-
	DNS Host Name:		-
	Service Principal Names:	-

Additional Information:
	Privileges:		-"
Audit Success	9/17/2023 1:55:13 PM	Microsoft-Windows-Security-Auditing	4742	Computer Account Management	"A computer account was changed.

Subject:
	Security ID:		ANONYMOUS LOGON
	Account Name:		ANONYMOUS LOGON
	Account Domain:		NT AUTHORITY
	Logon ID:		0x3E6

Computer Account That Was Changed:
	Security ID:		GMCYBER\WIN-0PV7L6HD3OR$
	Account Name:		WIN-0PV7L6HD3OR$
	Account Domain:		GMCYBER

Changed Attributes:
	SAM Account Name:	-
	Display Name:		-
	User Principal Name:	-
	Home Directory:		-
	Home Drive:		-
	Script Path:		-
	Profile Path:		-
	User Workstations:	-
	Password Last Set:	-
	Account Expires:		-
	Primary Group ID:	-
	AllowedToDelegateTo:	-
	Old UAC Value:		0x105
	New UAC Value:		0x2100
	User Account Control:	
		Account Enabled
		'Password Not Required' - Disabled
		'Trusted For Delegation' - Enabled
	User Parameters:	-
	SID History:		-
	Logon Hours:		-
	DNS Host Name:		-
	Service Principal Names:	-

Additional Information:
	Privileges:		-"
Audit Success	9/17/2023 1:55:13 PM	Microsoft-Windows-Security-Auditing	4722	User Account Management	"A user account was enabled.

Subject:
	Security ID:		ANONYMOUS LOGON
	Account Name:		ANONYMOUS LOGON
	Account Domain:		NT AUTHORITY
	Logon ID:		0x3E6

Target Account:
	Security ID:		GMCYBER\WIN-0PV7L6HD3OR$
	Account Name:		WIN-0PV7L6HD3OR$
	Account Domain:		GMCYBER"
Audit Success	9/17/2023 1:55:13 PM	Microsoft-Windows-Security-Auditing	4741	Computer Account Management	"A computer account was created.

Subject:
	Security ID:		ANONYMOUS LOGON
	Account Name:		ANONYMOUS LOGON
	Account Domain:		NT AUTHORITY
	Logon ID:		0x3E6

New Computer Account:
	Security ID:		GMCYBER\WIN-0PV7L6HD3OR$
	Account Name:		WIN-0PV7L6HD3OR$
	Account Domain:		GMCYBER

Attributes:
	SAM Account Name:	WIN-0PV7L6HD3OR$
	Display Name:		<value not set>
	User Principal Name:	-
	Home Directory:		<value not set>
	Home Drive:		<value not set>
	Script Path:		<value not set>
	Profile Path:		<value not set>
	User Workstations:	<value not set>
	Password Last Set:	<never>
	Account Expires:		<never>
	Primary Group ID:	516
	AllowedToDelegateTo:	-
	Old UAC Value:		0x0
	New UAC Value:		0x105
	User Account Control:	
		Account Disabled
		'Password Not Required' - Enabled
		'Server Trust Account' - Enabled
	User Parameters:	<value changed, but not displayed>
	SID History:		-
	Logon Hours:		<value not set>
	DNS Host Name:		-
	Service Principal Names:	-

Additional Information:
	Privileges		-"
Audit Success	9/17/2023 1:55:13 PM	Microsoft-Windows-Security-Auditing	4735	Security Group Management	"A security-enabled local group was changed.

Subject:
	Security ID:		SYSTEM
	Account Name:		WIN-0PV7L6HD3OR$
	Account Domain:		GMCYBER
	Logon ID:		0x3E7

Group:
	Security ID:		BUILTIN\Performance Log Users
	Group Name:		Performance Log Users
	Group Domain:		Builtin

Changed Attributes:
	SAM Account Name:	-
	SID History:		-

Additional Information:
	Privileges:		-"
Audit Success	9/17/2023 1:55:13 PM	Microsoft-Windows-Security-Auditing	4731	Security Group Management	"A security-enabled local group was created.

Subject:
	Security ID:		SYSTEM
	Account Name:		WIN-0PV7L6HD3OR$
	Account Domain:		GMCYBER
	Logon ID:		0x3E7

New Group:
	Security ID:		BUILTIN\Performance Log Users
	Group Name:		Performance Log Users
	Group Domain:		Builtin

Attributes:
	SAM Account Name:	Performance Log Users
	SID History:		-

Additional Information:
	Privileges:		-"
Audit Success	9/17/2023 1:55:13 PM	Microsoft-Windows-Security-Auditing	4735	Security Group Management	"A security-enabled local group was changed.

Subject:
	Security ID:		SYSTEM
	Account Name:		WIN-0PV7L6HD3OR$
	Account Domain:		GMCYBER
	Logon ID:		0x3E7

Group:
	Security ID:		BUILTIN\Performance Monitor Users
	Group Name:		Performance Monitor Users
	Group Domain:		Builtin

Changed Attributes:
	SAM Account Name:	-
	SID History:		-

Additional Information:
	Privileges:		-"
Audit Success	9/17/2023 1:55:13 PM	Microsoft-Windows-Security-Auditing	4731	Security Group Management	"A security-enabled local group was created.

Subject:
	Security ID:		SYSTEM
	Account Name:		WIN-0PV7L6HD3OR$
	Account Domain:		GMCYBER
	Logon ID:		0x3E7

New Group:
	Security ID:		BUILTIN\Performance Monitor Users
	Group Name:		Performance Monitor Users
	Group Domain:		Builtin

Attributes:
	SAM Account Name:	Performance Monitor Users
	SID History:		-

Additional Information:
	Privileges:		-"
Audit Success	9/17/2023 1:55:13 PM	Microsoft-Windows-Security-Auditing	4735	Security Group Management	"A security-enabled local group was changed.

Subject:
	Security ID:		SYSTEM
	Account Name:		WIN-0PV7L6HD3OR$
	Account Domain:		GMCYBER
	Logon ID:		0x3E7

Group:
	Security ID:		BUILTIN\Network Configuration Operators
	Group Name:		Network Configuration Operators
	Group Domain:		Builtin

Changed Attributes:
	SAM Account Name:	-
	SID History:		-

Additional Information:
	Privileges:		-"
Audit Success	9/17/2023 1:55:13 PM	Microsoft-Windows-Security-Auditing	4731	Security Group Management	"A security-enabled local group was created.

Subject:
	Security ID:		SYSTEM
	Account Name:		WIN-0PV7L6HD3OR$
	Account Domain:		GMCYBER
	Logon ID:		0x3E7

New Group:
	Security ID:		BUILTIN\Network Configuration Operators
	Group Name:		Network Configuration Operators
	Group Domain:		Builtin

Attributes:
	SAM Account Name:	Network Configuration Operators
	SID History:		-

Additional Information:
	Privileges:		-"
Audit Success	9/17/2023 1:55:13 PM	Microsoft-Windows-Security-Auditing	4735	Security Group Management	"A security-enabled local group was changed.

Subject:
	Security ID:		SYSTEM
	Account Name:		WIN-0PV7L6HD3OR$
	Account Domain:		GMCYBER
	Logon ID:		0x3E7

Group:
	Security ID:		BUILTIN\Remote Desktop Users
	Group Name:		Remote Desktop Users
	Group Domain:		Builtin

Changed Attributes:
	SAM Account Name:	-
	SID History:		-

Additional Information:
	Privileges:		-"
Audit Success	9/17/2023 1:55:13 PM	Microsoft-Windows-Security-Auditing	4731	Security Group Management	"A security-enabled local group was created.

Subject:
	Security ID:		SYSTEM
	Account Name:		WIN-0PV7L6HD3OR$
	Account Domain:		GMCYBER
	Logon ID:		0x3E7

New Group:
	Security ID:		BUILTIN\Remote Desktop Users
	Group Name:		Remote Desktop Users
	Group Domain:		Builtin

Attributes:
	SAM Account Name:	Remote Desktop Users
	SID History:		-

Additional Information:
	Privileges:		-"
Audit Success	9/17/2023 1:55:13 PM	Microsoft-Windows-Security-Auditing	4735	Security Group Management	"A security-enabled local group was changed.

Subject:
	Security ID:		SYSTEM
	Account Name:		WIN-0PV7L6HD3OR$
	Account Domain:		GMCYBER
	Logon ID:		0x3E7

Group:
	Security ID:		BUILTIN\Print Operators
	Group Name:		Print Operators
	Group Domain:		Builtin

Changed Attributes:
	SAM Account Name:	-
	SID History:		-

Additional Information:
	Privileges:		-"
