Audit Success	9/17/2023 1:57:25 PM	Microsoft-Windows-Security-Auditing	4624	Logon	"An account was successfully logged on.

Subject:
	Security ID:		SYSTEM
	Account Name:		WIN-0PV7L6HD3OR$
	Account Domain:		GMCYBER
	Logon ID:		0x3E7

Logon Information:
	Logon Type:		5
	Restricted Admin Mode:	-
	Virtual Account:		No
	Elevated Token:		Yes

Impersonation Level:		Impersonation

New Logon:
	Security ID:		SYSTEM
	Account Name:		SYSTEM
	Account Domain:		NT AUTHORITY
	Logon ID:		0x3E7
	Linked Logon ID:		0x0
	Network Account Name:	-
	Network Account Domain:	-
	Logon GUID:		{00000000-0000-0000-0000-000000000000}

Process Information:
	Process ID:		0x25c
	Process Name:		C:\Windows\System32\services.exe

Network Information:
	Workstation Name:	-
	Source Network Address:	-
	Source Port:		-

Detailed Authentication Information:
	Logon Process:		Advapi  
	Authentication Package:	Negotiate
	Transited Services:	-
	Package Name (NTLM only):	-
	Key Length:		0

This event is generated when a logon session is created. It is generated on the computer that was accessed.

The subject fields indicate the account on the local system which requested the logon. This is most commonly a service such as the Server service, or a local process such as Winlogon.exe or Services.exe.

The logon type field indicates the kind of logon that occurred. The most common types are 2 (interactive) and 3 (network).

The New Logon fields indicate the account for whom the new logon was created, i.e. the account that was logged on.

The network fields indicate where a remote logon request originated. Workstation name is not always available and may be left blank in some cases.

The impersonation level field indicates the extent to which a process in the logon session can impersonate.

The authentication information fields provide detailed information about this specific logon request.
	- Logon GUID is a unique identifier that can be used to correlate this event with a KDC event.
	- Transited services indicate which intermediate services have participated in this logon request.
	- Package name indicates which sub-protocol was used among the NTLM protocols.
	- Key length indicates the length of the generated session key. This will be 0 if no session key was requested."
Audit Success	9/17/2023 1:57:25 PM	Microsoft-Windows-Security-Auditing	4672	Special Logon	"Special privileges assigned to new logon.

Subject:
	Security ID:		SYSTEM
	Account Name:		SYSTEM
	Account Domain:		NT AUTHORITY
	Logon ID:		0x3E7

Privileges:		SeAssignPrimaryTokenPrivilege
			SeTcbPrivilege
			SeSecurityPrivilege
			SeTakeOwnershipPrivilege
			SeLoadDriverPrivilege
			SeBackupPrivilege
			SeRestorePrivilege
			SeDebugPrivilege
			SeAuditPrivilege
			SeSystemEnvironmentPrivilege
			SeImpersonatePrivilege
			SeDelegateSessionUserImpersonatePrivilege"
Audit Success	9/17/2023 1:57:25 PM	Microsoft-Windows-Security-Auditing	4624	Logon	"An account was successfully logged on.

Subject:
	Security ID:		SYSTEM
	Account Name:		WIN-0PV7L6HD3OR$
	Account Domain:		GMCYBER
	Logon ID:		0x3E7

Logon Information:
	Logon Type:		5
	Restricted Admin Mode:	-
	Virtual Account:		No
	Elevated Token:		Yes

Impersonation Level:		Impersonation

New Logon:
	Security ID:		SYSTEM
	Account Name:		SYSTEM
	Account Domain:		NT AUTHORITY
	Logon ID:		0x3E7
	Linked Logon ID:		0x0
	Network Account Name:	-
	Network Account Domain:	-
	Logon GUID:		{00000000-0000-0000-0000-000000000000}

Process Information:
	Process ID:		0x25c
	Process Name:		C:\Windows\System32\services.exe

Network Information:
	Workstation Name:	-
	Source Network Address:	-
	Source Port:		-

Detailed Authentication Information:
	Logon Process:		Advapi  
	Authentication Package:	Negotiate
	Transited Services:	-
	Package Name (NTLM only):	-
	Key Length:		0

This event is generated when a logon session is created. It is generated on the computer that was accessed.

The subject fields indicate the account on the local system which requested the logon. This is most commonly a service such as the Server service, or a local process such as Winlogon.exe or Services.exe.

The logon type field indicates the kind of logon that occurred. The most common types are 2 (interactive) and 3 (network).

The New Logon fields indicate the account for whom the new logon was created, i.e. the account that was logged on.

The network fields indicate where a remote logon request originated. Workstation name is not always available and may be left blank in some cases.

The impersonation level field indicates the extent to which a process in the logon session can impersonate.

The authentication information fields provide detailed information about this specific logon request.
	- Logon GUID is a unique identifier that can be used to correlate this event with a KDC event.
	- Transited services indicate which intermediate services have participated in this logon request.
	- Package name indicates which sub-protocol was used among the NTLM protocols.
	- Key length indicates the length of the generated session key. This will be 0 if no session key was requested."
Audit Success	9/17/2023 1:57:25 PM	Microsoft-Windows-Security-Auditing	4672	Special Logon	"Special privileges assigned to new logon.

Subject:
	Security ID:		SYSTEM
	Account Name:		SYSTEM
	Account Domain:		NT AUTHORITY
	Logon ID:		0x3E7

Privileges:		SeAssignPrimaryTokenPrivilege
			SeTcbPrivilege
			SeSecurityPrivilege
			SeTakeOwnershipPrivilege
			SeLoadDriverPrivilege
			SeBackupPrivilege
			SeRestorePrivilege
			SeDebugPrivilege
			SeAuditPrivilege
			SeSystemEnvironmentPrivilege
			SeImpersonatePrivilege
			SeDelegateSessionUserImpersonatePrivilege"
Audit Success	9/17/2023 1:57:25 PM	Microsoft-Windows-Security-Auditing	4624	Logon	"An account was successfully logged on.

Subject:
	Security ID:		SYSTEM
	Account Name:		WIN-0PV7L6HD3OR$
	Account Domain:		GMCYBER
	Logon ID:		0x3E7

Logon Information:
	Logon Type:		5
	Restricted Admin Mode:	-
	Virtual Account:		No
	Elevated Token:		Yes

Impersonation Level:		Impersonation

New Logon:
	Security ID:		SYSTEM
	Account Name:		SYSTEM
	Account Domain:		NT AUTHORITY
	Logon ID:		0x3E7
	Linked Logon ID:		0x0
	Network Account Name:	-
	Network Account Domain:	-
	Logon GUID:		{00000000-0000-0000-0000-000000000000}

Process Information:
	Process ID:		0x25c
	Process Name:		C:\Windows\System32\services.exe

Network Information:
	Workstation Name:	-
	Source Network Address:	-
	Source Port:		-

Detailed Authentication Information:
	Logon Process:		Advapi  
	Authentication Package:	Negotiate
	Transited Services:	-
	Package Name (NTLM only):	-
	Key Length:		0

This event is generated when a logon session is created. It is generated on the computer that was accessed.

The subject fields indicate the account on the local system which requested the logon. This is most commonly a service such as the Server service, or a local process such as Winlogon.exe or Services.exe.

The logon type field indicates the kind of logon that occurred. The most common types are 2 (interactive) and 3 (network).

The New Logon fields indicate the account for whom the new logon was created, i.e. the account that was logged on.

The network fields indicate where a remote logon request originated. Workstation name is not always available and may be left blank in some cases.

The impersonation level field indicates the extent to which a process in the logon session can impersonate.

The authentication information fields provide detailed information about this specific logon request.
	- Logon GUID is a unique identifier that can be used to correlate this event with a KDC event.
	- Transited services indicate which intermediate services have participated in this logon request.
	- Package name indicates which sub-protocol was used among the NTLM protocols.
	- Key length indicates the length of the generated session key. This will be 0 if no session key was requested."
Audit Success	9/17/2023 1:57:24 PM	Microsoft-Windows-Security-Auditing	5059	Other System Events	"Key migration operation.

Subject:
	Security ID:		LOCAL SERVICE
	Account Name:		LOCAL SERVICE
	Account Domain:		NT AUTHORITY
	Logon ID:		0x3E5

Process Information:
	Process ID:		3680
	Process Creation Time:	‎2023‎-‎09‎-‎17T20:57:23.981738400Z

Cryptographic Parameters:
	Provider Name:	Microsoft Software Key Storage Provider
	Algorithm Name:	ECDSA_P256
	Key Name:	Microsoft Connected Devices Platform device certificate
	Key Type:	User key.

Additional Information:
	Operation:	Export of persistent cryptographic key.
	Return Code:	0x0"
Audit Success	9/17/2023 1:57:24 PM	Microsoft-Windows-Security-Auditing	5061	System Integrity	"Cryptographic operation.

Subject:
	Security ID:		LOCAL SERVICE
	Account Name:		LOCAL SERVICE
	Account Domain:		NT AUTHORITY
	Logon ID:		0x3E5

Cryptographic Parameters:
	Provider Name:	Microsoft Software Key Storage Provider
	Algorithm Name:	ECDSA_P256
	Key Name:	Microsoft Connected Devices Platform device certificate
	Key Type:	User key.

Cryptographic Operation:
	Operation:	Open Key.
	Return Code:	0x0"
Audit Success	9/17/2023 1:57:24 PM	Microsoft-Windows-Security-Auditing	5058	Other System Events	"Key file operation.

Subject:
	Security ID:		LOCAL SERVICE
	Account Name:		LOCAL SERVICE
	Account Domain:		NT AUTHORITY
	Logon ID:		0x3E5

Process Information:
	Process ID:		3680
	Process Creation Time:	‎2023‎-‎09‎-‎17T20:57:23.981738400Z

Cryptographic Parameters:
	Provider Name:	Microsoft Software Key Storage Provider
	Algorithm Name:	UNKNOWN
	Key Name:	Microsoft Connected Devices Platform device certificate
	Key Type:	User key.

Key File Operation Information:
	File Path:	C:\Windows\ServiceProfiles\LocalService\AppData\Roaming\Microsoft\Crypto\Keys\de7cf8a7901d2ad13e5c67c29e5d1662_9750b4b1-50a7-4be8-8f49-a75ede28cadf
	Operation:	Read persisted key from file.
	Return Code:	0x0"
Audit Success	9/17/2023 1:56:54 PM	Microsoft-Windows-Security-Auditing	4634	Logoff	"An account was logged off.

Subject:
	Security ID:		SYSTEM
	Account Name:		WIN-0PV7L6HD3OR$
	Account Domain:		GMCYBER
	Logon ID:		0x44379

Logon Type:			3

This event is generated when a logon session is destroyed. It may be positively correlated with a logon event using the Logon ID value. Logon IDs are only unique between reboots on the same computer."
Audit Success	9/17/2023 1:56:54 PM	Microsoft-Windows-Security-Auditing	4624	Logon	"An account was successfully logged on.

Subject:
	Security ID:		NULL SID
	Account Name:		-
	Account Domain:		-
	Logon ID:		0x0

Logon Information:
	Logon Type:		3
	Restricted Admin Mode:	-
	Virtual Account:		No
	Elevated Token:		Yes

Impersonation Level:		Impersonation

New Logon:
	Security ID:		SYSTEM
	Account Name:		WIN-0PV7L6HD3OR$
	Account Domain:		GMCYBER.NET
	Logon ID:		0x44379
	Linked Logon ID:		0x0
	Network Account Name:	-
	Network Account Domain:	-
	Logon GUID:		{5be0fc56-ce07-06c9-d76a-714ffd990fb5}

Process Information:
	Process ID:		0x0
	Process Name:		-

Network Information:
	Workstation Name:	-
	Source Network Address:	::1
	Source Port:		50295

Detailed Authentication Information:
	Logon Process:		Kerberos
	Authentication Package:	Kerberos
	Transited Services:	-
	Package Name (NTLM only):	-
	Key Length:		0

This event is generated when a logon session is created. It is generated on the computer that was accessed.

The subject fields indicate the account on the local system which requested the logon. This is most commonly a service such as the Server service, or a local process such as Winlogon.exe or Services.exe.

The logon type field indicates the kind of logon that occurred. The most common types are 2 (interactive) and 3 (network).

The New Logon fields indicate the account for whom the new logon was created, i.e. the account that was logged on.

The network fields indicate where a remote logon request originated. Workstation name is not always available and may be left blank in some cases.

The impersonation level field indicates the extent to which a process in the logon session can impersonate.

The authentication information fields provide detailed information about this specific logon request.
	- Logon GUID is a unique identifier that can be used to correlate this event with a KDC event.
	- Transited services indicate which intermediate services have participated in this logon request.
	- Package name indicates which sub-protocol was used among the NTLM protocols.
	- Key length indicates the length of the generated session key. This will be 0 if no session key was requested."
Audit Success	9/17/2023 1:56:54 PM	Microsoft-Windows-Security-Auditing	4672	Special Logon	"Special privileges assigned to new logon.

Subject:
	Security ID:		SYSTEM
	Account Name:		WIN-0PV7L6HD3OR$
	Account Domain:		GMCYBER
	Logon ID:		0x44379

Privileges:		SeSecurityPrivilege
			SeBackupPrivilege
			SeRestorePrivilege
			SeTakeOwnershipPrivilege
			SeDebugPrivilege
			SeSystemEnvironmentPrivilege
			SeLoadDriverPrivilege
			SeImpersonatePrivilege
			SeDelegateSessionUserImpersonatePrivilege
			SeEnableDelegationPrivilege"
Audit Success	9/17/2023 1:56:53 PM	Microsoft-Windows-Security-Auditing	4634	Logoff	"An account was logged off.

Subject:
	Security ID:		SYSTEM
	Account Name:		WIN-0PV7L6HD3OR$
	Account Domain:		GMCYBER
	Logon ID:		0x441A8

Logon Type:			3

This event is generated when a logon session is destroyed. It may be positively correlated with a logon event using the Logon ID value. Logon IDs are only unique between reboots on the same computer."
Audit Success	9/17/2023 1:56:53 PM	Microsoft-Windows-Security-Auditing	4624	Logon	"An account was successfully logged on.

Subject:
	Security ID:		NULL SID
	Account Name:		-
	Account Domain:		-
	Logon ID:		0x0

Logon Information:
	Logon Type:		3
	Restricted Admin Mode:	-
	Virtual Account:		No
	Elevated Token:		Yes

Impersonation Level:		Impersonation

New Logon:
	Security ID:		SYSTEM
	Account Name:		WIN-0PV7L6HD3OR$
	Account Domain:		GMCYBER.NET
	Logon ID:		0x441A8
	Linked Logon ID:		0x0
	Network Account Name:	-
	Network Account Domain:	-
	Logon GUID:		{5be0fc56-ce07-06c9-d76a-714ffd990fb5}

Process Information:
	Process ID:		0x0
	Process Name:		-

Network Information:
	Workstation Name:	-
	Source Network Address:	::1
	Source Port:		50294

Detailed Authentication Information:
	Logon Process:		Kerberos
	Authentication Package:	Kerberos
	Transited Services:	-
	Package Name (NTLM only):	-
	Key Length:		0

This event is generated when a logon session is created. It is generated on the computer that was accessed.

The subject fields indicate the account on the local system which requested the logon. This is most commonly a service such as the Server service, or a local process such as Winlogon.exe or Services.exe.

The logon type field indicates the kind of logon that occurred. The most common types are 2 (interactive) and 3 (network).

The New Logon fields indicate the account for whom the new logon was created, i.e. the account that was logged on.

The network fields indicate where a remote logon request originated. Workstation name is not always available and may be left blank in some cases.

The impersonation level field indicates the extent to which a process in the logon session can impersonate.

The authentication information fields provide detailed information about this specific logon request.
	- Logon GUID is a unique identifier that can be used to correlate this event with a KDC event.
	- Transited services indicate which intermediate services have participated in this logon request.
	- Package name indicates which sub-protocol was used among the NTLM protocols.
	- Key length indicates the length of the generated session key. This will be 0 if no session key was requested."
Audit Success	9/17/2023 1:56:53 PM	Microsoft-Windows-Security-Auditing	4672	Special Logon	"Special privileges assigned to new logon.

Subject:
	Security ID:		SYSTEM
	Account Name:		WIN-0PV7L6HD3OR$
	Account Domain:		GMCYBER
	Logon ID:		0x441A8

Privileges:		SeSecurityPrivilege
			SeBackupPrivilege
			SeRestorePrivilege
			SeTakeOwnershipPrivilege
			SeDebugPrivilege
			SeSystemEnvironmentPrivilege
			SeLoadDriverPrivilege
			SeImpersonatePrivilege
			SeDelegateSessionUserImpersonatePrivilege
			SeEnableDelegationPrivilege"
Audit Success	9/17/2023 1:56:53 PM	Microsoft-Windows-Security-Auditing	4624	Logon	"An account was successfully logged on.

Subject:
	Security ID:		NULL SID
	Account Name:		-
	Account Domain:		-
	Logon ID:		0x0

Logon Information:
	Logon Type:		3
	Restricted Admin Mode:	-
	Virtual Account:		No
	Elevated Token:		Yes

Impersonation Level:		Delegation

New Logon:
	Security ID:		SYSTEM
	Account Name:		WIN-0PV7L6HD3OR$
	Account Domain:		GMCYBER.NET
	Logon ID:		0x44170
	Linked Logon ID:		0x0
	Network Account Name:	-
	Network Account Domain:	-
	Logon GUID:		{5be0fc56-ce07-06c9-d76a-714ffd990fb5}

Process Information:
	Process ID:		0x0
	Process Name:		-

Network Information:
	Workstation Name:	-
	Source Network Address:	fe80::981c:161e:7cca:c579
	Source Port:		50293

Detailed Authentication Information:
	Logon Process:		Kerberos
	Authentication Package:	Kerberos
	Transited Services:	-
	Package Name (NTLM only):	-
	Key Length:		0

This event is generated when a logon session is created. It is generated on the computer that was accessed.

The subject fields indicate the account on the local system which requested the logon. This is most commonly a service such as the Server service, or a local process such as Winlogon.exe or Services.exe.

The logon type field indicates the kind of logon that occurred. The most common types are 2 (interactive) and 3 (network).

The New Logon fields indicate the account for whom the new logon was created, i.e. the account that was logged on.

The network fields indicate where a remote logon request originated. Workstation name is not always available and may be left blank in some cases.

The impersonation level field indicates the extent to which a process in the logon session can impersonate.

The authentication information fields provide detailed information about this specific logon request.
	- Logon GUID is a unique identifier that can be used to correlate this event with a KDC event.
	- Transited services indicate which intermediate services have participated in this logon request.
	- Package name indicates which sub-protocol was used among the NTLM protocols.
	- Key length indicates the length of the generated session key. This will be 0 if no session key was requested."
Audit Success	9/17/2023 1:56:53 PM	Microsoft-Windows-Security-Auditing	4672	Special Logon	"Special privileges assigned to new logon.

Subject:
	Security ID:		SYSTEM
	Account Name:		WIN-0PV7L6HD3OR$
	Account Domain:		GMCYBER
	Logon ID:		0x44170

Privileges:		SeSecurityPrivilege
			SeBackupPrivilege
			SeRestorePrivilege
			SeTakeOwnershipPrivilege
			SeDebugPrivilege
			SeSystemEnvironmentPrivilege
			SeLoadDriverPrivilege
			SeImpersonatePrivilege
			SeDelegateSessionUserImpersonatePrivilege
			SeEnableDelegationPrivilege"
Audit Success	9/17/2023 1:56:09 PM	Microsoft-Windows-Security-Auditing	4634	Logoff	"An account was logged off.

Subject:
	Security ID:		SYSTEM
	Account Name:		WIN-0PV7L6HD3OR$
	Account Domain:		GMCYBER
	Logon ID:		0x33A1E

Logon Type:			3

This event is generated when a logon session is destroyed. It may be positively correlated with a logon event using the Logon ID value. Logon IDs are only unique between reboots on the same computer."
Audit Success	9/17/2023 1:55:58 PM	Microsoft-Windows-Security-Auditing	4799	Security Group Management	"A security-enabled local group membership was enumerated.

Subject:
	Security ID:		SYSTEM
	Account Name:		WIN-0PV7L6HD3OR$
	Account Domain:		GMCYBER
	Logon ID:		0x3E7

Group:
	Security ID:		BUILTIN\Backup Operators
	Group Name:		Backup Operators
	Group Domain:		Builtin

Process Information:
	Process ID:		0x904
	Process Name:		C:\Windows\System32\VSSVC.exe"
Audit Success	9/17/2023 1:55:58 PM	Microsoft-Windows-Security-Auditing	4799	Security Group Management	"A security-enabled local group membership was enumerated.

Subject:
	Security ID:		SYSTEM
	Account Name:		WIN-0PV7L6HD3OR$
	Account Domain:		GMCYBER
	Logon ID:		0x3E7

Group:
	Security ID:		BUILTIN\Administrators
	Group Name:		Administrators
	Group Domain:		Builtin

Process Information:
	Process ID:		0x904
	Process Name:		C:\Windows\System32\VSSVC.exe"
Audit Success	9/17/2023 1:55:58 PM	Microsoft-Windows-Security-Auditing	4799	Security Group Management	"A security-enabled local group membership was enumerated.

Subject:
	Security ID:		SYSTEM
	Account Name:		WIN-0PV7L6HD3OR$
	Account Domain:		GMCYBER
	Logon ID:		0x3E7

Group:
	Security ID:		BUILTIN\Backup Operators
	Group Name:		Backup Operators
	Group Domain:		Builtin

Process Information:
	Process ID:		0x904
	Process Name:		C:\Windows\System32\VSSVC.exe"
Audit Success	9/17/2023 1:55:58 PM	Microsoft-Windows-Security-Auditing	4799	Security Group Management	"A security-enabled local group membership was enumerated.

Subject:
	Security ID:		SYSTEM
	Account Name:		WIN-0PV7L6HD3OR$
	Account Domain:		GMCYBER
	Logon ID:		0x3E7

Group:
	Security ID:		BUILTIN\Administrators
	Group Name:		Administrators
	Group Domain:		Builtin

Process Information:
	Process ID:		0x904
	Process Name:		C:\Windows\System32\VSSVC.exe"
Audit Success	9/17/2023 1:55:58 PM	Microsoft-Windows-Security-Auditing	4799	Security Group Management	"A security-enabled local group membership was enumerated.

Subject:
	Security ID:		SYSTEM
	Account Name:		WIN-0PV7L6HD3OR$
	Account Domain:		GMCYBER
	Logon ID:		0x3E7

Group:
	Security ID:		BUILTIN\Backup Operators
	Group Name:		Backup Operators
	Group Domain:		Builtin

Process Information:
	Process ID:		0x904
	Process Name:		C:\Windows\System32\VSSVC.exe"
Audit Success	9/17/2023 1:55:58 PM	Microsoft-Windows-Security-Auditing	4799	Security Group Management	"A security-enabled local group membership was enumerated.

Subject:
	Security ID:		SYSTEM
	Account Name:		WIN-0PV7L6HD3OR$
	Account Domain:		GMCYBER
	Logon ID:		0x3E7

Group:
	Security ID:		BUILTIN\Administrators
	Group Name:		Administrators
	Group Domain:		Builtin

Process Information:
	Process ID:		0x904
	Process Name:		C:\Windows\System32\VSSVC.exe"
Audit Success	9/17/2023 1:55:58 PM	Microsoft-Windows-Security-Auditing	4672	Special Logon	"Special privileges assigned to new logon.

Subject:
	Security ID:		SYSTEM
	Account Name:		SYSTEM
	Account Domain:		NT AUTHORITY
	Logon ID:		0x3E7

Privileges:		SeAssignPrimaryTokenPrivilege
			SeTcbPrivilege
			SeSecurityPrivilege
			SeTakeOwnershipPrivilege
			SeLoadDriverPrivilege
			SeBackupPrivilege
			SeRestorePrivilege
			SeDebugPrivilege
			SeAuditPrivilege
			SeSystemEnvironmentPrivilege
			SeImpersonatePrivilege
			SeDelegateSessionUserImpersonatePrivilege"
Audit Success	9/17/2023 1:55:58 PM	Microsoft-Windows-Security-Auditing	4624	Logon	"An account was successfully logged on.

Subject:
	Security ID:		SYSTEM
	Account Name:		WIN-0PV7L6HD3OR$
	Account Domain:		GMCYBER
	Logon ID:		0x3E7

Logon Information:
	Logon Type:		5
	Restricted Admin Mode:	-
	Virtual Account:		No
	Elevated Token:		Yes

Impersonation Level:		Impersonation

New Logon:
	Security ID:		SYSTEM
	Account Name:		SYSTEM
	Account Domain:		NT AUTHORITY
	Logon ID:		0x3E7
	Linked Logon ID:		0x0
	Network Account Name:	-
	Network Account Domain:	-
	Logon GUID:		{00000000-0000-0000-0000-000000000000}

Process Information:
	Process ID:		0x25c
	Process Name:		C:\Windows\System32\services.exe

Network Information:
	Workstation Name:	-
	Source Network Address:	-
	Source Port:		-

Detailed Authentication Information:
	Logon Process:		Advapi  
	Authentication Package:	Negotiate
	Transited Services:	-
	Package Name (NTLM only):	-
	Key Length:		0

This event is generated when a logon session is created. It is generated on the computer that was accessed.

The subject fields indicate the account on the local system which requested the logon. This is most commonly a service such as the Server service, or a local process such as Winlogon.exe or Services.exe.

The logon type field indicates the kind of logon that occurred. The most common types are 2 (interactive) and 3 (network).

The New Logon fields indicate the account for whom the new logon was created, i.e. the account that was logged on.

The network fields indicate where a remote logon request originated. Workstation name is not always available and may be left blank in some cases.

The impersonation level field indicates the extent to which a process in the logon session can impersonate.

The authentication information fields provide detailed information about this specific logon request.
	- Logon GUID is a unique identifier that can be used to correlate this event with a KDC event.
	- Transited services indicate which intermediate services have participated in this logon request.
	- Package name indicates which sub-protocol was used among the NTLM protocols.
	- Key length indicates the length of the generated session key. This will be 0 if no session key was requested."
Audit Success	9/17/2023 1:55:58 PM	Microsoft-Windows-Security-Auditing	4799	Security Group Management	"A security-enabled local group membership was enumerated.

Subject:
	Security ID:		SYSTEM
	Account Name:		WIN-0PV7L6HD3OR$
	Account Domain:		GMCYBER
	Logon ID:		0x3E7

Group:
	Security ID:		BUILTIN\Backup Operators
	Group Name:		Backup Operators
	Group Domain:		Builtin

Process Information:
	Process ID:		0x904
	Process Name:		C:\Windows\System32\VSSVC.exe"
Audit Success	9/17/2023 1:55:58 PM	Microsoft-Windows-Security-Auditing	4799	Security Group Management	"A security-enabled local group membership was enumerated.

Subject:
	Security ID:		SYSTEM
	Account Name:		WIN-0PV7L6HD3OR$
	Account Domain:		GMCYBER
	Logon ID:		0x3E7

Group:
	Security ID:		BUILTIN\Administrators
	Group Name:		Administrators
	Group Domain:		Builtin

Process Information:
	Process ID:		0x904
	Process Name:		C:\Windows\System32\VSSVC.exe"
Audit Success	9/17/2023 1:55:58 PM	Microsoft-Windows-Security-Auditing	4672	Special Logon	"Special privileges assigned to new logon.

Subject:
	Security ID:		SYSTEM
	Account Name:		SYSTEM
	Account Domain:		NT AUTHORITY
	Logon ID:		0x3E7

Privileges:		SeAssignPrimaryTokenPrivilege
			SeTcbPrivilege
			SeSecurityPrivilege
			SeTakeOwnershipPrivilege
			SeLoadDriverPrivilege
			SeBackupPrivilege
			SeRestorePrivilege
			SeDebugPrivilege
			SeAuditPrivilege
			SeSystemEnvironmentPrivilege
			SeImpersonatePrivilege
			SeDelegateSessionUserImpersonatePrivilege"
Audit Success	9/17/2023 1:55:58 PM	Microsoft-Windows-Security-Auditing	4624	Logon	"An account was successfully logged on.

Subject:
	Security ID:		SYSTEM
	Account Name:		WIN-0PV7L6HD3OR$
	Account Domain:		GMCYBER
	Logon ID:		0x3E7

Logon Information:
	Logon Type:		5
	Restricted Admin Mode:	-
	Virtual Account:		No
	Elevated Token:		Yes

Impersonation Level:		Impersonation

New Logon:
	Security ID:		SYSTEM
	Account Name:		SYSTEM
	Account Domain:		NT AUTHORITY
	Logon ID:		0x3E7
	Linked Logon ID:		0x0
	Network Account Name:	-
	Network Account Domain:	-
	Logon GUID:		{00000000-0000-0000-0000-000000000000}

Process Information:
	Process ID:		0x25c
	Process Name:		C:\Windows\System32\services.exe

Network Information:
	Workstation Name:	-
	Source Network Address:	-
	Source Port:		-

Detailed Authentication Information:
	Logon Process:		Advapi  
	Authentication Package:	Negotiate
	Transited Services:	-
	Package Name (NTLM only):	-
	Key Length:		0

This event is generated when a logon session is created. It is generated on the computer that was accessed.

The subject fields indicate the account on the local system which requested the logon. This is most commonly a service such as the Server service, or a local process such as Winlogon.exe or Services.exe.

The logon type field indicates the kind of logon that occurred. The most common types are 2 (interactive) and 3 (network).

The New Logon fields indicate the account for whom the new logon was created, i.e. the account that was logged on.

The network fields indicate where a remote logon request originated. Workstation name is not always available and may be left blank in some cases.

The impersonation level field indicates the extent to which a process in the logon session can impersonate.

The authentication information fields provide detailed information about this specific logon request.
	- Logon GUID is a unique identifier that can be used to correlate this event with a KDC event.
	- Transited services indicate which intermediate services have participated in this logon request.
	- Package name indicates which sub-protocol was used among the NTLM protocols.
	- Key length indicates the length of the generated session key. This will be 0 if no session key was requested."
Audit Success	9/17/2023 1:55:56 PM	Microsoft-Windows-Security-Auditing	4634	Logoff	"An account was logged off.

Subject:
	Security ID:		SYSTEM
	Account Name:		WIN-0PV7L6HD3OR$
	Account Domain:		GMCYBER
	Logon ID:		0x3AEAD

Logon Type:			3

This event is generated when a logon session is destroyed. It may be positively correlated with a logon event using the Logon ID value. Logon IDs are only unique between reboots on the same computer."
Audit Success	9/17/2023 1:55:56 PM	Microsoft-Windows-Security-Auditing	4624	Logon	"An account was successfully logged on.

Subject:
	Security ID:		NULL SID
	Account Name:		-
	Account Domain:		-
	Logon ID:		0x0

Logon Information:
	Logon Type:		3
	Restricted Admin Mode:	-
	Virtual Account:		No
	Elevated Token:		Yes

Impersonation Level:		Impersonation

New Logon:
	Security ID:		SYSTEM
	Account Name:		WIN-0PV7L6HD3OR$
	Account Domain:		GMCYBER.NET
	Logon ID:		0x3AEAD
	Linked Logon ID:		0x0
	Network Account Name:	-
	Network Account Domain:	-
	Logon GUID:		{5be0fc56-ce07-06c9-d76a-714ffd990fb5}

Process Information:
	Process ID:		0x0
	Process Name:		-

Network Information:
	Workstation Name:	-
	Source Network Address:	::1
	Source Port:		50291

Detailed Authentication Information:
	Logon Process:		Kerberos
	Authentication Package:	Kerberos
	Transited Services:	-
	Package Name (NTLM only):	-
	Key Length:		0

This event is generated when a logon session is created. It is generated on the computer that was accessed.

The subject fields indicate the account on the local system which requested the logon. This is most commonly a service such as the Server service, or a local process such as Winlogon.exe or Services.exe.

The logon type field indicates the kind of logon that occurred. The most common types are 2 (interactive) and 3 (network).

The New Logon fields indicate the account for whom the new logon was created, i.e. the account that was logged on.

The network fields indicate where a remote logon request originated. Workstation name is not always available and may be left blank in some cases.

The impersonation level field indicates the extent to which a process in the logon session can impersonate.

The authentication information fields provide detailed information about this specific logon request.
	- Logon GUID is a unique identifier that can be used to correlate this event with a KDC event.
	- Transited services indicate which intermediate services have participated in this logon request.
	- Package name indicates which sub-protocol was used among the NTLM protocols.
	- Key length indicates the length of the generated session key. This will be 0 if no session key was requested."
Audit Success	9/17/2023 1:55:56 PM	Microsoft-Windows-Security-Auditing	4672	Special Logon	"Special privileges assigned to new logon.

Subject:
	Security ID:		SYSTEM
	Account Name:		WIN-0PV7L6HD3OR$
	Account Domain:		GMCYBER
	Logon ID:		0x3AEAD

Privileges:		SeSecurityPrivilege
			SeBackupPrivilege
			SeRestorePrivilege
			SeTakeOwnershipPrivilege
			SeDebugPrivilege
			SeSystemEnvironmentPrivilege
			SeLoadDriverPrivilege
			SeImpersonatePrivilege
			SeDelegateSessionUserImpersonatePrivilege
			SeEnableDelegationPrivilege"
Audit Success	9/17/2023 1:55:56 PM	Microsoft-Windows-Security-Auditing	4634	Logoff	"An account was logged off.

Subject:
	Security ID:		SYSTEM
	Account Name:		WIN-0PV7L6HD3OR$
	Account Domain:		GMCYBER
	Logon ID:		0x3A6B3

Logon Type:			3

This event is generated when a logon session is destroyed. It may be positively correlated with a logon event using the Logon ID value. Logon IDs are only unique between reboots on the same computer."
Audit Success	9/17/2023 1:55:56 PM	Microsoft-Windows-Security-Auditing	4624	Logon	"An account was successfully logged on.

Subject:
	Security ID:		NULL SID
	Account Name:		-
	Account Domain:		-
	Logon ID:		0x0

Logon Information:
	Logon Type:		3
	Restricted Admin Mode:	-
	Virtual Account:		No
	Elevated Token:		Yes

Impersonation Level:		Impersonation

New Logon:
	Security ID:		SYSTEM
	Account Name:		WIN-0PV7L6HD3OR$
	Account Domain:		GMCYBER.NET
	Logon ID:		0x3A6B3
	Linked Logon ID:		0x0
	Network Account Name:	-
	Network Account Domain:	-
	Logon GUID:		{5be0fc56-ce07-06c9-d76a-714ffd990fb5}

Process Information:
	Process ID:		0x0
	Process Name:		-

Network Information:
	Workstation Name:	-
	Source Network Address:	::1
	Source Port:		50290

Detailed Authentication Information:
	Logon Process:		Kerberos
	Authentication Package:	Kerberos
	Transited Services:	-
	Package Name (NTLM only):	-
	Key Length:		0

This event is generated when a logon session is created. It is generated on the computer that was accessed.

The subject fields indicate the account on the local system which requested the logon. This is most commonly a service such as the Server service, or a local process such as Winlogon.exe or Services.exe.

The logon type field indicates the kind of logon that occurred. The most common types are 2 (interactive) and 3 (network).

The New Logon fields indicate the account for whom the new logon was created, i.e. the account that was logged on.

The network fields indicate where a remote logon request originated. Workstation name is not always available and may be left blank in some cases.

The impersonation level field indicates the extent to which a process in the logon session can impersonate.

The authentication information fields provide detailed information about this specific logon request.
	- Logon GUID is a unique identifier that can be used to correlate this event with a KDC event.
	- Transited services indicate which intermediate services have participated in this logon request.
	- Package name indicates which sub-protocol was used among the NTLM protocols.
	- Key length indicates the length of the generated session key. This will be 0 if no session key was requested."
Audit Success	9/17/2023 1:55:56 PM	Microsoft-Windows-Security-Auditing	4672	Special Logon	"Special privileges assigned to new logon.

Subject:
	Security ID:		SYSTEM
	Account Name:		WIN-0PV7L6HD3OR$
	Account Domain:		GMCYBER
	Logon ID:		0x3A6B3

Privileges:		SeSecurityPrivilege
			SeBackupPrivilege
			SeRestorePrivilege
			SeTakeOwnershipPrivilege
			SeDebugPrivilege
			SeSystemEnvironmentPrivilege
			SeLoadDriverPrivilege
			SeImpersonatePrivilege
			SeDelegateSessionUserImpersonatePrivilege
			SeEnableDelegationPrivilege"
Audit Success	9/17/2023 1:55:56 PM	Microsoft-Windows-Security-Auditing	4662	Directory Service Access	"An operation was performed on an object.

Subject :
	Security ID:		SYSTEM
	Account Name:		WIN-0PV7L6HD3OR$
	Account Domain:		GMCYBER
	Logon ID:		0x2CC9B

Object:
	Object Server:		DS
	Object Type:		server
	Object Name:		CN=WIN-0PV7L6HD3OR,CN=Servers,CN=Default-First-Site-Name,CN=Sites,CN=Configuration,DC=GMCyber,DC=net
	Handle ID:		0x0

Operation:
	Operation Type:		Object Access
	Accesses:		Create Child
				
	Access Mask:		0x1
	Properties:		Create Child
	{ef2fc3ed-6e18-415b-99e4-3114a8cb124b}


Additional Information:
	Parameter 1:		CN=DNS Settings,CN=WIN-0PV7L6HD3OR,CN=Servers,CN=Default-First-Site-Name,CN=Sites,CN=Configuration,DC=GMCyber,DC=net
	Parameter 2:		CN=DNS Settings,CN=WIN-0PV7L6HD3OR,CN=Servers,CN=Default-First-Site-Name,CN=Sites,CN=Configuration,DC=GMCyber,DC=net"
Audit Success	9/17/2023 1:55:56 PM	Microsoft-Windows-Security-Auditing	4624	Logon	"An account was successfully logged on.

Subject:
	Security ID:		NULL SID
	Account Name:		-
	Account Domain:		-
	Logon ID:		0x0

Logon Information:
	Logon Type:		3
	Restricted Admin Mode:	-
	Virtual Account:		No
	Elevated Token:		Yes

Impersonation Level:		Delegation

New Logon:
	Security ID:		SYSTEM
	Account Name:		WIN-0PV7L6HD3OR$
	Account Domain:		GMCYBER.NET
	Logon ID:		0x36D8E
	Linked Logon ID:		0x0
	Network Account Name:	-
	Network Account Domain:	-
	Logon GUID:		{5be0fc56-ce07-06c9-d76a-714ffd990fb5}

Process Information:
	Process ID:		0x0
	Process Name:		-

Network Information:
	Workstation Name:	-
	Source Network Address:	-
	Source Port:		-

Detailed Authentication Information:
	Logon Process:		Kerberos
	Authentication Package:	Kerberos
	Transited Services:	-
	Package Name (NTLM only):	-
	Key Length:		0

This event is generated when a logon session is created. It is generated on the computer that was accessed.

The subject fields indicate the account on the local system which requested the logon. This is most commonly a service such as the Server service, or a local process such as Winlogon.exe or Services.exe.

The logon type field indicates the kind of logon that occurred. The most common types are 2 (interactive) and 3 (network).

The New Logon fields indicate the account for whom the new logon was created, i.e. the account that was logged on.

The network fields indicate where a remote logon request originated. Workstation name is not always available and may be left blank in some cases.

The impersonation level field indicates the extent to which a process in the logon session can impersonate.

The authentication information fields provide detailed information about this specific logon request.
	- Logon GUID is a unique identifier that can be used to correlate this event with a KDC event.
	- Transited services indicate which intermediate services have participated in this logon request.
	- Package name indicates which sub-protocol was used among the NTLM protocols.
	- Key length indicates the length of the generated session key. This will be 0 if no session key was requested."
Audit Success	9/17/2023 1:55:56 PM	Microsoft-Windows-Security-Auditing	4672	Special Logon	"Special privileges assigned to new logon.

Subject:
	Security ID:		SYSTEM
	Account Name:		WIN-0PV7L6HD3OR$
	Account Domain:		GMCYBER
	Logon ID:		0x36D8E

Privileges:		SeSecurityPrivilege
			SeBackupPrivilege
			SeRestorePrivilege
			SeTakeOwnershipPrivilege
			SeDebugPrivilege
			SeSystemEnvironmentPrivilege
			SeLoadDriverPrivilege
			SeImpersonatePrivilege
			SeDelegateSessionUserImpersonatePrivilege
			SeEnableDelegationPrivilege"
Audit Success	9/17/2023 1:55:56 PM	Microsoft-Windows-Security-Auditing	4624	Logon	"An account was successfully logged on.

Subject:
	Security ID:		NULL SID
	Account Name:		-
	Account Domain:		-
	Logon ID:		0x0

Logon Information:
	Logon Type:		3
	Restricted Admin Mode:	-
	Virtual Account:		No
	Elevated Token:		Yes

Impersonation Level:		Delegation

New Logon:
	Security ID:		SYSTEM
	Account Name:		WIN-0PV7L6HD3OR$
	Account Domain:		GMCYBER.NET
	Logon ID:		0x36CA8
	Linked Logon ID:		0x0
	Network Account Name:	-
	Network Account Domain:	-
	Logon GUID:		{5be0fc56-ce07-06c9-d76a-714ffd990fb5}

Process Information:
	Process ID:		0x0
	Process Name:		-

Network Information:
	Workstation Name:	-
	Source Network Address:	-
	Source Port:		-

Detailed Authentication Information:
	Logon Process:		Kerberos
	Authentication Package:	Kerberos
	Transited Services:	-
	Package Name (NTLM only):	-
	Key Length:		0

This event is generated when a logon session is created. It is generated on the computer that was accessed.

The subject fields indicate the account on the local system which requested the logon. This is most commonly a service such as the Server service, or a local process such as Winlogon.exe or Services.exe.

The logon type field indicates the kind of logon that occurred. The most common types are 2 (interactive) and 3 (network).

The New Logon fields indicate the account for whom the new logon was created, i.e. the account that was logged on.

The network fields indicate where a remote logon request originated. Workstation name is not always available and may be left blank in some cases.

The impersonation level field indicates the extent to which a process in the logon session can impersonate.

The authentication information fields provide detailed information about this specific logon request.
	- Logon GUID is a unique identifier that can be used to correlate this event with a KDC event.
	- Transited services indicate which intermediate services have participated in this logon request.
	- Package name indicates which sub-protocol was used among the NTLM protocols.
	- Key length indicates the length of the generated session key. This will be 0 if no session key was requested."
Audit Success	9/17/2023 1:55:56 PM	Microsoft-Windows-Security-Auditing	4672	Special Logon	"Special privileges assigned to new logon.

Subject:
	Security ID:		SYSTEM
	Account Name:		WIN-0PV7L6HD3OR$
	Account Domain:		GMCYBER
	Logon ID:		0x36CA8

Privileges:		SeSecurityPrivilege
			SeBackupPrivilege
			SeRestorePrivilege
			SeTakeOwnershipPrivilege
			SeDebugPrivilege
			SeSystemEnvironmentPrivilege
			SeLoadDriverPrivilege
			SeImpersonatePrivilege
			SeDelegateSessionUserImpersonatePrivilege
			SeEnableDelegationPrivilege"
Audit Success	9/17/2023 1:55:56 PM	Microsoft-Windows-Security-Auditing	4624	Logon	"An account was successfully logged on.

Subject:
	Security ID:		NULL SID
	Account Name:		-
	Account Domain:		-
	Logon ID:		0x0

Logon Information:
	Logon Type:		3
	Restricted Admin Mode:	-
	Virtual Account:		No
	Elevated Token:		Yes

Impersonation Level:		Delegation

New Logon:
	Security ID:		SYSTEM
	Account Name:		WIN-0PV7L6HD3OR$
	Account Domain:		GMCYBER.NET
	Logon ID:		0x36BA6
	Linked Logon ID:		0x0
	Network Account Name:	-
	Network Account Domain:	-
	Logon GUID:		{5be0fc56-ce07-06c9-d76a-714ffd990fb5}

Process Information:
	Process ID:		0x0
	Process Name:		-

Network Information:
	Workstation Name:	-
	Source Network Address:	-
	Source Port:		-

Detailed Authentication Information:
	Logon Process:		Kerberos
	Authentication Package:	Kerberos
	Transited Services:	-
	Package Name (NTLM only):	-
	Key Length:		0

This event is generated when a logon session is created. It is generated on the computer that was accessed.

The subject fields indicate the account on the local system which requested the logon. This is most commonly a service such as the Server service, or a local process such as Winlogon.exe or Services.exe.

The logon type field indicates the kind of logon that occurred. The most common types are 2 (interactive) and 3 (network).

The New Logon fields indicate the account for whom the new logon was created, i.e. the account that was logged on.

The network fields indicate where a remote logon request originated. Workstation name is not always available and may be left blank in some cases.

The impersonation level field indicates the extent to which a process in the logon session can impersonate.

The authentication information fields provide detailed information about this specific logon request.
	- Logon GUID is a unique identifier that can be used to correlate this event with a KDC event.
	- Transited services indicate which intermediate services have participated in this logon request.
	- Package name indicates which sub-protocol was used among the NTLM protocols.
	- Key length indicates the length of the generated session key. This will be 0 if no session key was requested."
Audit Success	9/17/2023 1:55:56 PM	Microsoft-Windows-Security-Auditing	4672	Special Logon	"Special privileges assigned to new logon.

Subject:
	Security ID:		SYSTEM
	Account Name:		WIN-0PV7L6HD3OR$
	Account Domain:		GMCYBER
	Logon ID:		0x36BA6

Privileges:		SeSecurityPrivilege
			SeBackupPrivilege
			SeRestorePrivilege
			SeTakeOwnershipPrivilege
			SeDebugPrivilege
			SeSystemEnvironmentPrivilege
			SeLoadDriverPrivilege
			SeImpersonatePrivilege
			SeDelegateSessionUserImpersonatePrivilege
			SeEnableDelegationPrivilege"
Audit Success	9/17/2023 1:55:56 PM	Microsoft-Windows-Security-Auditing	4624	Logon	"An account was successfully logged on.

Subject:
	Security ID:		NULL SID
	Account Name:		-
	Account Domain:		-
	Logon ID:		0x0

Logon Information:
	Logon Type:		3
	Restricted Admin Mode:	-
	Virtual Account:		No
	Elevated Token:		Yes

Impersonation Level:		Delegation

New Logon:
	Security ID:		SYSTEM
	Account Name:		WIN-0PV7L6HD3OR$
	Account Domain:		GMCYBER.NET
	Logon ID:		0x36AB6
	Linked Logon ID:		0x0
	Network Account Name:	-
	Network Account Domain:	-
	Logon GUID:		{5be0fc56-ce07-06c9-d76a-714ffd990fb5}

Process Information:
	Process ID:		0x0
	Process Name:		-

Network Information:
	Workstation Name:	-
	Source Network Address:	-
	Source Port:		-

Detailed Authentication Information:
	Logon Process:		Kerberos
	Authentication Package:	Kerberos
	Transited Services:	-
	Package Name (NTLM only):	-
	Key Length:		0

This event is generated when a logon session is created. It is generated on the computer that was accessed.

The subject fields indicate the account on the local system which requested the logon. This is most commonly a service such as the Server service, or a local process such as Winlogon.exe or Services.exe.

The logon type field indicates the kind of logon that occurred. The most common types are 2 (interactive) and 3 (network).

The New Logon fields indicate the account for whom the new logon was created, i.e. the account that was logged on.

The network fields indicate where a remote logon request originated. Workstation name is not always available and may be left blank in some cases.

The impersonation level field indicates the extent to which a process in the logon session can impersonate.

The authentication information fields provide detailed information about this specific logon request.
	- Logon GUID is a unique identifier that can be used to correlate this event with a KDC event.
	- Transited services indicate which intermediate services have participated in this logon request.
	- Package name indicates which sub-protocol was used among the NTLM protocols.
	- Key length indicates the length of the generated session key. This will be 0 if no session key was requested."
Audit Success	9/17/2023 1:55:56 PM	Microsoft-Windows-Security-Auditing	4672	Special Logon	"Special privileges assigned to new logon.

Subject:
	Security ID:		SYSTEM
	Account Name:		WIN-0PV7L6HD3OR$
	Account Domain:		GMCYBER
	Logon ID:		0x36AB6

Privileges:		SeSecurityPrivilege
			SeBackupPrivilege
			SeRestorePrivilege
			SeTakeOwnershipPrivilege
			SeDebugPrivilege
			SeSystemEnvironmentPrivilege
			SeLoadDriverPrivilege
			SeImpersonatePrivilege
			SeDelegateSessionUserImpersonatePrivilege
			SeEnableDelegationPrivilege"
