Audit Success	9/17/2023 1:57:22 PM	Microsoft-Windows-Security-Auditing	4718	Authentication Policy Change	"System security access was removed from an account.

Subject:
	Security ID:		SYSTEM
	Account Name:		MINWINPC$
	Account Domain:		
	Logon ID:		0x3E7

Account Modified:
	Account Name:		BUILTIN\Guests

Access Removed:
	Access Right:		SeInteractiveLogonRight"
Audit Success	9/17/2023 1:57:16 PM	Microsoft-Windows-Security-Auditing	4672	Special Logon	"Special privileges assigned to new logon.

Subject:
	Security ID:		LOCAL SERVICE
	Account Name:		LOCAL SERVICE
	Account Domain:		NT AUTHORITY
	Logon ID:		0x3E5

Privileges:		SeAssignPrimaryTokenPrivilege
			SeAuditPrivilege
			SeImpersonatePrivilege"
Audit Success	9/17/2023 1:57:16 PM	Microsoft-Windows-Security-Auditing	4624	Logon	"An account was successfully logged on.

Subject:
	Security ID:		SYSTEM
	Account Name:		MINWINPC$
	Account Domain:		
	Logon ID:		0x3E7

Logon Information:
	Logon Type:		5
	Restricted Admin Mode:	-
	Virtual Account:		No
	Elevated Token:		Yes

Impersonation Level:		Impersonation

New Logon:
	Security ID:		LOCAL SERVICE
	Account Name:		LOCAL SERVICE
	Account Domain:		NT AUTHORITY
	Logon ID:		0x3E5
	Linked Logon ID:		0x0
	Network Account Name:	-
	Network Account Domain:	-
	Logon GUID:		{00000000-0000-0000-0000-000000000000}

Process Information:
	Process ID:		0x27c
	Process Name:		C:\Windows\System32\services.exe

Network Information:
	Workstation Name:	-
	Source Network Address:	-
	Source Port:		-

Detailed Authentication Information:
	Logon Process:		Advapi  
	Authentication Package:	Negotiate
	Transited Services:	-
	Package Name (NTLM only):	-
	Key Length:		0

This event is generated when a logon session is created. It is generated on the computer that was accessed.

The subject fields indicate the account on the local system which requested the logon. This is most commonly a service such as the Server service, or a local process such as Winlogon.exe or Services.exe.

The logon type field indicates the kind of logon that occurred. The most common types are 2 (interactive) and 3 (network).

The New Logon fields indicate the account for whom the new logon was created, i.e. the account that was logged on.

The network fields indicate where a remote logon request originated. Workstation name is not always available and may be left blank in some cases.

The impersonation level field indicates the extent to which a process in the logon session can impersonate.

The authentication information fields provide detailed information about this specific logon request.
	- Logon GUID is a unique identifier that can be used to correlate this event with a KDC event.
	- Transited services indicate which intermediate services have participated in this logon request.
	- Package name indicates which sub-protocol was used among the NTLM protocols.
	- Key length indicates the length of the generated session key. This will be 0 if no session key was requested."
Audit Success	9/17/2023 1:57:16 PM	Microsoft-Windows-Security-Auditing	4672	Special Logon	"Special privileges assigned to new logon.

Subject:
	Security ID:		SYSTEM
	Account Name:		SYSTEM
	Account Domain:		NT AUTHORITY
	Logon ID:		0x3E7

Privileges:		SeAssignPrimaryTokenPrivilege
			SeTcbPrivilege
			SeSecurityPrivilege
			SeTakeOwnershipPrivilege
			SeLoadDriverPrivilege
			SeBackupPrivilege
			SeRestorePrivilege
			SeDebugPrivilege
			SeAuditPrivilege
			SeSystemEnvironmentPrivilege
			SeImpersonatePrivilege
			SeDelegateSessionUserImpersonatePrivilege"
Audit Success	9/17/2023 1:57:16 PM	Microsoft-Windows-Security-Auditing	4624	Logon	"An account was successfully logged on.

Subject:
	Security ID:		SYSTEM
	Account Name:		MINWINPC$
	Account Domain:		
	Logon ID:		0x3E7

Logon Information:
	Logon Type:		5
	Restricted Admin Mode:	-
	Virtual Account:		No
	Elevated Token:		Yes

Impersonation Level:		Impersonation

New Logon:
	Security ID:		SYSTEM
	Account Name:		SYSTEM
	Account Domain:		NT AUTHORITY
	Logon ID:		0x3E7
	Linked Logon ID:		0x0
	Network Account Name:	-
	Network Account Domain:	-
	Logon GUID:		{00000000-0000-0000-0000-000000000000}

Process Information:
	Process ID:		0x27c
	Process Name:		C:\Windows\System32\services.exe

Network Information:
	Workstation Name:	-
	Source Network Address:	-
	Source Port:		-

Detailed Authentication Information:
	Logon Process:		Advapi  
	Authentication Package:	Negotiate
	Transited Services:	-
	Package Name (NTLM only):	-
	Key Length:		0

This event is generated when a logon session is created. It is generated on the computer that was accessed.

The subject fields indicate the account on the local system which requested the logon. This is most commonly a service such as the Server service, or a local process such as Winlogon.exe or Services.exe.

The logon type field indicates the kind of logon that occurred. The most common types are 2 (interactive) and 3 (network).

The New Logon fields indicate the account for whom the new logon was created, i.e. the account that was logged on.

The network fields indicate where a remote logon request originated. Workstation name is not always available and may be left blank in some cases.

The impersonation level field indicates the extent to which a process in the logon session can impersonate.

The authentication information fields provide detailed information about this specific logon request.
	- Logon GUID is a unique identifier that can be used to correlate this event with a KDC event.
	- Transited services indicate which intermediate services have participated in this logon request.
	- Package name indicates which sub-protocol was used among the NTLM protocols.
	- Key length indicates the length of the generated session key. This will be 0 if no session key was requested."
Audit Success	9/17/2023 1:57:16 PM	Microsoft-Windows-Security-Auditing	4672	Special Logon	"Special privileges assigned to new logon.

Subject:
	Security ID:		SYSTEM
	Account Name:		SYSTEM
	Account Domain:		NT AUTHORITY
	Logon ID:		0x3E7

Privileges:		SeAssignPrimaryTokenPrivilege
			SeTcbPrivilege
			SeSecurityPrivilege
			SeTakeOwnershipPrivilege
			SeLoadDriverPrivilege
			SeBackupPrivilege
			SeRestorePrivilege
			SeDebugPrivilege
			SeAuditPrivilege
			SeSystemEnvironmentPrivilege
			SeImpersonatePrivilege
			SeDelegateSessionUserImpersonatePrivilege"
Audit Success	9/17/2023 1:57:16 PM	Microsoft-Windows-Security-Auditing	4624	Logon	"An account was successfully logged on.

Subject:
	Security ID:		SYSTEM
	Account Name:		MINWINPC$
	Account Domain:		
	Logon ID:		0x3E7

Logon Information:
	Logon Type:		5
	Restricted Admin Mode:	-
	Virtual Account:		No
	Elevated Token:		Yes

Impersonation Level:		Impersonation

New Logon:
	Security ID:		SYSTEM
	Account Name:		SYSTEM
	Account Domain:		NT AUTHORITY
	Logon ID:		0x3E7
	Linked Logon ID:		0x0
	Network Account Name:	-
	Network Account Domain:	-
	Logon GUID:		{00000000-0000-0000-0000-000000000000}

Process Information:
	Process ID:		0x27c
	Process Name:		C:\Windows\System32\services.exe

Network Information:
	Workstation Name:	-
	Source Network Address:	-
	Source Port:		-

Detailed Authentication Information:
	Logon Process:		Advapi  
	Authentication Package:	Negotiate
	Transited Services:	-
	Package Name (NTLM only):	-
	Key Length:		0

This event is generated when a logon session is created. It is generated on the computer that was accessed.

The subject fields indicate the account on the local system which requested the logon. This is most commonly a service such as the Server service, or a local process such as Winlogon.exe or Services.exe.

The logon type field indicates the kind of logon that occurred. The most common types are 2 (interactive) and 3 (network).

The New Logon fields indicate the account for whom the new logon was created, i.e. the account that was logged on.

The network fields indicate where a remote logon request originated. Workstation name is not always available and may be left blank in some cases.

The impersonation level field indicates the extent to which a process in the logon session can impersonate.

The authentication information fields provide detailed information about this specific logon request.
	- Logon GUID is a unique identifier that can be used to correlate this event with a KDC event.
	- Transited services indicate which intermediate services have participated in this logon request.
	- Package name indicates which sub-protocol was used among the NTLM protocols.
	- Key length indicates the length of the generated session key. This will be 0 if no session key was requested."
Audit Success	9/17/2023 1:57:16 PM	Microsoft-Windows-Security-Auditing	4672	Special Logon	"Special privileges assigned to new logon.

Subject:
	Security ID:		Window Manager\DWM-1
	Account Name:		DWM-1
	Account Domain:		Window Manager
	Logon ID:		0x11BCB

Privileges:		SeAssignPrimaryTokenPrivilege
			SeAuditPrivilege"
Audit Success	9/17/2023 1:57:16 PM	Microsoft-Windows-Security-Auditing	4672	Special Logon	"Special privileges assigned to new logon.

Subject:
	Security ID:		Window Manager\DWM-1
	Account Name:		DWM-1
	Account Domain:		Window Manager
	Logon ID:		0x11BA1

Privileges:		SeAssignPrimaryTokenPrivilege
			SeAuditPrivilege
			SeImpersonatePrivilege"
Audit Success	9/17/2023 1:57:16 PM	Microsoft-Windows-Security-Auditing	4624	Logon	"An account was successfully logged on.

Subject:
	Security ID:		SYSTEM
	Account Name:		MINWINPC$
	Account Domain:		
	Logon ID:		0x3E7

Logon Information:
	Logon Type:		2
	Restricted Admin Mode:	-
	Virtual Account:		Yes
	Elevated Token:		No

Impersonation Level:		Impersonation

New Logon:
	Security ID:		Window Manager\DWM-1
	Account Name:		DWM-1
	Account Domain:		Window Manager
	Logon ID:		0x11BCB
	Linked Logon ID:		0x11BA1
	Network Account Name:	-
	Network Account Domain:	-
	Logon GUID:		{00000000-0000-0000-0000-000000000000}

Process Information:
	Process ID:		0x250
	Process Name:		C:\Windows\System32\winlogon.exe

Network Information:
	Workstation Name:	-
	Source Network Address:	-
	Source Port:		-

Detailed Authentication Information:
	Logon Process:		Advapi  
	Authentication Package:	Negotiate
	Transited Services:	-
	Package Name (NTLM only):	-
	Key Length:		0

This event is generated when a logon session is created. It is generated on the computer that was accessed.

The subject fields indicate the account on the local system which requested the logon. This is most commonly a service such as the Server service, or a local process such as Winlogon.exe or Services.exe.

The logon type field indicates the kind of logon that occurred. The most common types are 2 (interactive) and 3 (network).

The New Logon fields indicate the account for whom the new logon was created, i.e. the account that was logged on.

The network fields indicate where a remote logon request originated. Workstation name is not always available and may be left blank in some cases.

The impersonation level field indicates the extent to which a process in the logon session can impersonate.

The authentication information fields provide detailed information about this specific logon request.
	- Logon GUID is a unique identifier that can be used to correlate this event with a KDC event.
	- Transited services indicate which intermediate services have participated in this logon request.
	- Package name indicates which sub-protocol was used among the NTLM protocols.
	- Key length indicates the length of the generated session key. This will be 0 if no session key was requested."
Audit Success	9/17/2023 1:57:16 PM	Microsoft-Windows-Security-Auditing	4624	Logon	"An account was successfully logged on.

Subject:
	Security ID:		SYSTEM
	Account Name:		MINWINPC$
	Account Domain:		
	Logon ID:		0x3E7

Logon Information:
	Logon Type:		2
	Restricted Admin Mode:	-
	Virtual Account:		Yes
	Elevated Token:		Yes

Impersonation Level:		Impersonation

New Logon:
	Security ID:		Window Manager\DWM-1
	Account Name:		DWM-1
	Account Domain:		Window Manager
	Logon ID:		0x11BA1
	Linked Logon ID:		0x11BCB
	Network Account Name:	-
	Network Account Domain:	-
	Logon GUID:		{00000000-0000-0000-0000-000000000000}

Process Information:
	Process ID:		0x250
	Process Name:		C:\Windows\System32\winlogon.exe

Network Information:
	Workstation Name:	-
	Source Network Address:	-
	Source Port:		-

Detailed Authentication Information:
	Logon Process:		Advapi  
	Authentication Package:	Negotiate
	Transited Services:	-
	Package Name (NTLM only):	-
	Key Length:		0

This event is generated when a logon session is created. It is generated on the computer that was accessed.

The subject fields indicate the account on the local system which requested the logon. This is most commonly a service such as the Server service, or a local process such as Winlogon.exe or Services.exe.

The logon type field indicates the kind of logon that occurred. The most common types are 2 (interactive) and 3 (network).

The New Logon fields indicate the account for whom the new logon was created, i.e. the account that was logged on.

The network fields indicate where a remote logon request originated. Workstation name is not always available and may be left blank in some cases.

The impersonation level field indicates the extent to which a process in the logon session can impersonate.

The authentication information fields provide detailed information about this specific logon request.
	- Logon GUID is a unique identifier that can be used to correlate this event with a KDC event.
	- Transited services indicate which intermediate services have participated in this logon request.
	- Package name indicates which sub-protocol was used among the NTLM protocols.
	- Key length indicates the length of the generated session key. This will be 0 if no session key was requested."
Audit Success	9/17/2023 1:57:16 PM	Microsoft-Windows-Security-Auditing	4648	Logon	"A logon was attempted using explicit credentials.

Subject:
	Security ID:		SYSTEM
	Account Name:		MINWINPC$
	Account Domain:		
	Logon ID:		0x3E7
	Logon GUID:		{00000000-0000-0000-0000-000000000000}

Account Whose Credentials Were Used:
	Account Name:		DWM-1
	Account Domain:		Window Manager
	Logon GUID:		{00000000-0000-0000-0000-000000000000}

Target Server:
	Target Server Name:	localhost
	Additional Information:	localhost

Process Information:
	Process ID:		0x250
	Process Name:		C:\Windows\System32\winlogon.exe

Network Information:
	Network Address:	-
	Port:			-

This event is generated when a process attempts to log on an account by explicitly specifying that account’s credentials.  This most commonly occurs in batch-type configurations such as scheduled tasks, or when using the RUNAS command."
Audit Success	9/17/2023 1:57:15 PM	Microsoft-Windows-Security-Auditing	4672	Special Logon	"Special privileges assigned to new logon.

Subject:
	Security ID:		SYSTEM
	Account Name:		SYSTEM
	Account Domain:		NT AUTHORITY
	Logon ID:		0x3E7

Privileges:		SeAssignPrimaryTokenPrivilege
			SeTcbPrivilege
			SeSecurityPrivilege
			SeTakeOwnershipPrivilege
			SeLoadDriverPrivilege
			SeBackupPrivilege
			SeRestorePrivilege
			SeDebugPrivilege
			SeAuditPrivilege
			SeSystemEnvironmentPrivilege
			SeImpersonatePrivilege
			SeDelegateSessionUserImpersonatePrivilege"
Audit Success	9/17/2023 1:57:15 PM	Microsoft-Windows-Security-Auditing	4624	Logon	"An account was successfully logged on.

Subject:
	Security ID:		SYSTEM
	Account Name:		MINWINPC$
	Account Domain:		
	Logon ID:		0x3E7

Logon Information:
	Logon Type:		5
	Restricted Admin Mode:	-
	Virtual Account:		No
	Elevated Token:		Yes

Impersonation Level:		Impersonation

New Logon:
	Security ID:		SYSTEM
	Account Name:		SYSTEM
	Account Domain:		NT AUTHORITY
	Logon ID:		0x3E7
	Linked Logon ID:		0x0
	Network Account Name:	-
	Network Account Domain:	-
	Logon GUID:		{00000000-0000-0000-0000-000000000000}

Process Information:
	Process ID:		0x27c
	Process Name:		C:\Windows\System32\services.exe

Network Information:
	Workstation Name:	-
	Source Network Address:	-
	Source Port:		-

Detailed Authentication Information:
	Logon Process:		Advapi  
	Authentication Package:	Negotiate
	Transited Services:	-
	Package Name (NTLM only):	-
	Key Length:		0

This event is generated when a logon session is created. It is generated on the computer that was accessed.

The subject fields indicate the account on the local system which requested the logon. This is most commonly a service such as the Server service, or a local process such as Winlogon.exe or Services.exe.

The logon type field indicates the kind of logon that occurred. The most common types are 2 (interactive) and 3 (network).

The New Logon fields indicate the account for whom the new logon was created, i.e. the account that was logged on.

The network fields indicate where a remote logon request originated. Workstation name is not always available and may be left blank in some cases.

The impersonation level field indicates the extent to which a process in the logon session can impersonate.

The authentication information fields provide detailed information about this specific logon request.
	- Logon GUID is a unique identifier that can be used to correlate this event with a KDC event.
	- Transited services indicate which intermediate services have participated in this logon request.
	- Package name indicates which sub-protocol was used among the NTLM protocols.
	- Key length indicates the length of the generated session key. This will be 0 if no session key was requested."
Audit Success	9/17/2023 1:57:15 PM	Microsoft-Windows-Security-Auditing	4672	Special Logon	"Special privileges assigned to new logon.

Subject:
	Security ID:		NETWORK SERVICE
	Account Name:		NETWORK SERVICE
	Account Domain:		NT AUTHORITY
	Logon ID:		0x3E4

Privileges:		SeAssignPrimaryTokenPrivilege
			SeAuditPrivilege
			SeImpersonatePrivilege"
Audit Success	9/17/2023 1:57:15 PM	Microsoft-Windows-Security-Auditing	4624	Logon	"An account was successfully logged on.

Subject:
	Security ID:		SYSTEM
	Account Name:		MINWINPC$
	Account Domain:		
	Logon ID:		0x3E7

Logon Information:
	Logon Type:		5
	Restricted Admin Mode:	-
	Virtual Account:		No
	Elevated Token:		Yes

Impersonation Level:		Impersonation

New Logon:
	Security ID:		NETWORK SERVICE
	Account Name:		NETWORK SERVICE
	Account Domain:		NT AUTHORITY
	Logon ID:		0x3E4
	Linked Logon ID:		0x0
	Network Account Name:	-
	Network Account Domain:	-
	Logon GUID:		{00000000-0000-0000-0000-000000000000}

Process Information:
	Process ID:		0x27c
	Process Name:		C:\Windows\System32\services.exe

Network Information:
	Workstation Name:	-
	Source Network Address:	-
	Source Port:		-

Detailed Authentication Information:
	Logon Process:		Advapi  
	Authentication Package:	Negotiate
	Transited Services:	-
	Package Name (NTLM only):	-
	Key Length:		0

This event is generated when a logon session is created. It is generated on the computer that was accessed.

The subject fields indicate the account on the local system which requested the logon. This is most commonly a service such as the Server service, or a local process such as Winlogon.exe or Services.exe.

The logon type field indicates the kind of logon that occurred. The most common types are 2 (interactive) and 3 (network).

The New Logon fields indicate the account for whom the new logon was created, i.e. the account that was logged on.

The network fields indicate where a remote logon request originated. Workstation name is not always available and may be left blank in some cases.

The impersonation level field indicates the extent to which a process in the logon session can impersonate.

The authentication information fields provide detailed information about this specific logon request.
	- Logon GUID is a unique identifier that can be used to correlate this event with a KDC event.
	- Transited services indicate which intermediate services have participated in this logon request.
	- Package name indicates which sub-protocol was used among the NTLM protocols.
	- Key length indicates the length of the generated session key. This will be 0 if no session key was requested."
Audit Success	9/17/2023 1:57:15 PM	Microsoft-Windows-Security-Auditing	4634	Logoff	"An account was logged off.

Subject:
	Security ID:		Font Driver Host\UMFD-0
	Account Name:		UMFD-0
	Account Domain:		Font Driver Host
	Logon ID:		0xA546

Logon Type:			2

This event is generated when a logon session is destroyed. It may be positively correlated with a logon event using the Logon ID value. Logon IDs are only unique between reboots on the same computer."
Audit Success	9/17/2023 1:57:15 PM	Microsoft-Windows-Security-Auditing	4624	Logon	"An account was successfully logged on.

Subject:
	Security ID:		SYSTEM
	Account Name:		MINWINPC$
	Account Domain:		
	Logon ID:		0x3E7

Logon Information:
	Logon Type:		2
	Restricted Admin Mode:	-
	Virtual Account:		Yes
	Elevated Token:		No

Impersonation Level:		Impersonation

New Logon:
	Security ID:		Font Driver Host\UMFD-0
	Account Name:		UMFD-0
	Account Domain:		Font Driver Host
	Logon ID:		0xA546
	Linked Logon ID:		0x0
	Network Account Name:	-
	Network Account Domain:	-
	Logon GUID:		{00000000-0000-0000-0000-000000000000}

Process Information:
	Process ID:		0x1f8
	Process Name:		C:\Windows\System32\wininit.exe

Network Information:
	Workstation Name:	-
	Source Network Address:	-
	Source Port:		-

Detailed Authentication Information:
	Logon Process:		Advapi  
	Authentication Package:	Negotiate
	Transited Services:	-
	Package Name (NTLM only):	-
	Key Length:		0

This event is generated when a logon session is created. It is generated on the computer that was accessed.

The subject fields indicate the account on the local system which requested the logon. This is most commonly a service such as the Server service, or a local process such as Winlogon.exe or Services.exe.

The logon type field indicates the kind of logon that occurred. The most common types are 2 (interactive) and 3 (network).

The New Logon fields indicate the account for whom the new logon was created, i.e. the account that was logged on.

The network fields indicate where a remote logon request originated. Workstation name is not always available and may be left blank in some cases.

The impersonation level field indicates the extent to which a process in the logon session can impersonate.

The authentication information fields provide detailed information about this specific logon request.
	- Logon GUID is a unique identifier that can be used to correlate this event with a KDC event.
	- Transited services indicate which intermediate services have participated in this logon request.
	- Package name indicates which sub-protocol was used among the NTLM protocols.
	- Key length indicates the length of the generated session key. This will be 0 if no session key was requested."
Audit Success	9/17/2023 1:57:15 PM	Microsoft-Windows-Security-Auditing	4648	Logon	"A logon was attempted using explicit credentials.

Subject:
	Security ID:		SYSTEM
	Account Name:		MINWINPC$
	Account Domain:		
	Logon ID:		0x3E7
	Logon GUID:		{00000000-0000-0000-0000-000000000000}

Account Whose Credentials Were Used:
	Account Name:		UMFD-0
	Account Domain:		Font Driver Host
	Logon GUID:		{00000000-0000-0000-0000-000000000000}

Target Server:
	Target Server Name:	localhost
	Additional Information:	localhost

Process Information:
	Process ID:		0x1f8
	Process Name:		C:\Windows\System32\wininit.exe

Network Information:
	Network Address:	-
	Port:			-

This event is generated when a process attempts to log on an account by explicitly specifying that account’s credentials.  This most commonly occurs in batch-type configurations such as scheduled tasks, or when using the RUNAS command."
Audit Success	9/17/2023 1:57:15 PM	Microsoft-Windows-Security-Auditing	4624	Logon	"An account was successfully logged on.

Subject:
	Security ID:		SYSTEM
	Account Name:		MINWINPC$
	Account Domain:		
	Logon ID:		0x3E7

Logon Information:
	Logon Type:		2
	Restricted Admin Mode:	-
	Virtual Account:		Yes
	Elevated Token:		No

Impersonation Level:		Impersonation

New Logon:
	Security ID:		Font Driver Host\UMFD-1
	Account Name:		UMFD-1
	Account Domain:		Font Driver Host
	Logon ID:		0xA4F9
	Linked Logon ID:		0x0
	Network Account Name:	-
	Network Account Domain:	-
	Logon GUID:		{00000000-0000-0000-0000-000000000000}

Process Information:
	Process ID:		0x250
	Process Name:		C:\Windows\System32\winlogon.exe

Network Information:
	Workstation Name:	-
	Source Network Address:	-
	Source Port:		-

Detailed Authentication Information:
	Logon Process:		Advapi  
	Authentication Package:	Negotiate
	Transited Services:	-
	Package Name (NTLM only):	-
	Key Length:		0

This event is generated when a logon session is created. It is generated on the computer that was accessed.

The subject fields indicate the account on the local system which requested the logon. This is most commonly a service such as the Server service, or a local process such as Winlogon.exe or Services.exe.

The logon type field indicates the kind of logon that occurred. The most common types are 2 (interactive) and 3 (network).

The New Logon fields indicate the account for whom the new logon was created, i.e. the account that was logged on.

The network fields indicate where a remote logon request originated. Workstation name is not always available and may be left blank in some cases.

The impersonation level field indicates the extent to which a process in the logon session can impersonate.

The authentication information fields provide detailed information about this specific logon request.
	- Logon GUID is a unique identifier that can be used to correlate this event with a KDC event.
	- Transited services indicate which intermediate services have participated in this logon request.
	- Package name indicates which sub-protocol was used among the NTLM protocols.
	- Key length indicates the length of the generated session key. This will be 0 if no session key was requested."
Audit Success	9/17/2023 1:57:15 PM	Microsoft-Windows-Security-Auditing	4648	Logon	"A logon was attempted using explicit credentials.

Subject:
	Security ID:		SYSTEM
	Account Name:		MINWINPC$
	Account Domain:		
	Logon ID:		0x3E7
	Logon GUID:		{00000000-0000-0000-0000-000000000000}

Account Whose Credentials Were Used:
	Account Name:		UMFD-1
	Account Domain:		Font Driver Host
	Logon GUID:		{00000000-0000-0000-0000-000000000000}

Target Server:
	Target Server Name:	localhost
	Additional Information:	localhost

Process Information:
	Process ID:		0x250
	Process Name:		C:\Windows\System32\winlogon.exe

Network Information:
	Network Address:	-
	Port:			-

This event is generated when a process attempts to log on an account by explicitly specifying that account’s credentials.  This most commonly occurs in batch-type configurations such as scheduled tasks, or when using the RUNAS command."
Audit Success	9/17/2023 1:57:15 PM	Microsoft-Windows-Security-Auditing	4672	Special Logon	"Special privileges assigned to new logon.

Subject:
	Security ID:		SYSTEM
	Account Name:		SYSTEM
	Account Domain:		NT AUTHORITY
	Logon ID:		0x3E7

Privileges:		SeAssignPrimaryTokenPrivilege
			SeTcbPrivilege
			SeSecurityPrivilege
			SeTakeOwnershipPrivilege
			SeLoadDriverPrivilege
			SeBackupPrivilege
			SeRestorePrivilege
			SeDebugPrivilege
			SeAuditPrivilege
			SeSystemEnvironmentPrivilege
			SeImpersonatePrivilege
			SeDelegateSessionUserImpersonatePrivilege"
Audit Success	9/17/2023 1:57:15 PM	Microsoft-Windows-Security-Auditing	4624	Logon	"An account was successfully logged on.

Subject:
	Security ID:		SYSTEM
	Account Name:		MINWINPC$
	Account Domain:		
	Logon ID:		0x3E7

Logon Information:
	Logon Type:		5
	Restricted Admin Mode:	-
	Virtual Account:		No
	Elevated Token:		Yes

Impersonation Level:		Impersonation

New Logon:
	Security ID:		SYSTEM
	Account Name:		SYSTEM
	Account Domain:		NT AUTHORITY
	Logon ID:		0x3E7
	Linked Logon ID:		0x0
	Network Account Name:	-
	Network Account Domain:	-
	Logon GUID:		{00000000-0000-0000-0000-000000000000}

Process Information:
	Process ID:		0x27c
	Process Name:		C:\Windows\System32\services.exe

Network Information:
	Workstation Name:	-
	Source Network Address:	-
	Source Port:		-

Detailed Authentication Information:
	Logon Process:		Advapi  
	Authentication Package:	Negotiate
	Transited Services:	-
	Package Name (NTLM only):	-
	Key Length:		0

This event is generated when a logon session is created. It is generated on the computer that was accessed.

The subject fields indicate the account on the local system which requested the logon. This is most commonly a service such as the Server service, or a local process such as Winlogon.exe or Services.exe.

The logon type field indicates the kind of logon that occurred. The most common types are 2 (interactive) and 3 (network).

The New Logon fields indicate the account for whom the new logon was created, i.e. the account that was logged on.

The network fields indicate where a remote logon request originated. Workstation name is not always available and may be left blank in some cases.

The impersonation level field indicates the extent to which a process in the logon session can impersonate.

The authentication information fields provide detailed information about this specific logon request.
	- Logon GUID is a unique identifier that can be used to correlate this event with a KDC event.
	- Transited services indicate which intermediate services have participated in this logon request.
	- Package name indicates which sub-protocol was used among the NTLM protocols.
	- Key length indicates the length of the generated session key. This will be 0 if no session key was requested."
Audit Success	9/17/2023 1:57:15 PM	Microsoft-Windows-Security-Auditing	4738	User Account Management	"A user account was changed.

Subject:
	Security ID:		SYSTEM
	Account Name:		MINWINPC$
	Account Domain:		
	Logon ID:		0x3E7

Target Account:
	Security ID:		S-1-5-21-2886565949-2304721104-981799976-504
	Account Name:		WDAGUtilityAccount
	Account Domain:		MINWINPC

Changed Attributes:
	SAM Account Name:	-
	Display Name:		-
	User Principal Name:	-
	Home Directory:		-
	Home Drive:		-
	Script Path:		-
	Profile Path:		-
	User Workstations:	-
	Password Last Set:	-
	Account Expires:		-
	Primary Group ID:	-
	AllowedToDelegateTo:	-
	Old UAC Value:		-
	New UAC Value:		-
	User Account Control:	-
	User Parameters:	-
	SID History:		-
	Logon Hours:		-

Additional Information:
	Privileges:		-"
Audit Success	9/17/2023 1:57:15 PM	Microsoft-Windows-Security-Auditing	4738	User Account Management	"A user account was changed.

Subject:
	Security ID:		SYSTEM
	Account Name:		MINWINPC$
	Account Domain:		
	Logon ID:		0x3E7

Target Account:
	Security ID:		S-1-5-21-2886565949-2304721104-981799976-504
	Account Name:		WDAGUtilityAccount
	Account Domain:		MINWINPC

Changed Attributes:
	SAM Account Name:	-
	Display Name:		-
	User Principal Name:	-
	Home Directory:		-
	Home Drive:		-
	Script Path:		-
	Profile Path:		-
	User Workstations:	-
	Password Last Set:	-
	Account Expires:		-
	Primary Group ID:	-
	AllowedToDelegateTo:	-
	Old UAC Value:		-
	New UAC Value:		-
	User Account Control:	-
	User Parameters:	-
	SID History:		-
	Logon Hours:		-

Additional Information:
	Privileges:		-"
Audit Success	9/17/2023 1:57:15 PM	Microsoft-Windows-Security-Auditing	4738	User Account Management	"A user account was changed.

Subject:
	Security ID:		SYSTEM
	Account Name:		MINWINPC$
	Account Domain:		
	Logon ID:		0x3E7

Target Account:
	Security ID:		S-1-5-21-2886565949-2304721104-981799976-504
	Account Name:		WDAGUtilityAccount
	Account Domain:		MINWINPC

Changed Attributes:
	SAM Account Name:	-
	Display Name:		-
	User Principal Name:	-
	Home Directory:		-
	Home Drive:		-
	Script Path:		-
	Profile Path:		-
	User Workstations:	-
	Password Last Set:	-
	Account Expires:		-
	Primary Group ID:	-
	AllowedToDelegateTo:	-
	Old UAC Value:		0x15
	New UAC Value:		0x11
	User Account Control:	
		'Password Not Required' - Disabled
	User Parameters:	-
	SID History:		-
	Logon Hours:		-

Additional Information:
	Privileges:		-"
Audit Success	9/17/2023 1:57:15 PM	Microsoft-Windows-Security-Auditing	4720	User Account Management	"A user account was created.

Subject:
	Security ID:		SYSTEM
	Account Name:		MINWINPC$
	Account Domain:		
	Logon ID:		0x3E7

New Account:
	Security ID:		S-1-5-21-2886565949-2304721104-981799976-504
	Account Name:		WDAGUtilityAccount
	Account Domain:		MINWINPC

Attributes:
	SAM Account Name:	WDAGUtilityAccount
	Display Name:		<value not set>
	User Principal Name:	-
	Home Directory:		<value not set>
	Home Drive:		<value not set>
	Script Path:		<value not set>
	Profile Path:		<value not set>
	User Workstations:	<value not set>
	Password Last Set:	<never>
	Account Expires:		<never>
	Primary Group ID:	513
	Allowed To Delegate To:	-
	Old UAC Value:		0x0
	New UAC Value:		0x15
	User Account Control:	
		Account Disabled
		'Password Not Required' - Enabled
		'Normal Account' - Enabled
	User Parameters:	<value not set>
	SID History:		-
	Logon Hours:		All

Additional Information:
	Privileges		-"
Audit Success	9/17/2023 1:57:15 PM	Microsoft-Windows-Security-Auditing	4728	Security Group Management	"A member was added to a security-enabled global group.

Subject:
	Security ID:		SYSTEM
	Account Name:		MINWINPC$
	Account Domain:		
	Logon ID:		0x3E7

Member:
	Security ID:		S-1-5-21-2886565949-2304721104-981799976-504
	Account Name:		-

Group:
	Security ID:		GMCYBER\Domain Users
	Group Name:		None
	Group Domain:		MINWINPC

Additional Information:
	Privileges:		-"
Audit Success	9/17/2023 1:57:15 PM	Microsoft-Windows-Security-Auditing	4735	Security Group Management	"A security-enabled local group was changed.

Subject:
	Security ID:		SYSTEM
	Account Name:		MINWINPC$
	Account Domain:		
	Logon ID:		0x3E7

Group:
	Security ID:		BUILTIN\Storage Replica Administrators
	Group Name:		Storage Replica Administrators
	Group Domain:		Builtin

Changed Attributes:
	SAM Account Name:	-
	SID History:		-

Additional Information:
	Privileges:		-"
Audit Success	9/17/2023 1:57:15 PM	Microsoft-Windows-Security-Auditing	4727	Security Group Management	"A security-enabled global group was created.

Subject:
	Security ID:		SYSTEM
	Account Name:		MINWINPC$
	Account Domain:		
	Logon ID:		0x3E7

New Group:
	Security ID:		BUILTIN\Storage Replica Administrators
	Group Name:		Storage Replica Administrators
	Group Domain:		Builtin

Attributes:
	SAM Account Name:	Storage Replica Administrators
	SID History:		-

Additional Information:
	Privileges:		-"
Audit Success	9/17/2023 1:57:15 PM	Microsoft-Windows-Security-Auditing	4735	Security Group Management	"A security-enabled local group was changed.

Subject:
	Security ID:		SYSTEM
	Account Name:		MINWINPC$
	Account Domain:		
	Logon ID:		0x3E7

Group:
	Security ID:		BUILTIN\Remote Management Users
	Group Name:		Remote Management Users
	Group Domain:		Builtin

Changed Attributes:
	SAM Account Name:	-
	SID History:		-

Additional Information:
	Privileges:		-"
Audit Success	9/17/2023 1:57:15 PM	Microsoft-Windows-Security-Auditing	4731	Security Group Management	"A security-enabled local group was created.

Subject:
	Security ID:		SYSTEM
	Account Name:		MINWINPC$
	Account Domain:		
	Logon ID:		0x3E7

New Group:
	Security ID:		BUILTIN\Remote Management Users
	Group Name:		Remote Management Users
	Group Domain:		Builtin

Attributes:
	SAM Account Name:	Remote Management Users
	SID History:		-

Additional Information:
	Privileges:		-"
Audit Success	9/17/2023 1:57:15 PM	Microsoft-Windows-Security-Auditing	4735	Security Group Management	"A security-enabled local group was changed.

Subject:
	Security ID:		SYSTEM
	Account Name:		MINWINPC$
	Account Domain:		
	Logon ID:		0x3E7

Group:
	Security ID:		BUILTIN\Access Control Assistance Operators
	Group Name:		Access Control Assistance Operators
	Group Domain:		Builtin

Changed Attributes:
	SAM Account Name:	-
	SID History:		-

Additional Information:
	Privileges:		-"
Audit Success	9/17/2023 1:57:15 PM	Microsoft-Windows-Security-Auditing	4731	Security Group Management	"A security-enabled local group was created.

Subject:
	Security ID:		SYSTEM
	Account Name:		MINWINPC$
	Account Domain:		
	Logon ID:		0x3E7

New Group:
	Security ID:		BUILTIN\Access Control Assistance Operators
	Group Name:		Access Control Assistance Operators
	Group Domain:		Builtin

Attributes:
	SAM Account Name:	Access Control Assistance Operators
	SID History:		-

Additional Information:
	Privileges:		-"
Audit Success	9/17/2023 1:57:15 PM	Microsoft-Windows-Security-Auditing	4735	Security Group Management	"A security-enabled local group was changed.

Subject:
	Security ID:		SYSTEM
	Account Name:		MINWINPC$
	Account Domain:		
	Logon ID:		0x3E7

Group:
	Security ID:		BUILTIN\Hyper-V Administrators
	Group Name:		Hyper-V Administrators
	Group Domain:		Builtin

Changed Attributes:
	SAM Account Name:	-
	SID History:		-

Additional Information:
	Privileges:		-"
Audit Success	9/17/2023 1:57:15 PM	Microsoft-Windows-Security-Auditing	4731	Security Group Management	"A security-enabled local group was created.

Subject:
	Security ID:		SYSTEM
	Account Name:		MINWINPC$
	Account Domain:		
	Logon ID:		0x3E7

New Group:
	Security ID:		BUILTIN\Hyper-V Administrators
	Group Name:		Hyper-V Administrators
	Group Domain:		Builtin

Attributes:
	SAM Account Name:	Hyper-V Administrators
	SID History:		-

Additional Information:
	Privileges:		-"
Audit Success	9/17/2023 1:57:15 PM	Microsoft-Windows-Security-Auditing	4735	Security Group Management	"A security-enabled local group was changed.

Subject:
	Security ID:		SYSTEM
	Account Name:		MINWINPC$
	Account Domain:		
	Logon ID:		0x3E7

Group:
	Security ID:		BUILTIN\RDS Management Servers
	Group Name:		RDS Management Servers
	Group Domain:		Builtin

Changed Attributes:
	SAM Account Name:	-
	SID History:		-

Additional Information:
	Privileges:		-"
Audit Success	9/17/2023 1:57:15 PM	Microsoft-Windows-Security-Auditing	4731	Security Group Management	"A security-enabled local group was created.

Subject:
	Security ID:		SYSTEM
	Account Name:		MINWINPC$
	Account Domain:		
	Logon ID:		0x3E7

New Group:
	Security ID:		BUILTIN\RDS Management Servers
	Group Name:		RDS Management Servers
	Group Domain:		Builtin

Attributes:
	SAM Account Name:	RDS Management Servers
	SID History:		-

Additional Information:
	Privileges:		-"
Audit Success	9/17/2023 1:57:15 PM	Microsoft-Windows-Security-Auditing	4735	Security Group Management	"A security-enabled local group was changed.

Subject:
	Security ID:		SYSTEM
	Account Name:		MINWINPC$
	Account Domain:		
	Logon ID:		0x3E7

Group:
	Security ID:		BUILTIN\RDS Endpoint Servers
	Group Name:		RDS Endpoint Servers
	Group Domain:		Builtin

Changed Attributes:
	SAM Account Name:	-
	SID History:		-

Additional Information:
	Privileges:		-"
Audit Success	9/17/2023 1:57:15 PM	Microsoft-Windows-Security-Auditing	4731	Security Group Management	"A security-enabled local group was created.

Subject:
	Security ID:		SYSTEM
	Account Name:		MINWINPC$
	Account Domain:		
	Logon ID:		0x3E7

New Group:
	Security ID:		BUILTIN\RDS Endpoint Servers
	Group Name:		RDS Endpoint Servers
	Group Domain:		Builtin

Attributes:
	SAM Account Name:	RDS Endpoint Servers
	SID History:		-

Additional Information:
	Privileges:		-"
Audit Success	9/17/2023 1:57:15 PM	Microsoft-Windows-Security-Auditing	4735	Security Group Management	"A security-enabled local group was changed.

Subject:
	Security ID:		SYSTEM
	Account Name:		MINWINPC$
	Account Domain:		
	Logon ID:		0x3E7

Group:
	Security ID:		BUILTIN\RDS Remote Access Servers
	Group Name:		RDS Remote Access Servers
	Group Domain:		Builtin

Changed Attributes:
	SAM Account Name:	-
	SID History:		-

Additional Information:
	Privileges:		-"
Audit Success	9/17/2023 1:57:15 PM	Microsoft-Windows-Security-Auditing	4731	Security Group Management	"A security-enabled local group was created.

Subject:
	Security ID:		SYSTEM
	Account Name:		MINWINPC$
	Account Domain:		
	Logon ID:		0x3E7

New Group:
	Security ID:		BUILTIN\RDS Remote Access Servers
	Group Name:		RDS Remote Access Servers
	Group Domain:		Builtin

Attributes:
	SAM Account Name:	RDS Remote Access Servers
	SID History:		-

Additional Information:
	Privileges:		-"
Audit Success	9/17/2023 1:57:15 PM	Microsoft-Windows-Security-Auditing	4735	Security Group Management	"A security-enabled local group was changed.

Subject:
	Security ID:		SYSTEM
	Account Name:		MINWINPC$
	Account Domain:		
	Logon ID:		0x3E7

Group:
	Security ID:		BUILTIN\Certificate Service DCOM Access
	Group Name:		Certificate Service DCOM Access
	Group Domain:		Builtin

Changed Attributes:
	SAM Account Name:	-
	SID History:		-

Additional Information:
	Privileges:		-"
Audit Success	9/17/2023 1:57:15 PM	Microsoft-Windows-Security-Auditing	4731	Security Group Management	"A security-enabled local group was created.

Subject:
	Security ID:		SYSTEM
	Account Name:		MINWINPC$
	Account Domain:		
	Logon ID:		0x3E7

New Group:
	Security ID:		BUILTIN\Certificate Service DCOM Access
	Group Name:		Certificate Service DCOM Access
	Group Domain:		Builtin

Attributes:
	SAM Account Name:	Certificate Service DCOM Access
	SID History:		-

Additional Information:
	Privileges:		-"
Audit Success	9/17/2023 1:57:15 PM	Microsoft-Windows-Security-Auditing	4735	Security Group Management	"A security-enabled local group was changed.

Subject:
	Security ID:		SYSTEM
	Account Name:		MINWINPC$
	Account Domain:		
	Logon ID:		0x3E7

Group:
	Security ID:		BUILTIN\Event Log Readers
	Group Name:		Event Log Readers
	Group Domain:		Builtin

Changed Attributes:
	SAM Account Name:	-
	SID History:		-

Additional Information:
	Privileges:		-"
Audit Success	9/17/2023 1:57:15 PM	Microsoft-Windows-Security-Auditing	4731	Security Group Management	"A security-enabled local group was created.

Subject:
	Security ID:		SYSTEM
	Account Name:		MINWINPC$
	Account Domain:		
	Logon ID:		0x3E7

New Group:
	Security ID:		BUILTIN\Event Log Readers
	Group Name:		Event Log Readers
	Group Domain:		Builtin

Attributes:
	SAM Account Name:	Event Log Readers
	SID History:		-

Additional Information:
	Privileges:		-"
Audit Success	9/17/2023 1:57:15 PM	Microsoft-Windows-Security-Auditing	4732	Security Group Management	"A member was added to a security-enabled local group.

Subject:
	Security ID:		SYSTEM
	Account Name:		MINWINPC$
	Account Domain:		
	Logon ID:		0x3E7

Member:
	Security ID:		NT AUTHORITY\IUSR
	Account Name:		-

Group:
	Security ID:		BUILTIN\IIS_IUSRS
	Group Name:		IIS_IUSRS
	Group Domain:		Builtin

Additional Information:
	Privileges:		-"
Audit Success	9/17/2023 1:57:15 PM	Microsoft-Windows-Security-Auditing	4735	Security Group Management	"A security-enabled local group was changed.

Subject:
	Security ID:		SYSTEM
	Account Name:		MINWINPC$
	Account Domain:		
	Logon ID:		0x3E7

Group:
	Security ID:		BUILTIN\Cryptographic Operators
	Group Name:		Cryptographic Operators
	Group Domain:		Builtin

Changed Attributes:
	SAM Account Name:	-
	SID History:		-

Additional Information:
	Privileges:		-"
Audit Success	9/17/2023 1:57:15 PM	Microsoft-Windows-Security-Auditing	4731	Security Group Management	"A security-enabled local group was created.

Subject:
	Security ID:		SYSTEM
	Account Name:		MINWINPC$
	Account Domain:		
	Logon ID:		0x3E7

New Group:
	Security ID:		BUILTIN\Cryptographic Operators
	Group Name:		Cryptographic Operators
	Group Domain:		Builtin

Attributes:
	SAM Account Name:	Cryptographic Operators
	SID History:		-

Additional Information:
	Privileges:		-"
Audit Success	9/17/2023 1:57:15 PM	Microsoft-Windows-Security-Auditing	4735	Security Group Management	"A security-enabled local group was changed.

Subject:
	Security ID:		SYSTEM
	Account Name:		MINWINPC$
	Account Domain:		
	Logon ID:		0x3E7

Group:
	Security ID:		BUILTIN\IIS_IUSRS
	Group Name:		IIS_IUSRS
	Group Domain:		Builtin

Changed Attributes:
	SAM Account Name:	-
	SID History:		-

Additional Information:
	Privileges:		-"
Audit Success	9/17/2023 1:57:15 PM	Microsoft-Windows-Security-Auditing	4731	Security Group Management	"A security-enabled local group was created.

Subject:
	Security ID:		SYSTEM
	Account Name:		MINWINPC$
	Account Domain:		
	Logon ID:		0x3E7

New Group:
	Security ID:		BUILTIN\IIS_IUSRS
	Group Name:		IIS_IUSRS
	Group Domain:		Builtin

Attributes:
	SAM Account Name:	IIS_IUSRS
	SID History:		-

Additional Information:
	Privileges:		-"
Audit Success	9/17/2023 1:57:15 PM	Microsoft-Windows-Security-Auditing	4735	Security Group Management	"A security-enabled local group was changed.

Subject:
	Security ID:		SYSTEM
	Account Name:		MINWINPC$
	Account Domain:		
	Logon ID:		0x3E7

Group:
	Security ID:		BUILTIN\Distributed COM Users
	Group Name:		Distributed COM Users
	Group Domain:		Builtin

Changed Attributes:
	SAM Account Name:	-
	SID History:		-

Additional Information:
	Privileges:		-"
Audit Success	9/17/2023 1:57:15 PM	Microsoft-Windows-Security-Auditing	4731	Security Group Management	"A security-enabled local group was created.

Subject:
	Security ID:		SYSTEM
	Account Name:		MINWINPC$
	Account Domain:		
	Logon ID:		0x3E7

New Group:
	Security ID:		BUILTIN\Distributed COM Users
	Group Name:		Distributed COM Users
	Group Domain:		Builtin

Attributes:
	SAM Account Name:	Distributed COM Users
	SID History:		-

Additional Information:
	Privileges:		-"
Audit Success	9/17/2023 1:57:15 PM	Microsoft-Windows-Security-Auditing	4735	Security Group Management	"A security-enabled local group was changed.

Subject:
	Security ID:		SYSTEM
	Account Name:		MINWINPC$
	Account Domain:		
	Logon ID:		0x3E7

Group:
	Security ID:		BUILTIN\Performance Log Users
	Group Name:		Performance Log Users
	Group Domain:		Builtin

Changed Attributes:
	SAM Account Name:	-
	SID History:		-

Additional Information:
	Privileges:		-"
Audit Success	9/17/2023 1:57:15 PM	Microsoft-Windows-Security-Auditing	4731	Security Group Management	"A security-enabled local group was created.

Subject:
	Security ID:		SYSTEM
	Account Name:		MINWINPC$
	Account Domain:		
	Logon ID:		0x3E7

New Group:
	Security ID:		BUILTIN\Performance Log Users
	Group Name:		Performance Log Users
	Group Domain:		Builtin

Attributes:
	SAM Account Name:	Performance Log Users
	SID History:		-

Additional Information:
	Privileges:		-"
Audit Success	9/17/2023 1:57:15 PM	Microsoft-Windows-Security-Auditing	4735	Security Group Management	"A security-enabled local group was changed.

Subject:
	Security ID:		SYSTEM
	Account Name:		MINWINPC$
	Account Domain:		
	Logon ID:		0x3E7

Group:
	Security ID:		BUILTIN\Performance Monitor Users
	Group Name:		Performance Monitor Users
	Group Domain:		Builtin

Changed Attributes:
	SAM Account Name:	-
	SID History:		-

Additional Information:
	Privileges:		-"
Audit Success	9/17/2023 1:57:15 PM	Microsoft-Windows-Security-Auditing	4731	Security Group Management	"A security-enabled local group was created.

Subject:
	Security ID:		SYSTEM
	Account Name:		MINWINPC$
	Account Domain:		
	Logon ID:		0x3E7

New Group:
	Security ID:		BUILTIN\Performance Monitor Users
	Group Name:		Performance Monitor Users
	Group Domain:		Builtin

Attributes:
	SAM Account Name:	Performance Monitor Users
	SID History:		-

Additional Information:
	Privileges:		-"
Audit Success	9/17/2023 1:57:15 PM	Microsoft-Windows-Security-Auditing	4735	Security Group Management	"A security-enabled local group was changed.

Subject:
	Security ID:		SYSTEM
	Account Name:		MINWINPC$
	Account Domain:		
	Logon ID:		0x3E7

Group:
	Security ID:		BUILTIN\Network Configuration Operators
	Group Name:		Network Configuration Operators
	Group Domain:		Builtin

Changed Attributes:
	SAM Account Name:	-
	SID History:		-

Additional Information:
	Privileges:		-"
Audit Success	9/17/2023 1:57:15 PM	Microsoft-Windows-Security-Auditing	4731	Security Group Management	"A security-enabled local group was created.

Subject:
	Security ID:		SYSTEM
	Account Name:		MINWINPC$
	Account Domain:		
	Logon ID:		0x3E7

New Group:
	Security ID:		BUILTIN\Network Configuration Operators
	Group Name:		Network Configuration Operators
	Group Domain:		Builtin

Attributes:
	SAM Account Name:	Network Configuration Operators
	SID History:		-

Additional Information:
	Privileges:		-"
