Audit Success	9/17/2023 2:10:54 PM	Microsoft-Windows-Security-Auditing	4624	Logon	"An account was successfully logged on.

Subject:
	Security ID:		NULL SID
	Account Name:		-
	Account Domain:		-
	Logon ID:		0x0

Logon Information:
	Logon Type:		3
	Restricted Admin Mode:	-
	Virtual Account:		No
	Elevated Token:		Yes

Impersonation Level:		Impersonation

New Logon:
	Security ID:		SYSTEM
	Account Name:		WIN-0PV7L6HD3OR$
	Account Domain:		GMCYBER.NET
	Logon ID:		0x137AE4
	Linked Logon ID:		0x0
	Network Account Name:	-
	Network Account Domain:	-
	Logon GUID:		{5be0fc56-ce07-06c9-d76a-714ffd990fb5}

Process Information:
	Process ID:		0x0
	Process Name:		-

Network Information:
	Workstation Name:	-
	Source Network Address:	::1
	Source Port:		52730

Detailed Authentication Information:
	Logon Process:		Kerberos
	Authentication Package:	Kerberos
	Transited Services:	-
	Package Name (NTLM only):	-
	Key Length:		0

This event is generated when a logon session is created. It is generated on the computer that was accessed.

The subject fields indicate the account on the local system which requested the logon. This is most commonly a service such as the Server service, or a local process such as Winlogon.exe or Services.exe.

The logon type field indicates the kind of logon that occurred. The most common types are 2 (interactive) and 3 (network).

The New Logon fields indicate the account for whom the new logon was created, i.e. the account that was logged on.

The network fields indicate where a remote logon request originated. Workstation name is not always available and may be left blank in some cases.

The impersonation level field indicates the extent to which a process in the logon session can impersonate.

The authentication information fields provide detailed information about this specific logon request.
	- Logon GUID is a unique identifier that can be used to correlate this event with a KDC event.
	- Transited services indicate which intermediate services have participated in this logon request.
	- Package name indicates which sub-protocol was used among the NTLM protocols.
	- Key length indicates the length of the generated session key. This will be 0 if no session key was requested."
Audit Success	9/17/2023 2:10:54 PM	Microsoft-Windows-Security-Auditing	4672	Special Logon	"Special privileges assigned to new logon.

Subject:
	Security ID:		SYSTEM
	Account Name:		WIN-0PV7L6HD3OR$
	Account Domain:		GMCYBER
	Logon ID:		0x137AE4

Privileges:		SeSecurityPrivilege
			SeBackupPrivilege
			SeRestorePrivilege
			SeTakeOwnershipPrivilege
			SeDebugPrivilege
			SeSystemEnvironmentPrivilege
			SeLoadDriverPrivilege
			SeImpersonatePrivilege
			SeDelegateSessionUserImpersonatePrivilege
			SeEnableDelegationPrivilege"
Audit Success	9/17/2023 2:10:53 PM	Microsoft-Windows-Security-Auditing	4634	Logoff	"An account was logged off.

Subject:
	Security ID:		SYSTEM
	Account Name:		WIN-0PV7L6HD3OR$
	Account Domain:		GMCYBER
	Logon ID:		0x13791F

Logon Type:			3

This event is generated when a logon session is destroyed. It may be positively correlated with a logon event using the Logon ID value. Logon IDs are only unique between reboots on the same computer."
Audit Success	9/17/2023 2:10:53 PM	Microsoft-Windows-Security-Auditing	4624	Logon	"An account was successfully logged on.

Subject:
	Security ID:		NULL SID
	Account Name:		-
	Account Domain:		-
	Logon ID:		0x0

Logon Information:
	Logon Type:		3
	Restricted Admin Mode:	-
	Virtual Account:		No
	Elevated Token:		Yes

Impersonation Level:		Impersonation

New Logon:
	Security ID:		SYSTEM
	Account Name:		WIN-0PV7L6HD3OR$
	Account Domain:		GMCYBER.NET
	Logon ID:		0x13791F
	Linked Logon ID:		0x0
	Network Account Name:	-
	Network Account Domain:	-
	Logon GUID:		{5be0fc56-ce07-06c9-d76a-714ffd990fb5}

Process Information:
	Process ID:		0x0
	Process Name:		-

Network Information:
	Workstation Name:	-
	Source Network Address:	fe80::981c:161e:7cca:c579
	Source Port:		52725

Detailed Authentication Information:
	Logon Process:		Kerberos
	Authentication Package:	Kerberos
	Transited Services:	-
	Package Name (NTLM only):	-
	Key Length:		0

This event is generated when a logon session is created. It is generated on the computer that was accessed.

The subject fields indicate the account on the local system which requested the logon. This is most commonly a service such as the Server service, or a local process such as Winlogon.exe or Services.exe.

The logon type field indicates the kind of logon that occurred. The most common types are 2 (interactive) and 3 (network).

The New Logon fields indicate the account for whom the new logon was created, i.e. the account that was logged on.

The network fields indicate where a remote logon request originated. Workstation name is not always available and may be left blank in some cases.

The impersonation level field indicates the extent to which a process in the logon session can impersonate.

The authentication information fields provide detailed information about this specific logon request.
	- Logon GUID is a unique identifier that can be used to correlate this event with a KDC event.
	- Transited services indicate which intermediate services have participated in this logon request.
	- Package name indicates which sub-protocol was used among the NTLM protocols.
	- Key length indicates the length of the generated session key. This will be 0 if no session key was requested."
Audit Success	9/17/2023 2:10:53 PM	Microsoft-Windows-Security-Auditing	4672	Special Logon	"Special privileges assigned to new logon.

Subject:
	Security ID:		SYSTEM
	Account Name:		WIN-0PV7L6HD3OR$
	Account Domain:		GMCYBER
	Logon ID:		0x13791F

Privileges:		SeSecurityPrivilege
			SeBackupPrivilege
			SeRestorePrivilege
			SeTakeOwnershipPrivilege
			SeDebugPrivilege
			SeSystemEnvironmentPrivilege
			SeLoadDriverPrivilege
			SeImpersonatePrivilege
			SeDelegateSessionUserImpersonatePrivilege
			SeEnableDelegationPrivilege"
Audit Success	9/17/2023 2:10:23 PM	Microsoft-Windows-Security-Auditing	4737	Security Group Management	"A security-enabled global group was changed.

Subject:
	Security ID:		ANONYMOUS LOGON
	Account Name:		ANONYMOUS LOGON
	Account Domain:		NT AUTHORITY
	Logon ID:		0x3E6

Group:
	Security ID:		GMCYBER\Domain Controllers
	Group Name:		Domain Controllers
	Group Domain:		GMCYBER

Changed Attributes:
	SAM Account Name:	-
	SID History:		-

Additional Information:
	Privileges:		-"
Audit Success	9/17/2023 2:10:23 PM	Microsoft-Windows-Security-Auditing	4737	Security Group Management	"A security-enabled global group was changed.

Subject:
	Security ID:		ANONYMOUS LOGON
	Account Name:		ANONYMOUS LOGON
	Account Domain:		NT AUTHORITY
	Logon ID:		0x3E6

Group:
	Security ID:		GMCYBER\Read-only Domain Controllers
	Group Name:		Read-only Domain Controllers
	Group Domain:		GMCYBER

Changed Attributes:
	SAM Account Name:	-
	SID History:		-

Additional Information:
	Privileges:		-"
Audit Success	9/17/2023 2:10:23 PM	Microsoft-Windows-Security-Auditing	4738	User Account Management	"A user account was changed.

Subject:
	Security ID:		ANONYMOUS LOGON
	Account Name:		ANONYMOUS LOGON
	Account Domain:		NT AUTHORITY
	Logon ID:		0x3E6

Target Account:
	Security ID:		GMCYBER\krbtgt
	Account Name:		krbtgt
	Account Domain:		GMCYBER

Changed Attributes:
	SAM Account Name:	-
	Display Name:		-
	User Principal Name:	-
	Home Directory:		-
	Home Drive:		-
	Script Path:		-
	Profile Path:		-
	User Workstations:	-
	Password Last Set:	-
	Account Expires:		-
	Primary Group ID:	-
	AllowedToDelegateTo:	-
	Old UAC Value:		-
	New UAC Value:		-
	User Account Control:	-
	User Parameters:	-
	SID History:		-
	Logon Hours:		-

Additional Information:
	Privileges:		-"
Audit Success	9/17/2023 2:10:23 PM	Microsoft-Windows-Security-Auditing	4735	Security Group Management	"A security-enabled local group was changed.

Subject:
	Security ID:		ANONYMOUS LOGON
	Account Name:		ANONYMOUS LOGON
	Account Domain:		NT AUTHORITY
	Logon ID:		0x3E6

Group:
	Security ID:		BUILTIN\Replicator
	Group Name:		Replicator
	Group Domain:		Builtin

Changed Attributes:
	SAM Account Name:	-
	SID History:		-

Additional Information:
	Privileges:		-"
Audit Success	9/17/2023 2:10:23 PM	Microsoft-Windows-Security-Auditing	4735	Security Group Management	"A security-enabled local group was changed.

Subject:
	Security ID:		ANONYMOUS LOGON
	Account Name:		ANONYMOUS LOGON
	Account Domain:		NT AUTHORITY
	Logon ID:		0x3E6

Group:
	Security ID:		BUILTIN\Server Operators
	Group Name:		Server Operators
	Group Domain:		Builtin

Changed Attributes:
	SAM Account Name:	-
	SID History:		-

Additional Information:
	Privileges:		-"
Audit Success	9/17/2023 2:10:23 PM	Microsoft-Windows-Security-Auditing	4735	Security Group Management	"A security-enabled local group was changed.

Subject:
	Security ID:		ANONYMOUS LOGON
	Account Name:		ANONYMOUS LOGON
	Account Domain:		NT AUTHORITY
	Logon ID:		0x3E6

Group:
	Security ID:		BUILTIN\Backup Operators
	Group Name:		Backup Operators
	Group Domain:		Builtin

Changed Attributes:
	SAM Account Name:	-
	SID History:		-

Additional Information:
	Privileges:		-"
Audit Success	9/17/2023 2:10:23 PM	Microsoft-Windows-Security-Auditing	4735	Security Group Management	"A security-enabled local group was changed.

Subject:
	Security ID:		ANONYMOUS LOGON
	Account Name:		ANONYMOUS LOGON
	Account Domain:		NT AUTHORITY
	Logon ID:		0x3E6

Group:
	Security ID:		BUILTIN\Administrators
	Group Name:		Administrators
	Group Domain:		Builtin

Changed Attributes:
	SAM Account Name:	-
	SID History:		-

Additional Information:
	Privileges:		-"
Audit Success	9/17/2023 2:10:23 PM	Microsoft-Windows-Security-Auditing	4735	Security Group Management	"A security-enabled local group was changed.

Subject:
	Security ID:		ANONYMOUS LOGON
	Account Name:		ANONYMOUS LOGON
	Account Domain:		NT AUTHORITY
	Logon ID:		0x3E6

Group:
	Security ID:		BUILTIN\Account Operators
	Group Name:		Account Operators
	Group Domain:		Builtin

Changed Attributes:
	SAM Account Name:	-
	SID History:		-

Additional Information:
	Privileges:		-"
Audit Success	9/17/2023 2:10:23 PM	Microsoft-Windows-Security-Auditing	4735	Security Group Management	"A security-enabled local group was changed.

Subject:
	Security ID:		ANONYMOUS LOGON
	Account Name:		ANONYMOUS LOGON
	Account Domain:		NT AUTHORITY
	Logon ID:		0x3E6

Group:
	Security ID:		BUILTIN\Print Operators
	Group Name:		Print Operators
	Group Domain:		Builtin

Changed Attributes:
	SAM Account Name:	-
	SID History:		-

Additional Information:
	Privileges:		-"
Audit Success	9/17/2023 2:10:23 PM	Microsoft-Windows-Security-Auditing	4755	Security Group Management	"A security-enabled universal group was changed.

Subject:
	Security ID:		ANONYMOUS LOGON
	Account Name:		ANONYMOUS LOGON
	Account Domain:		NT AUTHORITY
	Logon ID:		0x3E6

Group:
	Security ID:		GMCYBER\Schema Admins
	Group Name:		Schema Admins
	Group Domain:		GMCYBER

Changed Attributes:
	SAM Account Name:	-
	SID History:		-

Additional Information:
	Privileges:		-"
Audit Success	9/17/2023 2:10:23 PM	Microsoft-Windows-Security-Auditing	4737	Security Group Management	"A security-enabled global group was changed.

Subject:
	Security ID:		ANONYMOUS LOGON
	Account Name:		ANONYMOUS LOGON
	Account Domain:		NT AUTHORITY
	Logon ID:		0x3E6

Group:
	Security ID:		GMCYBER\Domain Admins
	Group Name:		Domain Admins
	Group Domain:		GMCYBER

Changed Attributes:
	SAM Account Name:	-
	SID History:		-

Additional Information:
	Privileges:		-"
Audit Success	9/17/2023 2:10:23 PM	Microsoft-Windows-Security-Auditing	4755	Security Group Management	"A security-enabled universal group was changed.

Subject:
	Security ID:		ANONYMOUS LOGON
	Account Name:		ANONYMOUS LOGON
	Account Domain:		NT AUTHORITY
	Logon ID:		0x3E6

Group:
	Security ID:		GMCYBER\Enterprise Admins
	Group Name:		Enterprise Admins
	Group Domain:		GMCYBER

Changed Attributes:
	SAM Account Name:	-
	SID History:		-

Additional Information:
	Privileges:		-"
Audit Success	9/17/2023 2:10:23 PM	Microsoft-Windows-Security-Auditing	4738	User Account Management	"A user account was changed.

Subject:
	Security ID:		ANONYMOUS LOGON
	Account Name:		ANONYMOUS LOGON
	Account Domain:		NT AUTHORITY
	Logon ID:		0x3E6

Target Account:
	Security ID:		GMCYBER\Administrator
	Account Name:		Administrator
	Account Domain:		GMCYBER

Changed Attributes:
	SAM Account Name:	-
	Display Name:		-
	User Principal Name:	-
	Home Directory:		-
	Home Drive:		-
	Script Path:		-
	Profile Path:		-
	User Workstations:	-
	Password Last Set:	-
	Account Expires:		-
	Primary Group ID:	-
	AllowedToDelegateTo:	-
	Old UAC Value:		-
	New UAC Value:		-
	User Account Control:	-
	User Parameters:	-
	SID History:		-
	Logon Hours:		-

Additional Information:
	Privileges:		-"
Audit Success	9/17/2023 2:10:23 PM	Microsoft-Windows-Security-Auditing	4755	Security Group Management	"A security-enabled universal group was changed.

Subject:
	Security ID:		ANONYMOUS LOGON
	Account Name:		ANONYMOUS LOGON
	Account Domain:		NT AUTHORITY
	Logon ID:		0x3E6

Group:
	Security ID:		GMCYBER\Enterprise Key Admins
	Group Name:		Enterprise Key Admins
	Group Domain:		GMCYBER

Changed Attributes:
	SAM Account Name:	-
	SID History:		-

Additional Information:
	Privileges:		-"
Audit Success	9/17/2023 2:10:23 PM	Microsoft-Windows-Security-Auditing	4737	Security Group Management	"A security-enabled global group was changed.

Subject:
	Security ID:		ANONYMOUS LOGON
	Account Name:		ANONYMOUS LOGON
	Account Domain:		NT AUTHORITY
	Logon ID:		0x3E6

Group:
	Security ID:		GMCYBER\Key Admins
	Group Name:		Key Admins
	Group Domain:		GMCYBER

Changed Attributes:
	SAM Account Name:	-
	SID History:		-

Additional Information:
	Privileges:		-"
Audit Success	9/17/2023 2:10:23 PM	Microsoft-Windows-Security-Auditing	4662	Directory Service Access	"An operation was performed on an object.

Subject :
	Security ID:		SYSTEM
	Account Name:		WIN-0PV7L6HD3OR$
	Account Domain:		GMCYBER
	Logon ID:		0x363D3

Object:
	Object Server:		DS
	Object Type:		domainDNS
	Object Name:		DC=GMCyber,DC=net
	Handle ID:		0x0

Operation:
	Operation Type:		Object Access
	Accesses:		Control Access
				
	Access Mask:		0x100
	Properties:		Control Access
		{1131f6aa-9c07-11d1-f79f-00c04fc2dcd2}
	{19195a5b-6da0-11d0-afd3-00c04fd930c9}


Additional Information:
	Parameter 1:		-
	Parameter 2:		"
Audit Success	9/17/2023 2:10:14 PM	Microsoft-Windows-Security-Auditing	4722	User Account Management	"A user account was enabled.

Subject:
	Security ID:		GMCYBER\Administrator
	Account Name:		Administrator
	Account Domain:		GMCYBER
	Logon ID:		0x5FE48

Target Account:
	Security ID:		GMCYBER\cgamp
	Account Name:		cgamp
	Account Domain:		GMCYBER"
Audit Success	9/17/2023 2:10:14 PM	Microsoft-Windows-Security-Auditing	4738	User Account Management	"A user account was changed.

Subject:
	Security ID:		GMCYBER\Administrator
	Account Name:		Administrator
	Account Domain:		GMCYBER
	Logon ID:		0x5FE48

Target Account:
	Security ID:		GMCYBER\cgamp
	Account Name:		cgamp
	Account Domain:		GMCYBER

Changed Attributes:
	SAM Account Name:	-
	Display Name:		-
	User Principal Name:	-
	Home Directory:		-
	Home Drive:		-
	Script Path:		-
	Profile Path:		-
	User Workstations:	-
	Password Last Set:	-
	Account Expires:		-
	Primary Group ID:	-
	AllowedToDelegateTo:	-
	Old UAC Value:		0x211
	New UAC Value:		0x210
	User Account Control:	
		Account Enabled
	User Parameters:	-
	SID History:		-
	Logon Hours:		-

Additional Information:
	Privileges:		-"
Audit Success	9/17/2023 2:10:14 PM	Microsoft-Windows-Security-Auditing	4738	User Account Management	"A user account was changed.

Subject:
	Security ID:		GMCYBER\Administrator
	Account Name:		Administrator
	Account Domain:		GMCYBER
	Logon ID:		0x5FE48

Target Account:
	Security ID:		GMCYBER\cgamp
	Account Name:		cgamp
	Account Domain:		GMCYBER

Changed Attributes:
	SAM Account Name:	-
	Display Name:		-
	User Principal Name:	-
	Home Directory:		-
	Home Drive:		-
	Script Path:		-
	Profile Path:		-
	User Workstations:	-
	Password Last Set:	-
	Account Expires:		-
	Primary Group ID:	-
	AllowedToDelegateTo:	-
	Old UAC Value:		0x15
	New UAC Value:		0x211
	User Account Control:	
		'Password Not Required' - Disabled
		'Don't Expire Password' - Enabled
	User Parameters:	-
	SID History:		-
	Logon Hours:		-

Additional Information:
	Privileges:		-"
Audit Success	9/17/2023 2:10:14 PM	Microsoft-Windows-Security-Auditing	4634	Logoff	"An account was logged off.

Subject:
	Security ID:		GMCYBER\Administrator
	Account Name:		Administrator
	Account Domain:		GMCYBER
	Logon ID:		0x1361BB

Logon Type:			3

This event is generated when a logon session is destroyed. It may be positively correlated with a logon event using the Logon ID value. Logon IDs are only unique between reboots on the same computer."
Audit Success	9/17/2023 2:10:14 PM	Microsoft-Windows-Security-Auditing	4724	User Account Management	"An attempt was made to reset an account's password.

Subject:
	Security ID:		GMCYBER\Administrator
	Account Name:		Administrator
	Account Domain:		GMCYBER
	Logon ID:		0x1361BB

Target Account:
	Security ID:		GMCYBER\cgamp
	Account Name:		cgamp
	Account Domain:		GMCYBER"
Audit Success	9/17/2023 2:10:14 PM	Microsoft-Windows-Security-Auditing	4738	User Account Management	"A user account was changed.

Subject:
	Security ID:		ANONYMOUS LOGON
	Account Name:		ANONYMOUS LOGON
	Account Domain:		NT AUTHORITY
	Logon ID:		0x3E6

Target Account:
	Security ID:		GMCYBER\cgamp
	Account Name:		cgamp
	Account Domain:		GMCYBER

Changed Attributes:
	SAM Account Name:	-
	Display Name:		-
	User Principal Name:	-
	Home Directory:		-
	Home Drive:		-
	Script Path:		-
	Profile Path:		-
	User Workstations:	-
	Password Last Set:	9/17/2023 2:10:14 PM
	Account Expires:		-
	Primary Group ID:	-
	AllowedToDelegateTo:	-
	Old UAC Value:		-
	New UAC Value:		-
	User Account Control:	-
	User Parameters:	-
	SID History:		-
	Logon Hours:		-

Additional Information:
	Privileges:		-"
Audit Success	9/17/2023 2:10:14 PM	Microsoft-Windows-Security-Auditing	4672	Special Logon	"Special privileges assigned to new logon.

Subject:
	Security ID:		GMCYBER\Administrator
	Account Name:		Administrator
	Account Domain:		GMCYBER
	Logon ID:		0x1361BB

Privileges:		SeSecurityPrivilege
			SeBackupPrivilege
			SeRestorePrivilege
			SeTakeOwnershipPrivilege
			SeDebugPrivilege
			SeSystemEnvironmentPrivilege
			SeLoadDriverPrivilege
			SeImpersonatePrivilege
			SeDelegateSessionUserImpersonatePrivilege
			SeEnableDelegationPrivilege"
Audit Success	9/17/2023 2:10:14 PM	Microsoft-Windows-Security-Auditing	4769	Kerberos Service Ticket Operations	"A Kerberos service ticket was requested.

Account Information:
	Account Name:		Administrator@GMCYBER.NET
	Account Domain:		GMCYBER.NET
	Logon GUID:		{fdc90854-cd8e-9ba9-8530-3dab2921d17c}

Service Information:
	Service Name:		krbtgt
	Service ID:		GMCYBER\krbtgt

Network Information:
	Client Address:		::1
	Client Port:		0

Additional Information:
	Ticket Options:		0x40810000
	Ticket Encryption Type:	0x12
	Failure Code:		0x0
	Transited Services:	-

This event is generated every time access is requested to a resource such as a computer or a Windows service.  The service name indicates the resource to which access was requested.

This event can be correlated with Windows logon events by comparing the Logon GUID fields in each event.  The logon event occurs on the machine that was accessed, which is often a different machine than the domain controller which issued the service ticket.

Ticket options, encryption types, and failure codes are defined in RFC 4120."
Audit Success	9/17/2023 2:10:14 PM	Microsoft-Windows-Security-Auditing	4720	User Account Management	"A user account was created.

Subject:
	Security ID:		GMCYBER\Administrator
	Account Name:		Administrator
	Account Domain:		GMCYBER
	Logon ID:		0x5FE48

New Account:
	Security ID:		GMCYBER\cgamp
	Account Name:		cgamp
	Account Domain:		GMCYBER

Attributes:
	SAM Account Name:	cgamp
	Display Name:		Crooky gamp
	User Principal Name:	cgamp@GMCyber.net
	Home Directory:		-
	Home Drive:		-
	Script Path:		-
	Profile Path:		-
	User Workstations:	-
	Password Last Set:	<never>
	Account Expires:		<never>
	Primary Group ID:	513
	Allowed To Delegate To:	-
	Old UAC Value:		0x0
	New UAC Value:		0x15
	User Account Control:	
		Account Disabled
		'Password Not Required' - Enabled
		'Normal Account' - Enabled
	User Parameters:	-
	SID History:		-
	Logon Hours:		<value not set>

Additional Information:
	Privileges		-"
Audit Success	9/17/2023 2:09:54 PM	Microsoft-Windows-Security-Auditing	4634	Logoff	"An account was logged off.

Subject:
	Security ID:		SYSTEM
	Account Name:		WIN-0PV7L6HD3OR$
	Account Domain:		GMCYBER
	Logon ID:		0x1355A2

Logon Type:			3

This event is generated when a logon session is destroyed. It may be positively correlated with a logon event using the Logon ID value. Logon IDs are only unique between reboots on the same computer."
Audit Success	9/17/2023 2:09:54 PM	Microsoft-Windows-Security-Auditing	4624	Logon	"An account was successfully logged on.

Subject:
	Security ID:		NULL SID
	Account Name:		-
	Account Domain:		-
	Logon ID:		0x0

Logon Information:
	Logon Type:		3
	Restricted Admin Mode:	-
	Virtual Account:		No
	Elevated Token:		Yes

Impersonation Level:		Impersonation

New Logon:
	Security ID:		SYSTEM
	Account Name:		WIN-0PV7L6HD3OR$
	Account Domain:		GMCYBER.NET
	Logon ID:		0x1355A2
	Linked Logon ID:		0x0
	Network Account Name:	-
	Network Account Domain:	-
	Logon GUID:		{5be0fc56-ce07-06c9-d76a-714ffd990fb5}

Process Information:
	Process ID:		0x0
	Process Name:		-

Network Information:
	Workstation Name:	-
	Source Network Address:	::1
	Source Port:		52719

Detailed Authentication Information:
	Logon Process:		Kerberos
	Authentication Package:	Kerberos
	Transited Services:	-
	Package Name (NTLM only):	-
	Key Length:		0

This event is generated when a logon session is created. It is generated on the computer that was accessed.

The subject fields indicate the account on the local system which requested the logon. This is most commonly a service such as the Server service, or a local process such as Winlogon.exe or Services.exe.

The logon type field indicates the kind of logon that occurred. The most common types are 2 (interactive) and 3 (network).

The New Logon fields indicate the account for whom the new logon was created, i.e. the account that was logged on.

The network fields indicate where a remote logon request originated. Workstation name is not always available and may be left blank in some cases.

The impersonation level field indicates the extent to which a process in the logon session can impersonate.

The authentication information fields provide detailed information about this specific logon request.
	- Logon GUID is a unique identifier that can be used to correlate this event with a KDC event.
	- Transited services indicate which intermediate services have participated in this logon request.
	- Package name indicates which sub-protocol was used among the NTLM protocols.
	- Key length indicates the length of the generated session key. This will be 0 if no session key was requested."
Audit Success	9/17/2023 2:09:54 PM	Microsoft-Windows-Security-Auditing	4672	Special Logon	"Special privileges assigned to new logon.

Subject:
	Security ID:		SYSTEM
	Account Name:		WIN-0PV7L6HD3OR$
	Account Domain:		GMCYBER
	Logon ID:		0x1355A2

Privileges:		SeSecurityPrivilege
			SeBackupPrivilege
			SeRestorePrivilege
			SeTakeOwnershipPrivilege
			SeDebugPrivilege
			SeSystemEnvironmentPrivilege
			SeLoadDriverPrivilege
			SeImpersonatePrivilege
			SeDelegateSessionUserImpersonatePrivilege
			SeEnableDelegationPrivilege"
Audit Success	9/17/2023 2:09:43 PM	Microsoft-Windows-Security-Auditing	4634	Logoff	"An account was logged off.

Subject:
	Security ID:		GMCYBER\Administrator
	Account Name:		Administrator
	Account Domain:		GMCYBER
	Logon ID:		0x134ED0

Logon Type:			7

This event is generated when a logon session is destroyed. It may be positively correlated with a logon event using the Logon ID value. Logon IDs are only unique between reboots on the same computer."
Audit Success	9/17/2023 2:09:43 PM	Microsoft-Windows-Security-Auditing	4672	Special Logon	"Special privileges assigned to new logon.

Subject:
	Security ID:		GMCYBER\Administrator
	Account Name:		Administrator
	Account Domain:		GMCYBER
	Logon ID:		0x134ED0

Privileges:		SeSecurityPrivilege
			SeTakeOwnershipPrivilege
			SeLoadDriverPrivilege
			SeBackupPrivilege
			SeRestorePrivilege
			SeDebugPrivilege
			SeSystemEnvironmentPrivilege
			SeEnableDelegationPrivilege
			SeImpersonatePrivilege
			SeDelegateSessionUserImpersonatePrivilege"
Audit Success	9/17/2023 2:09:43 PM	Microsoft-Windows-Security-Auditing	4624	Logon	"An account was successfully logged on.

Subject:
	Security ID:		SYSTEM
	Account Name:		WIN-0PV7L6HD3OR$
	Account Domain:		GMCYBER
	Logon ID:		0x3E7

Logon Information:
	Logon Type:		7
	Restricted Admin Mode:	-
	Virtual Account:		No
	Elevated Token:		Yes

Impersonation Level:		Impersonation

New Logon:
	Security ID:		GMCYBER\Administrator
	Account Name:		Administrator
	Account Domain:		GMCYBER
	Logon ID:		0x134ED0
	Linked Logon ID:		0x0
	Network Account Name:	-
	Network Account Domain:	-
	Logon GUID:		{0cf00840-45ed-670c-e331-daf73af8b8fa}

Process Information:
	Process ID:		0x264
	Process Name:		C:\Windows\System32\lsass.exe

Network Information:
	Workstation Name:	WIN-0PV7L6HD3OR
	Source Network Address:	-
	Source Port:		-

Detailed Authentication Information:
	Logon Process:		Negotiat
	Authentication Package:	Negotiate
	Transited Services:	-
	Package Name (NTLM only):	-
	Key Length:		0

This event is generated when a logon session is created. It is generated on the computer that was accessed.

The subject fields indicate the account on the local system which requested the logon. This is most commonly a service such as the Server service, or a local process such as Winlogon.exe or Services.exe.

The logon type field indicates the kind of logon that occurred. The most common types are 2 (interactive) and 3 (network).

The New Logon fields indicate the account for whom the new logon was created, i.e. the account that was logged on.

The network fields indicate where a remote logon request originated. Workstation name is not always available and may be left blank in some cases.

The impersonation level field indicates the extent to which a process in the logon session can impersonate.

The authentication information fields provide detailed information about this specific logon request.
	- Logon GUID is a unique identifier that can be used to correlate this event with a KDC event.
	- Transited services indicate which intermediate services have participated in this logon request.
	- Package name indicates which sub-protocol was used among the NTLM protocols.
	- Key length indicates the length of the generated session key. This will be 0 if no session key was requested."
Audit Success	9/17/2023 2:09:43 PM	Microsoft-Windows-Security-Auditing	4648	Logon	"A logon was attempted using explicit credentials.

Subject:
	Security ID:		SYSTEM
	Account Name:		WIN-0PV7L6HD3OR$
	Account Domain:		GMCYBER
	Logon ID:		0x3E7
	Logon GUID:		{00000000-0000-0000-0000-000000000000}

Account Whose Credentials Were Used:
	Account Name:		Administrator
	Account Domain:		GMCYBER
	Logon GUID:		{0cf00840-45ed-670c-e331-daf73af8b8fa}

Target Server:
	Target Server Name:	localhost
	Additional Information:	localhost

Process Information:
	Process ID:		0x264
	Process Name:		C:\Windows\System32\lsass.exe

Network Information:
	Network Address:	-
	Port:			-

This event is generated when a process attempts to log on an account by explicitly specifying that account’s credentials.  This most commonly occurs in batch-type configurations such as scheduled tasks, or when using the RUNAS command."
Audit Success	9/17/2023 2:09:43 PM	Microsoft-Windows-Security-Auditing	4769	Kerberos Service Ticket Operations	"A Kerberos service ticket was requested.

Account Information:
	Account Name:		Administrator@GMCYBER.NET
	Account Domain:		GMCYBER.NET
	Logon GUID:		{0cf00840-45ed-670c-e331-daf73af8b8fa}

Service Information:
	Service Name:		WIN-0PV7L6HD3OR$
	Service ID:		GMCYBER\WIN-0PV7L6HD3OR$

Network Information:
	Client Address:		::1
	Client Port:		0

Additional Information:
	Ticket Options:		0x40810000
	Ticket Encryption Type:	0x12
	Failure Code:		0x0
	Transited Services:	-

This event is generated every time access is requested to a resource such as a computer or a Windows service.  The service name indicates the resource to which access was requested.

This event can be correlated with Windows logon events by comparing the Logon GUID fields in each event.  The logon event occurs on the machine that was accessed, which is often a different machine than the domain controller which issued the service ticket.

Ticket options, encryption types, and failure codes are defined in RFC 4120."
Audit Success	9/17/2023 2:09:43 PM	Microsoft-Windows-Security-Auditing	4768	Kerberos Authentication Service	"A Kerberos authentication ticket (TGT) was requested.

Account Information:
	Account Name:		Administrator
	Supplied Realm Name:	GMCYBER
	User ID:			GMCYBER\Administrator

Service Information:
	Service Name:		krbtgt
	Service ID:		GMCYBER\krbtgt

Network Information:
	Client Address:		::1
	Client Port:		0

Additional Information:
	Ticket Options:		0x40810010
	Result Code:		0x0
	Ticket Encryption Type:	0x12
	Pre-Authentication Type:	2

Certificate Information:
	Certificate Issuer Name:		
	Certificate Serial Number:	
	Certificate Thumbprint:		

Certificate information is only provided if a certificate was used for pre-authentication.

Pre-authentication types, ticket options, encryption types and result codes are defined in RFC 4120."
Audit Success	9/17/2023 2:09:43 PM	Microsoft-Windows-Security-Auditing	4634	Logoff	"An account was logged off.

Subject:
	Security ID:		GMCYBER\Administrator
	Account Name:		Administrator
	Account Domain:		GMCYBER
	Logon ID:		0x134E8A

Logon Type:			7

This event is generated when a logon session is destroyed. It may be positively correlated with a logon event using the Logon ID value. Logon IDs are only unique between reboots on the same computer."
Audit Success	9/17/2023 2:09:43 PM	Microsoft-Windows-Security-Auditing	4672	Special Logon	"Special privileges assigned to new logon.

Subject:
	Security ID:		GMCYBER\Administrator
	Account Name:		Administrator
	Account Domain:		GMCYBER
	Logon ID:		0x134E8A

Privileges:		SeSecurityPrivilege
			SeTakeOwnershipPrivilege
			SeLoadDriverPrivilege
			SeBackupPrivilege
			SeRestorePrivilege
			SeDebugPrivilege
			SeSystemEnvironmentPrivilege
			SeEnableDelegationPrivilege
			SeImpersonatePrivilege
			SeDelegateSessionUserImpersonatePrivilege"
Audit Success	9/17/2023 2:09:43 PM	Microsoft-Windows-Security-Auditing	4624	Logon	"An account was successfully logged on.

Subject:
	Security ID:		SYSTEM
	Account Name:		WIN-0PV7L6HD3OR$
	Account Domain:		GMCYBER
	Logon ID:		0x3E7

Logon Information:
	Logon Type:		7
	Restricted Admin Mode:	-
	Virtual Account:		No
	Elevated Token:		Yes

Impersonation Level:		Impersonation

New Logon:
	Security ID:		GMCYBER\Administrator
	Account Name:		Administrator
	Account Domain:		GMCYBER
	Logon ID:		0x134E8A
	Linked Logon ID:		0x0
	Network Account Name:	-
	Network Account Domain:	-
	Logon GUID:		{00000000-0000-0000-0000-000000000000}

Process Information:
	Process ID:		0x4dc
	Process Name:		C:\Windows\System32\svchost.exe

Network Information:
	Workstation Name:	WIN-0PV7L6HD3OR
	Source Network Address:	127.0.0.1
	Source Port:		0

Detailed Authentication Information:
	Logon Process:		User32 
	Authentication Package:	Negotiate
	Transited Services:	-
	Package Name (NTLM only):	-
	Key Length:		0

This event is generated when a logon session is created. It is generated on the computer that was accessed.

The subject fields indicate the account on the local system which requested the logon. This is most commonly a service such as the Server service, or a local process such as Winlogon.exe or Services.exe.

The logon type field indicates the kind of logon that occurred. The most common types are 2 (interactive) and 3 (network).

The New Logon fields indicate the account for whom the new logon was created, i.e. the account that was logged on.

The network fields indicate where a remote logon request originated. Workstation name is not always available and may be left blank in some cases.

The impersonation level field indicates the extent to which a process in the logon session can impersonate.

The authentication information fields provide detailed information about this specific logon request.
	- Logon GUID is a unique identifier that can be used to correlate this event with a KDC event.
	- Transited services indicate which intermediate services have participated in this logon request.
	- Package name indicates which sub-protocol was used among the NTLM protocols.
	- Key length indicates the length of the generated session key. This will be 0 if no session key was requested."
Audit Success	9/17/2023 2:09:43 PM	Microsoft-Windows-Security-Auditing	4648	Logon	"A logon was attempted using explicit credentials.

Subject:
	Security ID:		SYSTEM
	Account Name:		WIN-0PV7L6HD3OR$
	Account Domain:		GMCYBER
	Logon ID:		0x3E7
	Logon GUID:		{00000000-0000-0000-0000-000000000000}

Account Whose Credentials Were Used:
	Account Name:		Administrator
	Account Domain:		GMCYBER
	Logon GUID:		{00000000-0000-0000-0000-000000000000}

Target Server:
	Target Server Name:	localhost
	Additional Information:	localhost

Process Information:
	Process ID:		0x4dc
	Process Name:		C:\Windows\System32\svchost.exe

Network Information:
	Network Address:	127.0.0.1
	Port:			0

This event is generated when a process attempts to log on an account by explicitly specifying that account’s credentials.  This most commonly occurs in batch-type configurations such as scheduled tasks, or when using the RUNAS command."
Audit Success	9/17/2023 2:09:43 PM	Microsoft-Windows-Security-Auditing	4776	Credential Validation	"The computer attempted to validate the credentials for an account.

Authentication Package:	MICROSOFT_AUTHENTICATION_PACKAGE_V1_0
Logon Account:	Administrator
Source Workstation:	WIN-0PV7L6HD3OR
Error Code:	0x0"
Audit Success	9/17/2023 2:09:31 PM	Microsoft-Windows-Security-Auditing	4672	Special Logon	"Special privileges assigned to new logon.

Subject:
	Security ID:		SYSTEM
	Account Name:		SYSTEM
	Account Domain:		NT AUTHORITY
	Logon ID:		0x3E7

Privileges:		SeAssignPrimaryTokenPrivilege
			SeTcbPrivilege
			SeSecurityPrivilege
			SeTakeOwnershipPrivilege
			SeLoadDriverPrivilege
			SeBackupPrivilege
			SeRestorePrivilege
			SeDebugPrivilege
			SeAuditPrivilege
			SeSystemEnvironmentPrivilege
			SeImpersonatePrivilege
			SeDelegateSessionUserImpersonatePrivilege"
Audit Success	9/17/2023 2:09:31 PM	Microsoft-Windows-Security-Auditing	4624	Logon	"An account was successfully logged on.

Subject:
	Security ID:		SYSTEM
	Account Name:		WIN-0PV7L6HD3OR$
	Account Domain:		GMCYBER
	Logon ID:		0x3E7

Logon Information:
	Logon Type:		5
	Restricted Admin Mode:	-
	Virtual Account:		No
	Elevated Token:		Yes

Impersonation Level:		Impersonation

New Logon:
	Security ID:		SYSTEM
	Account Name:		SYSTEM
	Account Domain:		NT AUTHORITY
	Logon ID:		0x3E7
	Linked Logon ID:		0x0
	Network Account Name:	-
	Network Account Domain:	-
	Logon GUID:		{00000000-0000-0000-0000-000000000000}

Process Information:
	Process ID:		0x25c
	Process Name:		C:\Windows\System32\services.exe

Network Information:
	Workstation Name:	-
	Source Network Address:	-
	Source Port:		-

Detailed Authentication Information:
	Logon Process:		Advapi  
	Authentication Package:	Negotiate
	Transited Services:	-
	Package Name (NTLM only):	-
	Key Length:		0

This event is generated when a logon session is created. It is generated on the computer that was accessed.

The subject fields indicate the account on the local system which requested the logon. This is most commonly a service such as the Server service, or a local process such as Winlogon.exe or Services.exe.

The logon type field indicates the kind of logon that occurred. The most common types are 2 (interactive) and 3 (network).

The New Logon fields indicate the account for whom the new logon was created, i.e. the account that was logged on.

The network fields indicate where a remote logon request originated. Workstation name is not always available and may be left blank in some cases.

The impersonation level field indicates the extent to which a process in the logon session can impersonate.

The authentication information fields provide detailed information about this specific logon request.
	- Logon GUID is a unique identifier that can be used to correlate this event with a KDC event.
	- Transited services indicate which intermediate services have participated in this logon request.
	- Package name indicates which sub-protocol was used among the NTLM protocols.
	- Key length indicates the length of the generated session key. This will be 0 if no session key was requested."
Audit Success	9/17/2023 2:09:31 PM	Microsoft-Windows-Security-Auditing	4672	Special Logon	"Special privileges assigned to new logon.

Subject:
	Security ID:		SYSTEM
	Account Name:		SYSTEM
	Account Domain:		NT AUTHORITY
	Logon ID:		0x3E7

Privileges:		SeAssignPrimaryTokenPrivilege
			SeTcbPrivilege
			SeSecurityPrivilege
			SeTakeOwnershipPrivilege
			SeLoadDriverPrivilege
			SeBackupPrivilege
			SeRestorePrivilege
			SeDebugPrivilege
			SeAuditPrivilege
			SeSystemEnvironmentPrivilege
			SeImpersonatePrivilege
			SeDelegateSessionUserImpersonatePrivilege"
Audit Success	9/17/2023 2:09:31 PM	Microsoft-Windows-Security-Auditing	4624	Logon	"An account was successfully logged on.

Subject:
	Security ID:		SYSTEM
	Account Name:		WIN-0PV7L6HD3OR$
	Account Domain:		GMCYBER
	Logon ID:		0x3E7

Logon Information:
	Logon Type:		5
	Restricted Admin Mode:	-
	Virtual Account:		No
	Elevated Token:		Yes

Impersonation Level:		Impersonation

New Logon:
	Security ID:		SYSTEM
	Account Name:		SYSTEM
	Account Domain:		NT AUTHORITY
	Logon ID:		0x3E7
	Linked Logon ID:		0x0
	Network Account Name:	-
	Network Account Domain:	-
	Logon GUID:		{00000000-0000-0000-0000-000000000000}

Process Information:
	Process ID:		0x25c
	Process Name:		C:\Windows\System32\services.exe

Network Information:
	Workstation Name:	-
	Source Network Address:	-
	Source Port:		-

Detailed Authentication Information:
	Logon Process:		Advapi  
	Authentication Package:	Negotiate
	Transited Services:	-
	Package Name (NTLM only):	-
	Key Length:		0

This event is generated when a logon session is created. It is generated on the computer that was accessed.

The subject fields indicate the account on the local system which requested the logon. This is most commonly a service such as the Server service, or a local process such as Winlogon.exe or Services.exe.

The logon type field indicates the kind of logon that occurred. The most common types are 2 (interactive) and 3 (network).

The New Logon fields indicate the account for whom the new logon was created, i.e. the account that was logged on.

The network fields indicate where a remote logon request originated. Workstation name is not always available and may be left blank in some cases.

The impersonation level field indicates the extent to which a process in the logon session can impersonate.

The authentication information fields provide detailed information about this specific logon request.
	- Logon GUID is a unique identifier that can be used to correlate this event with a KDC event.
	- Transited services indicate which intermediate services have participated in this logon request.
	- Package name indicates which sub-protocol was used among the NTLM protocols.
	- Key length indicates the length of the generated session key. This will be 0 if no session key was requested."
Audit Success	9/17/2023 2:08:54 PM	Microsoft-Windows-Security-Auditing	4634	Logoff	"An account was logged off.

Subject:
	Security ID:		SYSTEM
	Account Name:		WIN-0PV7L6HD3OR$
	Account Domain:		GMCYBER
	Logon ID:		0x13138F

Logon Type:			3

This event is generated when a logon session is destroyed. It may be positively correlated with a logon event using the Logon ID value. Logon IDs are only unique between reboots on the same computer."
Audit Success	9/17/2023 2:08:54 PM	Microsoft-Windows-Security-Auditing	4624	Logon	"An account was successfully logged on.

Subject:
	Security ID:		NULL SID
	Account Name:		-
	Account Domain:		-
	Logon ID:		0x0

Logon Information:
	Logon Type:		3
	Restricted Admin Mode:	-
	Virtual Account:		No
	Elevated Token:		Yes

Impersonation Level:		Impersonation

New Logon:
	Security ID:		SYSTEM
	Account Name:		WIN-0PV7L6HD3OR$
	Account Domain:		GMCYBER.NET
	Logon ID:		0x13138F
	Linked Logon ID:		0x0
	Network Account Name:	-
	Network Account Domain:	-
	Logon GUID:		{5be0fc56-ce07-06c9-d76a-714ffd990fb5}

Process Information:
	Process ID:		0x0
	Process Name:		-

Network Information:
	Workstation Name:	-
	Source Network Address:	::1
	Source Port:		58836

Detailed Authentication Information:
	Logon Process:		Kerberos
	Authentication Package:	Kerberos
	Transited Services:	-
	Package Name (NTLM only):	-
	Key Length:		0

This event is generated when a logon session is created. It is generated on the computer that was accessed.

The subject fields indicate the account on the local system which requested the logon. This is most commonly a service such as the Server service, or a local process such as Winlogon.exe or Services.exe.

The logon type field indicates the kind of logon that occurred. The most common types are 2 (interactive) and 3 (network).

The New Logon fields indicate the account for whom the new logon was created, i.e. the account that was logged on.

The network fields indicate where a remote logon request originated. Workstation name is not always available and may be left blank in some cases.

The impersonation level field indicates the extent to which a process in the logon session can impersonate.

The authentication information fields provide detailed information about this specific logon request.
	- Logon GUID is a unique identifier that can be used to correlate this event with a KDC event.
	- Transited services indicate which intermediate services have participated in this logon request.
	- Package name indicates which sub-protocol was used among the NTLM protocols.
	- Key length indicates the length of the generated session key. This will be 0 if no session key was requested."
Audit Success	9/17/2023 2:08:54 PM	Microsoft-Windows-Security-Auditing	4672	Special Logon	"Special privileges assigned to new logon.

Subject:
	Security ID:		SYSTEM
	Account Name:		WIN-0PV7L6HD3OR$
	Account Domain:		GMCYBER
	Logon ID:		0x13138F

Privileges:		SeSecurityPrivilege
			SeBackupPrivilege
			SeRestorePrivilege
			SeTakeOwnershipPrivilege
			SeDebugPrivilege
			SeSystemEnvironmentPrivilege
			SeLoadDriverPrivilege
			SeImpersonatePrivilege
			SeDelegateSessionUserImpersonatePrivilege
			SeEnableDelegationPrivilege"
Audit Success	9/17/2023 2:07:54 PM	Microsoft-Windows-Security-Auditing	4634	Logoff	"An account was logged off.

Subject:
	Security ID:		SYSTEM
	Account Name:		WIN-0PV7L6HD3OR$
	Account Domain:		GMCYBER
	Logon ID:		0x12E60F

Logon Type:			3

This event is generated when a logon session is destroyed. It may be positively correlated with a logon event using the Logon ID value. Logon IDs are only unique between reboots on the same computer."
Audit Success	9/17/2023 2:07:54 PM	Microsoft-Windows-Security-Auditing	4624	Logon	"An account was successfully logged on.

Subject:
	Security ID:		NULL SID
	Account Name:		-
	Account Domain:		-
	Logon ID:		0x0

Logon Information:
	Logon Type:		3
	Restricted Admin Mode:	-
	Virtual Account:		No
	Elevated Token:		Yes

Impersonation Level:		Impersonation

New Logon:
	Security ID:		SYSTEM
	Account Name:		WIN-0PV7L6HD3OR$
	Account Domain:		GMCYBER.NET
	Logon ID:		0x12E60F
	Linked Logon ID:		0x0
	Network Account Name:	-
	Network Account Domain:	-
	Logon GUID:		{5be0fc56-ce07-06c9-d76a-714ffd990fb5}

Process Information:
	Process ID:		0x0
	Process Name:		-

Network Information:
	Workstation Name:	-
	Source Network Address:	::1
	Source Port:		58835

Detailed Authentication Information:
	Logon Process:		Kerberos
	Authentication Package:	Kerberos
	Transited Services:	-
	Package Name (NTLM only):	-
	Key Length:		0

This event is generated when a logon session is created. It is generated on the computer that was accessed.

The subject fields indicate the account on the local system which requested the logon. This is most commonly a service such as the Server service, or a local process such as Winlogon.exe or Services.exe.

The logon type field indicates the kind of logon that occurred. The most common types are 2 (interactive) and 3 (network).

The New Logon fields indicate the account for whom the new logon was created, i.e. the account that was logged on.

The network fields indicate where a remote logon request originated. Workstation name is not always available and may be left blank in some cases.

The impersonation level field indicates the extent to which a process in the logon session can impersonate.

The authentication information fields provide detailed information about this specific logon request.
	- Logon GUID is a unique identifier that can be used to correlate this event with a KDC event.
	- Transited services indicate which intermediate services have participated in this logon request.
	- Package name indicates which sub-protocol was used among the NTLM protocols.
	- Key length indicates the length of the generated session key. This will be 0 if no session key was requested."
Audit Success	9/17/2023 2:07:54 PM	Microsoft-Windows-Security-Auditing	4672	Special Logon	"Special privileges assigned to new logon.

Subject:
	Security ID:		SYSTEM
	Account Name:		WIN-0PV7L6HD3OR$
	Account Domain:		GMCYBER
	Logon ID:		0x12E60F

Privileges:		SeSecurityPrivilege
			SeBackupPrivilege
			SeRestorePrivilege
			SeTakeOwnershipPrivilege
			SeDebugPrivilege
			SeSystemEnvironmentPrivilege
			SeLoadDriverPrivilege
			SeImpersonatePrivilege
			SeDelegateSessionUserImpersonatePrivilege
			SeEnableDelegationPrivilege"
Audit Success	9/17/2023 2:06:54 PM	Microsoft-Windows-Security-Auditing	4634	Logoff	"An account was logged off.

Subject:
	Security ID:		SYSTEM
	Account Name:		WIN-0PV7L6HD3OR$
	Account Domain:		GMCYBER
	Logon ID:		0x12C7F1

Logon Type:			3

This event is generated when a logon session is destroyed. It may be positively correlated with a logon event using the Logon ID value. Logon IDs are only unique between reboots on the same computer."
