Audit Failure	9/17/2023 1:25:41 PM	Microsoft-Windows-Security-Auditing	5061	System Integrity	"Cryptographic operation.

Subject:
	Security ID:		LOCAL SERVICE
	Account Name:		LOCAL SERVICE
	Account Domain:		NT AUTHORITY
	Logon ID:		0x3E5

Cryptographic Parameters:
	Provider Name:	Microsoft Software Key Storage Provider
	Algorithm Name:	UNKNOWN
	Key Name:	Microsoft Connected Devices Platform device certificate
	Key Type:	User key.

Cryptographic Operation:
	Operation:	Open Key.
	Return Code:	0x80090016"
Audit Failure	9/17/2023 1:25:41 PM	Microsoft-Windows-Security-Auditing	5061	System Integrity	"Cryptographic operation.

Subject:
	Security ID:		LOCAL SERVICE
	Account Name:		LOCAL SERVICE
	Account Domain:		NT AUTHORITY
	Logon ID:		0x3E5

Cryptographic Parameters:
	Provider Name:	Microsoft Software Key Storage Provider
	Algorithm Name:	UNKNOWN
	Key Name:	Microsoft Connected Devices Platform device certificate
	Key Type:	User key.

Cryptographic Operation:
	Operation:	Open Key.
	Return Code:	0x80090016"
Audit Failure	9/17/2023 1:25:41 PM	Microsoft-Windows-Security-Auditing	5061	System Integrity	"Cryptographic operation.

Subject:
	Security ID:		LOCAL SERVICE
	Account Name:		LOCAL SERVICE
	Account Domain:		NT AUTHORITY
	Logon ID:		0x3E5

Cryptographic Parameters:
	Provider Name:	Microsoft Software Key Storage Provider
	Algorithm Name:	UNKNOWN
	Key Name:	Microsoft Connected Devices Platform device certificate
	Key Type:	User key.

Cryptographic Operation:
	Operation:	Open Key.
	Return Code:	0x80090016"
Audit Success	9/17/2023 1:24:40 PM	Microsoft-Windows-Security-Auditing	4799	Security Group Management	"A security-enabled local group membership was enumerated.

Subject:
	Security ID:		SYSTEM
	Account Name:		WIN-0PV7L6HD3OR$
	Account Domain:		WORKGROUP
	Logon ID:		0x3E7

Group:
	Security ID:		BUILTIN\Backup Operators
	Group Name:		Backup Operators
	Group Domain:		Builtin

Process Information:
	Process ID:		0x9c8
	Process Name:		C:\Windows\System32\svchost.exe"
Audit Success	9/17/2023 1:24:40 PM	Microsoft-Windows-Security-Auditing	4799	Security Group Management	"A security-enabled local group membership was enumerated.

Subject:
	Security ID:		SYSTEM
	Account Name:		WIN-0PV7L6HD3OR$
	Account Domain:		WORKGROUP
	Logon ID:		0x3E7

Group:
	Security ID:		BUILTIN\Administrators
	Group Name:		Administrators
	Group Domain:		Builtin

Process Information:
	Process ID:		0x9c8
	Process Name:		C:\Windows\System32\svchost.exe"
Audit Success	9/17/2023 1:23:57 PM	Microsoft-Windows-Security-Auditing	5379	User Account Management	"Credential Manager credentials were read.

Subject:
	Security ID:		SYSTEM
	Account Name:		WIN-0PV7L6HD3OR$
	Account Domain:		WORKGROUP
	Logon ID:		0x3E7
	Read Operation:		Enumerate Credentials

This event occurs when a user performs a read operation on stored credentials in Credential Manager."
Audit Success	9/17/2023 1:23:57 PM	Microsoft-Windows-Security-Auditing	5379	User Account Management	"Credential Manager credentials were read.

Subject:
	Security ID:		SYSTEM
	Account Name:		WIN-0PV7L6HD3OR$
	Account Domain:		WORKGROUP
	Logon ID:		0x3E7
	Read Operation:		Enumerate Credentials

This event occurs when a user performs a read operation on stored credentials in Credential Manager."
Audit Success	9/17/2023 1:23:57 PM	Microsoft-Windows-Security-Auditing	5379	User Account Management	"Credential Manager credentials were read.

Subject:
	Security ID:		SYSTEM
	Account Name:		WIN-0PV7L6HD3OR$
	Account Domain:		WORKGROUP
	Logon ID:		0x3E7
	Read Operation:		Enumerate Credentials

This event occurs when a user performs a read operation on stored credentials in Credential Manager."
Audit Success	9/17/2023 1:23:57 PM	Microsoft-Windows-Security-Auditing	5379	User Account Management	"Credential Manager credentials were read.

Subject:
	Security ID:		SYSTEM
	Account Name:		WIN-0PV7L6HD3OR$
	Account Domain:		WORKGROUP
	Logon ID:		0x3E7
	Read Operation:		Enumerate Credentials

This event occurs when a user performs a read operation on stored credentials in Credential Manager."
Audit Success	9/17/2023 1:23:57 PM	Microsoft-Windows-Security-Auditing	5379	User Account Management	"Credential Manager credentials were read.

Subject:
	Security ID:		SYSTEM
	Account Name:		WIN-0PV7L6HD3OR$
	Account Domain:		WORKGROUP
	Logon ID:		0x3E7
	Read Operation:		Enumerate Credentials

This event occurs when a user performs a read operation on stored credentials in Credential Manager."
Audit Success	9/17/2023 1:23:57 PM	Microsoft-Windows-Security-Auditing	5379	User Account Management	"Credential Manager credentials were read.

Subject:
	Security ID:		SYSTEM
	Account Name:		WIN-0PV7L6HD3OR$
	Account Domain:		WORKGROUP
	Logon ID:		0x3E7
	Read Operation:		Enumerate Credentials

This event occurs when a user performs a read operation on stored credentials in Credential Manager."
Audit Success	9/17/2023 1:23:57 PM	Microsoft-Windows-Security-Auditing	5379	User Account Management	"Credential Manager credentials were read.

Subject:
	Security ID:		SYSTEM
	Account Name:		WIN-0PV7L6HD3OR$
	Account Domain:		WORKGROUP
	Logon ID:		0x3E7
	Read Operation:		Enumerate Credentials

This event occurs when a user performs a read operation on stored credentials in Credential Manager."
Audit Success	9/17/2023 1:23:56 PM	Microsoft-Windows-Security-Auditing	5379	User Account Management	"Credential Manager credentials were read.

Subject:
	Security ID:		SYSTEM
	Account Name:		WIN-0PV7L6HD3OR$
	Account Domain:		WORKGROUP
	Logon ID:		0x3E7
	Read Operation:		Read Credential

This event occurs when a user performs a read operation on stored credentials in Credential Manager."
Audit Success	9/17/2023 1:23:56 PM	Microsoft-Windows-Security-Auditing	5061	System Integrity	"Cryptographic operation.

Subject:
	Security ID:		SYSTEM
	Account Name:		WIN-0PV7L6HD3OR$
	Account Domain:		WORKGROUP
	Logon ID:		0x3E7

Cryptographic Parameters:
	Provider Name:	Microsoft Software Key Storage Provider
	Algorithm Name:	RSA
	Key Name:	9e8a541f-dfe5-c1f7-9a82-509d3f5f26a4
	Key Type:	User key.

Cryptographic Operation:
	Operation:	Open Key.
	Return Code:	0x0"
Audit Success	9/17/2023 1:23:56 PM	Microsoft-Windows-Security-Auditing	5058	Other System Events	"Key file operation.

Subject:
	Security ID:		SYSTEM
	Account Name:		WIN-0PV7L6HD3OR$
	Account Domain:		WORKGROUP
	Logon ID:		0x3E7

Process Information:
	Process ID:		3740
	Process Creation Time:	‎2023‎-‎09‎-‎17T20:23:49.473900800Z

Cryptographic Parameters:
	Provider Name:	Microsoft Software Key Storage Provider
	Algorithm Name:	UNKNOWN
	Key Name:	9e8a541f-dfe5-c1f7-9a82-509d3f5f26a4
	Key Type:	User key.

Key File Operation Information:
	File Path:	C:\ProgramData\Microsoft\Crypto\SystemKeys\fae15b06e59d88eedb40b6d69e7f2690_9750b4b1-50a7-4be8-8f49-a75ede28cadf
	Operation:	Read persisted key from file.
	Return Code:	0x0"
Audit Success	9/17/2023 1:23:56 PM	Microsoft-Windows-Security-Auditing	5379	User Account Management	"Credential Manager credentials were read.

Subject:
	Security ID:		SYSTEM
	Account Name:		WIN-0PV7L6HD3OR$
	Account Domain:		WORKGROUP
	Logon ID:		0x3E7
	Read Operation:		Enumerate Credentials

This event occurs when a user performs a read operation on stored credentials in Credential Manager."
Audit Success	9/17/2023 1:23:56 PM	Microsoft-Windows-Security-Auditing	5379	User Account Management	"Credential Manager credentials were read.

Subject:
	Security ID:		SYSTEM
	Account Name:		WIN-0PV7L6HD3OR$
	Account Domain:		WORKGROUP
	Logon ID:		0x3E7
	Read Operation:		Enumerate Credentials

This event occurs when a user performs a read operation on stored credentials in Credential Manager."
Audit Success	9/17/2023 1:23:56 PM	Microsoft-Windows-Security-Auditing	5379	User Account Management	"Credential Manager credentials were read.

Subject:
	Security ID:		SYSTEM
	Account Name:		WIN-0PV7L6HD3OR$
	Account Domain:		WORKGROUP
	Logon ID:		0x3E7
	Read Operation:		Enumerate Credentials

This event occurs when a user performs a read operation on stored credentials in Credential Manager."
Audit Success	9/17/2023 1:23:56 PM	Microsoft-Windows-Security-Auditing	5379	User Account Management	"Credential Manager credentials were read.

Subject:
	Security ID:		SYSTEM
	Account Name:		WIN-0PV7L6HD3OR$
	Account Domain:		WORKGROUP
	Logon ID:		0x3E7
	Read Operation:		Read Credential

This event occurs when a user performs a read operation on stored credentials in Credential Manager."
Audit Success	9/17/2023 1:23:56 PM	Microsoft-Windows-Security-Auditing	5061	System Integrity	"Cryptographic operation.

Subject:
	Security ID:		SYSTEM
	Account Name:		WIN-0PV7L6HD3OR$
	Account Domain:		WORKGROUP
	Logon ID:		0x3E7

Cryptographic Parameters:
	Provider Name:	Microsoft Software Key Storage Provider
	Algorithm Name:	RSA
	Key Name:	9e8a541f-dfe5-c1f7-9a82-509d3f5f26a4
	Key Type:	User key.

Cryptographic Operation:
	Operation:	Open Key.
	Return Code:	0x0"
Audit Success	9/17/2023 1:23:56 PM	Microsoft-Windows-Security-Auditing	5058	Other System Events	"Key file operation.

Subject:
	Security ID:		SYSTEM
	Account Name:		WIN-0PV7L6HD3OR$
	Account Domain:		WORKGROUP
	Logon ID:		0x3E7

Process Information:
	Process ID:		3740
	Process Creation Time:	‎2023‎-‎09‎-‎17T20:23:49.473900800Z

Cryptographic Parameters:
	Provider Name:	Microsoft Software Key Storage Provider
	Algorithm Name:	UNKNOWN
	Key Name:	9e8a541f-dfe5-c1f7-9a82-509d3f5f26a4
	Key Type:	User key.

Key File Operation Information:
	File Path:	C:\ProgramData\Microsoft\Crypto\SystemKeys\fae15b06e59d88eedb40b6d69e7f2690_9750b4b1-50a7-4be8-8f49-a75ede28cadf
	Operation:	Read persisted key from file.
	Return Code:	0x0"
Audit Success	9/17/2023 1:23:56 PM	Microsoft-Windows-Security-Auditing	5379	User Account Management	"Credential Manager credentials were read.

Subject:
	Security ID:		SYSTEM
	Account Name:		WIN-0PV7L6HD3OR$
	Account Domain:		WORKGROUP
	Logon ID:		0x3E7
	Read Operation:		Enumerate Credentials

This event occurs when a user performs a read operation on stored credentials in Credential Manager."
Audit Success	9/17/2023 1:23:49 PM	Microsoft-Windows-Security-Auditing	5059	Other System Events	"Key migration operation.

Subject:
	Security ID:		SYSTEM
	Account Name:		WIN-0PV7L6HD3OR$
	Account Domain:		WORKGROUP
	Logon ID:		0x3E7

Process Information:
	Process ID:		3740
	Process Creation Time:	‎2023‎-‎09‎-‎17T20:23:49.473900800Z

Cryptographic Parameters:
	Provider Name:	Microsoft Software Key Storage Provider
	Algorithm Name:	RSA
	Key Name:	9e8a541f-dfe5-c1f7-9a82-509d3f5f26a4
	Key Type:	User key.

Additional Information:
	Operation:	Export of persistent cryptographic key.
	Return Code:	0x0"
Audit Success	9/17/2023 1:23:49 PM	Microsoft-Windows-Security-Auditing	5061	System Integrity	"Cryptographic operation.

Subject:
	Security ID:		SYSTEM
	Account Name:		WIN-0PV7L6HD3OR$
	Account Domain:		WORKGROUP
	Logon ID:		0x3E7

Cryptographic Parameters:
	Provider Name:	Microsoft Software Key Storage Provider
	Algorithm Name:	RSA
	Key Name:	9e8a541f-dfe5-c1f7-9a82-509d3f5f26a4
	Key Type:	User key.

Cryptographic Operation:
	Operation:	Open Key.
	Return Code:	0x0"
Audit Success	9/17/2023 1:23:49 PM	Microsoft-Windows-Security-Auditing	5058	Other System Events	"Key file operation.

Subject:
	Security ID:		SYSTEM
	Account Name:		WIN-0PV7L6HD3OR$
	Account Domain:		WORKGROUP
	Logon ID:		0x3E7

Process Information:
	Process ID:		3740
	Process Creation Time:	‎2023‎-‎09‎-‎17T20:23:49.473900800Z

Cryptographic Parameters:
	Provider Name:	Microsoft Software Key Storage Provider
	Algorithm Name:	UNKNOWN
	Key Name:	9e8a541f-dfe5-c1f7-9a82-509d3f5f26a4
	Key Type:	User key.

Key File Operation Information:
	File Path:	C:\ProgramData\Microsoft\Crypto\SystemKeys\fae15b06e59d88eedb40b6d69e7f2690_9750b4b1-50a7-4be8-8f49-a75ede28cadf
	Operation:	Read persisted key from file.
	Return Code:	0x0"
Audit Success	9/17/2023 1:23:49 PM	Microsoft-Windows-Security-Auditing	5061	System Integrity	"Cryptographic operation.

Subject:
	Security ID:		SYSTEM
	Account Name:		WIN-0PV7L6HD3OR$
	Account Domain:		WORKGROUP
	Logon ID:		0x3E7

Cryptographic Parameters:
	Provider Name:	Microsoft Software Key Storage Provider
	Algorithm Name:	RSA
	Key Name:	9e8a541f-dfe5-c1f7-9a82-509d3f5f26a4
	Key Type:	User key.

Cryptographic Operation:
	Operation:	Create Key.
	Return Code:	0x0"
Audit Success	9/17/2023 1:23:49 PM	Microsoft-Windows-Security-Auditing	5058	Other System Events	"Key file operation.

Subject:
	Security ID:		SYSTEM
	Account Name:		WIN-0PV7L6HD3OR$
	Account Domain:		WORKGROUP
	Logon ID:		0x3E7

Process Information:
	Process ID:		3740
	Process Creation Time:	‎2023‎-‎09‎-‎17T20:23:49.473900800Z

Cryptographic Parameters:
	Provider Name:	Microsoft Software Key Storage Provider
	Algorithm Name:	RSA
	Key Name:	9e8a541f-dfe5-c1f7-9a82-509d3f5f26a4
	Key Type:	User key.

Key File Operation Information:
	File Path:	C:\ProgramData\Microsoft\Crypto\SystemKeys\fae15b06e59d88eedb40b6d69e7f2690_9750b4b1-50a7-4be8-8f49-a75ede28cadf
	Operation:	Write persisted key to file.
	Return Code:	0x0"
Audit Success	9/17/2023 1:23:49 PM	Microsoft-Windows-Security-Auditing	4672	Special Logon	"Special privileges assigned to new logon.

Subject:
	Security ID:		SYSTEM
	Account Name:		SYSTEM
	Account Domain:		NT AUTHORITY
	Logon ID:		0x3E7

Privileges:		SeAssignPrimaryTokenPrivilege
			SeTcbPrivilege
			SeSecurityPrivilege
			SeTakeOwnershipPrivilege
			SeLoadDriverPrivilege
			SeBackupPrivilege
			SeRestorePrivilege
			SeDebugPrivilege
			SeAuditPrivilege
			SeSystemEnvironmentPrivilege
			SeImpersonatePrivilege
			SeDelegateSessionUserImpersonatePrivilege"
Audit Success	9/17/2023 1:23:49 PM	Microsoft-Windows-Security-Auditing	4624	Logon	"An account was successfully logged on.

Subject:
	Security ID:		SYSTEM
	Account Name:		WIN-0PV7L6HD3OR$
	Account Domain:		WORKGROUP
	Logon ID:		0x3E7

Logon Information:
	Logon Type:		5
	Restricted Admin Mode:	-
	Virtual Account:		No
	Elevated Token:		Yes

Impersonation Level:		Impersonation

New Logon:
	Security ID:		SYSTEM
	Account Name:		SYSTEM
	Account Domain:		NT AUTHORITY
	Logon ID:		0x3E7
	Linked Logon ID:		0x0
	Network Account Name:	-
	Network Account Domain:	-
	Logon GUID:		{00000000-0000-0000-0000-000000000000}

Process Information:
	Process ID:		0x264
	Process Name:		C:\Windows\System32\services.exe

Network Information:
	Workstation Name:	-
	Source Network Address:	-
	Source Port:		-

Detailed Authentication Information:
	Logon Process:		Advapi  
	Authentication Package:	Negotiate
	Transited Services:	-
	Package Name (NTLM only):	-
	Key Length:		0

This event is generated when a logon session is created. It is generated on the computer that was accessed.

The subject fields indicate the account on the local system which requested the logon. This is most commonly a service such as the Server service, or a local process such as Winlogon.exe or Services.exe.

The logon type field indicates the kind of logon that occurred. The most common types are 2 (interactive) and 3 (network).

The New Logon fields indicate the account for whom the new logon was created, i.e. the account that was logged on.

The network fields indicate where a remote logon request originated. Workstation name is not always available and may be left blank in some cases.

The impersonation level field indicates the extent to which a process in the logon session can impersonate.

The authentication information fields provide detailed information about this specific logon request.
	- Logon GUID is a unique identifier that can be used to correlate this event with a KDC event.
	- Transited services indicate which intermediate services have participated in this logon request.
	- Package name indicates which sub-protocol was used among the NTLM protocols.
	- Key length indicates the length of the generated session key. This will be 0 if no session key was requested."
Audit Success	9/17/2023 1:23:49 PM	Microsoft-Windows-Security-Auditing	5379	User Account Management	"Credential Manager credentials were read.

Subject:
	Security ID:		SYSTEM
	Account Name:		WIN-0PV7L6HD3OR$
	Account Domain:		WORKGROUP
	Logon ID:		0x3E7
	Read Operation:		Enumerate Credentials

This event occurs when a user performs a read operation on stored credentials in Credential Manager."
Audit Success	9/17/2023 1:23:49 PM	Microsoft-Windows-Security-Auditing	5379	User Account Management	"Credential Manager credentials were read.

Subject:
	Security ID:		SYSTEM
	Account Name:		WIN-0PV7L6HD3OR$
	Account Domain:		WORKGROUP
	Logon ID:		0x3E7
	Read Operation:		Enumerate Credentials

This event occurs when a user performs a read operation on stored credentials in Credential Manager."
Audit Success	9/17/2023 1:23:49 PM	Microsoft-Windows-Security-Auditing	5379	User Account Management	"Credential Manager credentials were read.

Subject:
	Security ID:		SYSTEM
	Account Name:		WIN-0PV7L6HD3OR$
	Account Domain:		WORKGROUP
	Logon ID:		0x3E7
	Read Operation:		Enumerate Credentials

This event occurs when a user performs a read operation on stored credentials in Credential Manager."
Audit Success	9/17/2023 1:23:49 PM	Microsoft-Windows-Security-Auditing	5379	User Account Management	"Credential Manager credentials were read.

Subject:
	Security ID:		SYSTEM
	Account Name:		WIN-0PV7L6HD3OR$
	Account Domain:		WORKGROUP
	Logon ID:		0x3E7
	Read Operation:		Enumerate Credentials

This event occurs when a user performs a read operation on stored credentials in Credential Manager."
Audit Success	9/17/2023 1:23:49 PM	Microsoft-Windows-Security-Auditing	5379	User Account Management	"Credential Manager credentials were read.

Subject:
	Security ID:		SYSTEM
	Account Name:		WIN-0PV7L6HD3OR$
	Account Domain:		WORKGROUP
	Logon ID:		0x3E7
	Read Operation:		Enumerate Credentials

This event occurs when a user performs a read operation on stored credentials in Credential Manager."
Audit Success	9/17/2023 1:23:49 PM	Microsoft-Windows-Security-Auditing	4672	Special Logon	"Special privileges assigned to new logon.

Subject:
	Security ID:		SYSTEM
	Account Name:		SYSTEM
	Account Domain:		NT AUTHORITY
	Logon ID:		0x3E7

Privileges:		SeAssignPrimaryTokenPrivilege
			SeTcbPrivilege
			SeSecurityPrivilege
			SeTakeOwnershipPrivilege
			SeLoadDriverPrivilege
			SeBackupPrivilege
			SeRestorePrivilege
			SeDebugPrivilege
			SeAuditPrivilege
			SeSystemEnvironmentPrivilege
			SeImpersonatePrivilege
			SeDelegateSessionUserImpersonatePrivilege"
Audit Success	9/17/2023 1:23:49 PM	Microsoft-Windows-Security-Auditing	4624	Logon	"An account was successfully logged on.

Subject:
	Security ID:		SYSTEM
	Account Name:		WIN-0PV7L6HD3OR$
	Account Domain:		WORKGROUP
	Logon ID:		0x3E7

Logon Information:
	Logon Type:		5
	Restricted Admin Mode:	-
	Virtual Account:		No
	Elevated Token:		Yes

Impersonation Level:		Impersonation

New Logon:
	Security ID:		SYSTEM
	Account Name:		SYSTEM
	Account Domain:		NT AUTHORITY
	Logon ID:		0x3E7
	Linked Logon ID:		0x0
	Network Account Name:	-
	Network Account Domain:	-
	Logon GUID:		{00000000-0000-0000-0000-000000000000}

Process Information:
	Process ID:		0x264
	Process Name:		C:\Windows\System32\services.exe

Network Information:
	Workstation Name:	-
	Source Network Address:	-
	Source Port:		-

Detailed Authentication Information:
	Logon Process:		Advapi  
	Authentication Package:	Negotiate
	Transited Services:	-
	Package Name (NTLM only):	-
	Key Length:		0

This event is generated when a logon session is created. It is generated on the computer that was accessed.

The subject fields indicate the account on the local system which requested the logon. This is most commonly a service such as the Server service, or a local process such as Winlogon.exe or Services.exe.

The logon type field indicates the kind of logon that occurred. The most common types are 2 (interactive) and 3 (network).

The New Logon fields indicate the account for whom the new logon was created, i.e. the account that was logged on.

The network fields indicate where a remote logon request originated. Workstation name is not always available and may be left blank in some cases.

The impersonation level field indicates the extent to which a process in the logon session can impersonate.

The authentication information fields provide detailed information about this specific logon request.
	- Logon GUID is a unique identifier that can be used to correlate this event with a KDC event.
	- Transited services indicate which intermediate services have participated in this logon request.
	- Package name indicates which sub-protocol was used among the NTLM protocols.
	- Key length indicates the length of the generated session key. This will be 0 if no session key was requested."
Audit Success	9/17/2023 1:23:49 PM	Microsoft-Windows-Security-Auditing	4672	Special Logon	"Special privileges assigned to new logon.

Subject:
	Security ID:		SYSTEM
	Account Name:		SYSTEM
	Account Domain:		NT AUTHORITY
	Logon ID:		0x3E7

Privileges:		SeAssignPrimaryTokenPrivilege
			SeTcbPrivilege
			SeSecurityPrivilege
			SeTakeOwnershipPrivilege
			SeLoadDriverPrivilege
			SeBackupPrivilege
			SeRestorePrivilege
			SeDebugPrivilege
			SeAuditPrivilege
			SeSystemEnvironmentPrivilege
			SeImpersonatePrivilege
			SeDelegateSessionUserImpersonatePrivilege"
Audit Success	9/17/2023 1:23:49 PM	Microsoft-Windows-Security-Auditing	4624	Logon	"An account was successfully logged on.

Subject:
	Security ID:		SYSTEM
	Account Name:		WIN-0PV7L6HD3OR$
	Account Domain:		WORKGROUP
	Logon ID:		0x3E7

Logon Information:
	Logon Type:		5
	Restricted Admin Mode:	-
	Virtual Account:		No
	Elevated Token:		Yes

Impersonation Level:		Impersonation

New Logon:
	Security ID:		SYSTEM
	Account Name:		SYSTEM
	Account Domain:		NT AUTHORITY
	Logon ID:		0x3E7
	Linked Logon ID:		0x0
	Network Account Name:	-
	Network Account Domain:	-
	Logon GUID:		{00000000-0000-0000-0000-000000000000}

Process Information:
	Process ID:		0x264
	Process Name:		C:\Windows\System32\services.exe

Network Information:
	Workstation Name:	-
	Source Network Address:	-
	Source Port:		-

Detailed Authentication Information:
	Logon Process:		Advapi  
	Authentication Package:	Negotiate
	Transited Services:	-
	Package Name (NTLM only):	-
	Key Length:		0

This event is generated when a logon session is created. It is generated on the computer that was accessed.

The subject fields indicate the account on the local system which requested the logon. This is most commonly a service such as the Server service, or a local process such as Winlogon.exe or Services.exe.

The logon type field indicates the kind of logon that occurred. The most common types are 2 (interactive) and 3 (network).

The New Logon fields indicate the account for whom the new logon was created, i.e. the account that was logged on.

The network fields indicate where a remote logon request originated. Workstation name is not always available and may be left blank in some cases.

The impersonation level field indicates the extent to which a process in the logon session can impersonate.

The authentication information fields provide detailed information about this specific logon request.
	- Logon GUID is a unique identifier that can be used to correlate this event with a KDC event.
	- Transited services indicate which intermediate services have participated in this logon request.
	- Package name indicates which sub-protocol was used among the NTLM protocols.
	- Key length indicates the length of the generated session key. This will be 0 if no session key was requested."
Audit Success	9/17/2023 1:23:40 PM	Microsoft-Windows-Security-Auditing	4672	Special Logon	"Special privileges assigned to new logon.

Subject:
	Security ID:		SYSTEM
	Account Name:		SYSTEM
	Account Domain:		NT AUTHORITY
	Logon ID:		0x3E7

Privileges:		SeAssignPrimaryTokenPrivilege
			SeTcbPrivilege
			SeSecurityPrivilege
			SeTakeOwnershipPrivilege
			SeLoadDriverPrivilege
			SeBackupPrivilege
			SeRestorePrivilege
			SeDebugPrivilege
			SeAuditPrivilege
			SeSystemEnvironmentPrivilege
			SeImpersonatePrivilege
			SeDelegateSessionUserImpersonatePrivilege"
Audit Success	9/17/2023 1:23:40 PM	Microsoft-Windows-Security-Auditing	4624	Logon	"An account was successfully logged on.

Subject:
	Security ID:		SYSTEM
	Account Name:		WIN-0PV7L6HD3OR$
	Account Domain:		WORKGROUP
	Logon ID:		0x3E7

Logon Information:
	Logon Type:		5
	Restricted Admin Mode:	-
	Virtual Account:		No
	Elevated Token:		Yes

Impersonation Level:		Impersonation

New Logon:
	Security ID:		SYSTEM
	Account Name:		SYSTEM
	Account Domain:		NT AUTHORITY
	Logon ID:		0x3E7
	Linked Logon ID:		0x0
	Network Account Name:	-
	Network Account Domain:	-
	Logon GUID:		{00000000-0000-0000-0000-000000000000}

Process Information:
	Process ID:		0x264
	Process Name:		C:\Windows\System32\services.exe

Network Information:
	Workstation Name:	-
	Source Network Address:	-
	Source Port:		-

Detailed Authentication Information:
	Logon Process:		Advapi  
	Authentication Package:	Negotiate
	Transited Services:	-
	Package Name (NTLM only):	-
	Key Length:		0

This event is generated when a logon session is created. It is generated on the computer that was accessed.

The subject fields indicate the account on the local system which requested the logon. This is most commonly a service such as the Server service, or a local process such as Winlogon.exe or Services.exe.

The logon type field indicates the kind of logon that occurred. The most common types are 2 (interactive) and 3 (network).

The New Logon fields indicate the account for whom the new logon was created, i.e. the account that was logged on.

The network fields indicate where a remote logon request originated. Workstation name is not always available and may be left blank in some cases.

The impersonation level field indicates the extent to which a process in the logon session can impersonate.

The authentication information fields provide detailed information about this specific logon request.
	- Logon GUID is a unique identifier that can be used to correlate this event with a KDC event.
	- Transited services indicate which intermediate services have participated in this logon request.
	- Package name indicates which sub-protocol was used among the NTLM protocols.
	- Key length indicates the length of the generated session key. This will be 0 if no session key was requested."
Audit Success	9/17/2023 1:23:40 PM	Microsoft-Windows-Security-Auditing	4616	Security State Change	"The system time was changed.

Subject:
	Security ID:		LOCAL SERVICE
	Account Name:		LOCAL SERVICE
	Account Domain:		NT AUTHORITY
	Logon ID:		0x3E5

Process Information:
	Process ID:	0x490
	Name:		C:\Windows\System32\svchost.exe

Previous Time:		‎2023‎-‎09‎-‎17T20:23:40.583856900Z
New Time:		‎2023‎-‎09‎-‎17T20:23:40.585912100Z

This event is generated when the system time is changed. It is normal for the Windows Time Service, which runs with System privilege, to change the system time on a regular basis. Other system time changes may be indicative of attempts to tamper with the computer."
Audit Success	9/17/2023 1:23:40 PM	Microsoft-Windows-Security-Auditing	4616	Security State Change	"The system time was changed.

Subject:
	Security ID:		LOCAL SERVICE
	Account Name:		LOCAL SERVICE
	Account Domain:		NT AUTHORITY
	Logon ID:		0x3E5

Process Information:
	Process ID:	0x490
	Name:		C:\Windows\System32\svchost.exe

Previous Time:		‎2023‎-‎09‎-‎17T21:23:40.019825700Z
New Time:		‎2023‎-‎09‎-‎17T20:23:40.583856900Z

This event is generated when the system time is changed. It is normal for the Windows Time Service, which runs with System privilege, to change the system time on a regular basis. Other system time changes may be indicative of attempts to tamper with the computer."
Audit Success	9/17/2023 2:23:39 PM	Microsoft-Windows-Security-Auditing	5024	Other System Events	The Windows Firewall service started successfully.
Audit Success	9/17/2023 2:23:39 PM	Microsoft-Windows-Security-Auditing	4672	Special Logon	"Special privileges assigned to new logon.

Subject:
	Security ID:		SYSTEM
	Account Name:		SYSTEM
	Account Domain:		NT AUTHORITY
	Logon ID:		0x3E7

Privileges:		SeAssignPrimaryTokenPrivilege
			SeTcbPrivilege
			SeSecurityPrivilege
			SeTakeOwnershipPrivilege
			SeLoadDriverPrivilege
			SeBackupPrivilege
			SeRestorePrivilege
			SeDebugPrivilege
			SeAuditPrivilege
			SeSystemEnvironmentPrivilege
			SeImpersonatePrivilege
			SeDelegateSessionUserImpersonatePrivilege"
Audit Success	9/17/2023 2:23:39 PM	Microsoft-Windows-Security-Auditing	4624	Logon	"An account was successfully logged on.

Subject:
	Security ID:		SYSTEM
	Account Name:		WIN-0PV7L6HD3OR$
	Account Domain:		WORKGROUP
	Logon ID:		0x3E7

Logon Information:
	Logon Type:		5
	Restricted Admin Mode:	-
	Virtual Account:		No
	Elevated Token:		Yes

Impersonation Level:		Impersonation

New Logon:
	Security ID:		SYSTEM
	Account Name:		SYSTEM
	Account Domain:		NT AUTHORITY
	Logon ID:		0x3E7
	Linked Logon ID:		0x0
	Network Account Name:	-
	Network Account Domain:	-
	Logon GUID:		{00000000-0000-0000-0000-000000000000}

Process Information:
	Process ID:		0x264
	Process Name:		C:\Windows\System32\services.exe

Network Information:
	Workstation Name:	-
	Source Network Address:	-
	Source Port:		-

Detailed Authentication Information:
	Logon Process:		Advapi  
	Authentication Package:	Negotiate
	Transited Services:	-
	Package Name (NTLM only):	-
	Key Length:		0

This event is generated when a logon session is created. It is generated on the computer that was accessed.

The subject fields indicate the account on the local system which requested the logon. This is most commonly a service such as the Server service, or a local process such as Winlogon.exe or Services.exe.

The logon type field indicates the kind of logon that occurred. The most common types are 2 (interactive) and 3 (network).

The New Logon fields indicate the account for whom the new logon was created, i.e. the account that was logged on.

The network fields indicate where a remote logon request originated. Workstation name is not always available and may be left blank in some cases.

The impersonation level field indicates the extent to which a process in the logon session can impersonate.

The authentication information fields provide detailed information about this specific logon request.
	- Logon GUID is a unique identifier that can be used to correlate this event with a KDC event.
	- Transited services indicate which intermediate services have participated in this logon request.
	- Package name indicates which sub-protocol was used among the NTLM protocols.
	- Key length indicates the length of the generated session key. This will be 0 if no session key was requested."
Audit Success	9/17/2023 2:23:39 PM	Microsoft-Windows-Security-Auditing	4799	Security Group Management	"A security-enabled local group membership was enumerated.

Subject:
	Security ID:		NETWORK SERVICE
	Account Name:		WIN-0PV7L6HD3OR$
	Account Domain:		WORKGROUP
	Logon ID:		0x3E4

Group:
	Security ID:		BUILTIN\Backup Operators
	Group Name:		Backup Operators
	Group Domain:		Builtin

Process Information:
	Process ID:		0x924
	Process Name:		C:\Windows\System32\svchost.exe"
Audit Success	9/17/2023 2:23:39 PM	Microsoft-Windows-Security-Auditing	4799	Security Group Management	"A security-enabled local group membership was enumerated.

Subject:
	Security ID:		NETWORK SERVICE
	Account Name:		WIN-0PV7L6HD3OR$
	Account Domain:		WORKGROUP
	Logon ID:		0x3E4

Group:
	Security ID:		BUILTIN\Administrators
	Group Name:		Administrators
	Group Domain:		Builtin

Process Information:
	Process ID:		0x924
	Process Name:		C:\Windows\System32\svchost.exe"
Audit Success	9/17/2023 2:23:39 PM	Microsoft-Windows-Security-Auditing	4672	Special Logon	"Special privileges assigned to new logon.

Subject:
	Security ID:		SYSTEM
	Account Name:		SYSTEM
	Account Domain:		NT AUTHORITY
	Logon ID:		0x3E7

Privileges:		SeAssignPrimaryTokenPrivilege
			SeTcbPrivilege
			SeSecurityPrivilege
			SeTakeOwnershipPrivilege
			SeLoadDriverPrivilege
			SeBackupPrivilege
			SeRestorePrivilege
			SeDebugPrivilege
			SeAuditPrivilege
			SeSystemEnvironmentPrivilege
			SeImpersonatePrivilege
			SeDelegateSessionUserImpersonatePrivilege"
Audit Success	9/17/2023 2:23:39 PM	Microsoft-Windows-Security-Auditing	4624	Logon	"An account was successfully logged on.

Subject:
	Security ID:		SYSTEM
	Account Name:		WIN-0PV7L6HD3OR$
	Account Domain:		WORKGROUP
	Logon ID:		0x3E7

Logon Information:
	Logon Type:		5
	Restricted Admin Mode:	-
	Virtual Account:		No
	Elevated Token:		Yes

Impersonation Level:		Impersonation

New Logon:
	Security ID:		SYSTEM
	Account Name:		SYSTEM
	Account Domain:		NT AUTHORITY
	Logon ID:		0x3E7
	Linked Logon ID:		0x0
	Network Account Name:	-
	Network Account Domain:	-
	Logon GUID:		{00000000-0000-0000-0000-000000000000}

Process Information:
	Process ID:		0x264
	Process Name:		C:\Windows\System32\services.exe

Network Information:
	Workstation Name:	-
	Source Network Address:	-
	Source Port:		-

Detailed Authentication Information:
	Logon Process:		Advapi  
	Authentication Package:	Negotiate
	Transited Services:	-
	Package Name (NTLM only):	-
	Key Length:		0

This event is generated when a logon session is created. It is generated on the computer that was accessed.

The subject fields indicate the account on the local system which requested the logon. This is most commonly a service such as the Server service, or a local process such as Winlogon.exe or Services.exe.

The logon type field indicates the kind of logon that occurred. The most common types are 2 (interactive) and 3 (network).

The New Logon fields indicate the account for whom the new logon was created, i.e. the account that was logged on.

The network fields indicate where a remote logon request originated. Workstation name is not always available and may be left blank in some cases.

The impersonation level field indicates the extent to which a process in the logon session can impersonate.

The authentication information fields provide detailed information about this specific logon request.
	- Logon GUID is a unique identifier that can be used to correlate this event with a KDC event.
	- Transited services indicate which intermediate services have participated in this logon request.
	- Package name indicates which sub-protocol was used among the NTLM protocols.
	- Key length indicates the length of the generated session key. This will be 0 if no session key was requested."
Audit Success	9/17/2023 2:23:39 PM	Microsoft-Windows-Security-Auditing	4672	Special Logon	"Special privileges assigned to new logon.

Subject:
	Security ID:		SYSTEM
	Account Name:		SYSTEM
	Account Domain:		NT AUTHORITY
	Logon ID:		0x3E7

Privileges:		SeAssignPrimaryTokenPrivilege
			SeTcbPrivilege
			SeSecurityPrivilege
			SeTakeOwnershipPrivilege
			SeLoadDriverPrivilege
			SeBackupPrivilege
			SeRestorePrivilege
			SeDebugPrivilege
			SeAuditPrivilege
			SeSystemEnvironmentPrivilege
			SeImpersonatePrivilege
			SeDelegateSessionUserImpersonatePrivilege"
Audit Success	9/17/2023 2:23:39 PM	Microsoft-Windows-Security-Auditing	4624	Logon	"An account was successfully logged on.

Subject:
	Security ID:		SYSTEM
	Account Name:		WIN-0PV7L6HD3OR$
	Account Domain:		WORKGROUP
	Logon ID:		0x3E7

Logon Information:
	Logon Type:		5
	Restricted Admin Mode:	-
	Virtual Account:		No
	Elevated Token:		Yes

Impersonation Level:		Impersonation

New Logon:
	Security ID:		SYSTEM
	Account Name:		SYSTEM
	Account Domain:		NT AUTHORITY
	Logon ID:		0x3E7
	Linked Logon ID:		0x0
	Network Account Name:	-
	Network Account Domain:	-
	Logon GUID:		{00000000-0000-0000-0000-000000000000}

Process Information:
	Process ID:		0x264
	Process Name:		C:\Windows\System32\services.exe

Network Information:
	Workstation Name:	-
	Source Network Address:	-
	Source Port:		-

Detailed Authentication Information:
	Logon Process:		Advapi  
	Authentication Package:	Negotiate
	Transited Services:	-
	Package Name (NTLM only):	-
	Key Length:		0

This event is generated when a logon session is created. It is generated on the computer that was accessed.

The subject fields indicate the account on the local system which requested the logon. This is most commonly a service such as the Server service, or a local process such as Winlogon.exe or Services.exe.

The logon type field indicates the kind of logon that occurred. The most common types are 2 (interactive) and 3 (network).

The New Logon fields indicate the account for whom the new logon was created, i.e. the account that was logged on.

The network fields indicate where a remote logon request originated. Workstation name is not always available and may be left blank in some cases.

The impersonation level field indicates the extent to which a process in the logon session can impersonate.

The authentication information fields provide detailed information about this specific logon request.
	- Logon GUID is a unique identifier that can be used to correlate this event with a KDC event.
	- Transited services indicate which intermediate services have participated in this logon request.
	- Package name indicates which sub-protocol was used among the NTLM protocols.
	- Key length indicates the length of the generated session key. This will be 0 if no session key was requested."
Audit Success	9/17/2023 2:23:39 PM	Microsoft-Windows-Security-Auditing	4672	Special Logon	"Special privileges assigned to new logon.

Subject:
	Security ID:		SYSTEM
	Account Name:		SYSTEM
	Account Domain:		NT AUTHORITY
	Logon ID:		0x3E7

Privileges:		SeAssignPrimaryTokenPrivilege
			SeTcbPrivilege
			SeSecurityPrivilege
			SeTakeOwnershipPrivilege
			SeLoadDriverPrivilege
			SeBackupPrivilege
			SeRestorePrivilege
			SeDebugPrivilege
			SeAuditPrivilege
			SeSystemEnvironmentPrivilege
			SeImpersonatePrivilege
			SeDelegateSessionUserImpersonatePrivilege"
Audit Success	9/17/2023 2:23:39 PM	Microsoft-Windows-Security-Auditing	4624	Logon	"An account was successfully logged on.

Subject:
	Security ID:		SYSTEM
	Account Name:		WIN-0PV7L6HD3OR$
	Account Domain:		WORKGROUP
	Logon ID:		0x3E7

Logon Information:
	Logon Type:		5
	Restricted Admin Mode:	-
	Virtual Account:		No
	Elevated Token:		Yes

Impersonation Level:		Impersonation

New Logon:
	Security ID:		SYSTEM
	Account Name:		SYSTEM
	Account Domain:		NT AUTHORITY
	Logon ID:		0x3E7
	Linked Logon ID:		0x0
	Network Account Name:	-
	Network Account Domain:	-
	Logon GUID:		{00000000-0000-0000-0000-000000000000}

Process Information:
	Process ID:		0x264
	Process Name:		C:\Windows\System32\services.exe

Network Information:
	Workstation Name:	-
	Source Network Address:	-
	Source Port:		-

Detailed Authentication Information:
	Logon Process:		Advapi  
	Authentication Package:	Negotiate
	Transited Services:	-
	Package Name (NTLM only):	-
	Key Length:		0

This event is generated when a logon session is created. It is generated on the computer that was accessed.

The subject fields indicate the account on the local system which requested the logon. This is most commonly a service such as the Server service, or a local process such as Winlogon.exe or Services.exe.

The logon type field indicates the kind of logon that occurred. The most common types are 2 (interactive) and 3 (network).

The New Logon fields indicate the account for whom the new logon was created, i.e. the account that was logged on.

The network fields indicate where a remote logon request originated. Workstation name is not always available and may be left blank in some cases.

The impersonation level field indicates the extent to which a process in the logon session can impersonate.

The authentication information fields provide detailed information about this specific logon request.
	- Logon GUID is a unique identifier that can be used to correlate this event with a KDC event.
	- Transited services indicate which intermediate services have participated in this logon request.
	- Package name indicates which sub-protocol was used among the NTLM protocols.
	- Key length indicates the length of the generated session key. This will be 0 if no session key was requested."
Audit Success	9/17/2023 2:23:39 PM	Microsoft-Windows-Security-Auditing	4672	Special Logon	"Special privileges assigned to new logon.

Subject:
	Security ID:		SYSTEM
	Account Name:		SYSTEM
	Account Domain:		NT AUTHORITY
	Logon ID:		0x3E7

Privileges:		SeAssignPrimaryTokenPrivilege
			SeTcbPrivilege
			SeSecurityPrivilege
			SeTakeOwnershipPrivilege
			SeLoadDriverPrivilege
			SeBackupPrivilege
			SeRestorePrivilege
			SeDebugPrivilege
			SeAuditPrivilege
			SeSystemEnvironmentPrivilege
			SeImpersonatePrivilege
			SeDelegateSessionUserImpersonatePrivilege"
Audit Success	9/17/2023 2:23:39 PM	Microsoft-Windows-Security-Auditing	4624	Logon	"An account was successfully logged on.

Subject:
	Security ID:		SYSTEM
	Account Name:		WIN-0PV7L6HD3OR$
	Account Domain:		WORKGROUP
	Logon ID:		0x3E7

Logon Information:
	Logon Type:		5
	Restricted Admin Mode:	-
	Virtual Account:		No
	Elevated Token:		Yes

Impersonation Level:		Impersonation

New Logon:
	Security ID:		SYSTEM
	Account Name:		SYSTEM
	Account Domain:		NT AUTHORITY
	Logon ID:		0x3E7
	Linked Logon ID:		0x0
	Network Account Name:	-
	Network Account Domain:	-
	Logon GUID:		{00000000-0000-0000-0000-000000000000}

Process Information:
	Process ID:		0x264
	Process Name:		C:\Windows\System32\services.exe

Network Information:
	Workstation Name:	-
	Source Network Address:	-
	Source Port:		-

Detailed Authentication Information:
	Logon Process:		Advapi  
	Authentication Package:	Negotiate
	Transited Services:	-
	Package Name (NTLM only):	-
	Key Length:		0

This event is generated when a logon session is created. It is generated on the computer that was accessed.

The subject fields indicate the account on the local system which requested the logon. This is most commonly a service such as the Server service, or a local process such as Winlogon.exe or Services.exe.

The logon type field indicates the kind of logon that occurred. The most common types are 2 (interactive) and 3 (network).

The New Logon fields indicate the account for whom the new logon was created, i.e. the account that was logged on.

The network fields indicate where a remote logon request originated. Workstation name is not always available and may be left blank in some cases.

The impersonation level field indicates the extent to which a process in the logon session can impersonate.

The authentication information fields provide detailed information about this specific logon request.
	- Logon GUID is a unique identifier that can be used to correlate this event with a KDC event.
	- Transited services indicate which intermediate services have participated in this logon request.
	- Package name indicates which sub-protocol was used among the NTLM protocols.
	- Key length indicates the length of the generated session key. This will be 0 if no session key was requested."
Audit Success	9/17/2023 2:23:39 PM	Microsoft-Windows-Security-Auditing	4672	Special Logon	"Special privileges assigned to new logon.

Subject:
	Security ID:		SYSTEM
	Account Name:		SYSTEM
	Account Domain:		NT AUTHORITY
	Logon ID:		0x3E7

Privileges:		SeAssignPrimaryTokenPrivilege
			SeTcbPrivilege
			SeSecurityPrivilege
			SeTakeOwnershipPrivilege
			SeLoadDriverPrivilege
			SeBackupPrivilege
			SeRestorePrivilege
			SeDebugPrivilege
			SeAuditPrivilege
			SeSystemEnvironmentPrivilege
			SeImpersonatePrivilege
			SeDelegateSessionUserImpersonatePrivilege"
Audit Success	9/17/2023 2:23:39 PM	Microsoft-Windows-Security-Auditing	4624	Logon	"An account was successfully logged on.

Subject:
	Security ID:		SYSTEM
	Account Name:		WIN-0PV7L6HD3OR$
	Account Domain:		WORKGROUP
	Logon ID:		0x3E7

Logon Information:
	Logon Type:		5
	Restricted Admin Mode:	-
	Virtual Account:		No
	Elevated Token:		Yes

Impersonation Level:		Impersonation

New Logon:
	Security ID:		SYSTEM
	Account Name:		SYSTEM
	Account Domain:		NT AUTHORITY
	Logon ID:		0x3E7
	Linked Logon ID:		0x0
	Network Account Name:	-
	Network Account Domain:	-
	Logon GUID:		{00000000-0000-0000-0000-000000000000}

Process Information:
	Process ID:		0x264
	Process Name:		C:\Windows\System32\services.exe

Network Information:
	Workstation Name:	-
	Source Network Address:	-
	Source Port:		-

Detailed Authentication Information:
	Logon Process:		Advapi  
	Authentication Package:	Negotiate
	Transited Services:	-
	Package Name (NTLM only):	-
	Key Length:		0

This event is generated when a logon session is created. It is generated on the computer that was accessed.

The subject fields indicate the account on the local system which requested the logon. This is most commonly a service such as the Server service, or a local process such as Winlogon.exe or Services.exe.

The logon type field indicates the kind of logon that occurred. The most common types are 2 (interactive) and 3 (network).

The New Logon fields indicate the account for whom the new logon was created, i.e. the account that was logged on.

The network fields indicate where a remote logon request originated. Workstation name is not always available and may be left blank in some cases.

The impersonation level field indicates the extent to which a process in the logon session can impersonate.

The authentication information fields provide detailed information about this specific logon request.
	- Logon GUID is a unique identifier that can be used to correlate this event with a KDC event.
	- Transited services indicate which intermediate services have participated in this logon request.
	- Package name indicates which sub-protocol was used among the NTLM protocols.
	- Key length indicates the length of the generated session key. This will be 0 if no session key was requested."
Audit Success	9/17/2023 2:23:39 PM	Microsoft-Windows-Security-Auditing	4672	Special Logon	"Special privileges assigned to new logon.

Subject:
	Security ID:		SYSTEM
	Account Name:		SYSTEM
	Account Domain:		NT AUTHORITY
	Logon ID:		0x3E7

Privileges:		SeAssignPrimaryTokenPrivilege
			SeTcbPrivilege
			SeSecurityPrivilege
			SeTakeOwnershipPrivilege
			SeLoadDriverPrivilege
			SeBackupPrivilege
			SeRestorePrivilege
			SeDebugPrivilege
			SeAuditPrivilege
			SeSystemEnvironmentPrivilege
			SeImpersonatePrivilege
			SeDelegateSessionUserImpersonatePrivilege"
Audit Success	9/17/2023 2:23:39 PM	Microsoft-Windows-Security-Auditing	4624	Logon	"An account was successfully logged on.

Subject:
	Security ID:		SYSTEM
	Account Name:		WIN-0PV7L6HD3OR$
	Account Domain:		WORKGROUP
	Logon ID:		0x3E7

Logon Information:
	Logon Type:		5
	Restricted Admin Mode:	-
	Virtual Account:		No
	Elevated Token:		Yes

Impersonation Level:		Impersonation

New Logon:
	Security ID:		SYSTEM
	Account Name:		SYSTEM
	Account Domain:		NT AUTHORITY
	Logon ID:		0x3E7
	Linked Logon ID:		0x0
	Network Account Name:	-
	Network Account Domain:	-
	Logon GUID:		{00000000-0000-0000-0000-000000000000}

Process Information:
	Process ID:		0x264
	Process Name:		C:\Windows\System32\services.exe

Network Information:
	Workstation Name:	-
	Source Network Address:	-
	Source Port:		-

Detailed Authentication Information:
	Logon Process:		Advapi  
	Authentication Package:	Negotiate
	Transited Services:	-
	Package Name (NTLM only):	-
	Key Length:		0

This event is generated when a logon session is created. It is generated on the computer that was accessed.

The subject fields indicate the account on the local system which requested the logon. This is most commonly a service such as the Server service, or a local process such as Winlogon.exe or Services.exe.

The logon type field indicates the kind of logon that occurred. The most common types are 2 (interactive) and 3 (network).

The New Logon fields indicate the account for whom the new logon was created, i.e. the account that was logged on.

The network fields indicate where a remote logon request originated. Workstation name is not always available and may be left blank in some cases.

The impersonation level field indicates the extent to which a process in the logon session can impersonate.

The authentication information fields provide detailed information about this specific logon request.
	- Logon GUID is a unique identifier that can be used to correlate this event with a KDC event.
	- Transited services indicate which intermediate services have participated in this logon request.
	- Package name indicates which sub-protocol was used among the NTLM protocols.
	- Key length indicates the length of the generated session key. This will be 0 if no session key was requested."
