Audit Success	9/17/2023 2:01:16 PM	Microsoft-Windows-Security-Auditing	4624	Logon	"An account was successfully logged on.

Subject:
	Security ID:		NULL SID
	Account Name:		-
	Account Domain:		-
	Logon ID:		0x0

Logon Information:
	Logon Type:		3
	Restricted Admin Mode:	-
	Virtual Account:		No
	Elevated Token:		Yes

Impersonation Level:		Impersonation

New Logon:
	Security ID:		SYSTEM
	Account Name:		WIN-0PV7L6HD3OR$
	Account Domain:		GMCYBER.NET
	Logon ID:		0x60631
	Linked Logon ID:		0x0
	Network Account Name:	-
	Network Account Domain:	-
	Logon GUID:		{5be0fc56-ce07-06c9-d76a-714ffd990fb5}

Process Information:
	Process ID:		0x0
	Process Name:		-

Network Information:
	Workstation Name:	-
	Source Network Address:	fe80::981c:161e:7cca:c579
	Source Port:		50321

Detailed Authentication Information:
	Logon Process:		Kerberos
	Authentication Package:	Kerberos
	Transited Services:	-
	Package Name (NTLM only):	-
	Key Length:		0

This event is generated when a logon session is created. It is generated on the computer that was accessed.

The subject fields indicate the account on the local system which requested the logon. This is most commonly a service such as the Server service, or a local process such as Winlogon.exe or Services.exe.

The logon type field indicates the kind of logon that occurred. The most common types are 2 (interactive) and 3 (network).

The New Logon fields indicate the account for whom the new logon was created, i.e. the account that was logged on.

The network fields indicate where a remote logon request originated. Workstation name is not always available and may be left blank in some cases.

The impersonation level field indicates the extent to which a process in the logon session can impersonate.

The authentication information fields provide detailed information about this specific logon request.
	- Logon GUID is a unique identifier that can be used to correlate this event with a KDC event.
	- Transited services indicate which intermediate services have participated in this logon request.
	- Package name indicates which sub-protocol was used among the NTLM protocols.
	- Key length indicates the length of the generated session key. This will be 0 if no session key was requested."
Audit Success	9/17/2023 2:01:16 PM	Microsoft-Windows-Security-Auditing	4672	Special Logon	"Special privileges assigned to new logon.

Subject:
	Security ID:		SYSTEM
	Account Name:		WIN-0PV7L6HD3OR$
	Account Domain:		GMCYBER
	Logon ID:		0x60631

Privileges:		SeSecurityPrivilege
			SeBackupPrivilege
			SeRestorePrivilege
			SeTakeOwnershipPrivilege
			SeDebugPrivilege
			SeSystemEnvironmentPrivilege
			SeLoadDriverPrivilege
			SeImpersonatePrivilege
			SeDelegateSessionUserImpersonatePrivilege
			SeEnableDelegationPrivilege"
Audit Success	9/17/2023 2:01:16 PM	Microsoft-Windows-Security-Auditing	4799	Security Group Management	"A security-enabled local group membership was enumerated.

Subject:
	Security ID:		SYSTEM
	Account Name:		WIN-0PV7L6HD3OR$
	Account Domain:		GMCYBER
	Logon ID:		0x3E7

Group:
	Security ID:		BUILTIN\Administrators
	Group Name:		Administrators
	Group Domain:		Builtin

Process Information:
	Process ID:		0x520
	Process Name:		C:\Windows\System32\svchost.exe"
Audit Success	9/17/2023 2:01:16 PM	Microsoft-Windows-Security-Auditing	4672	Special Logon	"Special privileges assigned to new logon.

Subject:
	Security ID:		GMCYBER\Administrator
	Account Name:		Administrator
	Account Domain:		GMCYBER
	Logon ID:		0x5FE48

Privileges:		SeSecurityPrivilege
			SeTakeOwnershipPrivilege
			SeLoadDriverPrivilege
			SeBackupPrivilege
			SeRestorePrivilege
			SeDebugPrivilege
			SeSystemEnvironmentPrivilege
			SeEnableDelegationPrivilege
			SeImpersonatePrivilege
			SeDelegateSessionUserImpersonatePrivilege"
Audit Success	9/17/2023 2:01:16 PM	Microsoft-Windows-Security-Auditing	4624	Logon	"An account was successfully logged on.

Subject:
	Security ID:		SYSTEM
	Account Name:		WIN-0PV7L6HD3OR$
	Account Domain:		GMCYBER
	Logon ID:		0x3E7

Logon Information:
	Logon Type:		2
	Restricted Admin Mode:	-
	Virtual Account:		No
	Elevated Token:		Yes

Impersonation Level:		Impersonation

New Logon:
	Security ID:		GMCYBER\Administrator
	Account Name:		Administrator
	Account Domain:		GMCYBER
	Logon ID:		0x5FE48
	Linked Logon ID:		0x0
	Network Account Name:	-
	Network Account Domain:	-
	Logon GUID:		{efac0b68-f458-6b54-6e5e-86922c2da307}

Process Information:
	Process ID:		0x4dc
	Process Name:		C:\Windows\System32\svchost.exe

Network Information:
	Workstation Name:	WIN-0PV7L6HD3OR
	Source Network Address:	127.0.0.1
	Source Port:		0

Detailed Authentication Information:
	Logon Process:		User32 
	Authentication Package:	Negotiate
	Transited Services:	-
	Package Name (NTLM only):	-
	Key Length:		0

This event is generated when a logon session is created. It is generated on the computer that was accessed.

The subject fields indicate the account on the local system which requested the logon. This is most commonly a service such as the Server service, or a local process such as Winlogon.exe or Services.exe.

The logon type field indicates the kind of logon that occurred. The most common types are 2 (interactive) and 3 (network).

The New Logon fields indicate the account for whom the new logon was created, i.e. the account that was logged on.

The network fields indicate where a remote logon request originated. Workstation name is not always available and may be left blank in some cases.

The impersonation level field indicates the extent to which a process in the logon session can impersonate.

The authentication information fields provide detailed information about this specific logon request.
	- Logon GUID is a unique identifier that can be used to correlate this event with a KDC event.
	- Transited services indicate which intermediate services have participated in this logon request.
	- Package name indicates which sub-protocol was used among the NTLM protocols.
	- Key length indicates the length of the generated session key. This will be 0 if no session key was requested."
Audit Success	9/17/2023 2:01:16 PM	Microsoft-Windows-Security-Auditing	4648	Logon	"A logon was attempted using explicit credentials.

Subject:
	Security ID:		SYSTEM
	Account Name:		WIN-0PV7L6HD3OR$
	Account Domain:		GMCYBER
	Logon ID:		0x3E7
	Logon GUID:		{00000000-0000-0000-0000-000000000000}

Account Whose Credentials Were Used:
	Account Name:		Administrator
	Account Domain:		GMCYBER
	Logon GUID:		{efac0b68-f458-6b54-6e5e-86922c2da307}

Target Server:
	Target Server Name:	localhost
	Additional Information:	localhost

Process Information:
	Process ID:		0x4dc
	Process Name:		C:\Windows\System32\svchost.exe

Network Information:
	Network Address:	127.0.0.1
	Port:			0

This event is generated when a process attempts to log on an account by explicitly specifying that account’s credentials.  This most commonly occurs in batch-type configurations such as scheduled tasks, or when using the RUNAS command."
Audit Success	9/17/2023 2:01:16 PM	Microsoft-Windows-Security-Auditing	4769	Kerberos Service Ticket Operations	"A Kerberos service ticket was requested.

Account Information:
	Account Name:		Administrator@GMCYBER.NET
	Account Domain:		GMCYBER.NET
	Logon GUID:		{efac0b68-f458-6b54-6e5e-86922c2da307}

Service Information:
	Service Name:		WIN-0PV7L6HD3OR$
	Service ID:		GMCYBER\WIN-0PV7L6HD3OR$

Network Information:
	Client Address:		::1
	Client Port:		0

Additional Information:
	Ticket Options:		0x40810000
	Ticket Encryption Type:	0x12
	Failure Code:		0x0
	Transited Services:	-

This event is generated every time access is requested to a resource such as a computer or a Windows service.  The service name indicates the resource to which access was requested.

This event can be correlated with Windows logon events by comparing the Logon GUID fields in each event.  The logon event occurs on the machine that was accessed, which is often a different machine than the domain controller which issued the service ticket.

Ticket options, encryption types, and failure codes are defined in RFC 4120."
Audit Success	9/17/2023 2:01:16 PM	Microsoft-Windows-Security-Auditing	4768	Kerberos Authentication Service	"A Kerberos authentication ticket (TGT) was requested.

Account Information:
	Account Name:		Administrator
	Supplied Realm Name:	GMCYBER
	User ID:			GMCYBER\Administrator

Service Information:
	Service Name:		krbtgt
	Service ID:		GMCYBER\krbtgt

Network Information:
	Client Address:		::1
	Client Port:		0

Additional Information:
	Ticket Options:		0x40810010
	Result Code:		0x0
	Ticket Encryption Type:	0x12
	Pre-Authentication Type:	2

Certificate Information:
	Certificate Issuer Name:		
	Certificate Serial Number:	
	Certificate Thumbprint:		

Certificate information is only provided if a certificate was used for pre-authentication.

Pre-authentication types, ticket options, encryption types and result codes are defined in RFC 4120."
Audit Failure	9/17/2023 2:01:09 PM	Microsoft-Windows-Security-Auditing	4625	Logon	"An account failed to log on.

Subject:
	Security ID:		SYSTEM
	Account Name:		WIN-0PV7L6HD3OR$
	Account Domain:		GMCYBER
	Logon ID:		0x3E7

Logon Type:			2

Account For Which Logon Failed:
	Security ID:		NULL SID
	Account Name:		Administrator
	Account Domain:		GMCYBER

Failure Information:
	Failure Reason:		Unknown user name or bad password.
	Status:			0xC000006D
	Sub Status:		0xC000006A

Process Information:
	Caller Process ID:	0x4dc
	Caller Process Name:	C:\Windows\System32\svchost.exe

Network Information:
	Workstation Name:	WIN-0PV7L6HD3OR
	Source Network Address:	127.0.0.1
	Source Port:		0

Detailed Authentication Information:
	Logon Process:		User32 
	Authentication Package:	Negotiate
	Transited Services:	-
	Package Name (NTLM only):	-
	Key Length:		0

This event is generated when a logon request fails. It is generated on the computer where access was attempted.

The Subject fields indicate the account on the local system which requested the logon. This is most commonly a service such as the Server service, or a local process such as Winlogon.exe or Services.exe.

The Logon Type field indicates the kind of logon that was requested. The most common types are 2 (interactive) and 3 (network).

The Process Information fields indicate which account and process on the system requested the logon.

The Network Information fields indicate where a remote logon request originated. Workstation name is not always available and may be left blank in some cases.

The authentication information fields provide detailed information about this specific logon request.
	- Transited services indicate which intermediate services have participated in this logon request.
	- Package name indicates which sub-protocol was used among the NTLM protocols.
	- Key length indicates the length of the generated session key. This will be 0 if no session key was requested."
Audit Success	9/17/2023 2:01:01 PM	Microsoft-Windows-Security-Auditing	4672	Special Logon	"Special privileges assigned to new logon.

Subject:
	Security ID:		SYSTEM
	Account Name:		SYSTEM
	Account Domain:		NT AUTHORITY
	Logon ID:		0x3E7

Privileges:		SeAssignPrimaryTokenPrivilege
			SeTcbPrivilege
			SeSecurityPrivilege
			SeTakeOwnershipPrivilege
			SeLoadDriverPrivilege
			SeBackupPrivilege
			SeRestorePrivilege
			SeDebugPrivilege
			SeAuditPrivilege
			SeSystemEnvironmentPrivilege
			SeImpersonatePrivilege
			SeDelegateSessionUserImpersonatePrivilege"
Audit Success	9/17/2023 2:01:01 PM	Microsoft-Windows-Security-Auditing	4624	Logon	"An account was successfully logged on.

Subject:
	Security ID:		SYSTEM
	Account Name:		WIN-0PV7L6HD3OR$
	Account Domain:		GMCYBER
	Logon ID:		0x3E7

Logon Information:
	Logon Type:		5
	Restricted Admin Mode:	-
	Virtual Account:		No
	Elevated Token:		Yes

Impersonation Level:		Impersonation

New Logon:
	Security ID:		SYSTEM
	Account Name:		SYSTEM
	Account Domain:		NT AUTHORITY
	Logon ID:		0x3E7
	Linked Logon ID:		0x0
	Network Account Name:	-
	Network Account Domain:	-
	Logon GUID:		{00000000-0000-0000-0000-000000000000}

Process Information:
	Process ID:		0x25c
	Process Name:		C:\Windows\System32\services.exe

Network Information:
	Workstation Name:	-
	Source Network Address:	-
	Source Port:		-

Detailed Authentication Information:
	Logon Process:		Advapi  
	Authentication Package:	Negotiate
	Transited Services:	-
	Package Name (NTLM only):	-
	Key Length:		0

This event is generated when a logon session is created. It is generated on the computer that was accessed.

The subject fields indicate the account on the local system which requested the logon. This is most commonly a service such as the Server service, or a local process such as Winlogon.exe or Services.exe.

The logon type field indicates the kind of logon that occurred. The most common types are 2 (interactive) and 3 (network).

The New Logon fields indicate the account for whom the new logon was created, i.e. the account that was logged on.

The network fields indicate where a remote logon request originated. Workstation name is not always available and may be left blank in some cases.

The impersonation level field indicates the extent to which a process in the logon session can impersonate.

The authentication information fields provide detailed information about this specific logon request.
	- Logon GUID is a unique identifier that can be used to correlate this event with a KDC event.
	- Transited services indicate which intermediate services have participated in this logon request.
	- Package name indicates which sub-protocol was used among the NTLM protocols.
	- Key length indicates the length of the generated session key. This will be 0 if no session key was requested."
Audit Success	9/17/2023 2:01:01 PM	Microsoft-Windows-Security-Auditing	4672	Special Logon	"Special privileges assigned to new logon.

Subject:
	Security ID:		SYSTEM
	Account Name:		SYSTEM
	Account Domain:		NT AUTHORITY
	Logon ID:		0x3E7

Privileges:		SeAssignPrimaryTokenPrivilege
			SeTcbPrivilege
			SeSecurityPrivilege
			SeTakeOwnershipPrivilege
			SeLoadDriverPrivilege
			SeBackupPrivilege
			SeRestorePrivilege
			SeDebugPrivilege
			SeAuditPrivilege
			SeSystemEnvironmentPrivilege
			SeImpersonatePrivilege
			SeDelegateSessionUserImpersonatePrivilege"
Audit Success	9/17/2023 2:01:01 PM	Microsoft-Windows-Security-Auditing	4624	Logon	"An account was successfully logged on.

Subject:
	Security ID:		SYSTEM
	Account Name:		WIN-0PV7L6HD3OR$
	Account Domain:		GMCYBER
	Logon ID:		0x3E7

Logon Information:
	Logon Type:		5
	Restricted Admin Mode:	-
	Virtual Account:		No
	Elevated Token:		Yes

Impersonation Level:		Impersonation

New Logon:
	Security ID:		SYSTEM
	Account Name:		SYSTEM
	Account Domain:		NT AUTHORITY
	Logon ID:		0x3E7
	Linked Logon ID:		0x0
	Network Account Name:	-
	Network Account Domain:	-
	Logon GUID:		{00000000-0000-0000-0000-000000000000}

Process Information:
	Process ID:		0x25c
	Process Name:		C:\Windows\System32\services.exe

Network Information:
	Workstation Name:	-
	Source Network Address:	-
	Source Port:		-

Detailed Authentication Information:
	Logon Process:		Advapi  
	Authentication Package:	Negotiate
	Transited Services:	-
	Package Name (NTLM only):	-
	Key Length:		0

This event is generated when a logon session is created. It is generated on the computer that was accessed.

The subject fields indicate the account on the local system which requested the logon. This is most commonly a service such as the Server service, or a local process such as Winlogon.exe or Services.exe.

The logon type field indicates the kind of logon that occurred. The most common types are 2 (interactive) and 3 (network).

The New Logon fields indicate the account for whom the new logon was created, i.e. the account that was logged on.

The network fields indicate where a remote logon request originated. Workstation name is not always available and may be left blank in some cases.

The impersonation level field indicates the extent to which a process in the logon session can impersonate.

The authentication information fields provide detailed information about this specific logon request.
	- Logon GUID is a unique identifier that can be used to correlate this event with a KDC event.
	- Transited services indicate which intermediate services have participated in this logon request.
	- Package name indicates which sub-protocol was used among the NTLM protocols.
	- Key length indicates the length of the generated session key. This will be 0 if no session key was requested."
Audit Success	9/17/2023 2:01:01 PM	Microsoft-Windows-Security-Auditing	4672	Special Logon	"Special privileges assigned to new logon.

Subject:
	Security ID:		SYSTEM
	Account Name:		SYSTEM
	Account Domain:		NT AUTHORITY
	Logon ID:		0x3E7

Privileges:		SeAssignPrimaryTokenPrivilege
			SeTcbPrivilege
			SeSecurityPrivilege
			SeTakeOwnershipPrivilege
			SeLoadDriverPrivilege
			SeBackupPrivilege
			SeRestorePrivilege
			SeDebugPrivilege
			SeAuditPrivilege
			SeSystemEnvironmentPrivilege
			SeImpersonatePrivilege
			SeDelegateSessionUserImpersonatePrivilege"
Audit Success	9/17/2023 2:01:01 PM	Microsoft-Windows-Security-Auditing	4624	Logon	"An account was successfully logged on.

Subject:
	Security ID:		SYSTEM
	Account Name:		WIN-0PV7L6HD3OR$
	Account Domain:		GMCYBER
	Logon ID:		0x3E7

Logon Information:
	Logon Type:		5
	Restricted Admin Mode:	-
	Virtual Account:		No
	Elevated Token:		Yes

Impersonation Level:		Impersonation

New Logon:
	Security ID:		SYSTEM
	Account Name:		SYSTEM
	Account Domain:		NT AUTHORITY
	Logon ID:		0x3E7
	Linked Logon ID:		0x0
	Network Account Name:	-
	Network Account Domain:	-
	Logon GUID:		{00000000-0000-0000-0000-000000000000}

Process Information:
	Process ID:		0x25c
	Process Name:		C:\Windows\System32\services.exe

Network Information:
	Workstation Name:	-
	Source Network Address:	-
	Source Port:		-

Detailed Authentication Information:
	Logon Process:		Advapi  
	Authentication Package:	Negotiate
	Transited Services:	-
	Package Name (NTLM only):	-
	Key Length:		0

This event is generated when a logon session is created. It is generated on the computer that was accessed.

The subject fields indicate the account on the local system which requested the logon. This is most commonly a service such as the Server service, or a local process such as Winlogon.exe or Services.exe.

The logon type field indicates the kind of logon that occurred. The most common types are 2 (interactive) and 3 (network).

The New Logon fields indicate the account for whom the new logon was created, i.e. the account that was logged on.

The network fields indicate where a remote logon request originated. Workstation name is not always available and may be left blank in some cases.

The impersonation level field indicates the extent to which a process in the logon session can impersonate.

The authentication information fields provide detailed information about this specific logon request.
	- Logon GUID is a unique identifier that can be used to correlate this event with a KDC event.
	- Transited services indicate which intermediate services have participated in this logon request.
	- Package name indicates which sub-protocol was used among the NTLM protocols.
	- Key length indicates the length of the generated session key. This will be 0 if no session key was requested."
Audit Success	9/17/2023 2:00:55 PM	Microsoft-Windows-Security-Auditing	4634	Logoff	"An account was logged off.

Subject:
	Security ID:		SYSTEM
	Account Name:		WIN-0PV7L6HD3OR$
	Account Domain:		GMCYBER
	Logon ID:		0x5C1BD

Logon Type:			3

This event is generated when a logon session is destroyed. It may be positively correlated with a logon event using the Logon ID value. Logon IDs are only unique between reboots on the same computer."
Audit Success	9/17/2023 2:00:55 PM	Microsoft-Windows-Security-Auditing	4624	Logon	"An account was successfully logged on.

Subject:
	Security ID:		NULL SID
	Account Name:		-
	Account Domain:		-
	Logon ID:		0x0

Logon Information:
	Logon Type:		3
	Restricted Admin Mode:	-
	Virtual Account:		No
	Elevated Token:		Yes

Impersonation Level:		Impersonation

New Logon:
	Security ID:		SYSTEM
	Account Name:		WIN-0PV7L6HD3OR$
	Account Domain:		GMCYBER.NET
	Logon ID:		0x5C1BD
	Linked Logon ID:		0x0
	Network Account Name:	-
	Network Account Domain:	-
	Logon GUID:		{5be0fc56-ce07-06c9-d76a-714ffd990fb5}

Process Information:
	Process ID:		0x0
	Process Name:		-

Network Information:
	Workstation Name:	-
	Source Network Address:	fe80::981c:161e:7cca:c579
	Source Port:		50318

Detailed Authentication Information:
	Logon Process:		Kerberos
	Authentication Package:	Kerberos
	Transited Services:	-
	Package Name (NTLM only):	-
	Key Length:		0

This event is generated when a logon session is created. It is generated on the computer that was accessed.

The subject fields indicate the account on the local system which requested the logon. This is most commonly a service such as the Server service, or a local process such as Winlogon.exe or Services.exe.

The logon type field indicates the kind of logon that occurred. The most common types are 2 (interactive) and 3 (network).

The New Logon fields indicate the account for whom the new logon was created, i.e. the account that was logged on.

The network fields indicate where a remote logon request originated. Workstation name is not always available and may be left blank in some cases.

The impersonation level field indicates the extent to which a process in the logon session can impersonate.

The authentication information fields provide detailed information about this specific logon request.
	- Logon GUID is a unique identifier that can be used to correlate this event with a KDC event.
	- Transited services indicate which intermediate services have participated in this logon request.
	- Package name indicates which sub-protocol was used among the NTLM protocols.
	- Key length indicates the length of the generated session key. This will be 0 if no session key was requested."
Audit Success	9/17/2023 2:00:55 PM	Microsoft-Windows-Security-Auditing	4672	Special Logon	"Special privileges assigned to new logon.

Subject:
	Security ID:		SYSTEM
	Account Name:		WIN-0PV7L6HD3OR$
	Account Domain:		GMCYBER
	Logon ID:		0x5C1BD

Privileges:		SeSecurityPrivilege
			SeBackupPrivilege
			SeRestorePrivilege
			SeTakeOwnershipPrivilege
			SeDebugPrivilege
			SeSystemEnvironmentPrivilege
			SeLoadDriverPrivilege
			SeImpersonatePrivilege
			SeDelegateSessionUserImpersonatePrivilege
			SeEnableDelegationPrivilege"
Audit Success	9/17/2023 2:00:55 PM	Microsoft-Windows-Security-Auditing	4634	Logoff	"An account was logged off.

Subject:
	Security ID:		SYSTEM
	Account Name:		WIN-0PV7L6HD3OR$
	Account Domain:		GMCYBER
	Logon ID:		0x5C0F9

Logon Type:			3

This event is generated when a logon session is destroyed. It may be positively correlated with a logon event using the Logon ID value. Logon IDs are only unique between reboots on the same computer."
Audit Success	9/17/2023 2:00:55 PM	Microsoft-Windows-Security-Auditing	4624	Logon	"An account was successfully logged on.

Subject:
	Security ID:		NULL SID
	Account Name:		-
	Account Domain:		-
	Logon ID:		0x0

Logon Information:
	Logon Type:		3
	Restricted Admin Mode:	-
	Virtual Account:		No
	Elevated Token:		Yes

Impersonation Level:		Impersonation

New Logon:
	Security ID:		SYSTEM
	Account Name:		WIN-0PV7L6HD3OR$
	Account Domain:		GMCYBER.NET
	Logon ID:		0x5C0F9
	Linked Logon ID:		0x0
	Network Account Name:	-
	Network Account Domain:	-
	Logon GUID:		{5be0fc56-ce07-06c9-d76a-714ffd990fb5}

Process Information:
	Process ID:		0x0
	Process Name:		-

Network Information:
	Workstation Name:	-
	Source Network Address:	fe80::981c:161e:7cca:c579
	Source Port:		50317

Detailed Authentication Information:
	Logon Process:		Kerberos
	Authentication Package:	Kerberos
	Transited Services:	-
	Package Name (NTLM only):	-
	Key Length:		0

This event is generated when a logon session is created. It is generated on the computer that was accessed.

The subject fields indicate the account on the local system which requested the logon. This is most commonly a service such as the Server service, or a local process such as Winlogon.exe or Services.exe.

The logon type field indicates the kind of logon that occurred. The most common types are 2 (interactive) and 3 (network).

The New Logon fields indicate the account for whom the new logon was created, i.e. the account that was logged on.

The network fields indicate where a remote logon request originated. Workstation name is not always available and may be left blank in some cases.

The impersonation level field indicates the extent to which a process in the logon session can impersonate.

The authentication information fields provide detailed information about this specific logon request.
	- Logon GUID is a unique identifier that can be used to correlate this event with a KDC event.
	- Transited services indicate which intermediate services have participated in this logon request.
	- Package name indicates which sub-protocol was used among the NTLM protocols.
	- Key length indicates the length of the generated session key. This will be 0 if no session key was requested."
Audit Success	9/17/2023 2:00:55 PM	Microsoft-Windows-Security-Auditing	4672	Special Logon	"Special privileges assigned to new logon.

Subject:
	Security ID:		SYSTEM
	Account Name:		WIN-0PV7L6HD3OR$
	Account Domain:		GMCYBER
	Logon ID:		0x5C0F9

Privileges:		SeSecurityPrivilege
			SeBackupPrivilege
			SeRestorePrivilege
			SeTakeOwnershipPrivilege
			SeDebugPrivilege
			SeSystemEnvironmentPrivilege
			SeLoadDriverPrivilege
			SeImpersonatePrivilege
			SeDelegateSessionUserImpersonatePrivilege
			SeEnableDelegationPrivilege"
Audit Success	9/17/2023 2:00:55 PM	Microsoft-Windows-Security-Auditing	4624	Logon	"An account was successfully logged on.

Subject:
	Security ID:		NULL SID
	Account Name:		-
	Account Domain:		-
	Logon ID:		0x0

Logon Information:
	Logon Type:		3
	Restricted Admin Mode:	-
	Virtual Account:		No
	Elevated Token:		Yes

Impersonation Level:		Impersonation

New Logon:
	Security ID:		SYSTEM
	Account Name:		WIN-0PV7L6HD3OR$
	Account Domain:		GMCYBER.NET
	Logon ID:		0x5BD2D
	Linked Logon ID:		0x0
	Network Account Name:	-
	Network Account Domain:	-
	Logon GUID:		{5be0fc56-ce07-06c9-d76a-714ffd990fb5}

Process Information:
	Process ID:		0x0
	Process Name:		-

Network Information:
	Workstation Name:	-
	Source Network Address:	fe80::981c:161e:7cca:c579
	Source Port:		50316

Detailed Authentication Information:
	Logon Process:		Kerberos
	Authentication Package:	Kerberos
	Transited Services:	-
	Package Name (NTLM only):	-
	Key Length:		0

This event is generated when a logon session is created. It is generated on the computer that was accessed.

The subject fields indicate the account on the local system which requested the logon. This is most commonly a service such as the Server service, or a local process such as Winlogon.exe or Services.exe.

The logon type field indicates the kind of logon that occurred. The most common types are 2 (interactive) and 3 (network).

The New Logon fields indicate the account for whom the new logon was created, i.e. the account that was logged on.

The network fields indicate where a remote logon request originated. Workstation name is not always available and may be left blank in some cases.

The impersonation level field indicates the extent to which a process in the logon session can impersonate.

The authentication information fields provide detailed information about this specific logon request.
	- Logon GUID is a unique identifier that can be used to correlate this event with a KDC event.
	- Transited services indicate which intermediate services have participated in this logon request.
	- Package name indicates which sub-protocol was used among the NTLM protocols.
	- Key length indicates the length of the generated session key. This will be 0 if no session key was requested."
Audit Success	9/17/2023 2:00:55 PM	Microsoft-Windows-Security-Auditing	4672	Special Logon	"Special privileges assigned to new logon.

Subject:
	Security ID:		SYSTEM
	Account Name:		WIN-0PV7L6HD3OR$
	Account Domain:		GMCYBER
	Logon ID:		0x5BD2D

Privileges:		SeSecurityPrivilege
			SeBackupPrivilege
			SeRestorePrivilege
			SeTakeOwnershipPrivilege
			SeDebugPrivilege
			SeSystemEnvironmentPrivilege
			SeLoadDriverPrivilege
			SeImpersonatePrivilege
			SeDelegateSessionUserImpersonatePrivilege
			SeEnableDelegationPrivilege"
Audit Success	9/17/2023 2:00:54 PM	Microsoft-Windows-Security-Auditing	4634	Logoff	"An account was logged off.

Subject:
	Security ID:		SYSTEM
	Account Name:		WIN-0PV7L6HD3OR$
	Account Domain:		GMCYBER
	Logon ID:		0x5BCB5

Logon Type:			3

This event is generated when a logon session is destroyed. It may be positively correlated with a logon event using the Logon ID value. Logon IDs are only unique between reboots on the same computer."
Audit Success	9/17/2023 2:00:54 PM	Microsoft-Windows-Security-Auditing	4624	Logon	"An account was successfully logged on.

Subject:
	Security ID:		NULL SID
	Account Name:		-
	Account Domain:		-
	Logon ID:		0x0

Logon Information:
	Logon Type:		3
	Restricted Admin Mode:	-
	Virtual Account:		No
	Elevated Token:		Yes

Impersonation Level:		Impersonation

New Logon:
	Security ID:		SYSTEM
	Account Name:		WIN-0PV7L6HD3OR$
	Account Domain:		GMCYBER.NET
	Logon ID:		0x5BCB5
	Linked Logon ID:		0x0
	Network Account Name:	-
	Network Account Domain:	-
	Logon GUID:		{5be0fc56-ce07-06c9-d76a-714ffd990fb5}

Process Information:
	Process ID:		0x0
	Process Name:		-

Network Information:
	Workstation Name:	-
	Source Network Address:	::1
	Source Port:		50314

Detailed Authentication Information:
	Logon Process:		Kerberos
	Authentication Package:	Kerberos
	Transited Services:	-
	Package Name (NTLM only):	-
	Key Length:		0

This event is generated when a logon session is created. It is generated on the computer that was accessed.

The subject fields indicate the account on the local system which requested the logon. This is most commonly a service such as the Server service, or a local process such as Winlogon.exe or Services.exe.

The logon type field indicates the kind of logon that occurred. The most common types are 2 (interactive) and 3 (network).

The New Logon fields indicate the account for whom the new logon was created, i.e. the account that was logged on.

The network fields indicate where a remote logon request originated. Workstation name is not always available and may be left blank in some cases.

The impersonation level field indicates the extent to which a process in the logon session can impersonate.

The authentication information fields provide detailed information about this specific logon request.
	- Logon GUID is a unique identifier that can be used to correlate this event with a KDC event.
	- Transited services indicate which intermediate services have participated in this logon request.
	- Package name indicates which sub-protocol was used among the NTLM protocols.
	- Key length indicates the length of the generated session key. This will be 0 if no session key was requested."
Audit Success	9/17/2023 2:00:54 PM	Microsoft-Windows-Security-Auditing	4672	Special Logon	"Special privileges assigned to new logon.

Subject:
	Security ID:		SYSTEM
	Account Name:		WIN-0PV7L6HD3OR$
	Account Domain:		GMCYBER
	Logon ID:		0x5BCB5

Privileges:		SeSecurityPrivilege
			SeBackupPrivilege
			SeRestorePrivilege
			SeTakeOwnershipPrivilege
			SeDebugPrivilege
			SeSystemEnvironmentPrivilege
			SeLoadDriverPrivilege
			SeImpersonatePrivilege
			SeDelegateSessionUserImpersonatePrivilege
			SeEnableDelegationPrivilege"
Audit Success	9/17/2023 2:00:54 PM	Microsoft-Windows-Security-Auditing	4634	Logoff	"An account was logged off.

Subject:
	Security ID:		SYSTEM
	Account Name:		WIN-0PV7L6HD3OR$
	Account Domain:		GMCYBER
	Logon ID:		0x5BC25

Logon Type:			3

This event is generated when a logon session is destroyed. It may be positively correlated with a logon event using the Logon ID value. Logon IDs are only unique between reboots on the same computer."
Audit Success	9/17/2023 2:00:54 PM	Microsoft-Windows-Security-Auditing	4624	Logon	"An account was successfully logged on.

Subject:
	Security ID:		NULL SID
	Account Name:		-
	Account Domain:		-
	Logon ID:		0x0

Logon Information:
	Logon Type:		3
	Restricted Admin Mode:	-
	Virtual Account:		No
	Elevated Token:		Yes

Impersonation Level:		Impersonation

New Logon:
	Security ID:		SYSTEM
	Account Name:		WIN-0PV7L6HD3OR$
	Account Domain:		GMCYBER.NET
	Logon ID:		0x5BC25
	Linked Logon ID:		0x0
	Network Account Name:	-
	Network Account Domain:	-
	Logon GUID:		{5be0fc56-ce07-06c9-d76a-714ffd990fb5}

Process Information:
	Process ID:		0x0
	Process Name:		-

Network Information:
	Workstation Name:	-
	Source Network Address:	fe80::981c:161e:7cca:c579
	Source Port:		50313

Detailed Authentication Information:
	Logon Process:		Kerberos
	Authentication Package:	Kerberos
	Transited Services:	-
	Package Name (NTLM only):	-
	Key Length:		0

This event is generated when a logon session is created. It is generated on the computer that was accessed.

The subject fields indicate the account on the local system which requested the logon. This is most commonly a service such as the Server service, or a local process such as Winlogon.exe or Services.exe.

The logon type field indicates the kind of logon that occurred. The most common types are 2 (interactive) and 3 (network).

The New Logon fields indicate the account for whom the new logon was created, i.e. the account that was logged on.

The network fields indicate where a remote logon request originated. Workstation name is not always available and may be left blank in some cases.

The impersonation level field indicates the extent to which a process in the logon session can impersonate.

The authentication information fields provide detailed information about this specific logon request.
	- Logon GUID is a unique identifier that can be used to correlate this event with a KDC event.
	- Transited services indicate which intermediate services have participated in this logon request.
	- Package name indicates which sub-protocol was used among the NTLM protocols.
	- Key length indicates the length of the generated session key. This will be 0 if no session key was requested."
Audit Success	9/17/2023 2:00:54 PM	Microsoft-Windows-Security-Auditing	4672	Special Logon	"Special privileges assigned to new logon.

Subject:
	Security ID:		SYSTEM
	Account Name:		WIN-0PV7L6HD3OR$
	Account Domain:		GMCYBER
	Logon ID:		0x5BC25

Privileges:		SeSecurityPrivilege
			SeBackupPrivilege
			SeRestorePrivilege
			SeTakeOwnershipPrivilege
			SeDebugPrivilege
			SeSystemEnvironmentPrivilege
			SeLoadDriverPrivilege
			SeImpersonatePrivilege
			SeDelegateSessionUserImpersonatePrivilege
			SeEnableDelegationPrivilege"
Audit Success	9/17/2023 2:00:54 PM	Microsoft-Windows-Security-Auditing	4634	Logoff	"An account was logged off.

Subject:
	Security ID:		SYSTEM
	Account Name:		WIN-0PV7L6HD3OR$
	Account Domain:		GMCYBER
	Logon ID:		0x5BBA7

Logon Type:			3

This event is generated when a logon session is destroyed. It may be positively correlated with a logon event using the Logon ID value. Logon IDs are only unique between reboots on the same computer."
Audit Success	9/17/2023 2:00:54 PM	Microsoft-Windows-Security-Auditing	4624	Logon	"An account was successfully logged on.

Subject:
	Security ID:		NULL SID
	Account Name:		-
	Account Domain:		-
	Logon ID:		0x0

Logon Information:
	Logon Type:		3
	Restricted Admin Mode:	-
	Virtual Account:		No
	Elevated Token:		Yes

Impersonation Level:		Impersonation

New Logon:
	Security ID:		SYSTEM
	Account Name:		WIN-0PV7L6HD3OR$
	Account Domain:		GMCYBER.NET
	Logon ID:		0x5BBA7
	Linked Logon ID:		0x0
	Network Account Name:	-
	Network Account Domain:	-
	Logon GUID:		{5be0fc56-ce07-06c9-d76a-714ffd990fb5}

Process Information:
	Process ID:		0x0
	Process Name:		-

Network Information:
	Workstation Name:	-
	Source Network Address:	fe80::981c:161e:7cca:c579
	Source Port:		50312

Detailed Authentication Information:
	Logon Process:		Kerberos
	Authentication Package:	Kerberos
	Transited Services:	-
	Package Name (NTLM only):	-
	Key Length:		0

This event is generated when a logon session is created. It is generated on the computer that was accessed.

The subject fields indicate the account on the local system which requested the logon. This is most commonly a service such as the Server service, or a local process such as Winlogon.exe or Services.exe.

The logon type field indicates the kind of logon that occurred. The most common types are 2 (interactive) and 3 (network).

The New Logon fields indicate the account for whom the new logon was created, i.e. the account that was logged on.

The network fields indicate where a remote logon request originated. Workstation name is not always available and may be left blank in some cases.

The impersonation level field indicates the extent to which a process in the logon session can impersonate.

The authentication information fields provide detailed information about this specific logon request.
	- Logon GUID is a unique identifier that can be used to correlate this event with a KDC event.
	- Transited services indicate which intermediate services have participated in this logon request.
	- Package name indicates which sub-protocol was used among the NTLM protocols.
	- Key length indicates the length of the generated session key. This will be 0 if no session key was requested."
Audit Success	9/17/2023 2:00:54 PM	Microsoft-Windows-Security-Auditing	4672	Special Logon	"Special privileges assigned to new logon.

Subject:
	Security ID:		SYSTEM
	Account Name:		WIN-0PV7L6HD3OR$
	Account Domain:		GMCYBER
	Logon ID:		0x5BBA7

Privileges:		SeSecurityPrivilege
			SeBackupPrivilege
			SeRestorePrivilege
			SeTakeOwnershipPrivilege
			SeDebugPrivilege
			SeSystemEnvironmentPrivilege
			SeLoadDriverPrivilege
			SeImpersonatePrivilege
			SeDelegateSessionUserImpersonatePrivilege
			SeEnableDelegationPrivilege"
Audit Success	9/17/2023 2:00:54 PM	Microsoft-Windows-Security-Auditing	4634	Logoff	"An account was logged off.

Subject:
	Security ID:		SYSTEM
	Account Name:		WIN-0PV7L6HD3OR$
	Account Domain:		GMCYBER
	Logon ID:		0x5BB02

Logon Type:			3

This event is generated when a logon session is destroyed. It may be positively correlated with a logon event using the Logon ID value. Logon IDs are only unique between reboots on the same computer."
Audit Success	9/17/2023 2:00:54 PM	Microsoft-Windows-Security-Auditing	4662	Directory Service Access	"An operation was performed on an object.

Subject :
	Security ID:		SYSTEM
	Account Name:		WIN-0PV7L6HD3OR$
	Account Domain:		GMCYBER
	Logon ID:		0x5BB02

Object:
	Object Server:		DS
	Object Type:		msDFSR-Subscription
	Object Name:		CN=SYSVOL Subscription,CN=Domain System Volume,CN=DFSR-LocalSettings,CN=WIN-0PV7L6HD3OR,OU=Domain Controllers,DC=GMCyber,DC=net
	Handle ID:		0x0

Operation:
	Operation Type:		Object Access
	Accesses:		Write Property
				
	Access Mask:		0x20
	Properties:		Write Property
		{771727b1-31b8-4cdf-ae62-4fe39fadf89e}
			{d6d67084-c720-417d-8647-b696237a114c}
	{67212414-7bcc-4609-87e0-088dad8abdee}


Additional Information:
	Parameter 1:		-
	Parameter 2:		"
Audit Success	9/17/2023 2:00:54 PM	Microsoft-Windows-Security-Auditing	4624	Logon	"An account was successfully logged on.

Subject:
	Security ID:		NULL SID
	Account Name:		-
	Account Domain:		-
	Logon ID:		0x0

Logon Information:
	Logon Type:		3
	Restricted Admin Mode:	-
	Virtual Account:		No
	Elevated Token:		Yes

Impersonation Level:		Impersonation

New Logon:
	Security ID:		SYSTEM
	Account Name:		WIN-0PV7L6HD3OR$
	Account Domain:		GMCYBER.NET
	Logon ID:		0x5BB02
	Linked Logon ID:		0x0
	Network Account Name:	-
	Network Account Domain:	-
	Logon GUID:		{5be0fc56-ce07-06c9-d76a-714ffd990fb5}

Process Information:
	Process ID:		0x0
	Process Name:		-

Network Information:
	Workstation Name:	-
	Source Network Address:	fe80::981c:161e:7cca:c579
	Source Port:		50311

Detailed Authentication Information:
	Logon Process:		Kerberos
	Authentication Package:	Kerberos
	Transited Services:	-
	Package Name (NTLM only):	-
	Key Length:		0

This event is generated when a logon session is created. It is generated on the computer that was accessed.

The subject fields indicate the account on the local system which requested the logon. This is most commonly a service such as the Server service, or a local process such as Winlogon.exe or Services.exe.

The logon type field indicates the kind of logon that occurred. The most common types are 2 (interactive) and 3 (network).

The New Logon fields indicate the account for whom the new logon was created, i.e. the account that was logged on.

The network fields indicate where a remote logon request originated. Workstation name is not always available and may be left blank in some cases.

The impersonation level field indicates the extent to which a process in the logon session can impersonate.

The authentication information fields provide detailed information about this specific logon request.
	- Logon GUID is a unique identifier that can be used to correlate this event with a KDC event.
	- Transited services indicate which intermediate services have participated in this logon request.
	- Package name indicates which sub-protocol was used among the NTLM protocols.
	- Key length indicates the length of the generated session key. This will be 0 if no session key was requested."
Audit Success	9/17/2023 2:00:54 PM	Microsoft-Windows-Security-Auditing	4672	Special Logon	"Special privileges assigned to new logon.

Subject:
	Security ID:		SYSTEM
	Account Name:		WIN-0PV7L6HD3OR$
	Account Domain:		GMCYBER
	Logon ID:		0x5BB02

Privileges:		SeSecurityPrivilege
			SeBackupPrivilege
			SeRestorePrivilege
			SeTakeOwnershipPrivilege
			SeDebugPrivilege
			SeSystemEnvironmentPrivilege
			SeLoadDriverPrivilege
			SeImpersonatePrivilege
			SeDelegateSessionUserImpersonatePrivilege
			SeEnableDelegationPrivilege"
Audit Success	9/17/2023 2:00:54 PM	Microsoft-Windows-Security-Auditing	4634	Logoff	"An account was logged off.

Subject:
	Security ID:		SYSTEM
	Account Name:		WIN-0PV7L6HD3OR$
	Account Domain:		GMCYBER
	Logon ID:		0x5BABF

Logon Type:			3

This event is generated when a logon session is destroyed. It may be positively correlated with a logon event using the Logon ID value. Logon IDs are only unique between reboots on the same computer."
Audit Success	9/17/2023 2:00:54 PM	Microsoft-Windows-Security-Auditing	4662	Directory Service Access	"An operation was performed on an object.

Subject :
	Security ID:		SYSTEM
	Account Name:		WIN-0PV7L6HD3OR$
	Account Domain:		GMCYBER
	Logon ID:		0x5BABF

Object:
	Object Server:		DS
	Object Type:		msDFSR-LocalSettings
	Object Name:		CN=DFSR-LocalSettings,CN=WIN-0PV7L6HD3OR,OU=Domain Controllers,DC=GMCyber,DC=net
	Handle ID:		0x0

Operation:
	Operation Type:		Object Access
	Accesses:		Write Property
				
	Access Mask:		0x20
	Properties:		Write Property
		{771727b1-31b8-4cdf-ae62-4fe39fadf89e}
			{1a861408-38c3-49ea-ba75-85481a77c655}
	{fa85c591-197f-477e-83bd-ea5a43df2239}


Additional Information:
	Parameter 1:		-
	Parameter 2:		"
Audit Success	9/17/2023 2:00:54 PM	Microsoft-Windows-Security-Auditing	4624	Logon	"An account was successfully logged on.

Subject:
	Security ID:		NULL SID
	Account Name:		-
	Account Domain:		-
	Logon ID:		0x0

Logon Information:
	Logon Type:		3
	Restricted Admin Mode:	-
	Virtual Account:		No
	Elevated Token:		Yes

Impersonation Level:		Impersonation

New Logon:
	Security ID:		SYSTEM
	Account Name:		WIN-0PV7L6HD3OR$
	Account Domain:		GMCYBER.NET
	Logon ID:		0x5BABF
	Linked Logon ID:		0x0
	Network Account Name:	-
	Network Account Domain:	-
	Logon GUID:		{5be0fc56-ce07-06c9-d76a-714ffd990fb5}

Process Information:
	Process ID:		0x0
	Process Name:		-

Network Information:
	Workstation Name:	-
	Source Network Address:	fe80::981c:161e:7cca:c579
	Source Port:		50310

Detailed Authentication Information:
	Logon Process:		Kerberos
	Authentication Package:	Kerberos
	Transited Services:	-
	Package Name (NTLM only):	-
	Key Length:		0

This event is generated when a logon session is created. It is generated on the computer that was accessed.

The subject fields indicate the account on the local system which requested the logon. This is most commonly a service such as the Server service, or a local process such as Winlogon.exe or Services.exe.

The logon type field indicates the kind of logon that occurred. The most common types are 2 (interactive) and 3 (network).

The New Logon fields indicate the account for whom the new logon was created, i.e. the account that was logged on.

The network fields indicate where a remote logon request originated. Workstation name is not always available and may be left blank in some cases.

The impersonation level field indicates the extent to which a process in the logon session can impersonate.

The authentication information fields provide detailed information about this specific logon request.
	- Logon GUID is a unique identifier that can be used to correlate this event with a KDC event.
	- Transited services indicate which intermediate services have participated in this logon request.
	- Package name indicates which sub-protocol was used among the NTLM protocols.
	- Key length indicates the length of the generated session key. This will be 0 if no session key was requested."
Audit Success	9/17/2023 2:00:54 PM	Microsoft-Windows-Security-Auditing	4672	Special Logon	"Special privileges assigned to new logon.

Subject:
	Security ID:		SYSTEM
	Account Name:		WIN-0PV7L6HD3OR$
	Account Domain:		GMCYBER
	Logon ID:		0x5BABF

Privileges:		SeSecurityPrivilege
			SeBackupPrivilege
			SeRestorePrivilege
			SeTakeOwnershipPrivilege
			SeDebugPrivilege
			SeSystemEnvironmentPrivilege
			SeLoadDriverPrivilege
			SeImpersonatePrivilege
			SeDelegateSessionUserImpersonatePrivilege
			SeEnableDelegationPrivilege"
Audit Success	9/17/2023 2:00:54 PM	Microsoft-Windows-Security-Auditing	4742	Computer Account Management	"A computer account was changed.

Subject:
	Security ID:		SYSTEM
	Account Name:		WIN-0PV7L6HD3OR$
	Account Domain:		GMCYBER
	Logon ID:		0x2D3CC

Computer Account That Was Changed:
	Security ID:		GMCYBER\WIN-0PV7L6HD3OR$
	Account Name:		WIN-0PV7L6HD3OR$
	Account Domain:		GMCYBER

Changed Attributes:
	SAM Account Name:	-
	Display Name:		-
	User Principal Name:	-
	Home Directory:		-
	Home Drive:		-
	Script Path:		-
	Profile Path:		-
	User Workstations:	-
	Password Last Set:	-
	Account Expires:		-
	Primary Group ID:	-
	AllowedToDelegateTo:	-
	Old UAC Value:		-
	New UAC Value:		-
	User Account Control:	-
	User Parameters:	-
	SID History:		-
	Logon Hours:		-
	DNS Host Name:		-
	Service Principal Names:	
		ldap/WIN-0PV7L6HD3OR.GMCyber.net/GMCyber.net
		ldap/WIN-0PV7L6HD3OR.GMCyber.net
		ldap/WIN-0PV7L6HD3OR
		ldap/WIN-0PV7L6HD3OR.GMCyber.net/GMCYBER
		ldap/7c64ec89-6f23-451d-bd22-4bf50f9fefb0._msdcs.GMCyber.net
		ldap/WIN-0PV7L6HD3OR/GMCYBER
		E3514235-4B06-11D1-AB04-00C04FC2DCD2/7c64ec89-6f23-451d-bd22-4bf50f9fefb0/GMCyber.net
		HOST/WIN-0PV7L6HD3OR.GMCyber.net/GMCyber.net
		HOST/WIN-0PV7L6HD3OR.GMCyber.net
		HOST/WIN-0PV7L6HD3OR
		HOST/WIN-0PV7L6HD3OR.GMCyber.net/GMCYBER
		HOST/WIN-0PV7L6HD3OR/GMCYBER
		RPC/7c64ec89-6f23-451d-bd22-4bf50f9fefb0._msdcs.GMCyber.net
		RestrictedKrbHost/WIN-0PV7L6HD3OR
		RestrictedKrbHost/WIN-0PV7L6HD3OR.GMCyber.net
		GC/WIN-0PV7L6HD3OR.GMCyber.net/GMCyber.net
		DNS/WIN-0PV7L6HD3OR.GMCyber.net
		ldap/WIN-0PV7L6HD3OR.GMCyber.net/DomainDnsZones.GMCyber.net
		ldap/WIN-0PV7L6HD3OR.GMCyber.net/ForestDnsZones.GMCyber.net
		Dfsr-12F9A27C-BF97-4787-9364-D31B6C55EB04/WIN-0PV7L6HD3OR.GMCyber.net

Additional Information:
	Privileges:		-"
Audit Success	9/17/2023 2:00:54 PM	Microsoft-Windows-Security-Auditing	4662	Directory Service Access	"An operation was performed on an object.

Subject :
	Security ID:		SYSTEM
	Account Name:		WIN-0PV7L6HD3OR$
	Account Domain:		GMCYBER
	Logon ID:		0x2D3CC

Object:
	Object Server:		DS
	Object Type:		computer
	Object Name:		CN=WIN-0PV7L6HD3OR,OU=Domain Controllers,DC=GMCyber,DC=net
	Handle ID:		0x0

Operation:
	Operation Type:		Object Access
	Accesses:		Write Property
				
	Access Mask:		0x20
	Properties:		Write Property
		{e48d0154-bcf8-11d1-8702-00c04fb96050}
			{f3a64788-5306-11d1-a9c5-0000f80367c1}
	{bf967a86-0de6-11d0-a285-00aa003049e2}


Additional Information:
	Parameter 1:		-
	Parameter 2:		"
