Audit Success	9/17/2023 1:50:15 PM	Microsoft-Windows-Security-Auditing	4907	Audit Policy Change	"Auditing settings on object were changed.

Subject:
	Security ID:		SYSTEM
	Account Name:		WIN-0PV7L6HD3OR$
	Account Domain:		WORKGROUP
	Logon ID:		0x3E7

Object:
	Object Server:	Security
	Object Type:	File
	Object Name:	C:\Windows\WinSxS\FileMaps\programdata_microsoft_windows_start_menu_programs_administrative_tools_50eba26877c48094.cdf-ms
	Handle ID:	0xc50

Process Information:
	Process ID:	0x17d0
	Process Name:	C:\Windows\WinSxS\amd64_microsoft-windows-servicingstack_31bf3856ad364e35_10.0.20348.557_none_f1edaeb8515fa10d\TiWorker.exe

Auditing Settings:
	Original Security Descriptor:	
	New Security Descriptor:		S:ARAI(AU;SAFA;0x1f0116;;;WD)"
Audit Success	9/17/2023 1:50:15 PM	Microsoft-Windows-Security-Auditing	4907	Audit Policy Change	"Auditing settings on object were changed.

Subject:
	Security ID:		SYSTEM
	Account Name:		WIN-0PV7L6HD3OR$
	Account Domain:		WORKGROUP
	Logon ID:		0x3E7

Object:
	Object Server:	Security
	Object Type:	File
	Object Name:	C:\Windows\WinSxS\FileMaps\programdata_microsoft_windows_start_menu_programs_d672ba09d81e87ff.cdf-ms
	Handle ID:	0x16e0

Process Information:
	Process ID:	0x17d0
	Process Name:	C:\Windows\WinSxS\amd64_microsoft-windows-servicingstack_31bf3856ad364e35_10.0.20348.557_none_f1edaeb8515fa10d\TiWorker.exe

Auditing Settings:
	Original Security Descriptor:	
	New Security Descriptor:		S:ARAI(AU;SAFA;0x1f0116;;;WD)"
Audit Success	9/17/2023 1:50:15 PM	Microsoft-Windows-Security-Auditing	4907	Audit Policy Change	"Auditing settings on object were changed.

Subject:
	Security ID:		SYSTEM
	Account Name:		WIN-0PV7L6HD3OR$
	Account Domain:		WORKGROUP
	Logon ID:		0x3E7

Object:
	Object Server:	Security
	Object Type:	File
	Object Name:	C:\Windows\WinSxS\FileMaps\programdata_microsoft_windows_start_menu_fde55420546edfe6.cdf-ms
	Handle ID:	0x778

Process Information:
	Process ID:	0x17d0
	Process Name:	C:\Windows\WinSxS\amd64_microsoft-windows-servicingstack_31bf3856ad364e35_10.0.20348.557_none_f1edaeb8515fa10d\TiWorker.exe

Auditing Settings:
	Original Security Descriptor:	
	New Security Descriptor:		S:ARAI(AU;SAFA;0x1f0116;;;WD)"
Audit Success	9/17/2023 1:50:15 PM	Microsoft-Windows-Security-Auditing	4907	Audit Policy Change	"Auditing settings on object were changed.

Subject:
	Security ID:		SYSTEM
	Account Name:		WIN-0PV7L6HD3OR$
	Account Domain:		WORKGROUP
	Logon ID:		0x3E7

Object:
	Object Server:	Security
	Object Type:	File
	Object Name:	C:\Windows\WinSxS\FileMaps\programdata_microsoft_windows_cae2264614449191.cdf-ms
	Handle ID:	0xc50

Process Information:
	Process ID:	0x17d0
	Process Name:	C:\Windows\WinSxS\amd64_microsoft-windows-servicingstack_31bf3856ad364e35_10.0.20348.557_none_f1edaeb8515fa10d\TiWorker.exe

Auditing Settings:
	Original Security Descriptor:	
	New Security Descriptor:		S:ARAI(AU;SAFA;0x1f0116;;;WD)"
Audit Success	9/17/2023 1:50:15 PM	Microsoft-Windows-Security-Auditing	4907	Audit Policy Change	"Auditing settings on object were changed.

Subject:
	Security ID:		SYSTEM
	Account Name:		WIN-0PV7L6HD3OR$
	Account Domain:		WORKGROUP
	Logon ID:		0x3E7

Object:
	Object Server:	Security
	Object Type:	File
	Object Name:	C:\Windows\WinSxS\FileMaps\programdata_microsoft_fe5c6d762edd2110.cdf-ms
	Handle ID:	0x16e0

Process Information:
	Process ID:	0x17d0
	Process Name:	C:\Windows\WinSxS\amd64_microsoft-windows-servicingstack_31bf3856ad364e35_10.0.20348.557_none_f1edaeb8515fa10d\TiWorker.exe

Auditing Settings:
	Original Security Descriptor:	
	New Security Descriptor:		S:ARAI(AU;SAFA;0x1f0116;;;WD)"
Audit Success	9/17/2023 1:50:15 PM	Microsoft-Windows-Security-Auditing	4907	Audit Policy Change	"Auditing settings on object were changed.

Subject:
	Security ID:		SYSTEM
	Account Name:		WIN-0PV7L6HD3OR$
	Account Domain:		WORKGROUP
	Logon ID:		0x3E7

Object:
	Object Server:	Security
	Object Type:	File
	Object Name:	C:\Windows\WinSxS\FileMaps\programdata.cdf-ms
	Handle ID:	0x778

Process Information:
	Process ID:	0x17d0
	Process Name:	C:\Windows\WinSxS\amd64_microsoft-windows-servicingstack_31bf3856ad364e35_10.0.20348.557_none_f1edaeb8515fa10d\TiWorker.exe

Auditing Settings:
	Original Security Descriptor:	
	New Security Descriptor:		S:ARAI(AU;SAFA;0x1f0116;;;WD)"
Audit Success	9/17/2023 1:50:15 PM	Microsoft-Windows-Security-Auditing	4907	Audit Policy Change	"Auditing settings on object were changed.

Subject:
	Security ID:		SYSTEM
	Account Name:		WIN-0PV7L6HD3OR$
	Account Domain:		WORKGROUP
	Logon ID:		0x3E7

Object:
	Object Server:	Security
	Object Type:	File
	Object Name:	C:\Windows\WinSxS\FileMaps\$$_adws_en_9ef683327778e99a.cdf-ms
	Handle ID:	0xc50

Process Information:
	Process ID:	0x17d0
	Process Name:	C:\Windows\WinSxS\amd64_microsoft-windows-servicingstack_31bf3856ad364e35_10.0.20348.557_none_f1edaeb8515fa10d\TiWorker.exe

Auditing Settings:
	Original Security Descriptor:	
	New Security Descriptor:		S:ARAI(AU;SAFA;0x1f0116;;;WD)"
Audit Success	9/17/2023 1:50:15 PM	Microsoft-Windows-Security-Auditing	4907	Audit Policy Change	"Auditing settings on object were changed.

Subject:
	Security ID:		SYSTEM
	Account Name:		WIN-0PV7L6HD3OR$
	Account Domain:		WORKGROUP
	Logon ID:		0x3E7

Object:
	Object Server:	Security
	Object Type:	File
	Object Name:	C:\Windows\WinSxS\FileMaps\$$_adws_en-us_b35e8e0c695e6d21.cdf-ms
	Handle ID:	0xc50

Process Information:
	Process ID:	0x17d0
	Process Name:	C:\Windows\WinSxS\amd64_microsoft-windows-servicingstack_31bf3856ad364e35_10.0.20348.557_none_f1edaeb8515fa10d\TiWorker.exe

Auditing Settings:
	Original Security Descriptor:	
	New Security Descriptor:		S:ARAI(AU;SAFA;0x1f0116;;;WD)"
Audit Success	9/17/2023 1:50:15 PM	Microsoft-Windows-Security-Auditing	4907	Audit Policy Change	"Auditing settings on object were changed.

Subject:
	Security ID:		SYSTEM
	Account Name:		WIN-0PV7L6HD3OR$
	Account Domain:		WORKGROUP
	Logon ID:		0x3E7

Object:
	Object Server:	Security
	Object Type:	File
	Object Name:	C:\Windows\WinSxS\FileMaps\$$_adws_40103581a18c1e95.cdf-ms
	Handle ID:	0xc50

Process Information:
	Process ID:	0x17d0
	Process Name:	C:\Windows\WinSxS\amd64_microsoft-windows-servicingstack_31bf3856ad364e35_10.0.20348.557_none_f1edaeb8515fa10d\TiWorker.exe

Auditing Settings:
	Original Security Descriptor:	
	New Security Descriptor:		S:ARAI(AU;SAFA;0x1f0116;;;WD)"
Audit Success	9/17/2023 1:50:15 PM	Microsoft-Windows-Security-Auditing	4907	Audit Policy Change	"Auditing settings on object were changed.

Subject:
	Security ID:		SYSTEM
	Account Name:		WIN-0PV7L6HD3OR$
	Account Domain:		WORKGROUP
	Logon ID:		0x3E7

Object:
	Object Server:	Security
	Object Type:	File
	Object Name:	C:\Windows\WinSxS\FileMaps\$$_inf_directoryservices_0409_305ea87b8b029dc9.cdf-ms
	Handle ID:	0xc50

Process Information:
	Process ID:	0x17d0
	Process Name:	C:\Windows\WinSxS\amd64_microsoft-windows-servicingstack_31bf3856ad364e35_10.0.20348.557_none_f1edaeb8515fa10d\TiWorker.exe

Auditing Settings:
	Original Security Descriptor:	
	New Security Descriptor:		S:ARAI(AU;SAFA;0x1f0116;;;WD)"
Audit Success	9/17/2023 1:50:15 PM	Microsoft-Windows-Security-Auditing	4907	Audit Policy Change	"Auditing settings on object were changed.

Subject:
	Security ID:		SYSTEM
	Account Name:		WIN-0PV7L6HD3OR$
	Account Domain:		WORKGROUP
	Logon ID:		0x3E7

Object:
	Object Server:	Security
	Object Type:	File
	Object Name:	C:\Windows\WinSxS\FileMaps\$$_inf_directoryservices_b618ab98d94f9ec8.cdf-ms
	Handle ID:	0xc50

Process Information:
	Process ID:	0x17d0
	Process Name:	C:\Windows\WinSxS\amd64_microsoft-windows-servicingstack_31bf3856ad364e35_10.0.20348.557_none_f1edaeb8515fa10d\TiWorker.exe

Auditing Settings:
	Original Security Descriptor:	
	New Security Descriptor:		S:ARAI(AU;SAFA;0x1f0116;;;WD)"
Audit Success	9/17/2023 1:50:15 PM	Microsoft-Windows-Security-Auditing	4907	Audit Policy Change	"Auditing settings on object were changed.

Subject:
	Security ID:		SYSTEM
	Account Name:		WIN-0PV7L6HD3OR$
	Account Domain:		WORKGROUP
	Logon ID:		0x3E7

Object:
	Object Server:	Security
	Object Type:	File
	Object Name:	C:\Windows\WinSxS\FileMaps\$$_inf_ntds_0409_b765704b4564fab9.cdf-ms
	Handle ID:	0xc50

Process Information:
	Process ID:	0x17d0
	Process Name:	C:\Windows\WinSxS\amd64_microsoft-windows-servicingstack_31bf3856ad364e35_10.0.20348.557_none_f1edaeb8515fa10d\TiWorker.exe

Auditing Settings:
	Original Security Descriptor:	
	New Security Descriptor:		S:ARAI(AU;SAFA;0x1f0116;;;WD)"
Audit Success	9/17/2023 1:50:15 PM	Microsoft-Windows-Security-Auditing	4907	Audit Policy Change	"Auditing settings on object were changed.

Subject:
	Security ID:		SYSTEM
	Account Name:		WIN-0PV7L6HD3OR$
	Account Domain:		WORKGROUP
	Logon ID:		0x3E7

Object:
	Object Server:	Security
	Object Type:	File
	Object Name:	C:\Windows\WinSxS\FileMaps\$$_inf_ntds_0ef7086abde34382.cdf-ms
	Handle ID:	0xc50

Process Information:
	Process ID:	0x17d0
	Process Name:	C:\Windows\WinSxS\amd64_microsoft-windows-servicingstack_31bf3856ad364e35_10.0.20348.557_none_f1edaeb8515fa10d\TiWorker.exe

Auditing Settings:
	Original Security Descriptor:	
	New Security Descriptor:		S:ARAI(AU;SAFA;0x1f0116;;;WD)"
Audit Success	9/17/2023 1:50:15 PM	Microsoft-Windows-Security-Auditing	4907	Audit Policy Change	"Auditing settings on object were changed.

Subject:
	Security ID:		SYSTEM
	Account Name:		WIN-0PV7L6HD3OR$
	Account Domain:		WORKGROUP
	Logon ID:		0x3E7

Object:
	Object Server:	Security
	Object Type:	File
	Object Name:	C:\Windows\WinSxS\FileMaps\$$_inf_3f581daba4c8c835.cdf-ms
	Handle ID:	0xc50

Process Information:
	Process ID:	0x17d0
	Process Name:	C:\Windows\WinSxS\amd64_microsoft-windows-servicingstack_31bf3856ad364e35_10.0.20348.557_none_f1edaeb8515fa10d\TiWorker.exe

Auditing Settings:
	Original Security Descriptor:	
	New Security Descriptor:		S:ARAI(AU;SAFA;0x1f0116;;;WD)"
Audit Success	9/17/2023 1:50:15 PM	Microsoft-Windows-Security-Auditing	4907	Audit Policy Change	"Auditing settings on object were changed.

Subject:
	Security ID:		SYSTEM
	Account Name:		WIN-0PV7L6HD3OR$
	Account Domain:		WORKGROUP
	Logon ID:		0x3E7

Object:
	Object Server:	Security
	Object Type:	File
	Object Name:	C:\Windows\WinSxS\FileMaps\$$_pla_reports_en-us_04eb81229a78dfb4.cdf-ms
	Handle ID:	0x778

Process Information:
	Process ID:	0x17d0
	Process Name:	C:\Windows\WinSxS\amd64_microsoft-windows-servicingstack_31bf3856ad364e35_10.0.20348.557_none_f1edaeb8515fa10d\TiWorker.exe

Auditing Settings:
	Original Security Descriptor:	
	New Security Descriptor:		S:ARAI(AU;SAFA;0x1f0116;;;WD)"
Audit Success	9/17/2023 1:50:15 PM	Microsoft-Windows-Security-Auditing	4907	Audit Policy Change	"Auditing settings on object were changed.

Subject:
	Security ID:		SYSTEM
	Account Name:		WIN-0PV7L6HD3OR$
	Account Domain:		WORKGROUP
	Logon ID:		0x3E7

Object:
	Object Server:	Security
	Object Type:	File
	Object Name:	C:\Windows\WinSxS\FileMaps\$$_pla_reports_a2604845b2b380ca.cdf-ms
	Handle ID:	0x16e0

Process Information:
	Process ID:	0x17d0
	Process Name:	C:\Windows\WinSxS\amd64_microsoft-windows-servicingstack_31bf3856ad364e35_10.0.20348.557_none_f1edaeb8515fa10d\TiWorker.exe

Auditing Settings:
	Original Security Descriptor:	
	New Security Descriptor:		S:ARAI(AU;SAFA;0x1f0116;;;WD)"
Audit Success	9/17/2023 1:50:15 PM	Microsoft-Windows-Security-Auditing	4907	Audit Policy Change	"Auditing settings on object were changed.

Subject:
	Security ID:		SYSTEM
	Account Name:		WIN-0PV7L6HD3OR$
	Account Domain:		WORKGROUP
	Logon ID:		0x3E7

Object:
	Object Server:	Security
	Object Type:	File
	Object Name:	C:\Windows\WinSxS\FileMaps\$$_pla_rules_en-us_8cd2a7c250e636a2.cdf-ms
	Handle ID:	0x778

Process Information:
	Process ID:	0x17d0
	Process Name:	C:\Windows\WinSxS\amd64_microsoft-windows-servicingstack_31bf3856ad364e35_10.0.20348.557_none_f1edaeb8515fa10d\TiWorker.exe

Auditing Settings:
	Original Security Descriptor:	
	New Security Descriptor:		S:ARAI(AU;SAFA;0x1f0116;;;WD)"
Audit Success	9/17/2023 1:50:15 PM	Microsoft-Windows-Security-Auditing	4907	Audit Policy Change	"Auditing settings on object were changed.

Subject:
	Security ID:		SYSTEM
	Account Name:		WIN-0PV7L6HD3OR$
	Account Domain:		WORKGROUP
	Logon ID:		0x3E7

Object:
	Object Server:	Security
	Object Type:	File
	Object Name:	C:\Windows\WinSxS\FileMaps\$$_pla_rules_0bde462ce96f215e.cdf-ms
	Handle ID:	0x16e0

Process Information:
	Process ID:	0x17d0
	Process Name:	C:\Windows\WinSxS\amd64_microsoft-windows-servicingstack_31bf3856ad364e35_10.0.20348.557_none_f1edaeb8515fa10d\TiWorker.exe

Auditing Settings:
	Original Security Descriptor:	
	New Security Descriptor:		S:ARAI(AU;SAFA;0x1f0116;;;WD)"
Audit Success	9/17/2023 1:50:15 PM	Microsoft-Windows-Security-Auditing	4907	Audit Policy Change	"Auditing settings on object were changed.

Subject:
	Security ID:		SYSTEM
	Account Name:		WIN-0PV7L6HD3OR$
	Account Domain:		WORKGROUP
	Logon ID:		0x3E7

Object:
	Object Server:	Security
	Object Type:	File
	Object Name:	C:\Windows\WinSxS\FileMaps\$$_pla_system_571618c4f89c6368.cdf-ms
	Handle ID:	0xc5c

Process Information:
	Process ID:	0x17d0
	Process Name:	C:\Windows\WinSxS\amd64_microsoft-windows-servicingstack_31bf3856ad364e35_10.0.20348.557_none_f1edaeb8515fa10d\TiWorker.exe

Auditing Settings:
	Original Security Descriptor:	
	New Security Descriptor:		S:ARAI(AU;SAFA;0x1f0116;;;WD)"
Audit Success	9/17/2023 1:50:15 PM	Microsoft-Windows-Security-Auditing	4907	Audit Policy Change	"Auditing settings on object were changed.

Subject:
	Security ID:		SYSTEM
	Account Name:		WIN-0PV7L6HD3OR$
	Account Domain:		WORKGROUP
	Logon ID:		0x3E7

Object:
	Object Server:	Security
	Object Type:	File
	Object Name:	C:\Windows\WinSxS\FileMaps\$$_system32_addsdeployment_internal_6dd790b76065b9c7.cdf-ms
	Handle ID:	0x778

Process Information:
	Process ID:	0x17d0
	Process Name:	C:\Windows\WinSxS\amd64_microsoft-windows-servicingstack_31bf3856ad364e35_10.0.20348.557_none_f1edaeb8515fa10d\TiWorker.exe

Auditing Settings:
	Original Security Descriptor:	
	New Security Descriptor:		S:ARAI(AU;SAFA;0x1f0116;;;WD)"
Audit Success	9/17/2023 1:50:15 PM	Microsoft-Windows-Security-Auditing	4907	Audit Policy Change	"Auditing settings on object were changed.

Subject:
	Security ID:		SYSTEM
	Account Name:		WIN-0PV7L6HD3OR$
	Account Domain:		WORKGROUP
	Logon ID:		0x3E7

Object:
	Object Server:	Security
	Object Type:	File
	Object Name:	C:\Windows\WinSxS\FileMaps\$$_system32_adprep_103763c9308d2cf6.cdf-ms
	Handle ID:	0x778

Process Information:
	Process ID:	0x17d0
	Process Name:	C:\Windows\WinSxS\amd64_microsoft-windows-servicingstack_31bf3856ad364e35_10.0.20348.557_none_f1edaeb8515fa10d\TiWorker.exe

Auditing Settings:
	Original Security Descriptor:	
	New Security Descriptor:		S:ARAI(AU;SAFA;0x1f0116;;;WD)"
Audit Success	9/17/2023 1:50:15 PM	Microsoft-Windows-Security-Auditing	4907	Audit Policy Change	"Auditing settings on object were changed.

Subject:
	Security ID:		SYSTEM
	Account Name:		WIN-0PV7L6HD3OR$
	Account Domain:		WORKGROUP
	Logon ID:		0x3E7

Object:
	Object Server:	Security
	Object Type:	File
	Object Name:	C:\Windows\WinSxS\FileMaps\$$_system32_drivers_dc1b782427b5ee1b.cdf-ms
	Handle ID:	0x778

Process Information:
	Process ID:	0x17d0
	Process Name:	C:\Windows\WinSxS\amd64_microsoft-windows-servicingstack_31bf3856ad364e35_10.0.20348.557_none_f1edaeb8515fa10d\TiWorker.exe

Auditing Settings:
	Original Security Descriptor:	
	New Security Descriptor:		S:ARAI(AU;SAFA;0x1f0116;;;WD)"
Audit Success	9/17/2023 1:50:15 PM	Microsoft-Windows-Security-Auditing	4907	Audit Policy Change	"Auditing settings on object were changed.

Subject:
	Security ID:		SYSTEM
	Account Name:		WIN-0PV7L6HD3OR$
	Account Domain:		WORKGROUP
	Logon ID:		0x3E7

Object:
	Object Server:	Security
	Object Type:	File
	Object Name:	C:\Windows\WinSxS\FileMaps\$$_system32_en_9da4492827ac64e5.cdf-ms
	Handle ID:	0x16e0

Process Information:
	Process ID:	0x17d0
	Process Name:	C:\Windows\WinSxS\amd64_microsoft-windows-servicingstack_31bf3856ad364e35_10.0.20348.557_none_f1edaeb8515fa10d\TiWorker.exe

Auditing Settings:
	Original Security Descriptor:	
	New Security Descriptor:		S:ARAI(AU;SAFA;0x1f0116;;;WD)"
Audit Success	9/17/2023 1:50:15 PM	Microsoft-Windows-Security-Auditing	4907	Audit Policy Change	"Auditing settings on object were changed.

Subject:
	Security ID:		SYSTEM
	Account Name:		WIN-0PV7L6HD3OR$
	Account Domain:		WORKGROUP
	Logon ID:		0x3E7

Object:
	Object Server:	Security
	Object Type:	File
	Object Name:	C:\Windows\WinSxS\FileMaps\$$_system32_en-us_429cd25484dc6f94.cdf-ms
	Handle ID:	0xc5c

Process Information:
	Process ID:	0x17d0
	Process Name:	C:\Windows\WinSxS\amd64_microsoft-windows-servicingstack_31bf3856ad364e35_10.0.20348.557_none_f1edaeb8515fa10d\TiWorker.exe

Auditing Settings:
	Original Security Descriptor:	
	New Security Descriptor:		S:ARAI(AU;SAFA;0x1f0116;;;WD)"
Audit Success	9/17/2023 1:50:15 PM	Microsoft-Windows-Security-Auditing	4907	Audit Policy Change	"Auditing settings on object were changed.

Subject:
	Security ID:		SYSTEM
	Account Name:		WIN-0PV7L6HD3OR$
	Account Domain:		WORKGROUP
	Logon ID:		0x3E7

Object:
	Object Server:	Security
	Object Type:	File
	Object Name:	C:\Windows\WinSxS\FileMaps\$$_system32_migration_927a21df1acd7c18.cdf-ms
	Handle ID:	0x778

Process Information:
	Process ID:	0x17d0
	Process Name:	C:\Windows\WinSxS\amd64_microsoft-windows-servicingstack_31bf3856ad364e35_10.0.20348.557_none_f1edaeb8515fa10d\TiWorker.exe

Auditing Settings:
	Original Security Descriptor:	
	New Security Descriptor:		S:ARAI(AU;SAFA;0x1f0116;;;WD)"
Audit Success	9/17/2023 1:50:15 PM	Microsoft-Windows-Security-Auditing	4907	Audit Policy Change	"Auditing settings on object were changed.

Subject:
	Security ID:		SYSTEM
	Account Name:		WIN-0PV7L6HD3OR$
	Account Domain:		WORKGROUP
	Logon ID:		0x3E7

Object:
	Object Server:	Security
	Object Type:	File
	Object Name:	C:\Windows\WinSxS\FileMaps\$$_system32_wbem_adstatus_en-us_598d775e25df3776.cdf-ms
	Handle ID:	0x16e0

Process Information:
	Process ID:	0x17d0
	Process Name:	C:\Windows\WinSxS\amd64_microsoft-windows-servicingstack_31bf3856ad364e35_10.0.20348.557_none_f1edaeb8515fa10d\TiWorker.exe

Auditing Settings:
	Original Security Descriptor:	
	New Security Descriptor:		S:ARAI(AU;SAFA;0x1f0116;;;WD)"
Audit Success	9/17/2023 1:50:15 PM	Microsoft-Windows-Security-Auditing	4907	Audit Policy Change	"Auditing settings on object were changed.

Subject:
	Security ID:		SYSTEM
	Account Name:		WIN-0PV7L6HD3OR$
	Account Domain:		WORKGROUP
	Logon ID:		0x3E7

Object:
	Object Server:	Security
	Object Type:	File
	Object Name:	C:\Windows\WinSxS\FileMaps\$$_system32_wbem_adstatus_3d598f1a257714d4.cdf-ms
	Handle ID:	0x16e0

Process Information:
	Process ID:	0x17d0
	Process Name:	C:\Windows\WinSxS\amd64_microsoft-windows-servicingstack_31bf3856ad364e35_10.0.20348.557_none_f1edaeb8515fa10d\TiWorker.exe

Auditing Settings:
	Original Security Descriptor:	
	New Security Descriptor:		S:ARAI(AU;SAFA;0x1f0116;;;WD)"
Audit Success	9/17/2023 1:50:15 PM	Microsoft-Windows-Security-Auditing	4907	Audit Policy Change	"Auditing settings on object were changed.

Subject:
	Security ID:		SYSTEM
	Account Name:		WIN-0PV7L6HD3OR$
	Account Domain:		WORKGROUP
	Logon ID:		0x3E7

Object:
	Object Server:	Security
	Object Type:	File
	Object Name:	C:\Windows\WinSxS\FileMaps\$$_system32_wbem_en-us_4555b1beb1c13883.cdf-ms
	Handle ID:	0x16e0

Process Information:
	Process ID:	0x17d0
	Process Name:	C:\Windows\WinSxS\amd64_microsoft-windows-servicingstack_31bf3856ad364e35_10.0.20348.557_none_f1edaeb8515fa10d\TiWorker.exe

Auditing Settings:
	Original Security Descriptor:	
	New Security Descriptor:		S:ARAI(AU;SAFA;0x1f0116;;;WD)"
Audit Success	9/17/2023 1:50:15 PM	Microsoft-Windows-Security-Auditing	4907	Audit Policy Change	"Auditing settings on object were changed.

Subject:
	Security ID:		SYSTEM
	Account Name:		WIN-0PV7L6HD3OR$
	Account Domain:		WORKGROUP
	Logon ID:		0x3E7

Object:
	Object Server:	Security
	Object Type:	File
	Object Name:	C:\Windows\WinSxS\FileMaps\$$_system32_wbem_06656d9fdf2f8577.cdf-ms
	Handle ID:	0xc5c

Process Information:
	Process ID:	0x17d0
	Process Name:	C:\Windows\WinSxS\amd64_microsoft-windows-servicingstack_31bf3856ad364e35_10.0.20348.557_none_f1edaeb8515fa10d\TiWorker.exe

Auditing Settings:
	Original Security Descriptor:	
	New Security Descriptor:		S:ARAI(AU;SAFA;0x1f0116;;;WD)"
Audit Success	9/17/2023 1:50:15 PM	Microsoft-Windows-Security-Auditing	4907	Audit Policy Change	"Auditing settings on object were changed.

Subject:
	Security ID:		SYSTEM
	Account Name:		WIN-0PV7L6HD3OR$
	Account Domain:		WORKGROUP
	Logon ID:		0x3E7

Object:
	Object Server:	Security
	Object Type:	File
	Object Name:	C:\Windows\WinSxS\FileMaps\$$_system32_windowspowershell_v1.0_modules_activedirectory_en-us_8c3f31d53041388d.cdf-ms
	Handle ID:	0x778

Process Information:
	Process ID:	0x17d0
	Process Name:	C:\Windows\WinSxS\amd64_microsoft-windows-servicingstack_31bf3856ad364e35_10.0.20348.557_none_f1edaeb8515fa10d\TiWorker.exe

Auditing Settings:
	Original Security Descriptor:	
	New Security Descriptor:		S:ARAI(AU;SAFA;0x1f0116;;;WD)"
Audit Success	9/17/2023 1:50:15 PM	Microsoft-Windows-Security-Auditing	4907	Audit Policy Change	"Auditing settings on object were changed.

Subject:
	Security ID:		SYSTEM
	Account Name:		WIN-0PV7L6HD3OR$
	Account Domain:		WORKGROUP
	Logon ID:		0x3E7

Object:
	Object Server:	Security
	Object Type:	File
	Object Name:	C:\Windows\WinSxS\FileMaps\$$_system32_windowspowershell_v1.0_modules_activedirectory_bedd0f1af87a5c73.cdf-ms
	Handle ID:	0x778

Process Information:
	Process ID:	0x17d0
	Process Name:	C:\Windows\WinSxS\amd64_microsoft-windows-servicingstack_31bf3856ad364e35_10.0.20348.557_none_f1edaeb8515fa10d\TiWorker.exe

Auditing Settings:
	Original Security Descriptor:	
	New Security Descriptor:		S:ARAI(AU;SAFA;0x1f0116;;;WD)"
Audit Success	9/17/2023 1:50:15 PM	Microsoft-Windows-Security-Auditing	4907	Audit Policy Change	"Auditing settings on object were changed.

Subject:
	Security ID:		SYSTEM
	Account Name:		WIN-0PV7L6HD3OR$
	Account Domain:		WORKGROUP
	Logon ID:		0x3E7

Object:
	Object Server:	Security
	Object Type:	File
	Object Name:	C:\Windows\WinSxS\FileMaps\$$_system32_windowspowershell_v1.0_modules_addsdeployment_en-us_2a74edccc1769c65.cdf-ms
	Handle ID:	0x778

Process Information:
	Process ID:	0x17d0
	Process Name:	C:\Windows\WinSxS\amd64_microsoft-windows-servicingstack_31bf3856ad364e35_10.0.20348.557_none_f1edaeb8515fa10d\TiWorker.exe

Auditing Settings:
	Original Security Descriptor:	
	New Security Descriptor:		S:ARAI(AU;SAFA;0x1f0116;;;WD)"
Audit Success	9/17/2023 1:50:15 PM	Microsoft-Windows-Security-Auditing	4907	Audit Policy Change	"Auditing settings on object were changed.

Subject:
	Security ID:		SYSTEM
	Account Name:		WIN-0PV7L6HD3OR$
	Account Domain:		WORKGROUP
	Logon ID:		0x3E7

Object:
	Object Server:	Security
	Object Type:	File
	Object Name:	C:\Windows\WinSxS\FileMaps\$$_system32_windowspowershell_v1.0_modules_addsdeployment_7c6e6fd78a5229e5.cdf-ms
	Handle ID:	0x778

Process Information:
	Process ID:	0x17d0
	Process Name:	C:\Windows\WinSxS\amd64_microsoft-windows-servicingstack_31bf3856ad364e35_10.0.20348.557_none_f1edaeb8515fa10d\TiWorker.exe

Auditing Settings:
	Original Security Descriptor:	
	New Security Descriptor:		S:ARAI(AU;SAFA;0x1f0116;;;WD)"
Audit Success	9/17/2023 1:50:15 PM	Microsoft-Windows-Security-Auditing	4907	Audit Policy Change	"Auditing settings on object were changed.

Subject:
	Security ID:		SYSTEM
	Account Name:		WIN-0PV7L6HD3OR$
	Account Domain:		WORKGROUP
	Logon ID:		0x3E7

Object:
	Object Server:	Security
	Object Type:	File
	Object Name:	C:\Windows\WinSxS\FileMaps\$$_system32_windowspowershell_v1.0_modules_dfsn_msft_dfsnamespace_76cc4c037f1ec6b8.cdf-ms
	Handle ID:	0x778

Process Information:
	Process ID:	0x17d0
	Process Name:	C:\Windows\WinSxS\amd64_microsoft-windows-servicingstack_31bf3856ad364e35_10.0.20348.557_none_f1edaeb8515fa10d\TiWorker.exe

Auditing Settings:
	Original Security Descriptor:	
	New Security Descriptor:		S:ARAI(AU;SAFA;0x1f0116;;;WD)"
Audit Success	9/17/2023 1:50:15 PM	Microsoft-Windows-Security-Auditing	4907	Audit Policy Change	"Auditing settings on object were changed.

Subject:
	Security ID:		SYSTEM
	Account Name:		WIN-0PV7L6HD3OR$
	Account Domain:		WORKGROUP
	Logon ID:		0x3E7

Object:
	Object Server:	Security
	Object Type:	File
	Object Name:	C:\Windows\WinSxS\FileMaps\$$_system32_windowspowershell_v1.0_modules_dfsn_msft_dfsnamespaceaccess_fafeb1eac22b971e.cdf-ms
	Handle ID:	0x778

Process Information:
	Process ID:	0x17d0
	Process Name:	C:\Windows\WinSxS\amd64_microsoft-windows-servicingstack_31bf3856ad364e35_10.0.20348.557_none_f1edaeb8515fa10d\TiWorker.exe

Auditing Settings:
	Original Security Descriptor:	
	New Security Descriptor:		S:ARAI(AU;SAFA;0x1f0116;;;WD)"
Audit Success	9/17/2023 1:50:15 PM	Microsoft-Windows-Security-Auditing	4907	Audit Policy Change	"Auditing settings on object were changed.

Subject:
	Security ID:		SYSTEM
	Account Name:		WIN-0PV7L6HD3OR$
	Account Domain:		WORKGROUP
	Logon ID:		0x3E7

Object:
	Object Server:	Security
	Object Type:	File
	Object Name:	C:\Windows\WinSxS\FileMaps\$$_system32_windowspowershell_v1.0_modules_dfsn_msft_dfsnamespacefolder_fa628b96c354deb2.cdf-ms
	Handle ID:	0x778

Process Information:
	Process ID:	0x17d0
	Process Name:	C:\Windows\WinSxS\amd64_microsoft-windows-servicingstack_31bf3856ad364e35_10.0.20348.557_none_f1edaeb8515fa10d\TiWorker.exe

Auditing Settings:
	Original Security Descriptor:	
	New Security Descriptor:		S:ARAI(AU;SAFA;0x1f0116;;;WD)"
Audit Success	9/17/2023 1:50:15 PM	Microsoft-Windows-Security-Auditing	4907	Audit Policy Change	"Auditing settings on object were changed.

Subject:
	Security ID:		SYSTEM
	Account Name:		WIN-0PV7L6HD3OR$
	Account Domain:		WORKGROUP
	Logon ID:		0x3E7

Object:
	Object Server:	Security
	Object Type:	File
	Object Name:	C:\Windows\WinSxS\FileMaps\$$_system32_windowspowershell_v1.0_modules_dfsn_msft_dfsnamespacefoldertarget_93cbfec69ca8dba5.cdf-ms
	Handle ID:	0x778

Process Information:
	Process ID:	0x17d0
	Process Name:	C:\Windows\WinSxS\amd64_microsoft-windows-servicingstack_31bf3856ad364e35_10.0.20348.557_none_f1edaeb8515fa10d\TiWorker.exe

Auditing Settings:
	Original Security Descriptor:	
	New Security Descriptor:		S:ARAI(AU;SAFA;0x1f0116;;;WD)"
Audit Success	9/17/2023 1:50:15 PM	Microsoft-Windows-Security-Auditing	4907	Audit Policy Change	"Auditing settings on object were changed.

Subject:
	Security ID:		SYSTEM
	Account Name:		WIN-0PV7L6HD3OR$
	Account Domain:		WORKGROUP
	Logon ID:		0x3E7

Object:
	Object Server:	Security
	Object Type:	File
	Object Name:	C:\Windows\WinSxS\FileMaps\$$_system32_windowspowershell_v1.0_modules_dfsn_msft_dfsnamespaceroottarget_73120b72a6f80f93.cdf-ms
	Handle ID:	0x778

Process Information:
	Process ID:	0x17d0
	Process Name:	C:\Windows\WinSxS\amd64_microsoft-windows-servicingstack_31bf3856ad364e35_10.0.20348.557_none_f1edaeb8515fa10d\TiWorker.exe

Auditing Settings:
	Original Security Descriptor:	
	New Security Descriptor:		S:ARAI(AU;SAFA;0x1f0116;;;WD)"
Audit Success	9/17/2023 1:50:15 PM	Microsoft-Windows-Security-Auditing	4907	Audit Policy Change	"Auditing settings on object were changed.

Subject:
	Security ID:		SYSTEM
	Account Name:		WIN-0PV7L6HD3OR$
	Account Domain:		WORKGROUP
	Logon ID:		0x3E7

Object:
	Object Server:	Security
	Object Type:	File
	Object Name:	C:\Windows\WinSxS\FileMaps\$$_system32_windowspowershell_v1.0_modules_dfsn_msft_dfsnamespaceserverconfig_91d2af3f6ce50f5d.cdf-ms
	Handle ID:	0x778

Process Information:
	Process ID:	0x17d0
	Process Name:	C:\Windows\WinSxS\amd64_microsoft-windows-servicingstack_31bf3856ad364e35_10.0.20348.557_none_f1edaeb8515fa10d\TiWorker.exe

Auditing Settings:
	Original Security Descriptor:	
	New Security Descriptor:		S:ARAI(AU;SAFA;0x1f0116;;;WD)"
Audit Success	9/17/2023 1:50:15 PM	Microsoft-Windows-Security-Auditing	4907	Audit Policy Change	"Auditing settings on object were changed.

Subject:
	Security ID:		SYSTEM
	Account Name:		WIN-0PV7L6HD3OR$
	Account Domain:		WORKGROUP
	Logon ID:		0x3E7

Object:
	Object Server:	Security
	Object Type:	File
	Object Name:	C:\Windows\WinSxS\FileMaps\$$_system32_windowspowershell_v1.0_modules_dfsn_6a826925d13e6565.cdf-ms
	Handle ID:	0x778

Process Information:
	Process ID:	0x17d0
	Process Name:	C:\Windows\WinSxS\amd64_microsoft-windows-servicingstack_31bf3856ad364e35_10.0.20348.557_none_f1edaeb8515fa10d\TiWorker.exe

Auditing Settings:
	Original Security Descriptor:	
	New Security Descriptor:		S:ARAI(AU;SAFA;0x1f0116;;;WD)"
Audit Success	9/17/2023 1:50:15 PM	Microsoft-Windows-Security-Auditing	4907	Audit Policy Change	"Auditing settings on object were changed.

Subject:
	Security ID:		SYSTEM
	Account Name:		WIN-0PV7L6HD3OR$
	Account Domain:		WORKGROUP
	Logon ID:		0x3E7

Object:
	Object Server:	Security
	Object Type:	File
	Object Name:	C:\Windows\WinSxS\FileMaps\$$_system32_windowspowershell_v1.0_modules_grouppolicy_en-us_97cae6696b4b501f.cdf-ms
	Handle ID:	0xc5c

Process Information:
	Process ID:	0x17d0
	Process Name:	C:\Windows\WinSxS\amd64_microsoft-windows-servicingstack_31bf3856ad364e35_10.0.20348.557_none_f1edaeb8515fa10d\TiWorker.exe

Auditing Settings:
	Original Security Descriptor:	
	New Security Descriptor:		S:ARAI(AU;SAFA;0x1f0116;;;WD)"
Audit Success	9/17/2023 1:50:15 PM	Microsoft-Windows-Security-Auditing	4907	Audit Policy Change	"Auditing settings on object were changed.

Subject:
	Security ID:		SYSTEM
	Account Name:		WIN-0PV7L6HD3OR$
	Account Domain:		WORKGROUP
	Logon ID:		0x3E7

Object:
	Object Server:	Security
	Object Type:	File
	Object Name:	C:\Windows\WinSxS\FileMaps\$$_system32_windowspowershell_v1.0_modules_grouppolicy_b883802c54ca5457.cdf-ms
	Handle ID:	0xc5c

Process Information:
	Process ID:	0x17d0
	Process Name:	C:\Windows\WinSxS\amd64_microsoft-windows-servicingstack_31bf3856ad364e35_10.0.20348.557_none_f1edaeb8515fa10d\TiWorker.exe

Auditing Settings:
	Original Security Descriptor:	
	New Security Descriptor:		S:ARAI(AU;SAFA;0x1f0116;;;WD)"
Audit Success	9/17/2023 1:50:15 PM	Microsoft-Windows-Security-Auditing	4907	Audit Policy Change	"Auditing settings on object were changed.

Subject:
	Security ID:		SYSTEM
	Account Name:		WIN-0PV7L6HD3OR$
	Account Domain:		WORKGROUP
	Logon ID:		0x3E7

Object:
	Object Server:	Security
	Object Type:	File
	Object Name:	C:\Windows\WinSxS\FileMaps\$$_system32_windowspowershell_v1.0_modules_a349059b05097caa.cdf-ms
	Handle ID:	0xc5c

Process Information:
	Process ID:	0x17d0
	Process Name:	C:\Windows\WinSxS\amd64_microsoft-windows-servicingstack_31bf3856ad364e35_10.0.20348.557_none_f1edaeb8515fa10d\TiWorker.exe

Auditing Settings:
	Original Security Descriptor:	
	New Security Descriptor:		S:ARAI(AU;SAFA;0x1f0116;;;WD)"
Audit Success	9/17/2023 1:50:15 PM	Microsoft-Windows-Security-Auditing	4907	Audit Policy Change	"Auditing settings on object were changed.

Subject:
	Security ID:		SYSTEM
	Account Name:		WIN-0PV7L6HD3OR$
	Account Domain:		WORKGROUP
	Logon ID:		0x3E7

Object:
	Object Server:	Security
	Object Type:	File
	Object Name:	C:\Windows\WinSxS\FileMaps\$$_system32_windowspowershell_v1.0_3f102d555ee05d33.cdf-ms
	Handle ID:	0xc50

Process Information:
	Process ID:	0x17d0
	Process Name:	C:\Windows\WinSxS\amd64_microsoft-windows-servicingstack_31bf3856ad364e35_10.0.20348.557_none_f1edaeb8515fa10d\TiWorker.exe

Auditing Settings:
	Original Security Descriptor:	
	New Security Descriptor:		S:ARAI(AU;SAFA;0x1f0116;;;WD)"
Audit Success	9/17/2023 1:50:15 PM	Microsoft-Windows-Security-Auditing	4907	Audit Policy Change	"Auditing settings on object were changed.

Subject:
	Security ID:		SYSTEM
	Account Name:		WIN-0PV7L6HD3OR$
	Account Domain:		WORKGROUP
	Logon ID:		0x3E7

Object:
	Object Server:	Security
	Object Type:	File
	Object Name:	C:\Windows\WinSxS\FileMaps\$$_system32_21f9a9c4a2f8b514.cdf-ms
	Handle ID:	0x778

Process Information:
	Process ID:	0x17d0
	Process Name:	C:\Windows\WinSxS\amd64_microsoft-windows-servicingstack_31bf3856ad364e35_10.0.20348.557_none_f1edaeb8515fa10d\TiWorker.exe

Auditing Settings:
	Original Security Descriptor:	
	New Security Descriptor:		S:ARAI(AU;SAFA;0x1f0116;;;WD)"
Audit Success	9/17/2023 1:50:15 PM	Microsoft-Windows-Security-Auditing	4907	Audit Policy Change	"Auditing settings on object were changed.

Subject:
	Security ID:		SYSTEM
	Account Name:		WIN-0PV7L6HD3OR$
	Account Domain:		WORKGROUP
	Logon ID:		0x3E7

Object:
	Object Server:	Security
	Object Type:	File
	Object Name:	C:\Windows\WinSxS\FileMaps\$$_syswow64_en-us_9e576ab077991fe8.cdf-ms
	Handle ID:	0xc5c

Process Information:
	Process ID:	0x17d0
	Process Name:	C:\Windows\WinSxS\amd64_microsoft-windows-servicingstack_31bf3856ad364e35_10.0.20348.557_none_f1edaeb8515fa10d\TiWorker.exe

Auditing Settings:
	Original Security Descriptor:	
	New Security Descriptor:		S:ARAI(AU;SAFA;0x1f0116;;;WD)"
Audit Success	9/17/2023 1:50:15 PM	Microsoft-Windows-Security-Auditing	4907	Audit Policy Change	"Auditing settings on object were changed.

Subject:
	Security ID:		SYSTEM
	Account Name:		WIN-0PV7L6HD3OR$
	Account Domain:		WORKGROUP
	Logon ID:		0x3E7

Object:
	Object Server:	Security
	Object Type:	File
	Object Name:	C:\Windows\WinSxS\FileMaps\$$_syswow64_windowspowershell_v1.0_modules_activedirectory_en-us_a57c0c93e0b20e55.cdf-ms
	Handle ID:	0xc50

Process Information:
	Process ID:	0x17d0
	Process Name:	C:\Windows\WinSxS\amd64_microsoft-windows-servicingstack_31bf3856ad364e35_10.0.20348.557_none_f1edaeb8515fa10d\TiWorker.exe

Auditing Settings:
	Original Security Descriptor:	
	New Security Descriptor:		S:ARAI(AU;SAFA;0x1f0116;;;WD)"
Audit Success	9/17/2023 1:50:15 PM	Microsoft-Windows-Security-Auditing	4907	Audit Policy Change	"Auditing settings on object were changed.

Subject:
	Security ID:		SYSTEM
	Account Name:		WIN-0PV7L6HD3OR$
	Account Domain:		WORKGROUP
	Logon ID:		0x3E7

Object:
	Object Server:	Security
	Object Type:	File
	Object Name:	C:\Windows\WinSxS\FileMaps\$$_syswow64_windowspowershell_v1.0_modules_activedirectory_5d166ad940a9b76d.cdf-ms
	Handle ID:	0xc50

Process Information:
	Process ID:	0x17d0
	Process Name:	C:\Windows\WinSxS\amd64_microsoft-windows-servicingstack_31bf3856ad364e35_10.0.20348.557_none_f1edaeb8515fa10d\TiWorker.exe

Auditing Settings:
	Original Security Descriptor:	
	New Security Descriptor:		S:ARAI(AU;SAFA;0x1f0116;;;WD)"
Audit Success	9/17/2023 1:50:15 PM	Microsoft-Windows-Security-Auditing	4907	Audit Policy Change	"Auditing settings on object were changed.

Subject:
	Security ID:		SYSTEM
	Account Name:		WIN-0PV7L6HD3OR$
	Account Domain:		WORKGROUP
	Logon ID:		0x3E7

Object:
	Object Server:	Security
	Object Type:	File
	Object Name:	C:\Windows\WinSxS\FileMaps\$$_syswow64_windowspowershell_v1.0_modules_grouppolicy_en-us_1786904f38608857.cdf-ms
	Handle ID:	0xc50

Process Information:
	Process ID:	0x17d0
	Process Name:	C:\Windows\WinSxS\amd64_microsoft-windows-servicingstack_31bf3856ad364e35_10.0.20348.557_none_f1edaeb8515fa10d\TiWorker.exe

Auditing Settings:
	Original Security Descriptor:	
	New Security Descriptor:		S:ARAI(AU;SAFA;0x1f0116;;;WD)"
Audit Success	9/17/2023 1:50:15 PM	Microsoft-Windows-Security-Auditing	4907	Audit Policy Change	"Auditing settings on object were changed.

Subject:
	Security ID:		SYSTEM
	Account Name:		WIN-0PV7L6HD3OR$
	Account Domain:		WORKGROUP
	Logon ID:		0x3E7

Object:
	Object Server:	Security
	Object Type:	File
	Object Name:	C:\Windows\WinSxS\FileMaps\$$_syswow64_windowspowershell_v1.0_modules_grouppolicy_f160218b6d329add.cdf-ms
	Handle ID:	0xc50

Process Information:
	Process ID:	0x17d0
	Process Name:	C:\Windows\WinSxS\amd64_microsoft-windows-servicingstack_31bf3856ad364e35_10.0.20348.557_none_f1edaeb8515fa10d\TiWorker.exe

Auditing Settings:
	Original Security Descriptor:	
	New Security Descriptor:		S:ARAI(AU;SAFA;0x1f0116;;;WD)"
Audit Success	9/17/2023 1:50:15 PM	Microsoft-Windows-Security-Auditing	4907	Audit Policy Change	"Auditing settings on object were changed.

Subject:
	Security ID:		SYSTEM
	Account Name:		WIN-0PV7L6HD3OR$
	Account Domain:		WORKGROUP
	Logon ID:		0x3E7

Object:
	Object Server:	Security
	Object Type:	File
	Object Name:	C:\Windows\WinSxS\FileMaps\$$_syswow64_windowspowershell_v1.0_modules_b001352a7f7811a4.cdf-ms
	Handle ID:	0xc50

Process Information:
	Process ID:	0x17d0
	Process Name:	C:\Windows\WinSxS\amd64_microsoft-windows-servicingstack_31bf3856ad364e35_10.0.20348.557_none_f1edaeb8515fa10d\TiWorker.exe

Auditing Settings:
	Original Security Descriptor:	
	New Security Descriptor:		S:ARAI(AU;SAFA;0x1f0116;;;WD)"
Audit Success	9/17/2023 1:50:15 PM	Microsoft-Windows-Security-Auditing	4907	Audit Policy Change	"Auditing settings on object were changed.

Subject:
	Security ID:		SYSTEM
	Account Name:		WIN-0PV7L6HD3OR$
	Account Domain:		WORKGROUP
	Logon ID:		0x3E7

Object:
	Object Server:	Security
	Object Type:	File
	Object Name:	C:\Windows\WinSxS\FileMaps\$$_syswow64_windowspowershell_v1.0_19ae85881f1c4f2d.cdf-ms
	Handle ID:	0x778

Process Information:
	Process ID:	0x17d0
	Process Name:	C:\Windows\WinSxS\amd64_microsoft-windows-servicingstack_31bf3856ad364e35_10.0.20348.557_none_f1edaeb8515fa10d\TiWorker.exe

Auditing Settings:
	Original Security Descriptor:	
	New Security Descriptor:		S:ARAI(AU;SAFA;0x1f0116;;;WD)"
Audit Success	9/17/2023 1:50:15 PM	Microsoft-Windows-Security-Auditing	4907	Audit Policy Change	"Auditing settings on object were changed.

Subject:
	Security ID:		SYSTEM
	Account Name:		WIN-0PV7L6HD3OR$
	Account Domain:		WORKGROUP
	Logon ID:		0x3E7

Object:
	Object Server:	Security
	Object Type:	File
	Object Name:	C:\Windows\WinSxS\FileMaps\$$_syswow64_21ffbdd2a2dd92e0.cdf-ms
	Handle ID:	0xc5c

Process Information:
	Process ID:	0x17d0
	Process Name:	C:\Windows\WinSxS\amd64_microsoft-windows-servicingstack_31bf3856ad364e35_10.0.20348.557_none_f1edaeb8515fa10d\TiWorker.exe

Auditing Settings:
	Original Security Descriptor:	
	New Security Descriptor:		S:ARAI(AU;SAFA;0x1f0116;;;WD)"
Audit Success	9/17/2023 1:50:15 PM	Microsoft-Windows-Security-Auditing	4907	Audit Policy Change	"Auditing settings on object were changed.

Subject:
	Security ID:		SYSTEM
	Account Name:		WIN-0PV7L6HD3OR$
	Account Domain:		WORKGROUP
	Logon ID:		0x3E7

Object:
	Object Server:	Security
	Object Type:	File
	Object Name:	C:\Windows\WinSxS\FileMaps\$$.cdf-ms
	Handle ID:	0xc50

Process Information:
	Process ID:	0x17d0
	Process Name:	C:\Windows\WinSxS\amd64_microsoft-windows-servicingstack_31bf3856ad364e35_10.0.20348.557_none_f1edaeb8515fa10d\TiWorker.exe

Auditing Settings:
	Original Security Descriptor:	
	New Security Descriptor:		S:ARAI(AU;SAFA;0x1f0116;;;WD)"
Audit Success	9/17/2023 1:50:15 PM	Microsoft-Windows-Security-Auditing	4907	Audit Policy Change	"Auditing settings on object were changed.

Subject:
	Security ID:		SYSTEM
	Account Name:		WIN-0PV7L6HD3OR$
	Account Domain:		WORKGROUP
	Logon ID:		0x3E7

Object:
	Object Server:	Security
	Object Type:	File
	Object Name:	C:\Windows\WinSxS\FileMaps\_0000000000000000.cdf-ms
	Handle ID:	0x778

Process Information:
	Process ID:	0x17d0
	Process Name:	C:\Windows\WinSxS\amd64_microsoft-windows-servicingstack_31bf3856ad364e35_10.0.20348.557_none_f1edaeb8515fa10d\TiWorker.exe

Auditing Settings:
	Original Security Descriptor:	
	New Security Descriptor:		S:ARAI(AU;SAFA;0x1f0116;;;WD)"
Audit Success	9/17/2023 1:50:10 PM	Microsoft-Windows-Security-Auditing	4907	Audit Policy Change	"Auditing settings on object were changed.

Subject:
	Security ID:		SYSTEM
	Account Name:		WIN-0PV7L6HD3OR$
	Account Domain:		WORKGROUP
	Logon ID:		0x3E7

Object:
	Object Server:	Security
	Object Type:	File
	Object Name:	C:\Windows\WinSxS\Temp\InFlight\4f52918ca8e9d9018d000000d017e817\4f52918ca8e9d9018e000000d017e817_catalog
	Handle ID:	0x704

Process Information:
	Process ID:	0x17d0
	Process Name:	C:\Windows\WinSxS\amd64_microsoft-windows-servicingstack_31bf3856ad364e35_10.0.20348.557_none_f1edaeb8515fa10d\TiWorker.exe

Auditing Settings:
	Original Security Descriptor:	S:AI(AU;SAFA;0x1f0116;;;WD)
	New Security Descriptor:		"
Audit Success	9/17/2023 1:50:10 PM	Microsoft-Windows-Security-Auditing	4907	Audit Policy Change	"Auditing settings on object were changed.

Subject:
	Security ID:		SYSTEM
	Account Name:		WIN-0PV7L6HD3OR$
	Account Domain:		WORKGROUP
	Logon ID:		0x3E7

Object:
	Object Server:	Security
	Object Type:	File
	Object Name:	C:\Windows\WinSxS\Temp\InFlight\04888f8ca8e9d90189000000d017e817\04888f8ca8e9d9018a000000d017e817_catalog
	Handle ID:	0x740

Process Information:
	Process ID:	0x17d0
	Process Name:	C:\Windows\WinSxS\amd64_microsoft-windows-servicingstack_31bf3856ad364e35_10.0.20348.557_none_f1edaeb8515fa10d\TiWorker.exe

Auditing Settings:
	Original Security Descriptor:	S:AI(AU;SAFA;0x1f0116;;;WD)
	New Security Descriptor:		"
Audit Success	9/17/2023 1:50:10 PM	Microsoft-Windows-Security-Auditing	4907	Audit Policy Change	"Auditing settings on object were changed.

Subject:
	Security ID:		SYSTEM
	Account Name:		WIN-0PV7L6HD3OR$
	Account Domain:		WORKGROUP
	Logon ID:		0x3E7

Object:
	Object Server:	Security
	Object Type:	File
	Object Name:	C:\Windows\WinSxS\Temp\InFlight\c64d8c8ca8e9d9017d000000d017e817\69768c8ca8e9d9017e000000d017e817_catalog
	Handle ID:	0x6d0

Process Information:
	Process ID:	0x17d0
	Process Name:	C:\Windows\WinSxS\amd64_microsoft-windows-servicingstack_31bf3856ad364e35_10.0.20348.557_none_f1edaeb8515fa10d\TiWorker.exe

Auditing Settings:
	Original Security Descriptor:	S:AI(AU;SAFA;0x1f0116;;;WD)
	New Security Descriptor:		"
Audit Success	9/17/2023 1:50:10 PM	Microsoft-Windows-Security-Auditing	4907	Audit Policy Change	"Auditing settings on object were changed.

Subject:
	Security ID:		SYSTEM
	Account Name:		WIN-0PV7L6HD3OR$
	Account Domain:		WORKGROUP
	Logon ID:		0x3E7

Object:
	Object Server:	Security
	Object Type:	File
	Object Name:	C:\Windows\WinSxS\Temp\InFlight\aff9888ca8e9d90171000000d017e817\aff9888ca8e9d90172000000d017e817_catalog
	Handle ID:	0x730

Process Information:
	Process ID:	0x17d0
	Process Name:	C:\Windows\WinSxS\amd64_microsoft-windows-servicingstack_31bf3856ad364e35_10.0.20348.557_none_f1edaeb8515fa10d\TiWorker.exe

Auditing Settings:
	Original Security Descriptor:	S:AI(AU;SAFA;0x1f0116;;;WD)
	New Security Descriptor:		"
Audit Success	9/17/2023 1:50:10 PM	Microsoft-Windows-Security-Auditing	4907	Audit Policy Change	"Auditing settings on object were changed.

Subject:
	Security ID:		SYSTEM
	Account Name:		WIN-0PV7L6HD3OR$
	Account Domain:		WORKGROUP
	Logon ID:		0x3E7

Object:
	Object Server:	Security
	Object Type:	File
	Object Name:	C:\Windows\WinSxS\Temp\InFlight\5834878ca8e9d90169000000d017e817\5834878ca8e9d9016a000000d017e817_catalog
	Handle ID:	0x6d8

Process Information:
	Process ID:	0x17d0
	Process Name:	C:\Windows\WinSxS\amd64_microsoft-windows-servicingstack_31bf3856ad364e35_10.0.20348.557_none_f1edaeb8515fa10d\TiWorker.exe

Auditing Settings:
	Original Security Descriptor:	S:AI(AU;SAFA;0x1f0116;;;WD)
	New Security Descriptor:		"
Audit Success	9/17/2023 1:50:10 PM	Microsoft-Windows-Security-Auditing	4907	Audit Policy Change	"Auditing settings on object were changed.

Subject:
	Security ID:		SYSTEM
	Account Name:		WIN-0PV7L6HD3OR$
	Account Domain:		WORKGROUP
	Logon ID:		0x3E7

Object:
	Object Server:	Security
	Object Type:	File
	Object Name:	C:\Windows\WinSxS\Temp\InFlight\b4fd848ca8e9d90161000000d017e817\b4fd848ca8e9d90162000000d017e817_catalog
	Handle ID:	0x714

Process Information:
	Process ID:	0x17d0
	Process Name:	C:\Windows\WinSxS\amd64_microsoft-windows-servicingstack_31bf3856ad364e35_10.0.20348.557_none_f1edaeb8515fa10d\TiWorker.exe

Auditing Settings:
	Original Security Descriptor:	S:AI(AU;SAFA;0x1f0116;;;WD)
	New Security Descriptor:		"
Audit Success	9/17/2023 1:50:10 PM	Microsoft-Windows-Security-Auditing	4907	Audit Policy Change	"Auditing settings on object were changed.

Subject:
	Security ID:		SYSTEM
	Account Name:		WIN-0PV7L6HD3OR$
	Account Domain:		WORKGROUP
	Logon ID:		0x3E7

Object:
	Object Server:	Security
	Object Type:	File
	Object Name:	C:\Windows\WinSxS\Temp\InFlight\ee0b848ca8e9d9015d000000d017e817\4d34848ca8e9d9015e000000d017e817_catalog
	Handle ID:	0x700

Process Information:
	Process ID:	0x17d0
	Process Name:	C:\Windows\WinSxS\amd64_microsoft-windows-servicingstack_31bf3856ad364e35_10.0.20348.557_none_f1edaeb8515fa10d\TiWorker.exe

Auditing Settings:
	Original Security Descriptor:	S:AI(AU;SAFA;0x1f0116;;;WD)
	New Security Descriptor:		"
Audit Success	9/17/2023 1:50:10 PM	Microsoft-Windows-Security-Auditing	4907	Audit Policy Change	"Auditing settings on object were changed.

Subject:
	Security ID:		SYSTEM
	Account Name:		WIN-0PV7L6HD3OR$
	Account Domain:		WORKGROUP
	Logon ID:		0x3E7

Object:
	Object Server:	Security
	Object Type:	File
	Object Name:	C:\Windows\WinSxS\Temp\InFlight\eeb2828ca8e9d90159000000d017e817\eeb2828ca8e9d9015a000000d017e817_catalog
	Handle ID:	0x6fc

Process Information:
	Process ID:	0x17d0
	Process Name:	C:\Windows\WinSxS\amd64_microsoft-windows-servicingstack_31bf3856ad364e35_10.0.20348.557_none_f1edaeb8515fa10d\TiWorker.exe

Auditing Settings:
	Original Security Descriptor:	S:AI(AU;SAFA;0x1f0116;;;WD)
	New Security Descriptor:		"
Audit Success	9/17/2023 1:50:10 PM	Microsoft-Windows-Security-Auditing	4907	Audit Policy Change	"Auditing settings on object were changed.

Subject:
	Security ID:		SYSTEM
	Account Name:		WIN-0PV7L6HD3OR$
	Account Domain:		WORKGROUP
	Logon ID:		0x3E7

Object:
	Object Server:	Security
	Object Type:	File
	Object Name:	C:\Windows\WinSxS\Temp\InFlight\c7987e8ca8e9d90145000000d017e817\32b17e8ca8e9d90146000000d017e817_catalog
	Handle ID:	0x6f0

Process Information:
	Process ID:	0x17d0
	Process Name:	C:\Windows\WinSxS\amd64_microsoft-windows-servicingstack_31bf3856ad364e35_10.0.20348.557_none_f1edaeb8515fa10d\TiWorker.exe

Auditing Settings:
	Original Security Descriptor:	S:AI(AU;SAFA;0x1f0116;;;WD)
	New Security Descriptor:		"
Audit Success	9/17/2023 1:50:10 PM	Microsoft-Windows-Security-Auditing	4907	Audit Policy Change	"Auditing settings on object were changed.

Subject:
	Security ID:		SYSTEM
	Account Name:		WIN-0PV7L6HD3OR$
	Account Domain:		WORKGROUP
	Logon ID:		0x3E7

Object:
	Object Server:	Security
	Object Type:	File
	Object Name:	C:\Windows\WinSxS\Temp\InFlight\0d3a6c8ca8e9d90135000000d017e817\0d3a6c8ca8e9d90136000000d017e817_catalog
	Handle ID:	0x624

Process Information:
	Process ID:	0x17d0
	Process Name:	C:\Windows\WinSxS\amd64_microsoft-windows-servicingstack_31bf3856ad364e35_10.0.20348.557_none_f1edaeb8515fa10d\TiWorker.exe

Auditing Settings:
	Original Security Descriptor:	S:AI(AU;SAFA;0x1f0116;;;WD)
	New Security Descriptor:		"
Audit Success	9/17/2023 1:50:10 PM	Microsoft-Windows-Security-Auditing	4907	Audit Policy Change	"Auditing settings on object were changed.

Subject:
	Security ID:		SYSTEM
	Account Name:		WIN-0PV7L6HD3OR$
	Account Domain:		WORKGROUP
	Logon ID:		0x3E7

Object:
	Object Server:	Security
	Object Type:	File
	Object Name:	C:\Windows\WinSxS\Temp\InFlight\7aa9618ca8e9d90129000000d017e817\7ccc618ca8e9d9012a000000d017e817_catalog
	Handle ID:	0x660

Process Information:
	Process ID:	0x17d0
	Process Name:	C:\Windows\WinSxS\amd64_microsoft-windows-servicingstack_31bf3856ad364e35_10.0.20348.557_none_f1edaeb8515fa10d\TiWorker.exe

Auditing Settings:
	Original Security Descriptor:	S:AI(AU;SAFA;0x1f0116;;;WD)
	New Security Descriptor:		"
Audit Success	9/17/2023 1:50:10 PM	Microsoft-Windows-Security-Auditing	4907	Audit Policy Change	"Auditing settings on object were changed.

Subject:
	Security ID:		SYSTEM
	Account Name:		WIN-0PV7L6HD3OR$
	Account Domain:		WORKGROUP
	Logon ID:		0x3E7

Object:
	Object Server:	Security
	Object Type:	File
	Object Name:	C:\Windows\WinSxS\Temp\InFlight\9c8c5f8ca8e9d90121000000d017e817\9c8c5f8ca8e9d90122000000d017e817_catalog
	Handle ID:	0x5cc

Process Information:
	Process ID:	0x17d0
	Process Name:	C:\Windows\WinSxS\amd64_microsoft-windows-servicingstack_31bf3856ad364e35_10.0.20348.557_none_f1edaeb8515fa10d\TiWorker.exe

Auditing Settings:
	Original Security Descriptor:	S:AI(AU;SAFA;0x1f0116;;;WD)
	New Security Descriptor:		"
